This file contains any messages produced by compilers while
running configure, to aid debugging if configure makes a mistake.

It was created by ethtool configure 5.14, which was
generated by GNU Autoconf 2.69.  Invocation command line was

  $ ./configure --target=arm-openwrt-linux --host=arm-openwrt-linux --build=x86_64-pc-linux-gnu --program-prefix= --program-suffix= --prefix=/usr --exec-prefix=/usr --bindir=/usr/bin --sbindir=/usr/sbin --libexecdir=/usr/lib --sysconfdir=/etc --datadir=/usr/share --localstatedir=/var --mandir=/usr/man --infodir=/usr/info --disable-nls --disable-netlink --disable-pretty-dump

## --------- ##
## Platform. ##
## --------- ##

hostname = fv-az152-677
uname -m = x86_64
uname -r = 5.11.0-1020-azure
uname -s = Linux
uname -v = #21~20.04.1-Ubuntu SMP Mon Oct 11 18:54:28 UTC 2021

/usr/bin/uname -p = x86_64
/bin/uname -X     = unknown

/bin/arch              = x86_64
/usr/bin/arch -k       = unknown
/usr/convex/getsysinfo = unknown
/usr/bin/hostinfo      = unknown
/bin/machine           = unknown
/usr/bin/oslevel       = unknown
/bin/universe          = unknown

PATH: /workdir/openwrt/staging_dir/target-arm_cortex-a7+neon-vfpv4_musl_eabi/host/bin
PATH: /workdir/openwrt/staging_dir/hostpkg/bin
PATH: /workdir/openwrt/staging_dir/toolchain-arm_cortex-a7+neon-vfpv4_gcc-8.4.0_musl_eabi/bin
PATH: /workdir/openwrt/staging_dir/toolchain-arm_cortex-a7+neon-vfpv4_gcc-8.4.0_musl_eabi/bin
PATH: /workdir/openwrt/staging_dir/host/bin
PATH: /workdir/openwrt/staging_dir/toolchain-arm_cortex-a7+neon-vfpv4_gcc-8.4.0_musl_eabi/bin
PATH: /workdir/openwrt/staging_dir/host/bin
PATH: /workdir/openwrt/staging_dir/host/bin
PATH: /home/linuxbrew/.linuxbrew/bin
PATH: /home/linuxbrew/.linuxbrew/sbin
PATH: /home/runner/.local/bin
PATH: /opt/pipx_bin
PATH: /usr/share/rust/.cargo/bin
PATH: /home/runner/.config/composer/vendor/bin
PATH: /usr/local/.ghcup/bin
PATH: /home/runner/.dotnet/tools
PATH: /snap/bin
PATH: /usr/local/sbin
PATH: /usr/local/bin
PATH: /usr/sbin
PATH: /usr/bin
PATH: /sbin
PATH: /bin
PATH: /usr/games
PATH: /usr/local/games
PATH: /snap/bin


## ----------- ##
## Core tests. ##
## ----------- ##

configure:1928: loading site script /workdir/openwrt/include/site/arm
| #!/bin/sh
| . $TOPDIR/include/site/linux
| ac_cv_c_littleendian=${ac_cv_c_littleendian=yes}
| ac_cv_c_bigendian=${ac_cv_c_bigendian=no}
| 
| ac_cv_sizeof___int64=0
| ac_cv_sizeof_char=1
| ac_cv_sizeof_int=4
| ac_cv_sizeof_int16_t=2
| ac_cv_sizeof_int32_t=4
| ac_cv_sizeof_int64_t=8
| ac_cv_sizeof_long_int=4
| ac_cv_sizeof_long_long=8
| ac_cv_sizeof_long=4
| ac_cv_sizeof_off_t=8
| ac_cv_sizeof_short_int=2
| ac_cv_sizeof_short=2
| ac_cv_sizeof_size_t=4
| ac_cv_sizeof_ssize_t=4
| ac_cv_sizeof_u_int16_t=2
| ac_cv_sizeof_u_int32_t=4
| ac_cv_sizeof_u_int64_t=8
| ac_cv_sizeof_uint16_t=2
| ac_cv_sizeof_uint32_t=4
| ac_cv_sizeof_uint64_t=8
| ac_cv_sizeof_unsigned_int=4
| ac_cv_sizeof_unsigned_long=4
| ac_cv_sizeof_unsigned_long_long=8
| ac_cv_sizeof_unsigned_short=2
| ac_cv_sizeof_void_p=4
configure:2071: checking for a BSD-compatible install
configure:2139: result: /workdir/openwrt/staging_dir/host/bin/install -c
configure:2150: checking whether build environment is sane
configure:2205: result: yes
configure:2262: checking for arm-openwrt-linux-strip
configure:2289: result: arm-openwrt-linux-muslgnueabi-strip
configure:2354: checking for a thread-safe mkdir -p
configure:2393: result: /usr/bin/mkdir -p
configure:2400: checking for gawk
configure:2416: found /usr/bin/gawk
configure:2427: result: gawk
configure:2438: checking whether make sets $(MAKE)
configure:2460: result: yes
configure:2489: checking whether make supports nested variables
configure:2506: result: yes
configure:2636: checking whether to enable maintainer-specific portions of Makefiles
configure:2645: result: no
configure:2667: checking for arm-openwrt-linux-gcc
configure:2694: result: arm-openwrt-linux-muslgnueabi-gcc
configure:2963: checking for C compiler version
configure:2972: arm-openwrt-linux-muslgnueabi-gcc --version >&5
arm-openwrt-linux-muslgnueabi-gcc (OpenWrt GCC 8.4.0 r3881-e65535d3c) 8.4.0
Copyright (C) 2018 Free Software Foundation, Inc.
This is free software; see the source for copying conditions.  There is NO
warranty; not even for MERCHANTABILITY or FITNESS FOR A PARTICULAR PURPOSE.

configure:2983: $? = 0
configure:2972: arm-openwrt-linux-muslgnueabi-gcc -v >&5
Reading specs from /workdir/staging_dir/_p2w_r619ac-128m/toolchain-arm_cortex-a7+neon-vfpv4_gcc-8.4.0_musl_eabi/bin/../lib/gcc/arm-openwrt-linux-muslgnueabi/8.4.0/specs
COLLECT_GCC=arm-openwrt-linux-muslgnueabi-gcc
COLLECT_LTO_WRAPPER=/workdir/staging_dir/_p2w_r619ac-128m/toolchain-arm_cortex-a7+neon-vfpv4_gcc-8.4.0_musl_eabi/bin/../libexec/gcc/arm-openwrt-linux-muslgnueabi/8.4.0/lto-wrapper
Target: arm-openwrt-linux-muslgnueabi
Configured with: /workdir/openwrt/build_dir/toolchain-arm_cortex-a7+neon-vfpv4_gcc-8.4.0_musl_eabi/gcc-8.4.0/configure --with-bugurl=http://bugs.openwrt.org/ --with-pkgversion='OpenWrt GCC 8.4.0 r3881-e65535d3c' --prefix=/workdir/openwrt/staging_dir/toolchain-arm_cortex-a7+neon-vfpv4_gcc-8.4.0_musl_eabi --build=x86_64-pc-linux-gnu --host=x86_64-pc-linux-gnu --target=arm-openwrt-linux-muslgnueabi --with-gnu-ld --enable-target-optspace --disable-libgomp --disable-libmudflap --disable-multilib --disable-libmpx --disable-nls --disable-libssp --without-isl --without-cloog --with-host-libstdcxx=-lstdc++ --with-gmp=/workdir/openwrt/staging_dir/host --with-mpfr=/workdir/openwrt/staging_dir/host --with-mpc=/workdir/openwrt/staging_dir/host --disable-decimal-float --with-diagnostics-color=auto-if-env --enable-__cxa_atexit --disable-libstdcxx-dual-abi --with-default-libstdcxx-abi=new --with-cpu=cortex-a7 --with-fpu=neon-vfpv4 --with-float=hard --with-headers=/workdir/openwrt/staging_dir/toolchain-arm_cortex-a7+neon-vfpv4_gcc-8.4.0_musl_eabi/include --enable-languages=c,c++ --enable-shared --enable-threads --with-slibdir=/workdir/openwrt/staging_dir/toolchain-arm_cortex-a7+neon-vfpv4_gcc-8.4.0_musl_eabi/lib --enable-lto --with-libelf=/workdir/openwrt/staging_dir/host --disable-libsanitizer
Thread model: posix
gcc version 8.4.0 (OpenWrt GCC 8.4.0 r3881-e65535d3c) 
configure:2983: $? = 0
configure:2972: arm-openwrt-linux-muslgnueabi-gcc -V >&5
arm-openwrt-linux-muslgnueabi-gcc: error: unrecognized command line option '-V'
arm-openwrt-linux-muslgnueabi-gcc: fatal error: no input files
compilation terminated.
configure:2983: $? = 1
configure:2972: arm-openwrt-linux-muslgnueabi-gcc -qversion >&5
arm-openwrt-linux-muslgnueabi-gcc: error: unrecognized command line option '-qversion'; did you mean '--version'?
arm-openwrt-linux-muslgnueabi-gcc: fatal error: no input files
compilation terminated.
configure:2983: $? = 1
configure:3003: checking whether the C compiler works
configure:3025: arm-openwrt-linux-muslgnueabi-gcc -Os -pipe -fno-caller-saves -fno-plt -fhonour-copts -Wno-error=unused-but-set-variable -Wno-error=unused-result -mfloat-abi=hard -fmacro-prefix-map=/workdir/openwrt/build_dir/target-arm_cortex-a7+neon-vfpv4_musl_eabi/ethtool-tiny/ethtool-5.14=ethtool-5.14 -Wformat -Werror=format-security -fstack-protector -D_FORTIFY_SOURCE=1 -Wl,-z,now -Wl,-z,relro  -I/workdir/openwrt/staging_dir/toolchain-arm_cortex-a7+neon-vfpv4_gcc-8.4.0_musl_eabi/usr/include -I/workdir/openwrt/staging_dir/toolchain-arm_cortex-a7+neon-vfpv4_gcc-8.4.0_musl_eabi/include/fortify -I/workdir/openwrt/staging_dir/toolchain-arm_cortex-a7+neon-vfpv4_gcc-8.4.0_musl_eabi/include  -L/workdir/openwrt/staging_dir/toolchain-arm_cortex-a7+neon-vfpv4_gcc-8.4.0_musl_eabi/usr/lib -L/workdir/openwrt/staging_dir/toolchain-arm_cortex-a7+neon-vfpv4_gcc-8.4.0_musl_eabi/lib -znow -zrelro  conftest.c  >&5
configure:3029: $? = 0
configure:3077: result: yes
configure:3080: checking for C compiler default output file name
configure:3082: result: a.out
configure:3088: checking for suffix of executables
configure:3095: arm-openwrt-linux-muslgnueabi-gcc -o conftest -Os -pipe -fno-caller-saves -fno-plt -fhonour-copts -Wno-error=unused-but-set-variable -Wno-error=unused-result -mfloat-abi=hard -fmacro-prefix-map=/workdir/openwrt/build_dir/target-arm_cortex-a7+neon-vfpv4_musl_eabi/ethtool-tiny/ethtool-5.14=ethtool-5.14 -Wformat -Werror=format-security -fstack-protector -D_FORTIFY_SOURCE=1 -Wl,-z,now -Wl,-z,relro  -I/workdir/openwrt/staging_dir/toolchain-arm_cortex-a7+neon-vfpv4_gcc-8.4.0_musl_eabi/usr/include -I/workdir/openwrt/staging_dir/toolchain-arm_cortex-a7+neon-vfpv4_gcc-8.4.0_musl_eabi/include/fortify -I/workdir/openwrt/staging_dir/toolchain-arm_cortex-a7+neon-vfpv4_gcc-8.4.0_musl_eabi/include  -L/workdir/openwrt/staging_dir/toolchain-arm_cortex-a7+neon-vfpv4_gcc-8.4.0_musl_eabi/usr/lib -L/workdir/openwrt/staging_dir/toolchain-arm_cortex-a7+neon-vfpv4_gcc-8.4.0_musl_eabi/lib -znow -zrelro  conftest.c  >&5
configure:3099: $? = 0
configure:3121: result: 
configure:3143: checking whether we are cross compiling
configure:3181: result: yes
configure:3186: checking for suffix of object files
configure:3208: arm-openwrt-linux-muslgnueabi-gcc -c -Os -pipe -fno-caller-saves -fno-plt -fhonour-copts -Wno-error=unused-but-set-variable -Wno-error=unused-result -mfloat-abi=hard -fmacro-prefix-map=/workdir/openwrt/build_dir/target-arm_cortex-a7+neon-vfpv4_musl_eabi/ethtool-tiny/ethtool-5.14=ethtool-5.14 -Wformat -Werror=format-security -fstack-protector -D_FORTIFY_SOURCE=1 -Wl,-z,now -Wl,-z,relro  -I/workdir/openwrt/staging_dir/toolchain-arm_cortex-a7+neon-vfpv4_gcc-8.4.0_musl_eabi/usr/include -I/workdir/openwrt/staging_dir/toolchain-arm_cortex-a7+neon-vfpv4_gcc-8.4.0_musl_eabi/include/fortify -I/workdir/openwrt/staging_dir/toolchain-arm_cortex-a7+neon-vfpv4_gcc-8.4.0_musl_eabi/include  conftest.c >&5
configure:3212: $? = 0
configure:3233: result: o
configure:3237: checking whether we are using the GNU C compiler
configure:3256: arm-openwrt-linux-muslgnueabi-gcc -c -Os -pipe -fno-caller-saves -fno-plt -fhonour-copts -Wno-error=unused-but-set-variable -Wno-error=unused-result -mfloat-abi=hard -fmacro-prefix-map=/workdir/openwrt/build_dir/target-arm_cortex-a7+neon-vfpv4_musl_eabi/ethtool-tiny/ethtool-5.14=ethtool-5.14 -Wformat -Werror=format-security -fstack-protector -D_FORTIFY_SOURCE=1 -Wl,-z,now -Wl,-z,relro  -I/workdir/openwrt/staging_dir/toolchain-arm_cortex-a7+neon-vfpv4_gcc-8.4.0_musl_eabi/usr/include -I/workdir/openwrt/staging_dir/toolchain-arm_cortex-a7+neon-vfpv4_gcc-8.4.0_musl_eabi/include/fortify -I/workdir/openwrt/staging_dir/toolchain-arm_cortex-a7+neon-vfpv4_gcc-8.4.0_musl_eabi/include  conftest.c >&5
configure:3256: $? = 0
configure:3265: result: yes
configure:3274: checking whether arm-openwrt-linux-muslgnueabi-gcc accepts -g
configure:3294: arm-openwrt-linux-muslgnueabi-gcc -c -g -I/workdir/openwrt/staging_dir/toolchain-arm_cortex-a7+neon-vfpv4_gcc-8.4.0_musl_eabi/usr/include -I/workdir/openwrt/staging_dir/toolchain-arm_cortex-a7+neon-vfpv4_gcc-8.4.0_musl_eabi/include/fortify -I/workdir/openwrt/staging_dir/toolchain-arm_cortex-a7+neon-vfpv4_gcc-8.4.0_musl_eabi/include  conftest.c >&5
cc1: note: someone does not honour COPTS correctly, passed 0 times
configure:3294: $? = 0
configure: failed program was:
| /* confdefs.h */
| #define PACKAGE_NAME "ethtool"
| #define PACKAGE_TARNAME "ethtool"
| #define PACKAGE_VERSION "5.14"
| #define PACKAGE_STRING "ethtool 5.14"
| #define PACKAGE_BUGREPORT "netdev@vger.kernel.org"
| #define PACKAGE_URL ""
| #define PACKAGE "ethtool"
| #define VERSION "5.14"
| /* end confdefs.h.  */
| 
| int
| main ()
| {
| 
|   ;
|   return 0;
| }
configure:3309: arm-openwrt-linux-muslgnueabi-gcc -c  -I/workdir/openwrt/staging_dir/toolchain-arm_cortex-a7+neon-vfpv4_gcc-8.4.0_musl_eabi/usr/include -I/workdir/openwrt/staging_dir/toolchain-arm_cortex-a7+neon-vfpv4_gcc-8.4.0_musl_eabi/include/fortify -I/workdir/openwrt/staging_dir/toolchain-arm_cortex-a7+neon-vfpv4_gcc-8.4.0_musl_eabi/include  conftest.c >&5
cc1: note: someone does not honour COPTS correctly, passed 0 times
configure:3309: $? = 0
configure: failed program was:
| /* confdefs.h */
| #define PACKAGE_NAME "ethtool"
| #define PACKAGE_TARNAME "ethtool"
| #define PACKAGE_VERSION "5.14"
| #define PACKAGE_STRING "ethtool 5.14"
| #define PACKAGE_BUGREPORT "netdev@vger.kernel.org"
| #define PACKAGE_URL ""
| #define PACKAGE "ethtool"
| #define VERSION "5.14"
| /* end confdefs.h.  */
| 
| int
| main ()
| {
| 
|   ;
|   return 0;
| }
configure:3325: arm-openwrt-linux-muslgnueabi-gcc -c -g -I/workdir/openwrt/staging_dir/toolchain-arm_cortex-a7+neon-vfpv4_gcc-8.4.0_musl_eabi/usr/include -I/workdir/openwrt/staging_dir/toolchain-arm_cortex-a7+neon-vfpv4_gcc-8.4.0_musl_eabi/include/fortify -I/workdir/openwrt/staging_dir/toolchain-arm_cortex-a7+neon-vfpv4_gcc-8.4.0_musl_eabi/include  conftest.c >&5
cc1: note: someone does not honour COPTS correctly, passed 0 times
configure:3325: $? = 0
configure:3335: result: yes
configure:3352: checking for arm-openwrt-linux-muslgnueabi-gcc option to accept ISO C89
configure:3415: arm-openwrt-linux-muslgnueabi-gcc  -c -Os -pipe -fno-caller-saves -fno-plt -fhonour-copts -Wno-error=unused-but-set-variable -Wno-error=unused-result -mfloat-abi=hard -fmacro-prefix-map=/workdir/openwrt/build_dir/target-arm_cortex-a7+neon-vfpv4_musl_eabi/ethtool-tiny/ethtool-5.14=ethtool-5.14 -Wformat -Werror=format-security -fstack-protector -D_FORTIFY_SOURCE=1 -Wl,-z,now -Wl,-z,relro  -I/workdir/openwrt/staging_dir/toolchain-arm_cortex-a7+neon-vfpv4_gcc-8.4.0_musl_eabi/usr/include -I/workdir/openwrt/staging_dir/toolchain-arm_cortex-a7+neon-vfpv4_gcc-8.4.0_musl_eabi/include/fortify -I/workdir/openwrt/staging_dir/toolchain-arm_cortex-a7+neon-vfpv4_gcc-8.4.0_musl_eabi/include  conftest.c >&5
configure:3415: $? = 0
configure:3428: result: none needed
configure:3453: checking whether arm-openwrt-linux-muslgnueabi-gcc understands -c and -o together
configure:3475: arm-openwrt-linux-muslgnueabi-gcc -c conftest.c -o conftest2.o
cc1: note: someone does not honour COPTS correctly, passed 0 times
configure:3478: $? = 0
configure:3475: arm-openwrt-linux-muslgnueabi-gcc -c conftest.c -o conftest2.o
cc1: note: someone does not honour COPTS correctly, passed 0 times
configure:3478: $? = 0
configure:3490: result: yes
configure:3518: checking for style of include used by make
configure:3546: result: GNU
configure:3572: checking dependency style of arm-openwrt-linux-muslgnueabi-gcc
configure:3683: result: gcc3
configure:3704: checking how to run the C preprocessor
configure:3735: arm-openwrt-linux-muslgnueabi-gcc -E -I/workdir/openwrt/staging_dir/toolchain-arm_cortex-a7+neon-vfpv4_gcc-8.4.0_musl_eabi/usr/include -I/workdir/openwrt/staging_dir/toolchain-arm_cortex-a7+neon-vfpv4_gcc-8.4.0_musl_eabi/include/fortify -I/workdir/openwrt/staging_dir/toolchain-arm_cortex-a7+neon-vfpv4_gcc-8.4.0_musl_eabi/include  conftest.c
configure:3735: $? = 0
configure:3749: arm-openwrt-linux-muslgnueabi-gcc -E -I/workdir/openwrt/staging_dir/toolchain-arm_cortex-a7+neon-vfpv4_gcc-8.4.0_musl_eabi/usr/include -I/workdir/openwrt/staging_dir/toolchain-arm_cortex-a7+neon-vfpv4_gcc-8.4.0_musl_eabi/include/fortify -I/workdir/openwrt/staging_dir/toolchain-arm_cortex-a7+neon-vfpv4_gcc-8.4.0_musl_eabi/include  conftest.c
conftest.c:11:10: fatal error: ac_nonexistent.h: No such file or directory
 #include <ac_nonexistent.h>
          ^~~~~~~~~~~~~~~~~~
compilation terminated.
configure:3749: $? = 1
configure: failed program was:
| /* confdefs.h */
| #define PACKAGE_NAME "ethtool"
| #define PACKAGE_TARNAME "ethtool"
| #define PACKAGE_VERSION "5.14"
| #define PACKAGE_STRING "ethtool 5.14"
| #define PACKAGE_BUGREPORT "netdev@vger.kernel.org"
| #define PACKAGE_URL ""
| #define PACKAGE "ethtool"
| #define VERSION "5.14"
| /* end confdefs.h.  */
| #include <ac_nonexistent.h>
configure:3774: result: arm-openwrt-linux-muslgnueabi-gcc -E
configure:3794: arm-openwrt-linux-muslgnueabi-gcc -E -I/workdir/openwrt/staging_dir/toolchain-arm_cortex-a7+neon-vfpv4_gcc-8.4.0_musl_eabi/usr/include -I/workdir/openwrt/staging_dir/toolchain-arm_cortex-a7+neon-vfpv4_gcc-8.4.0_musl_eabi/include/fortify -I/workdir/openwrt/staging_dir/toolchain-arm_cortex-a7+neon-vfpv4_gcc-8.4.0_musl_eabi/include  conftest.c
configure:3794: $? = 0
configure:3808: arm-openwrt-linux-muslgnueabi-gcc -E -I/workdir/openwrt/staging_dir/toolchain-arm_cortex-a7+neon-vfpv4_gcc-8.4.0_musl_eabi/usr/include -I/workdir/openwrt/staging_dir/toolchain-arm_cortex-a7+neon-vfpv4_gcc-8.4.0_musl_eabi/include/fortify -I/workdir/openwrt/staging_dir/toolchain-arm_cortex-a7+neon-vfpv4_gcc-8.4.0_musl_eabi/include  conftest.c
conftest.c:11:10: fatal error: ac_nonexistent.h: No such file or directory
 #include <ac_nonexistent.h>
          ^~~~~~~~~~~~~~~~~~
compilation terminated.
configure:3808: $? = 1
configure: failed program was:
| /* confdefs.h */
| #define PACKAGE_NAME "ethtool"
| #define PACKAGE_TARNAME "ethtool"
| #define PACKAGE_VERSION "5.14"
| #define PACKAGE_STRING "ethtool 5.14"
| #define PACKAGE_BUGREPORT "netdev@vger.kernel.org"
| #define PACKAGE_URL ""
| #define PACKAGE "ethtool"
| #define VERSION "5.14"
| /* end confdefs.h.  */
| #include <ac_nonexistent.h>
configure:3837: checking for grep that handles long lines and -e
configure:3895: result: /workdir/openwrt/staging_dir/host/bin/grep
configure:3900: checking for egrep
configure:3962: result: /workdir/openwrt/staging_dir/host/bin/grep -E
configure:3968: checking whether arm-openwrt-linux-muslgnueabi-gcc needs -traditional
conftest.c:11:10: fatal error: sgtty.h: No such file or directory
 #include <sgtty.h>
          ^~~~~~~~~
compilation terminated.
conftest.c:11:10: fatal error: termio.h: No such file or directory
 #include <termio.h>
          ^~~~~~~~~~
compilation terminated.
configure:4002: result: no
configure:4119: checking pkg-config is at least version 0.9.0
configure:4122: result: yes
configure:4133: checking whether <linux/types.h> defines big-endian types
configure:4146: arm-openwrt-linux-muslgnueabi-gcc -c -Os -pipe -fno-caller-saves -fno-plt -fhonour-copts -Wno-error=unused-but-set-variable -Wno-error=unused-result -mfloat-abi=hard -fmacro-prefix-map=/workdir/openwrt/build_dir/target-arm_cortex-a7+neon-vfpv4_musl_eabi/ethtool-tiny/ethtool-5.14=ethtool-5.14 -Wformat -Werror=format-security -fstack-protector -D_FORTIFY_SOURCE=1 -Wl,-z,now -Wl,-z,relro  -I/workdir/openwrt/staging_dir/toolchain-arm_cortex-a7+neon-vfpv4_gcc-8.4.0_musl_eabi/usr/include -I/workdir/openwrt/staging_dir/toolchain-arm_cortex-a7+neon-vfpv4_gcc-8.4.0_musl_eabi/include/fortify -I/workdir/openwrt/staging_dir/toolchain-arm_cortex-a7+neon-vfpv4_gcc-8.4.0_musl_eabi/include  conftest.c >&5
configure:4146: $? = 0
configure:4147: result: yes
configure:4158: checking for ANSI C header files
configure:4178: arm-openwrt-linux-muslgnueabi-gcc -c -Os -pipe -fno-caller-saves -fno-plt -fhonour-copts -Wno-error=unused-but-set-variable -Wno-error=unused-result -mfloat-abi=hard -fmacro-prefix-map=/workdir/openwrt/build_dir/target-arm_cortex-a7+neon-vfpv4_musl_eabi/ethtool-tiny/ethtool-5.14=ethtool-5.14 -Wformat -Werror=format-security -fstack-protector -D_FORTIFY_SOURCE=1 -Wl,-z,now -Wl,-z,relro  -I/workdir/openwrt/staging_dir/toolchain-arm_cortex-a7+neon-vfpv4_gcc-8.4.0_musl_eabi/usr/include -I/workdir/openwrt/staging_dir/toolchain-arm_cortex-a7+neon-vfpv4_gcc-8.4.0_musl_eabi/include/fortify -I/workdir/openwrt/staging_dir/toolchain-arm_cortex-a7+neon-vfpv4_gcc-8.4.0_musl_eabi/include  conftest.c >&5
configure:4178: $? = 0
configure:4262: result: yes
configure:4273: checking for socket
configure:4273: arm-openwrt-linux-muslgnueabi-gcc -o conftest -Os -pipe -fno-caller-saves -fno-plt -fhonour-copts -Wno-error=unused-but-set-variable -Wno-error=unused-result -mfloat-abi=hard -fmacro-prefix-map=/workdir/openwrt/build_dir/target-arm_cortex-a7+neon-vfpv4_musl_eabi/ethtool-tiny/ethtool-5.14=ethtool-5.14 -Wformat -Werror=format-security -fstack-protector -D_FORTIFY_SOURCE=1 -Wl,-z,now -Wl,-z,relro  -I/workdir/openwrt/staging_dir/toolchain-arm_cortex-a7+neon-vfpv4_gcc-8.4.0_musl_eabi/usr/include -I/workdir/openwrt/staging_dir/toolchain-arm_cortex-a7+neon-vfpv4_gcc-8.4.0_musl_eabi/include/fortify -I/workdir/openwrt/staging_dir/toolchain-arm_cortex-a7+neon-vfpv4_gcc-8.4.0_musl_eabi/include  -L/workdir/openwrt/staging_dir/toolchain-arm_cortex-a7+neon-vfpv4_gcc-8.4.0_musl_eabi/usr/lib -L/workdir/openwrt/staging_dir/toolchain-arm_cortex-a7+neon-vfpv4_gcc-8.4.0_musl_eabi/lib -znow -zrelro  conftest.c  >&5
configure:4273: $? = 0
configure:4273: result: yes
configure:4273: checking for strtol
configure:4273: arm-openwrt-linux-muslgnueabi-gcc -o conftest -Os -pipe -fno-caller-saves -fno-plt -fhonour-copts -Wno-error=unused-but-set-variable -Wno-error=unused-result -mfloat-abi=hard -fmacro-prefix-map=/workdir/openwrt/build_dir/target-arm_cortex-a7+neon-vfpv4_musl_eabi/ethtool-tiny/ethtool-5.14=ethtool-5.14 -Wformat -Werror=format-security -fstack-protector -D_FORTIFY_SOURCE=1 -Wl,-z,now -Wl,-z,relro  -I/workdir/openwrt/staging_dir/toolchain-arm_cortex-a7+neon-vfpv4_gcc-8.4.0_musl_eabi/usr/include -I/workdir/openwrt/staging_dir/toolchain-arm_cortex-a7+neon-vfpv4_gcc-8.4.0_musl_eabi/include/fortify -I/workdir/openwrt/staging_dir/toolchain-arm_cortex-a7+neon-vfpv4_gcc-8.4.0_musl_eabi/include  -L/workdir/openwrt/staging_dir/toolchain-arm_cortex-a7+neon-vfpv4_gcc-8.4.0_musl_eabi/usr/lib -L/workdir/openwrt/staging_dir/toolchain-arm_cortex-a7+neon-vfpv4_gcc-8.4.0_musl_eabi/lib -znow -zrelro  conftest.c  >&5
configure:4273: $? = 0
configure:4273: result: yes
configure:4313: checking for bash-completion directory
Package bash-completion was not found in the pkg-config search path.
Perhaps you should add the directory containing `bash-completion.pc'
to the PKG_CONFIG_PATH environment variable
Package 'bash-completion', required by 'virtual:world', not found
configure:4324: result: ${datadir}/bash-completion/completions
configure:4674: checking that generated files are newer than configure
configure:4680: result: done
configure:4719: creating ./config.status

## ---------------------- ##
## Running config.status. ##
## ---------------------- ##

This file was extended by ethtool config.status 5.14, which was
generated by GNU Autoconf 2.69.  Invocation command line was

  CONFIG_FILES    = 
  CONFIG_HEADERS  = 
  CONFIG_LINKS    = 
  CONFIG_COMMANDS = 
  $ ./config.status 

on fv-az152-677

config.status:865: creating Makefile
config.status:865: creating ethtool.spec
config.status:865: creating ethtool.8
config.status:865: creating ethtool-config.h
config.status:1094: executing depfiles commands
configure:6033: WARNING: unrecognized options: --disable-nls

## ---------------- ##
## Cache variables. ##
## ---------------- ##

ac_cv_c_bigendian=no
ac_cv_c_compiler_gnu=yes
ac_cv_c_gettext_without_libintl=yes
ac_cv_c_littleendian=yes
ac_cv_c_long_double=no
ac_cv_conv_longlong_to_float=yes
ac_cv_env_CC_set=set
ac_cv_env_CC_value=arm-openwrt-linux-muslgnueabi-gcc
ac_cv_env_CFLAGS_set=set
ac_cv_env_CFLAGS_value='-Os -pipe -fno-caller-saves -fno-plt -fhonour-copts -Wno-error=unused-but-set-variable -Wno-error=unused-result -mfloat-abi=hard -fmacro-prefix-map=/workdir/openwrt/build_dir/target-arm_cortex-a7+neon-vfpv4_musl_eabi/ethtool-tiny/ethtool-5.14=ethtool-5.14 -Wformat -Werror=format-security -fstack-protector -D_FORTIFY_SOURCE=1 -Wl,-z,now -Wl,-z,relro '
ac_cv_env_CPPFLAGS_set=set
ac_cv_env_CPPFLAGS_value='-I/workdir/openwrt/staging_dir/toolchain-arm_cortex-a7+neon-vfpv4_gcc-8.4.0_musl_eabi/usr/include -I/workdir/openwrt/staging_dir/toolchain-arm_cortex-a7+neon-vfpv4_gcc-8.4.0_musl_eabi/include/fortify -I/workdir/openwrt/staging_dir/toolchain-arm_cortex-a7+neon-vfpv4_gcc-8.4.0_musl_eabi/include '
ac_cv_env_CPP_set=
ac_cv_env_CPP_value=
ac_cv_env_LDFLAGS_set=set
ac_cv_env_LDFLAGS_value='-L/workdir/openwrt/staging_dir/toolchain-arm_cortex-a7+neon-vfpv4_gcc-8.4.0_musl_eabi/usr/lib -L/workdir/openwrt/staging_dir/toolchain-arm_cortex-a7+neon-vfpv4_gcc-8.4.0_musl_eabi/lib -znow -zrelro '
ac_cv_env_LIBS_set=
ac_cv_env_LIBS_value=
ac_cv_env_MNL_CFLAGS_set=
ac_cv_env_MNL_CFLAGS_value=
ac_cv_env_MNL_LIBS_set=
ac_cv_env_MNL_LIBS_value=
ac_cv_env_PKG_CONFIG_LIBDIR_set=set
ac_cv_env_PKG_CONFIG_LIBDIR_value=/workdir/openwrt/staging_dir/target-arm_cortex-a7+neon-vfpv4_musl_eabi/usr/lib/pkgconfig:/workdir/openwrt/staging_dir/target-arm_cortex-a7+neon-vfpv4_musl_eabi/usr/share/pkgconfig
ac_cv_env_PKG_CONFIG_PATH_set=set
ac_cv_env_PKG_CONFIG_PATH_value=/workdir/openwrt/staging_dir/target-arm_cortex-a7+neon-vfpv4_musl_eabi/usr/lib/pkgconfig:/workdir/openwrt/staging_dir/target-arm_cortex-a7+neon-vfpv4_musl_eabi/usr/share/pkgconfig
ac_cv_env_PKG_CONFIG_set=set
ac_cv_env_PKG_CONFIG_value=/workdir/openwrt/staging_dir/host/bin/pkg-config
ac_cv_env_build_alias_set=set
ac_cv_env_build_alias_value=x86_64-pc-linux-gnu
ac_cv_env_host_alias_set=set
ac_cv_env_host_alias_value=arm-openwrt-linux
ac_cv_env_target_alias_set=set
ac_cv_env_target_alias_value=arm-openwrt-linux
ac_cv_file__dev_zero=yes
ac_cv_func___adjtimex=yes
ac_cv_func___va_copy=no
ac_cv_func__exit=yes
ac_cv_func_bcmp=yes
ac_cv_func_bcopy=yes
ac_cv_func_bzero=yes
ac_cv_func_cimag=yes
ac_cv_func_creal=yes
ac_cv_func_fchmod=yes
ac_cv_func_getaddrinfo=yes
ac_cv_func_getcwd=yes
ac_cv_func_getdomainname=yes
ac_cv_func_getpgrp_void=yes
ac_cv_func_getpwuid_r=yes
ac_cv_func_gettimeofday=yes
ac_cv_func_index=yes
ac_cv_func_lstat=yes
ac_cv_func_lstat_dereferences_slashed_symlink=yes
ac_cv_func_lstat_empty_string_bug=no
ac_cv_func_malloc_0_nonnull=yes
ac_cv_func_malloc_works=yes
ac_cv_func_memcmp_clean=yes
ac_cv_func_memcmp_working=yes
ac_cv_func_posix_getgrgid_r=yes
ac_cv_func_posix_getpwuid_r=yes
ac_cv_func_psignal=yes
ac_cv_func_pthread_key_delete=yes
ac_cv_func_realloc_0_nonnull=yes
ac_cv_func_realloc_works=yes
ac_cv_func_rename=yes
ac_cv_func_rindex=yes
ac_cv_func_setgrent_void=yes
ac_cv_func_setlocale=yes
ac_cv_func_setpgrp_void=yes
ac_cv_func_setresuid=no
ac_cv_func_setvbuf_reversed=no
ac_cv_func_socket=yes
ac_cv_func_stat_empty_string_bug=no
ac_cv_func_stat_ignores_trailing_slash=no
ac_cv_func_strerror=yes
ac_cv_func_strftime=yes
ac_cv_func_strtol=yes
ac_cv_func_utimes=yes
ac_cv_func_va_copy=no
ac_cv_func_vsnprintf=yes
ac_cv_have_accrights_in_msghdr=no
ac_cv_have_broken_snprintf=no
ac_cv_have_control_in_msghdr=yes
ac_cv_have_decl_sys_siglist=no
ac_cv_have_openpty_ctty_bug=yes
ac_cv_have_space_d_name_in_struct_dirent=yes
ac_cv_header_netinet_sctp_h=no
ac_cv_header_netinet_sctp_uio_h=no
ac_cv_header_stdc=yes
ac_cv_int64_t=yes
ac_cv_lbl_unaligned_fail=no
ac_cv_linux_kernel_pppoe=yes
ac_cv_linux_vers=2
ac_cv_objext=o
ac_cv_pack_bitfields_reversed=yes
ac_cv_path_EGREP='/workdir/openwrt/staging_dir/host/bin/grep -E'
ac_cv_path_GREP=/workdir/openwrt/staging_dir/host/bin/grep
ac_cv_path_LDCONFIG=
ac_cv_path_install='/workdir/openwrt/staging_dir/host/bin/install -c'
ac_cv_path_mkdir=/usr/bin/mkdir
ac_cv_prog_AWK=gawk
ac_cv_prog_CC=arm-openwrt-linux-muslgnueabi-gcc
ac_cv_prog_CPP='arm-openwrt-linux-muslgnueabi-gcc -E'
ac_cv_prog_STRIP=arm-openwrt-linux-muslgnueabi-strip
ac_cv_prog_cc_c89=
ac_cv_prog_cc_g=yes
ac_cv_prog_gcc_traditional=no
ac_cv_prog_make_make_set=yes
ac_cv_regexec_segfault_emptystr=no
ac_cv_sctp=no
ac_cv_sizeof___int64=0
ac_cv_sizeof_char=1
ac_cv_sizeof_int16_t=2
ac_cv_sizeof_int32_t=4
ac_cv_sizeof_int64_t=8
ac_cv_sizeof_int=4
ac_cv_sizeof_long=4
ac_cv_sizeof_long_int=4
ac_cv_sizeof_long_long=8
ac_cv_sizeof_off_t=8
ac_cv_sizeof_short=2
ac_cv_sizeof_short_int=2
ac_cv_sizeof_size_t=4
ac_cv_sizeof_ssize_t=4
ac_cv_sizeof_u_int16_t=2
ac_cv_sizeof_u_int32_t=4
ac_cv_sizeof_u_int64_t=8
ac_cv_sizeof_uint16_t=2
ac_cv_sizeof_uint32_t=4
ac_cv_sizeof_uint64_t=8
ac_cv_sizeof_unsigned_int=4
ac_cv_sizeof_unsigned_long=4
ac_cv_sizeof_unsigned_long_long=8
ac_cv_sizeof_unsigned_short=2
ac_cv_sizeof_void_p=4
ac_cv_sys_restartable_syscalls=yes
ac_cv_time_r_type=POSIX
ac_cv_type_suseconds_t=yes
ac_cv_uchar=no
ac_cv_uint64_t=yes
ac_cv_uint=yes
ac_cv_ulong=yes
ac_cv_ushort=yes
ac_cv_va_copy=C99
ac_cv_va_val_copy=yes
am_cv_CC_dependencies_compiler_type=gcc3
am_cv_make_support_nested_variables=yes
am_cv_prog_cc_c_o=yes
as_cv_unaligned_access=yes

## ----------------- ##
## Output variables. ##
## ----------------- ##

ACLOCAL='${SHELL} /workdir/openwrt/build_dir/target-arm_cortex-a7+neon-vfpv4_musl_eabi/ethtool-tiny/ethtool-5.14/missing aclocal-1.15'
AMDEPBACKSLASH='\'
AMDEP_FALSE='#'
AMDEP_TRUE=''
AMTAR='$${TAR-tar}'
AM_BACKSLASH='\'
AM_DEFAULT_V='$(AM_DEFAULT_VERBOSITY)'
AM_DEFAULT_VERBOSITY='1'
AM_V='$(V)'
AUTOCONF='${SHELL} /workdir/openwrt/build_dir/target-arm_cortex-a7+neon-vfpv4_musl_eabi/ethtool-tiny/ethtool-5.14/missing autoconf'
AUTOHEADER='${SHELL} /workdir/openwrt/build_dir/target-arm_cortex-a7+neon-vfpv4_musl_eabi/ethtool-tiny/ethtool-5.14/missing autoheader'
AUTOMAKE='${SHELL} /workdir/openwrt/build_dir/target-arm_cortex-a7+neon-vfpv4_musl_eabi/ethtool-tiny/ethtool-5.14/missing automake-1.15'
AWK='gawk'
BASH_COMPLETION_DIR='${datadir}/bash-completion/completions'
CC='arm-openwrt-linux-muslgnueabi-gcc'
CCDEPMODE='depmode=gcc3'
CFLAGS='-Os -pipe -fno-caller-saves -fno-plt -fhonour-copts -Wno-error=unused-but-set-variable -Wno-error=unused-result -mfloat-abi=hard -fmacro-prefix-map=/workdir/openwrt/build_dir/target-arm_cortex-a7+neon-vfpv4_musl_eabi/ethtool-tiny/ethtool-5.14=ethtool-5.14 -Wformat -Werror=format-security -fstack-protector -D_FORTIFY_SOURCE=1 -Wl,-z,now -Wl,-z,relro '
CPP='arm-openwrt-linux-muslgnueabi-gcc -E'
CPPFLAGS='-I/workdir/openwrt/staging_dir/toolchain-arm_cortex-a7+neon-vfpv4_gcc-8.4.0_musl_eabi/usr/include -I/workdir/openwrt/staging_dir/toolchain-arm_cortex-a7+neon-vfpv4_gcc-8.4.0_musl_eabi/include/fortify -I/workdir/openwrt/staging_dir/toolchain-arm_cortex-a7+neon-vfpv4_gcc-8.4.0_musl_eabi/include '
CYGPATH_W='echo'
DEFS='-DHAVE_CONFIG_H'
DEPDIR='.deps'
ECHO_C=''
ECHO_N='-n'
ECHO_T=''
EGREP='/workdir/openwrt/staging_dir/host/bin/grep -E'
ENABLE_BASH_COMPLETION_FALSE='#'
ENABLE_BASH_COMPLETION_TRUE=''
ETHTOOL_ENABLE_NETLINK_FALSE=''
ETHTOOL_ENABLE_NETLINK_TRUE='#'
ETHTOOL_ENABLE_PRETTY_DUMP_FALSE=''
ETHTOOL_ENABLE_PRETTY_DUMP_TRUE='#'
EXEEXT=''
GREP='/workdir/openwrt/staging_dir/host/bin/grep'
INSTALL_DATA='${INSTALL} -m 644'
INSTALL_PROGRAM='${INSTALL}'
INSTALL_SCRIPT='${INSTALL}'
INSTALL_STRIP_PROGRAM='$(install_sh) -c -s'
LDFLAGS='-L/workdir/openwrt/staging_dir/toolchain-arm_cortex-a7+neon-vfpv4_gcc-8.4.0_musl_eabi/usr/lib -L/workdir/openwrt/staging_dir/toolchain-arm_cortex-a7+neon-vfpv4_gcc-8.4.0_musl_eabi/lib -znow -zrelro '
LIBOBJS=''
LIBS=''
LTLIBOBJS=''
MAINT='#'
MAINTAINER_MODE_FALSE=''
MAINTAINER_MODE_TRUE='#'
MAKEINFO='${SHELL} /workdir/openwrt/build_dir/target-arm_cortex-a7+neon-vfpv4_musl_eabi/ethtool-tiny/ethtool-5.14/missing makeinfo'
MKDIR_P='/usr/bin/mkdir -p'
MNL_CFLAGS=''
MNL_LIBS=''
OBJEXT='o'
PACKAGE='ethtool'
PACKAGE_BUGREPORT='netdev@vger.kernel.org'
PACKAGE_NAME='ethtool'
PACKAGE_STRING='ethtool 5.14'
PACKAGE_TARNAME='ethtool'
PACKAGE_URL=''
PACKAGE_VERSION='5.14'
PATH_SEPARATOR=':'
PKG_CONFIG='/workdir/openwrt/staging_dir/host/bin/pkg-config'
PKG_CONFIG_LIBDIR='/workdir/openwrt/staging_dir/target-arm_cortex-a7+neon-vfpv4_musl_eabi/usr/lib/pkgconfig:/workdir/openwrt/staging_dir/target-arm_cortex-a7+neon-vfpv4_musl_eabi/usr/share/pkgconfig'
PKG_CONFIG_PATH='/workdir/openwrt/staging_dir/target-arm_cortex-a7+neon-vfpv4_musl_eabi/usr/lib/pkgconfig:/workdir/openwrt/staging_dir/target-arm_cortex-a7+neon-vfpv4_musl_eabi/usr/share/pkgconfig'
SET_MAKE=''
SHELL='/bin/bash'
STRIP='arm-openwrt-linux-muslgnueabi-strip'
VERSION='5.14'
ac_ct_CC=''
am__EXEEXT_FALSE=''
am__EXEEXT_TRUE='#'
am__fastdepCC_FALSE='#'
am__fastdepCC_TRUE=''
am__include='include'
am__isrc=''
am__leading_dot='.'
am__nodep='_no'
am__quote=''
am__tar='$${TAR-tar} chof - "$$tardir"'
am__untar='$${TAR-tar} xf -'
bindir='/usr/bin'
build_alias='x86_64-pc-linux-gnu'
datadir='/usr/share'
datarootdir='${prefix}/share'
docdir='${datarootdir}/doc/${PACKAGE_TARNAME}'
dvidir='${docdir}'
exec_prefix='/usr'
host_alias='arm-openwrt-linux'
htmldir='${docdir}'
includedir='${prefix}/include'
infodir='/usr/info'
install_sh='${SHELL} /workdir/openwrt/build_dir/target-arm_cortex-a7+neon-vfpv4_musl_eabi/ethtool-tiny/ethtool-5.14/install-sh'
libdir='${exec_prefix}/lib'
libexecdir='/usr/lib'
localedir='${datarootdir}/locale'
localstatedir='/var'
mandir='/usr/man'
mkdir_p='$(MKDIR_P)'
oldincludedir='/usr/include'
pdfdir='${docdir}'
prefix='/usr'
program_transform_name='s&$$&&;s&^&&'
psdir='${docdir}'
sbindir='/usr/sbin'
sharedstatedir='${prefix}/com'
sysconfdir='/etc'
target_alias='arm-openwrt-linux'

## ----------- ##
## confdefs.h. ##
## ----------- ##

/* confdefs.h */
#define PACKAGE_NAME "ethtool"
#define PACKAGE_TARNAME "ethtool"
#define PACKAGE_VERSION "5.14"
#define PACKAGE_STRING "ethtool 5.14"
#define PACKAGE_BUGREPORT "netdev@vger.kernel.org"
#define PACKAGE_URL ""
#define PACKAGE "ethtool"
#define VERSION "5.14"
#define HAVE_BE_TYPES 1
#define STDC_HEADERS 1
#define HAVE_SOCKET 1
#define HAVE_STRTOL 1

configure: exit 0
