This file contains any messages produced by compilers while
running configure, to aid debugging if configure makes a mistake.

It was created by configure, which was
generated by GNU Autoconf 2.69.  Invocation command line was

  $ ./configure --target=arm-openwrt-linux --host=arm-openwrt-linux --build=x86_64-pc-linux-gnu --program-prefix= --program-suffix= --prefix=/usr --exec-prefix=/usr --bindir=/usr/bin --sbindir=/usr/sbin --libexecdir=/usr/lib --sysconfdir=/etc --datadir=/usr/share --localstatedir=/var --mandir=/usr/man --infodir=/usr/info --disable-nls --host=arm-openwrt-linux-muslgnueabi --target=arm-openwrt-linux-muslgnueabi --enable-shared --enable-install-libiberty --enable-install-libbfd --enable-install-libctf

## --------- ##
## Platform. ##
## --------- ##

hostname = fv-az152-677
uname -m = x86_64
uname -r = 5.11.0-1020-azure
uname -s = Linux
uname -v = #21~20.04.1-Ubuntu SMP Mon Oct 11 18:54:28 UTC 2021

/usr/bin/uname -p = x86_64
/bin/uname -X     = unknown

/bin/arch              = x86_64
/usr/bin/arch -k       = unknown
/usr/convex/getsysinfo = unknown
/usr/bin/hostinfo      = unknown
/bin/machine           = unknown
/usr/bin/oslevel       = unknown
/bin/universe          = unknown

PATH: /workdir/openwrt/staging_dir/target-arm_cortex-a7+neon-vfpv4_musl_eabi/host/bin
PATH: /workdir/openwrt/staging_dir/hostpkg/bin
PATH: /workdir/openwrt/staging_dir/toolchain-arm_cortex-a7+neon-vfpv4_gcc-8.4.0_musl_eabi/bin
PATH: /workdir/openwrt/staging_dir/toolchain-arm_cortex-a7+neon-vfpv4_gcc-8.4.0_musl_eabi/bin
PATH: /workdir/openwrt/staging_dir/host/bin
PATH: /workdir/openwrt/staging_dir/toolchain-arm_cortex-a7+neon-vfpv4_gcc-8.4.0_musl_eabi/bin
PATH: /workdir/openwrt/staging_dir/host/bin
PATH: /workdir/openwrt/staging_dir/host/bin
PATH: /home/linuxbrew/.linuxbrew/bin
PATH: /home/linuxbrew/.linuxbrew/sbin
PATH: /home/runner/.local/bin
PATH: /opt/pipx_bin
PATH: /usr/share/rust/.cargo/bin
PATH: /home/runner/.config/composer/vendor/bin
PATH: /usr/local/.ghcup/bin
PATH: /home/runner/.dotnet/tools
PATH: /snap/bin
PATH: /usr/local/sbin
PATH: /usr/local/bin
PATH: /usr/sbin
PATH: /usr/bin
PATH: /sbin
PATH: /bin
PATH: /usr/games
PATH: /usr/local/games
PATH: /snap/bin


## ----------- ##
## Core tests. ##
## ----------- ##

configure:2226: loading site script /workdir/openwrt/include/site/arm
| #!/bin/sh
| . $TOPDIR/include/site/linux
| ac_cv_c_littleendian=${ac_cv_c_littleendian=yes}
| ac_cv_c_bigendian=${ac_cv_c_bigendian=no}
| 
| ac_cv_sizeof___int64=0
| ac_cv_sizeof_char=1
| ac_cv_sizeof_int=4
| ac_cv_sizeof_int16_t=2
| ac_cv_sizeof_int32_t=4
| ac_cv_sizeof_int64_t=8
| ac_cv_sizeof_long_int=4
| ac_cv_sizeof_long_long=8
| ac_cv_sizeof_long=4
| ac_cv_sizeof_off_t=8
| ac_cv_sizeof_short_int=2
| ac_cv_sizeof_short=2
| ac_cv_sizeof_size_t=4
| ac_cv_sizeof_ssize_t=4
| ac_cv_sizeof_u_int16_t=2
| ac_cv_sizeof_u_int32_t=4
| ac_cv_sizeof_u_int64_t=8
| ac_cv_sizeof_uint16_t=2
| ac_cv_sizeof_uint32_t=4
| ac_cv_sizeof_uint64_t=8
| ac_cv_sizeof_unsigned_int=4
| ac_cv_sizeof_unsigned_long=4
| ac_cv_sizeof_unsigned_long_long=8
| ac_cv_sizeof_unsigned_short=2
| ac_cv_sizeof_void_p=4
configure:2390: checking build system type
configure:2404: result: x86_64-pc-linux-gnu
configure:2451: checking host system type
configure:2464: result: arm-openwrt-linux-muslgnueabi
configure:2484: checking target system type
configure:2497: result: arm-openwrt-linux-muslgnueabi
configure:2551: checking for a BSD-compatible install
configure:2619: result: /workdir/openwrt/staging_dir/host/bin/install -c
configure:2630: checking whether ln works
configure:2652: result: yes
configure:2656: checking whether ln -s works
configure:2660: result: yes
configure:2667: checking for a sed that does not truncate output
configure:2731: result: /workdir/openwrt/staging_dir/host/bin/sed
configure:2740: checking for gawk
configure:2756: found /usr/bin/gawk
configure:2767: result: gawk
configure:4066: checking for arm-openwrt-linux-muslgnueabi-gcc
configure:4093: result: arm-openwrt-linux-muslgnueabi-gcc
configure:4362: checking for C compiler version
configure:4371: arm-openwrt-linux-muslgnueabi-gcc --version >&5
arm-openwrt-linux-muslgnueabi-gcc (OpenWrt GCC 8.4.0 r3881-e65535d3c) 8.4.0
Copyright (C) 2018 Free Software Foundation, Inc.
This is free software; see the source for copying conditions.  There is NO
warranty; not even for MERCHANTABILITY or FITNESS FOR A PARTICULAR PURPOSE.

configure:4382: $? = 0
configure:4371: arm-openwrt-linux-muslgnueabi-gcc -v >&5
Reading specs from /workdir/staging_dir/_p2w_r619ac-128m/toolchain-arm_cortex-a7+neon-vfpv4_gcc-8.4.0_musl_eabi/bin/../lib/gcc/arm-openwrt-linux-muslgnueabi/8.4.0/specs
COLLECT_GCC=arm-openwrt-linux-muslgnueabi-gcc
COLLECT_LTO_WRAPPER=/workdir/staging_dir/_p2w_r619ac-128m/toolchain-arm_cortex-a7+neon-vfpv4_gcc-8.4.0_musl_eabi/bin/../libexec/gcc/arm-openwrt-linux-muslgnueabi/8.4.0/lto-wrapper
Target: arm-openwrt-linux-muslgnueabi
Configured with: /workdir/openwrt/build_dir/toolchain-arm_cortex-a7+neon-vfpv4_gcc-8.4.0_musl_eabi/gcc-8.4.0/configure --with-bugurl=http://bugs.openwrt.org/ --with-pkgversion='OpenWrt GCC 8.4.0 r3881-e65535d3c' --prefix=/workdir/openwrt/staging_dir/toolchain-arm_cortex-a7+neon-vfpv4_gcc-8.4.0_musl_eabi --build=x86_64-pc-linux-gnu --host=x86_64-pc-linux-gnu --target=arm-openwrt-linux-muslgnueabi --with-gnu-ld --enable-target-optspace --disable-libgomp --disable-libmudflap --disable-multilib --disable-libmpx --disable-nls --disable-libssp --without-isl --without-cloog --with-host-libstdcxx=-lstdc++ --with-gmp=/workdir/openwrt/staging_dir/host --with-mpfr=/workdir/openwrt/staging_dir/host --with-mpc=/workdir/openwrt/staging_dir/host --disable-decimal-float --with-diagnostics-color=auto-if-env --enable-__cxa_atexit --disable-libstdcxx-dual-abi --with-default-libstdcxx-abi=new --with-cpu=cortex-a7 --with-fpu=neon-vfpv4 --with-float=hard --with-headers=/workdir/openwrt/staging_dir/toolchain-arm_cortex-a7+neon-vfpv4_gcc-8.4.0_musl_eabi/include --enable-languages=c,c++ --enable-shared --enable-threads --with-slibdir=/workdir/openwrt/staging_dir/toolchain-arm_cortex-a7+neon-vfpv4_gcc-8.4.0_musl_eabi/lib --enable-lto --with-libelf=/workdir/openwrt/staging_dir/host --disable-libsanitizer
Thread model: posix
gcc version 8.4.0 (OpenWrt GCC 8.4.0 r3881-e65535d3c) 
configure:4382: $? = 0
configure:4371: arm-openwrt-linux-muslgnueabi-gcc -V >&5
arm-openwrt-linux-muslgnueabi-gcc: error: unrecognized command line option '-V'
arm-openwrt-linux-muslgnueabi-gcc: fatal error: no input files
compilation terminated.
configure:4382: $? = 1
configure:4371: arm-openwrt-linux-muslgnueabi-gcc -qversion >&5
arm-openwrt-linux-muslgnueabi-gcc: error: unrecognized command line option '-qversion'; did you mean '--version'?
arm-openwrt-linux-muslgnueabi-gcc: fatal error: no input files
compilation terminated.
configure:4382: $? = 1
configure:4402: checking whether the C compiler works
configure:4424: arm-openwrt-linux-muslgnueabi-gcc -Os -pipe -fno-caller-saves -fno-plt -fhonour-copts -Wno-error=unused-but-set-variable -Wno-error=unused-result -mfloat-abi=hard -I/workdir/openwrt/staging_dir/target-arm_cortex-a7+neon-vfpv4_musl_eabi/usr/lib/libiconv-stub/include -I/workdir/openwrt/staging_dir/target-arm_cortex-a7+neon-vfpv4_musl_eabi/usr/lib/libintl-stub/include -fmacro-prefix-map=/workdir/openwrt/build_dir/target-arm_cortex-a7+neon-vfpv4_musl_eabi/binutils-2.35.2=binutils-2.35.2 -Wformat -Werror=format-security -fstack-protector -D_FORTIFY_SOURCE=1 -Wl,-z,now -Wl,-z,relro -DPIC -fpic -Wno-unused-value  -I/workdir/openwrt/staging_dir/toolchain-arm_cortex-a7+neon-vfpv4_gcc-8.4.0_musl_eabi/usr/include -I/workdir/openwrt/staging_dir/toolchain-arm_cortex-a7+neon-vfpv4_gcc-8.4.0_musl_eabi/include/fortify -I/workdir/openwrt/staging_dir/toolchain-arm_cortex-a7+neon-vfpv4_gcc-8.4.0_musl_eabi/include -I/workdir/openwrt/staging_dir/target-arm_cortex-a7+neon-vfpv4_musl_eabi/usr/lib/libiconv-stub/include -I/workdir/openwrt/staging_dir/target-arm_cortex-a7+neon-vfpv4_musl_eabi/usr/lib/libintl-stub/include  -L/workdir/openwrt/staging_dir/toolchain-arm_cortex-a7+neon-vfpv4_gcc-8.4.0_musl_eabi/usr/lib -L/workdir/openwrt/staging_dir/toolchain-arm_cortex-a7+neon-vfpv4_gcc-8.4.0_musl_eabi/lib -L/workdir/openwrt/staging_dir/target-arm_cortex-a7+neon-vfpv4_musl_eabi/usr/lib/libiconv-stub/lib -Wl,-rpath-link=/workdir/openwrt/staging_dir/target-arm_cortex-a7+neon-vfpv4_musl_eabi/usr/lib/libiconv-stub/lib -L/workdir/openwrt/staging_dir/target-arm_cortex-a7+neon-vfpv4_musl_eabi/usr/lib/libintl-stub/lib -Wl,-rpath-link=/workdir/openwrt/staging_dir/target-arm_cortex-a7+neon-vfpv4_musl_eabi/usr/lib/libintl-stub/lib -znow -zrelro   conftest.c  >&5
configure:4428: $? = 0
configure:4476: result: yes
configure:4479: checking for C compiler default output file name
configure:4481: result: a.out
configure:4487: checking for suffix of executables
configure:4494: arm-openwrt-linux-muslgnueabi-gcc -o conftest -Os -pipe -fno-caller-saves -fno-plt -fhonour-copts -Wno-error=unused-but-set-variable -Wno-error=unused-result -mfloat-abi=hard -I/workdir/openwrt/staging_dir/target-arm_cortex-a7+neon-vfpv4_musl_eabi/usr/lib/libiconv-stub/include -I/workdir/openwrt/staging_dir/target-arm_cortex-a7+neon-vfpv4_musl_eabi/usr/lib/libintl-stub/include -fmacro-prefix-map=/workdir/openwrt/build_dir/target-arm_cortex-a7+neon-vfpv4_musl_eabi/binutils-2.35.2=binutils-2.35.2 -Wformat -Werror=format-security -fstack-protector -D_FORTIFY_SOURCE=1 -Wl,-z,now -Wl,-z,relro -DPIC -fpic -Wno-unused-value  -I/workdir/openwrt/staging_dir/toolchain-arm_cortex-a7+neon-vfpv4_gcc-8.4.0_musl_eabi/usr/include -I/workdir/openwrt/staging_dir/toolchain-arm_cortex-a7+neon-vfpv4_gcc-8.4.0_musl_eabi/include/fortify -I/workdir/openwrt/staging_dir/toolchain-arm_cortex-a7+neon-vfpv4_gcc-8.4.0_musl_eabi/include -I/workdir/openwrt/staging_dir/target-arm_cortex-a7+neon-vfpv4_musl_eabi/usr/lib/libiconv-stub/include -I/workdir/openwrt/staging_dir/target-arm_cortex-a7+neon-vfpv4_musl_eabi/usr/lib/libintl-stub/include  -L/workdir/openwrt/staging_dir/toolchain-arm_cortex-a7+neon-vfpv4_gcc-8.4.0_musl_eabi/usr/lib -L/workdir/openwrt/staging_dir/toolchain-arm_cortex-a7+neon-vfpv4_gcc-8.4.0_musl_eabi/lib -L/workdir/openwrt/staging_dir/target-arm_cortex-a7+neon-vfpv4_musl_eabi/usr/lib/libiconv-stub/lib -Wl,-rpath-link=/workdir/openwrt/staging_dir/target-arm_cortex-a7+neon-vfpv4_musl_eabi/usr/lib/libiconv-stub/lib -L/workdir/openwrt/staging_dir/target-arm_cortex-a7+neon-vfpv4_musl_eabi/usr/lib/libintl-stub/lib -Wl,-rpath-link=/workdir/openwrt/staging_dir/target-arm_cortex-a7+neon-vfpv4_musl_eabi/usr/lib/libintl-stub/lib -znow -zrelro   conftest.c  >&5
configure:4498: $? = 0
configure:4520: result: 
configure:4542: checking whether we are cross compiling
configure:4580: result: yes
configure:4585: checking for suffix of object files
configure:4607: arm-openwrt-linux-muslgnueabi-gcc -c -Os -pipe -fno-caller-saves -fno-plt -fhonour-copts -Wno-error=unused-but-set-variable -Wno-error=unused-result -mfloat-abi=hard -I/workdir/openwrt/staging_dir/target-arm_cortex-a7+neon-vfpv4_musl_eabi/usr/lib/libiconv-stub/include -I/workdir/openwrt/staging_dir/target-arm_cortex-a7+neon-vfpv4_musl_eabi/usr/lib/libintl-stub/include -fmacro-prefix-map=/workdir/openwrt/build_dir/target-arm_cortex-a7+neon-vfpv4_musl_eabi/binutils-2.35.2=binutils-2.35.2 -Wformat -Werror=format-security -fstack-protector -D_FORTIFY_SOURCE=1 -Wl,-z,now -Wl,-z,relro -DPIC -fpic -Wno-unused-value  -I/workdir/openwrt/staging_dir/toolchain-arm_cortex-a7+neon-vfpv4_gcc-8.4.0_musl_eabi/usr/include -I/workdir/openwrt/staging_dir/toolchain-arm_cortex-a7+neon-vfpv4_gcc-8.4.0_musl_eabi/include/fortify -I/workdir/openwrt/staging_dir/toolchain-arm_cortex-a7+neon-vfpv4_gcc-8.4.0_musl_eabi/include -I/workdir/openwrt/staging_dir/target-arm_cortex-a7+neon-vfpv4_musl_eabi/usr/lib/libiconv-stub/include -I/workdir/openwrt/staging_dir/target-arm_cortex-a7+neon-vfpv4_musl_eabi/usr/lib/libintl-stub/include  conftest.c >&5
configure:4611: $? = 0
configure:4632: result: o
configure:4636: checking whether we are using the GNU C compiler
configure:4655: arm-openwrt-linux-muslgnueabi-gcc -c -Os -pipe -fno-caller-saves -fno-plt -fhonour-copts -Wno-error=unused-but-set-variable -Wno-error=unused-result -mfloat-abi=hard -I/workdir/openwrt/staging_dir/target-arm_cortex-a7+neon-vfpv4_musl_eabi/usr/lib/libiconv-stub/include -I/workdir/openwrt/staging_dir/target-arm_cortex-a7+neon-vfpv4_musl_eabi/usr/lib/libintl-stub/include -fmacro-prefix-map=/workdir/openwrt/build_dir/target-arm_cortex-a7+neon-vfpv4_musl_eabi/binutils-2.35.2=binutils-2.35.2 -Wformat -Werror=format-security -fstack-protector -D_FORTIFY_SOURCE=1 -Wl,-z,now -Wl,-z,relro -DPIC -fpic -Wno-unused-value  -I/workdir/openwrt/staging_dir/toolchain-arm_cortex-a7+neon-vfpv4_gcc-8.4.0_musl_eabi/usr/include -I/workdir/openwrt/staging_dir/toolchain-arm_cortex-a7+neon-vfpv4_gcc-8.4.0_musl_eabi/include/fortify -I/workdir/openwrt/staging_dir/toolchain-arm_cortex-a7+neon-vfpv4_gcc-8.4.0_musl_eabi/include -I/workdir/openwrt/staging_dir/target-arm_cortex-a7+neon-vfpv4_musl_eabi/usr/lib/libiconv-stub/include -I/workdir/openwrt/staging_dir/target-arm_cortex-a7+neon-vfpv4_musl_eabi/usr/lib/libintl-stub/include  conftest.c >&5
configure:4655: $? = 0
configure:4664: result: yes
configure:4673: checking whether arm-openwrt-linux-muslgnueabi-gcc accepts -g
configure:4693: arm-openwrt-linux-muslgnueabi-gcc -c -g -I/workdir/openwrt/staging_dir/toolchain-arm_cortex-a7+neon-vfpv4_gcc-8.4.0_musl_eabi/usr/include -I/workdir/openwrt/staging_dir/toolchain-arm_cortex-a7+neon-vfpv4_gcc-8.4.0_musl_eabi/include/fortify -I/workdir/openwrt/staging_dir/toolchain-arm_cortex-a7+neon-vfpv4_gcc-8.4.0_musl_eabi/include -I/workdir/openwrt/staging_dir/target-arm_cortex-a7+neon-vfpv4_musl_eabi/usr/lib/libiconv-stub/include -I/workdir/openwrt/staging_dir/target-arm_cortex-a7+neon-vfpv4_musl_eabi/usr/lib/libintl-stub/include  conftest.c >&5
cc1: note: someone does not honour COPTS correctly, passed 0 times
configure:4693: $? = 0
configure: failed program was:
| /* confdefs.h */
| #define PACKAGE_NAME ""
| #define PACKAGE_TARNAME ""
| #define PACKAGE_VERSION ""
| #define PACKAGE_STRING ""
| #define PACKAGE_BUGREPORT ""
| #define PACKAGE_URL ""
| /* end confdefs.h.  */
| 
| int
| main ()
| {
| 
|   ;
|   return 0;
| }
configure:4708: arm-openwrt-linux-muslgnueabi-gcc -c  -I/workdir/openwrt/staging_dir/toolchain-arm_cortex-a7+neon-vfpv4_gcc-8.4.0_musl_eabi/usr/include -I/workdir/openwrt/staging_dir/toolchain-arm_cortex-a7+neon-vfpv4_gcc-8.4.0_musl_eabi/include/fortify -I/workdir/openwrt/staging_dir/toolchain-arm_cortex-a7+neon-vfpv4_gcc-8.4.0_musl_eabi/include -I/workdir/openwrt/staging_dir/target-arm_cortex-a7+neon-vfpv4_musl_eabi/usr/lib/libiconv-stub/include -I/workdir/openwrt/staging_dir/target-arm_cortex-a7+neon-vfpv4_musl_eabi/usr/lib/libintl-stub/include  conftest.c >&5
cc1: note: someone does not honour COPTS correctly, passed 0 times
configure:4708: $? = 0
configure: failed program was:
| /* confdefs.h */
| #define PACKAGE_NAME ""
| #define PACKAGE_TARNAME ""
| #define PACKAGE_VERSION ""
| #define PACKAGE_STRING ""
| #define PACKAGE_BUGREPORT ""
| #define PACKAGE_URL ""
| /* end confdefs.h.  */
| 
| int
| main ()
| {
| 
|   ;
|   return 0;
| }
configure:4724: arm-openwrt-linux-muslgnueabi-gcc -c -g -I/workdir/openwrt/staging_dir/toolchain-arm_cortex-a7+neon-vfpv4_gcc-8.4.0_musl_eabi/usr/include -I/workdir/openwrt/staging_dir/toolchain-arm_cortex-a7+neon-vfpv4_gcc-8.4.0_musl_eabi/include/fortify -I/workdir/openwrt/staging_dir/toolchain-arm_cortex-a7+neon-vfpv4_gcc-8.4.0_musl_eabi/include -I/workdir/openwrt/staging_dir/target-arm_cortex-a7+neon-vfpv4_musl_eabi/usr/lib/libiconv-stub/include -I/workdir/openwrt/staging_dir/target-arm_cortex-a7+neon-vfpv4_musl_eabi/usr/lib/libintl-stub/include  conftest.c >&5
cc1: note: someone does not honour COPTS correctly, passed 0 times
configure:4724: $? = 0
configure:4734: result: yes
configure:4751: checking for arm-openwrt-linux-muslgnueabi-gcc option to accept ISO C89
configure:4814: arm-openwrt-linux-muslgnueabi-gcc  -c -Os -pipe -fno-caller-saves -fno-plt -fhonour-copts -Wno-error=unused-but-set-variable -Wno-error=unused-result -mfloat-abi=hard -I/workdir/openwrt/staging_dir/target-arm_cortex-a7+neon-vfpv4_musl_eabi/usr/lib/libiconv-stub/include -I/workdir/openwrt/staging_dir/target-arm_cortex-a7+neon-vfpv4_musl_eabi/usr/lib/libintl-stub/include -fmacro-prefix-map=/workdir/openwrt/build_dir/target-arm_cortex-a7+neon-vfpv4_musl_eabi/binutils-2.35.2=binutils-2.35.2 -Wformat -Werror=format-security -fstack-protector -D_FORTIFY_SOURCE=1 -Wl,-z,now -Wl,-z,relro -DPIC -fpic -Wno-unused-value  -I/workdir/openwrt/staging_dir/toolchain-arm_cortex-a7+neon-vfpv4_gcc-8.4.0_musl_eabi/usr/include -I/workdir/openwrt/staging_dir/toolchain-arm_cortex-a7+neon-vfpv4_gcc-8.4.0_musl_eabi/include/fortify -I/workdir/openwrt/staging_dir/toolchain-arm_cortex-a7+neon-vfpv4_gcc-8.4.0_musl_eabi/include -I/workdir/openwrt/staging_dir/target-arm_cortex-a7+neon-vfpv4_musl_eabi/usr/lib/libiconv-stub/include -I/workdir/openwrt/staging_dir/target-arm_cortex-a7+neon-vfpv4_musl_eabi/usr/lib/libintl-stub/include  conftest.c >&5
configure:4814: $? = 0
configure:4827: result: none needed
configure:4959: checking for C++ compiler version
configure:4968: arm-openwrt-linux-muslgnueabi-g++ --version >&5
arm-openwrt-linux-muslgnueabi-g++ (OpenWrt GCC 8.4.0 r3881-e65535d3c) 8.4.0
Copyright (C) 2018 Free Software Foundation, Inc.
This is free software; see the source for copying conditions.  There is NO
warranty; not even for MERCHANTABILITY or FITNESS FOR A PARTICULAR PURPOSE.

configure:4979: $? = 0
configure:4968: arm-openwrt-linux-muslgnueabi-g++ -v >&5
Reading specs from /workdir/staging_dir/_p2w_r619ac-128m/toolchain-arm_cortex-a7+neon-vfpv4_gcc-8.4.0_musl_eabi/bin/../lib/gcc/arm-openwrt-linux-muslgnueabi/8.4.0/specs
COLLECT_GCC=arm-openwrt-linux-muslgnueabi-g++
COLLECT_LTO_WRAPPER=/workdir/staging_dir/_p2w_r619ac-128m/toolchain-arm_cortex-a7+neon-vfpv4_gcc-8.4.0_musl_eabi/bin/../libexec/gcc/arm-openwrt-linux-muslgnueabi/8.4.0/lto-wrapper
Target: arm-openwrt-linux-muslgnueabi
Configured with: /workdir/openwrt/build_dir/toolchain-arm_cortex-a7+neon-vfpv4_gcc-8.4.0_musl_eabi/gcc-8.4.0/configure --with-bugurl=http://bugs.openwrt.org/ --with-pkgversion='OpenWrt GCC 8.4.0 r3881-e65535d3c' --prefix=/workdir/openwrt/staging_dir/toolchain-arm_cortex-a7+neon-vfpv4_gcc-8.4.0_musl_eabi --build=x86_64-pc-linux-gnu --host=x86_64-pc-linux-gnu --target=arm-openwrt-linux-muslgnueabi --with-gnu-ld --enable-target-optspace --disable-libgomp --disable-libmudflap --disable-multilib --disable-libmpx --disable-nls --disable-libssp --without-isl --without-cloog --with-host-libstdcxx=-lstdc++ --with-gmp=/workdir/openwrt/staging_dir/host --with-mpfr=/workdir/openwrt/staging_dir/host --with-mpc=/workdir/openwrt/staging_dir/host --disable-decimal-float --with-diagnostics-color=auto-if-env --enable-__cxa_atexit --disable-libstdcxx-dual-abi --with-default-libstdcxx-abi=new --with-cpu=cortex-a7 --with-fpu=neon-vfpv4 --with-float=hard --with-headers=/workdir/openwrt/staging_dir/toolchain-arm_cortex-a7+neon-vfpv4_gcc-8.4.0_musl_eabi/include --enable-languages=c,c++ --enable-shared --enable-threads --with-slibdir=/workdir/openwrt/staging_dir/toolchain-arm_cortex-a7+neon-vfpv4_gcc-8.4.0_musl_eabi/lib --enable-lto --with-libelf=/workdir/openwrt/staging_dir/host --disable-libsanitizer
Thread model: posix
gcc version 8.4.0 (OpenWrt GCC 8.4.0 r3881-e65535d3c) 
configure:4979: $? = 0
configure:4968: arm-openwrt-linux-muslgnueabi-g++ -V >&5
arm-openwrt-linux-muslgnueabi-g++: error: unrecognized command line option '-V'
arm-openwrt-linux-muslgnueabi-g++: fatal error: no input files
compilation terminated.
configure:4979: $? = 1
configure:4968: arm-openwrt-linux-muslgnueabi-g++ -qversion >&5
arm-openwrt-linux-muslgnueabi-g++: error: unrecognized command line option '-qversion'; did you mean '--version'?
arm-openwrt-linux-muslgnueabi-g++: fatal error: no input files
compilation terminated.
configure:4979: $? = 1
configure:4983: checking whether we are using the GNU C++ compiler
configure:5002: arm-openwrt-linux-muslgnueabi-g++ -c -Os -pipe -fno-caller-saves -fno-plt -fhonour-copts -Wno-error=unused-but-set-variable -Wno-error=unused-result -mfloat-abi=hard -I/workdir/openwrt/staging_dir/target-arm_cortex-a7+neon-vfpv4_musl_eabi/usr/lib/libiconv-stub/include -I/workdir/openwrt/staging_dir/target-arm_cortex-a7+neon-vfpv4_musl_eabi/usr/lib/libintl-stub/include -fmacro-prefix-map=/workdir/openwrt/build_dir/target-arm_cortex-a7+neon-vfpv4_musl_eabi/binutils-2.35.2=binutils-2.35.2 -Wformat -Werror=format-security -fstack-protector -D_FORTIFY_SOURCE=1 -Wl,-z,now -Wl,-z,relro -DPIC -fpic -Wno-unused-value  -I/workdir/openwrt/staging_dir/toolchain-arm_cortex-a7+neon-vfpv4_gcc-8.4.0_musl_eabi/usr/include -I/workdir/openwrt/staging_dir/toolchain-arm_cortex-a7+neon-vfpv4_gcc-8.4.0_musl_eabi/include/fortify -I/workdir/openwrt/staging_dir/toolchain-arm_cortex-a7+neon-vfpv4_gcc-8.4.0_musl_eabi/include -I/workdir/openwrt/staging_dir/target-arm_cortex-a7+neon-vfpv4_musl_eabi/usr/lib/libiconv-stub/include -I/workdir/openwrt/staging_dir/target-arm_cortex-a7+neon-vfpv4_musl_eabi/usr/lib/libintl-stub/include  conftest.cpp >&5
configure:5002: $? = 0
configure:5011: result: yes
configure:5020: checking whether arm-openwrt-linux-muslgnueabi-g++ accepts -g
configure:5040: arm-openwrt-linux-muslgnueabi-g++ -c -g -I/workdir/openwrt/staging_dir/toolchain-arm_cortex-a7+neon-vfpv4_gcc-8.4.0_musl_eabi/usr/include -I/workdir/openwrt/staging_dir/toolchain-arm_cortex-a7+neon-vfpv4_gcc-8.4.0_musl_eabi/include/fortify -I/workdir/openwrt/staging_dir/toolchain-arm_cortex-a7+neon-vfpv4_gcc-8.4.0_musl_eabi/include -I/workdir/openwrt/staging_dir/target-arm_cortex-a7+neon-vfpv4_musl_eabi/usr/lib/libiconv-stub/include -I/workdir/openwrt/staging_dir/target-arm_cortex-a7+neon-vfpv4_musl_eabi/usr/lib/libintl-stub/include  conftest.cpp >&5
configure:5040: $? = 0
configure:5081: result: yes
configure:5130: checking whether g++ accepts -static-libstdc++ -static-libgcc
configure:5147: arm-openwrt-linux-muslgnueabi-g++ -o conftest -Os -pipe -fno-caller-saves -fno-plt -fhonour-copts -Wno-error=unused-but-set-variable -Wno-error=unused-result -mfloat-abi=hard -I/workdir/openwrt/staging_dir/target-arm_cortex-a7+neon-vfpv4_musl_eabi/usr/lib/libiconv-stub/include -I/workdir/openwrt/staging_dir/target-arm_cortex-a7+neon-vfpv4_musl_eabi/usr/lib/libintl-stub/include -fmacro-prefix-map=/workdir/openwrt/build_dir/target-arm_cortex-a7+neon-vfpv4_musl_eabi/binutils-2.35.2=binutils-2.35.2 -Wformat -Werror=format-security -fstack-protector -D_FORTIFY_SOURCE=1 -Wl,-z,now -Wl,-z,relro -DPIC -fpic -Wno-unused-value  -I/workdir/openwrt/staging_dir/toolchain-arm_cortex-a7+neon-vfpv4_gcc-8.4.0_musl_eabi/usr/include -I/workdir/openwrt/staging_dir/toolchain-arm_cortex-a7+neon-vfpv4_gcc-8.4.0_musl_eabi/include/fortify -I/workdir/openwrt/staging_dir/toolchain-arm_cortex-a7+neon-vfpv4_gcc-8.4.0_musl_eabi/include -I/workdir/openwrt/staging_dir/target-arm_cortex-a7+neon-vfpv4_musl_eabi/usr/lib/libiconv-stub/include -I/workdir/openwrt/staging_dir/target-arm_cortex-a7+neon-vfpv4_musl_eabi/usr/lib/libintl-stub/include  -L/workdir/openwrt/staging_dir/toolchain-arm_cortex-a7+neon-vfpv4_gcc-8.4.0_musl_eabi/usr/lib -L/workdir/openwrt/staging_dir/toolchain-arm_cortex-a7+neon-vfpv4_gcc-8.4.0_musl_eabi/lib -L/workdir/openwrt/staging_dir/target-arm_cortex-a7+neon-vfpv4_musl_eabi/usr/lib/libiconv-stub/lib -Wl,-rpath-link=/workdir/openwrt/staging_dir/target-arm_cortex-a7+neon-vfpv4_musl_eabi/usr/lib/libiconv-stub/lib -L/workdir/openwrt/staging_dir/target-arm_cortex-a7+neon-vfpv4_musl_eabi/usr/lib/libintl-stub/lib -Wl,-rpath-link=/workdir/openwrt/staging_dir/target-arm_cortex-a7+neon-vfpv4_musl_eabi/usr/lib/libintl-stub/lib -znow -zrelro   -static-libstdc++ -static-libgcc conftest.cpp  >&5
configure:5147: $? = 0
configure:5148: result: yes
configure:5172: checking for arm-openwrt-linux-muslgnueabi-gnatbind
configure:5202: result: no
configure:5212: checking for gnatbind
configure:5242: result: no
configure:5264: checking for arm-openwrt-linux-muslgnueabi-gnatmake
configure:5294: result: no
configure:5304: checking for gnatmake
configure:5334: result: no
configure:5353: checking whether compiler driver understands Ada
configure:5376: result: no
configure:5385: checking how to compare bootstrapped objects
configure:5410: result: cmp --ignore-initial=16 $$f1 $$f2
configure:5470: checking for objdir
configure:5485: result: .libs
configure:5516: checking whether to use debuginfod
configure:5518: result: auto
configure:5525: checking for debuginfod_begin in -ldebuginfod
configure:5550: arm-openwrt-linux-muslgnueabi-gcc -o conftest -Os -pipe -fno-caller-saves -fno-plt -fhonour-copts -Wno-error=unused-but-set-variable -Wno-error=unused-result -mfloat-abi=hard -I/workdir/openwrt/staging_dir/target-arm_cortex-a7+neon-vfpv4_musl_eabi/usr/lib/libiconv-stub/include -I/workdir/openwrt/staging_dir/target-arm_cortex-a7+neon-vfpv4_musl_eabi/usr/lib/libintl-stub/include -fmacro-prefix-map=/workdir/openwrt/build_dir/target-arm_cortex-a7+neon-vfpv4_musl_eabi/binutils-2.35.2=binutils-2.35.2 -Wformat -Werror=format-security -fstack-protector -D_FORTIFY_SOURCE=1 -Wl,-z,now -Wl,-z,relro -DPIC -fpic -Wno-unused-value  -I/workdir/openwrt/staging_dir/toolchain-arm_cortex-a7+neon-vfpv4_gcc-8.4.0_musl_eabi/usr/include -I/workdir/openwrt/staging_dir/toolchain-arm_cortex-a7+neon-vfpv4_gcc-8.4.0_musl_eabi/include/fortify -I/workdir/openwrt/staging_dir/toolchain-arm_cortex-a7+neon-vfpv4_gcc-8.4.0_musl_eabi/include -I/workdir/openwrt/staging_dir/target-arm_cortex-a7+neon-vfpv4_musl_eabi/usr/lib/libiconv-stub/include -I/workdir/openwrt/staging_dir/target-arm_cortex-a7+neon-vfpv4_musl_eabi/usr/lib/libintl-stub/include  -L/workdir/openwrt/staging_dir/toolchain-arm_cortex-a7+neon-vfpv4_gcc-8.4.0_musl_eabi/usr/lib -L/workdir/openwrt/staging_dir/toolchain-arm_cortex-a7+neon-vfpv4_gcc-8.4.0_musl_eabi/lib -L/workdir/openwrt/staging_dir/target-arm_cortex-a7+neon-vfpv4_musl_eabi/usr/lib/libiconv-stub/lib -Wl,-rpath-link=/workdir/openwrt/staging_dir/target-arm_cortex-a7+neon-vfpv4_musl_eabi/usr/lib/libiconv-stub/lib -L/workdir/openwrt/staging_dir/target-arm_cortex-a7+neon-vfpv4_musl_eabi/usr/lib/libintl-stub/lib -Wl,-rpath-link=/workdir/openwrt/staging_dir/target-arm_cortex-a7+neon-vfpv4_musl_eabi/usr/lib/libintl-stub/lib -znow -zrelro   conftest.c -ldebuginfod   >&5
/workdir/staging_dir/_p2w_r619ac-128m/toolchain-arm_cortex-a7+neon-vfpv4_gcc-8.4.0_musl_eabi/bin/../lib/gcc/arm-openwrt-linux-muslgnueabi/8.4.0/../../../../arm-openwrt-linux-muslgnueabi/bin/ld: cannot find -ldebuginfod
collect2: error: ld returned 1 exit status
configure:5550: $? = 1
configure: failed program was:
| /* confdefs.h */
| #define PACKAGE_NAME ""
| #define PACKAGE_TARNAME ""
| #define PACKAGE_VERSION ""
| #define PACKAGE_STRING ""
| #define PACKAGE_BUGREPORT ""
| #define PACKAGE_URL ""
| #define LT_OBJDIR ".libs/"
| /* end confdefs.h.  */
| 
| /* Override any GCC internal prototype to avoid an error.
|    Use char because int might match the return type of a GCC
|    builtin and then its argument prototype would still apply.  */
| #ifdef __cplusplus
| extern "C"
| #endif
| char debuginfod_begin ();
| int
| main ()
| {
| return debuginfod_begin ();
|   ;
|   return 0;
| }
configure:5559: result: no
configure:5565: checking whether debuginfod_begin is declared
configure:5565: arm-openwrt-linux-muslgnueabi-gcc -c -Os -pipe -fno-caller-saves -fno-plt -fhonour-copts -Wno-error=unused-but-set-variable -Wno-error=unused-result -mfloat-abi=hard -I/workdir/openwrt/staging_dir/target-arm_cortex-a7+neon-vfpv4_musl_eabi/usr/lib/libiconv-stub/include -I/workdir/openwrt/staging_dir/target-arm_cortex-a7+neon-vfpv4_musl_eabi/usr/lib/libintl-stub/include -fmacro-prefix-map=/workdir/openwrt/build_dir/target-arm_cortex-a7+neon-vfpv4_musl_eabi/binutils-2.35.2=binutils-2.35.2 -Wformat -Werror=format-security -fstack-protector -D_FORTIFY_SOURCE=1 -Wl,-z,now -Wl,-z,relro -DPIC -fpic -Wno-unused-value  -I/workdir/openwrt/staging_dir/toolchain-arm_cortex-a7+neon-vfpv4_gcc-8.4.0_musl_eabi/usr/include -I/workdir/openwrt/staging_dir/toolchain-arm_cortex-a7+neon-vfpv4_gcc-8.4.0_musl_eabi/include/fortify -I/workdir/openwrt/staging_dir/toolchain-arm_cortex-a7+neon-vfpv4_gcc-8.4.0_musl_eabi/include -I/workdir/openwrt/staging_dir/target-arm_cortex-a7+neon-vfpv4_musl_eabi/usr/lib/libiconv-stub/include -I/workdir/openwrt/staging_dir/target-arm_cortex-a7+neon-vfpv4_musl_eabi/usr/lib/libintl-stub/include  conftest.c >&5
conftest.c:10:10: fatal error: elfutils/debuginfod.h: No such file or directory
 #include <elfutils/debuginfod.h>
          ^~~~~~~~~~~~~~~~~~~~~~~
compilation terminated.
configure:5565: $? = 1
configure: failed program was:
| /* confdefs.h */
| #define PACKAGE_NAME ""
| #define PACKAGE_TARNAME ""
| #define PACKAGE_VERSION ""
| #define PACKAGE_STRING ""
| #define PACKAGE_BUGREPORT ""
| #define PACKAGE_URL ""
| #define LT_OBJDIR ".libs/"
| /* end confdefs.h.  */
| #include <elfutils/debuginfod.h>
| 
| int
| main ()
| {
| #ifndef debuginfod_begin
| #ifdef __cplusplus
|   (void) debuginfod_begin;
| #else
|   (void) debuginfod_begin;
| #endif
| #endif
| 
|   ;
|   return 0;
| }
configure:5565: result: no
configure:5583: WARNING: debuginfod is missing or unusable; some features may be unavailable.
configure:6136: checking for isl 0.15 or later
configure:6149: arm-openwrt-linux-muslgnueabi-gcc -o conftest -Os -pipe -fno-caller-saves -fno-plt -fhonour-copts -Wno-error=unused-but-set-variable -Wno-error=unused-result -mfloat-abi=hard -I/workdir/openwrt/staging_dir/target-arm_cortex-a7+neon-vfpv4_musl_eabi/usr/lib/libiconv-stub/include -I/workdir/openwrt/staging_dir/target-arm_cortex-a7+neon-vfpv4_musl_eabi/usr/lib/libintl-stub/include -fmacro-prefix-map=/workdir/openwrt/build_dir/target-arm_cortex-a7+neon-vfpv4_musl_eabi/binutils-2.35.2=binutils-2.35.2 -Wformat -Werror=format-security -fstack-protector -D_FORTIFY_SOURCE=1 -Wl,-z,now -Wl,-z,relro -DPIC -fpic -Wno-unused-value    -I/workdir/openwrt/staging_dir/toolchain-arm_cortex-a7+neon-vfpv4_gcc-8.4.0_musl_eabi/usr/include -I/workdir/openwrt/staging_dir/toolchain-arm_cortex-a7+neon-vfpv4_gcc-8.4.0_musl_eabi/include/fortify -I/workdir/openwrt/staging_dir/toolchain-arm_cortex-a7+neon-vfpv4_gcc-8.4.0_musl_eabi/include -I/workdir/openwrt/staging_dir/target-arm_cortex-a7+neon-vfpv4_musl_eabi/usr/lib/libiconv-stub/include -I/workdir/openwrt/staging_dir/target-arm_cortex-a7+neon-vfpv4_musl_eabi/usr/lib/libintl-stub/include  -L/workdir/openwrt/staging_dir/toolchain-arm_cortex-a7+neon-vfpv4_gcc-8.4.0_musl_eabi/usr/lib -L/workdir/openwrt/staging_dir/toolchain-arm_cortex-a7+neon-vfpv4_gcc-8.4.0_musl_eabi/lib -L/workdir/openwrt/staging_dir/target-arm_cortex-a7+neon-vfpv4_musl_eabi/usr/lib/libiconv-stub/lib -Wl,-rpath-link=/workdir/openwrt/staging_dir/target-arm_cortex-a7+neon-vfpv4_musl_eabi/usr/lib/libiconv-stub/lib -L/workdir/openwrt/staging_dir/target-arm_cortex-a7+neon-vfpv4_musl_eabi/usr/lib/libintl-stub/lib -Wl,-rpath-link=/workdir/openwrt/staging_dir/target-arm_cortex-a7+neon-vfpv4_musl_eabi/usr/lib/libintl-stub/lib -znow -zrelro    -lisl -lmpc -lmpfr -lgmp conftest.c  -lisl -lgmp >&5
conftest.c:10:10: fatal error: isl/schedule.h: No such file or directory
 #include <isl/schedule.h>
          ^~~~~~~~~~~~~~~~
compilation terminated.
configure:6149: $? = 1
configure: failed program was:
| /* confdefs.h */
| #define PACKAGE_NAME ""
| #define PACKAGE_TARNAME ""
| #define PACKAGE_VERSION ""
| #define PACKAGE_STRING ""
| #define PACKAGE_BUGREPORT ""
| #define PACKAGE_URL ""
| #define LT_OBJDIR ".libs/"
| /* end confdefs.h.  */
| #include <isl/schedule.h>
| int
| main ()
| {
| isl_options_set_schedule_serialize_sccs (NULL, 0);
|   ;
|   return 0;
| }
configure:6156: result: no
configure:6160: result: required isl version is 0.15 or later
configure:7253: checking for default BUILD_CONFIG
configure:7285: result: 
configure:7290: checking for --enable-vtable-verify
configure:7303: result: no
configure:7915: checking for bison
configure:7931: found /workdir/openwrt/staging_dir/host/bin/bison
configure:7942: result: bison -y
configure:7962: checking for bison
configure:7978: found /workdir/openwrt/staging_dir/host/bin/bison
configure:7989: result: bison
configure:8009: checking for gm4
configure:8036: result: /workdir/openwrt/staging_dir/host/bin/m4
configure:8056: checking for flex
configure:8072: found /workdir/openwrt/staging_dir/host/bin/flex
configure:8083: result: flex
configure:8104: checking for flex
configure:8120: found /workdir/openwrt/staging_dir/host/bin/flex
configure:8131: result: flex
configure:8151: checking for makeinfo
configure:8167: found /workdir/openwrt/staging_dir/host/bin/makeinfo
configure:8178: result: makeinfo
configure:8212: checking for expect
configure:8242: result: no
configure:8261: checking for runtest
configure:8291: result: no
configure:8325: checking for ar
configure:8352: result: arm-openwrt-linux-muslgnueabi-gcc-ar
configure:8367: checking for arm-openwrt-linux-muslgnueabi-ar
configure:8394: result: arm-openwrt-linux-muslgnueabi-gcc-ar
configure:8466: checking for as
configure:8493: result: arm-openwrt-linux-muslgnueabi-gcc -c -Os -pipe -fno-caller-saves -fno-plt -fhonour-copts -Wno-error=unused-but-set-variable -Wno-error=unused-result -mfloat-abi=hard -I/workdir/openwrt/staging_dir/target-arm_cortex-a7+neon-vfpv4_musl_eabi/usr/lib/libiconv-stub/include -I/workdir/openwrt/staging_dir/target-arm_cortex-a7+neon-vfpv4_musl_eabi/usr/lib/libintl-stub/include -fmacro-prefix-map=/workdir/openwrt/build_dir/target-arm_cortex-a7+neon-vfpv4_musl_eabi/binutils-2.35.2=binutils-2.35.2 -Wformat -Werror=format-security -fstack-protector -D_FORTIFY_SOURCE=1 -Wl,-z,now -Wl,-z,relro -DPIC -fpic -Wno-unused-value
configure:8508: checking for arm-openwrt-linux-muslgnueabi-as
configure:8535: result: arm-openwrt-linux-muslgnueabi-gcc -c -Os -pipe -fno-caller-saves -fno-plt -fhonour-copts -Wno-error=unused-but-set-variable -Wno-error=unused-result -mfloat-abi=hard -I/workdir/openwrt/staging_dir/target-arm_cortex-a7+neon-vfpv4_musl_eabi/usr/lib/libiconv-stub/include -I/workdir/openwrt/staging_dir/target-arm_cortex-a7+neon-vfpv4_musl_eabi/usr/lib/libintl-stub/include -fmacro-prefix-map=/workdir/openwrt/build_dir/target-arm_cortex-a7+neon-vfpv4_musl_eabi/binutils-2.35.2=binutils-2.35.2 -Wformat -Werror=format-security -fstack-protector -D_FORTIFY_SOURCE=1 -Wl,-z,now -Wl,-z,relro -DPIC -fpic -Wno-unused-value
configure:8649: checking for arm-openwrt-linux-muslgnueabi-dlltool
configure:8679: result: no
configure:8748: checking for ld
configure:8775: result: arm-openwrt-linux-muslgnueabi-ld
configure:8790: checking for arm-openwrt-linux-muslgnueabi-ld
configure:8817: result: arm-openwrt-linux-muslgnueabi-ld
configure:8931: checking for arm-openwrt-linux-muslgnueabi-lipo
configure:8961: result: no
configure:9030: checking for nm
configure:9057: result: arm-openwrt-linux-muslgnueabi-gcc-nm
configure:9072: checking for arm-openwrt-linux-muslgnueabi-nm
configure:9099: result: arm-openwrt-linux-muslgnueabi-gcc-nm
configure:9171: checking for ranlib
configure:9198: result: arm-openwrt-linux-muslgnueabi-gcc-ranlib
configure:9213: checking for arm-openwrt-linux-muslgnueabi-ranlib
configure:9240: result: arm-openwrt-linux-muslgnueabi-gcc-ranlib
configure:9307: checking for strip
configure:9334: result: arm-openwrt-linux-muslgnueabi-strip
configure:9349: checking for arm-openwrt-linux-muslgnueabi-strip
configure:9376: result: arm-openwrt-linux-muslgnueabi-strip
configure:9485: checking for arm-openwrt-linux-muslgnueabi-windres
configure:9515: result: no
configure:9626: checking for arm-openwrt-linux-muslgnueabi-windmc
configure:9656: result: no
configure:9725: checking for objcopy
configure:9752: result: arm-openwrt-linux-muslgnueabi-objcopy
configure:9767: checking for arm-openwrt-linux-muslgnueabi-objcopy
configure:9794: result: arm-openwrt-linux-muslgnueabi-objcopy
configure:9866: checking for objdump
configure:9893: result: arm-openwrt-linux-muslgnueabi-objdump
configure:9908: checking for arm-openwrt-linux-muslgnueabi-objdump
configure:9935: result: arm-openwrt-linux-muslgnueabi-objdump
configure:10049: checking for arm-openwrt-linux-muslgnueabi-readelf
configure:10065: found /workdir/openwrt/staging_dir/toolchain-arm_cortex-a7+neon-vfpv4_gcc-8.4.0_musl_eabi/bin/arm-openwrt-linux-muslgnueabi-readelf
configure:10076: result: arm-openwrt-linux-muslgnueabi-readelf
configure:10229: checking for arm-openwrt-linux-muslgnueabi-cc
configure:10259: result: no
configure:10229: checking for arm-openwrt-linux-muslgnueabi-gcc
configure:10245: found /workdir/openwrt/staging_dir/toolchain-arm_cortex-a7+neon-vfpv4_gcc-8.4.0_musl_eabi/bin/arm-openwrt-linux-muslgnueabi-gcc
configure:10256: result: arm-openwrt-linux-muslgnueabi-gcc
configure:10390: checking for arm-openwrt-linux-muslgnueabi-c++
configure:10406: found /workdir/openwrt/staging_dir/toolchain-arm_cortex-a7+neon-vfpv4_gcc-8.4.0_musl_eabi/bin/arm-openwrt-linux-muslgnueabi-c++
configure:10417: result: arm-openwrt-linux-muslgnueabi-c++
configure:10551: checking for arm-openwrt-linux-muslgnueabi-gcc
configure:10567: found /workdir/openwrt/staging_dir/toolchain-arm_cortex-a7+neon-vfpv4_gcc-8.4.0_musl_eabi/bin/arm-openwrt-linux-muslgnueabi-gcc
configure:10578: result: arm-openwrt-linux-muslgnueabi-gcc
configure:10707: checking for arm-openwrt-linux-muslgnueabi-gfortran
configure:10737: result: no
configure:10868: checking for arm-openwrt-linux-muslgnueabi-gccgo
configure:10898: result: no
configure:11569: checking for arm-openwrt-linux-muslgnueabi-dlltool
configure:11599: result: no
configure:12029: checking for arm-openwrt-linux-muslgnueabi-lipo
configure:12059: result: no
configure:13639: checking for arm-openwrt-linux-muslgnueabi-windres
configure:13669: result: no
configure:13869: checking for arm-openwrt-linux-muslgnueabi-windmc
configure:13899: result: no
configure:13966: checking where to find the target ar
configure:13972: result: pre-installed in /workdir/staging_dir/_p2w_r619ac-128m/toolchain-arm_cortex-a7+neon-vfpv4_gcc-8.4.0_musl_eabi/bin/../lib/gcc/arm-openwrt-linux-muslgnueabi/8.4.0/../../../../arm-openwrt-linux-muslgnueabi/bin
configure:14008: checking where to find the target as
configure:14014: result: pre-installed in /workdir/staging_dir/_p2w_r619ac-128m/toolchain-arm_cortex-a7+neon-vfpv4_gcc-8.4.0_musl_eabi/bin/../lib/gcc/arm-openwrt-linux-muslgnueabi/8.4.0/../../../../arm-openwrt-linux-muslgnueabi/bin
configure:14050: checking where to find the target cc
configure:14060: result: pre-installed
configure:14092: checking where to find the target c++
configure:14102: result: pre-installed
configure:14137: checking where to find the target c++ for libstdc++
configure:14147: result: pre-installed
configure:14182: checking where to find the target dlltool
configure:14192: result: pre-installed
configure:14224: checking where to find the target gcc
configure:14234: result: pre-installed
configure:14266: checking where to find the target gfortran
configure:14276: result: pre-installed
configure:14311: checking where to find the target gccgo
configure:14321: result: pre-installed
configure:14356: checking where to find the target ld
configure:14362: result: pre-installed in /workdir/staging_dir/_p2w_r619ac-128m/toolchain-arm_cortex-a7+neon-vfpv4_gcc-8.4.0_musl_eabi/bin/../lib/gcc/arm-openwrt-linux-muslgnueabi/8.4.0/../../../../arm-openwrt-linux-muslgnueabi/bin
configure:14398: checking where to find the target lipo
configure:14408: result: pre-installed
configure:14429: checking where to find the target nm
configure:14435: result: pre-installed in /workdir/staging_dir/_p2w_r619ac-128m/toolchain-arm_cortex-a7+neon-vfpv4_gcc-8.4.0_musl_eabi/bin/../lib/gcc/arm-openwrt-linux-muslgnueabi/8.4.0/../../../../arm-openwrt-linux-muslgnueabi/bin
configure:14471: checking where to find the target objcopy
configure:14477: result: pre-installed in /workdir/staging_dir/_p2w_r619ac-128m/toolchain-arm_cortex-a7+neon-vfpv4_gcc-8.4.0_musl_eabi/bin/../lib/gcc/arm-openwrt-linux-muslgnueabi/8.4.0/../../../../arm-openwrt-linux-muslgnueabi/bin
configure:14513: checking where to find the target objdump
configure:14519: result: pre-installed in /workdir/staging_dir/_p2w_r619ac-128m/toolchain-arm_cortex-a7+neon-vfpv4_gcc-8.4.0_musl_eabi/bin/../lib/gcc/arm-openwrt-linux-muslgnueabi/8.4.0/../../../../arm-openwrt-linux-muslgnueabi/bin
configure:14555: checking where to find the target ranlib
configure:14561: result: pre-installed in /workdir/staging_dir/_p2w_r619ac-128m/toolchain-arm_cortex-a7+neon-vfpv4_gcc-8.4.0_musl_eabi/bin/../lib/gcc/arm-openwrt-linux-muslgnueabi/8.4.0/../../../../arm-openwrt-linux-muslgnueabi/bin
configure:14597: checking where to find the target readelf
configure:14603: result: pre-installed in /workdir/staging_dir/_p2w_r619ac-128m/toolchain-arm_cortex-a7+neon-vfpv4_gcc-8.4.0_musl_eabi/bin/../lib/gcc/arm-openwrt-linux-muslgnueabi/8.4.0/../../../../arm-openwrt-linux-muslgnueabi/bin
configure:14639: checking where to find the target strip
configure:14645: result: pre-installed in /workdir/staging_dir/_p2w_r619ac-128m/toolchain-arm_cortex-a7+neon-vfpv4_gcc-8.4.0_musl_eabi/bin/../lib/gcc/arm-openwrt-linux-muslgnueabi/8.4.0/../../../../arm-openwrt-linux-muslgnueabi/bin
configure:14681: checking where to find the target windres
configure:14691: result: pre-installed
configure:14723: checking where to find the target windmc
configure:14733: result: pre-installed
configure:14793: checking whether to enable maintainer-specific portions of Makefiles
configure:14802: result: no
configure:15037: creating ./config.status

## ---------------------- ##
## Running config.status. ##
## ---------------------- ##

This file was extended by config.status, which was
generated by GNU Autoconf 2.69.  Invocation command line was

  CONFIG_FILES    = 
  CONFIG_HEADERS  = 
  CONFIG_LINKS    = 
  CONFIG_COMMANDS = 
  $ ./config.status 

on fv-az152-677

config.status:1010: creating Makefile

## ---------------- ##
## Cache variables. ##
## ---------------- ##

ac_cv_build=x86_64-pc-linux-gnu
ac_cv_c_bigendian=no
ac_cv_c_compiler_gnu=yes
ac_cv_c_gettext_without_libintl=yes
ac_cv_c_littleendian=yes
ac_cv_c_long_double=no
ac_cv_conv_longlong_to_float=yes
ac_cv_cxx_compiler_gnu=yes
ac_cv_env_AR_FOR_TARGET_set=
ac_cv_env_AR_FOR_TARGET_value=
ac_cv_env_AR_set=set
ac_cv_env_AR_value=arm-openwrt-linux-muslgnueabi-gcc-ar
ac_cv_env_AS_FOR_TARGET_set=
ac_cv_env_AS_FOR_TARGET_value=
ac_cv_env_AS_set=set
ac_cv_env_AS_value='arm-openwrt-linux-muslgnueabi-gcc -c -Os -pipe -fno-caller-saves -fno-plt -fhonour-copts -Wno-error=unused-but-set-variable -Wno-error=unused-result -mfloat-abi=hard -I/workdir/openwrt/staging_dir/target-arm_cortex-a7+neon-vfpv4_musl_eabi/usr/lib/libiconv-stub/include -I/workdir/openwrt/staging_dir/target-arm_cortex-a7+neon-vfpv4_musl_eabi/usr/lib/libintl-stub/include -fmacro-prefix-map=/workdir/openwrt/build_dir/target-arm_cortex-a7+neon-vfpv4_musl_eabi/binutils-2.35.2=binutils-2.35.2 -Wformat -Werror=format-security -fstack-protector -D_FORTIFY_SOURCE=1 -Wl,-z,now -Wl,-z,relro -DPIC -fpic -Wno-unused-value'
ac_cv_env_CCC_set=
ac_cv_env_CCC_value=
ac_cv_env_CC_FOR_TARGET_set=
ac_cv_env_CC_FOR_TARGET_value=
ac_cv_env_CC_set=set
ac_cv_env_CC_value=arm-openwrt-linux-muslgnueabi-gcc
ac_cv_env_CFLAGS_set=set
ac_cv_env_CFLAGS_value='-Os -pipe -fno-caller-saves -fno-plt -fhonour-copts -Wno-error=unused-but-set-variable -Wno-error=unused-result -mfloat-abi=hard -I/workdir/openwrt/staging_dir/target-arm_cortex-a7+neon-vfpv4_musl_eabi/usr/lib/libiconv-stub/include -I/workdir/openwrt/staging_dir/target-arm_cortex-a7+neon-vfpv4_musl_eabi/usr/lib/libintl-stub/include -fmacro-prefix-map=/workdir/openwrt/build_dir/target-arm_cortex-a7+neon-vfpv4_musl_eabi/binutils-2.35.2=binutils-2.35.2 -Wformat -Werror=format-security -fstack-protector -D_FORTIFY_SOURCE=1 -Wl,-z,now -Wl,-z,relro -DPIC -fpic -Wno-unused-value '
ac_cv_env_CPPFLAGS_set=set
ac_cv_env_CPPFLAGS_value='-I/workdir/openwrt/staging_dir/toolchain-arm_cortex-a7+neon-vfpv4_gcc-8.4.0_musl_eabi/usr/include -I/workdir/openwrt/staging_dir/toolchain-arm_cortex-a7+neon-vfpv4_gcc-8.4.0_musl_eabi/include/fortify -I/workdir/openwrt/staging_dir/toolchain-arm_cortex-a7+neon-vfpv4_gcc-8.4.0_musl_eabi/include -I/workdir/openwrt/staging_dir/target-arm_cortex-a7+neon-vfpv4_musl_eabi/usr/lib/libiconv-stub/include -I/workdir/openwrt/staging_dir/target-arm_cortex-a7+neon-vfpv4_musl_eabi/usr/lib/libintl-stub/include '
ac_cv_env_CXXFLAGS_set=set
ac_cv_env_CXXFLAGS_value='-Os -pipe -fno-caller-saves -fno-plt -fhonour-copts -Wno-error=unused-but-set-variable -Wno-error=unused-result -mfloat-abi=hard -I/workdir/openwrt/staging_dir/target-arm_cortex-a7+neon-vfpv4_musl_eabi/usr/lib/libiconv-stub/include -I/workdir/openwrt/staging_dir/target-arm_cortex-a7+neon-vfpv4_musl_eabi/usr/lib/libintl-stub/include -fmacro-prefix-map=/workdir/openwrt/build_dir/target-arm_cortex-a7+neon-vfpv4_musl_eabi/binutils-2.35.2=binutils-2.35.2 -Wformat -Werror=format-security -fstack-protector -D_FORTIFY_SOURCE=1 -Wl,-z,now -Wl,-z,relro -DPIC -fpic -Wno-unused-value '
ac_cv_env_CXX_FOR_TARGET_set=
ac_cv_env_CXX_FOR_TARGET_value=
ac_cv_env_CXX_set=set
ac_cv_env_CXX_value=arm-openwrt-linux-muslgnueabi-g++
ac_cv_env_DLLTOOL_FOR_TARGET_set=
ac_cv_env_DLLTOOL_FOR_TARGET_value=
ac_cv_env_DLLTOOL_set=
ac_cv_env_DLLTOOL_value=
ac_cv_env_GCC_FOR_TARGET_set=
ac_cv_env_GCC_FOR_TARGET_value=
ac_cv_env_GFORTRAN_FOR_TARGET_set=
ac_cv_env_GFORTRAN_FOR_TARGET_value=
ac_cv_env_GOC_FOR_TARGET_set=
ac_cv_env_GOC_FOR_TARGET_value=
ac_cv_env_LDFLAGS_set=set
ac_cv_env_LDFLAGS_value='-L/workdir/openwrt/staging_dir/toolchain-arm_cortex-a7+neon-vfpv4_gcc-8.4.0_musl_eabi/usr/lib -L/workdir/openwrt/staging_dir/toolchain-arm_cortex-a7+neon-vfpv4_gcc-8.4.0_musl_eabi/lib -L/workdir/openwrt/staging_dir/target-arm_cortex-a7+neon-vfpv4_musl_eabi/usr/lib/libiconv-stub/lib -Wl,-rpath-link=/workdir/openwrt/staging_dir/target-arm_cortex-a7+neon-vfpv4_musl_eabi/usr/lib/libiconv-stub/lib -L/workdir/openwrt/staging_dir/target-arm_cortex-a7+neon-vfpv4_musl_eabi/usr/lib/libintl-stub/lib -Wl,-rpath-link=/workdir/openwrt/staging_dir/target-arm_cortex-a7+neon-vfpv4_musl_eabi/usr/lib/libintl-stub/lib -znow -zrelro  '
ac_cv_env_LD_FOR_TARGET_set=
ac_cv_env_LD_FOR_TARGET_value=
ac_cv_env_LD_set=set
ac_cv_env_LD_value=arm-openwrt-linux-muslgnueabi-ld
ac_cv_env_LIBS_set=
ac_cv_env_LIBS_value=
ac_cv_env_LIPO_FOR_TARGET_set=
ac_cv_env_LIPO_FOR_TARGET_value=
ac_cv_env_LIPO_set=
ac_cv_env_LIPO_value=
ac_cv_env_NM_FOR_TARGET_set=
ac_cv_env_NM_FOR_TARGET_value=
ac_cv_env_NM_set=set
ac_cv_env_NM_value=arm-openwrt-linux-muslgnueabi-gcc-nm
ac_cv_env_OBJCOPY_FOR_TARGET_set=
ac_cv_env_OBJCOPY_FOR_TARGET_value=
ac_cv_env_OBJCOPY_set=set
ac_cv_env_OBJCOPY_value=arm-openwrt-linux-muslgnueabi-objcopy
ac_cv_env_OBJDUMP_FOR_TARGET_set=
ac_cv_env_OBJDUMP_FOR_TARGET_value=
ac_cv_env_OBJDUMP_set=set
ac_cv_env_OBJDUMP_value=arm-openwrt-linux-muslgnueabi-objdump
ac_cv_env_RANLIB_FOR_TARGET_set=
ac_cv_env_RANLIB_FOR_TARGET_value=
ac_cv_env_RANLIB_set=set
ac_cv_env_RANLIB_value=arm-openwrt-linux-muslgnueabi-gcc-ranlib
ac_cv_env_READELF_FOR_TARGET_set=
ac_cv_env_READELF_FOR_TARGET_value=
ac_cv_env_READELF_set=
ac_cv_env_READELF_value=
ac_cv_env_STRIP_FOR_TARGET_set=
ac_cv_env_STRIP_FOR_TARGET_value=
ac_cv_env_STRIP_set=set
ac_cv_env_STRIP_value=arm-openwrt-linux-muslgnueabi-strip
ac_cv_env_WINDMC_FOR_TARGET_set=
ac_cv_env_WINDMC_FOR_TARGET_value=
ac_cv_env_WINDMC_set=
ac_cv_env_WINDMC_value=
ac_cv_env_WINDRES_FOR_TARGET_set=
ac_cv_env_WINDRES_FOR_TARGET_value=
ac_cv_env_WINDRES_set=
ac_cv_env_WINDRES_value=
ac_cv_env_build_alias_set=set
ac_cv_env_build_alias_value=x86_64-pc-linux-gnu
ac_cv_env_build_configargs_set=
ac_cv_env_build_configargs_value=
ac_cv_env_host_alias_set=set
ac_cv_env_host_alias_value=arm-openwrt-linux-muslgnueabi
ac_cv_env_host_configargs_set=
ac_cv_env_host_configargs_value=
ac_cv_env_target_alias_set=set
ac_cv_env_target_alias_value=arm-openwrt-linux-muslgnueabi
ac_cv_env_target_configargs_set=
ac_cv_env_target_configargs_value=
ac_cv_file__dev_zero=yes
ac_cv_func___adjtimex=yes
ac_cv_func___va_copy=no
ac_cv_func__exit=yes
ac_cv_func_bcmp=yes
ac_cv_func_bcopy=yes
ac_cv_func_bzero=yes
ac_cv_func_cimag=yes
ac_cv_func_creal=yes
ac_cv_func_fchmod=yes
ac_cv_func_getaddrinfo=yes
ac_cv_func_getcwd=yes
ac_cv_func_getdomainname=yes
ac_cv_func_getpgrp_void=yes
ac_cv_func_getpwuid_r=yes
ac_cv_func_gettimeofday=yes
ac_cv_func_index=yes
ac_cv_func_lstat=yes
ac_cv_func_lstat_dereferences_slashed_symlink=yes
ac_cv_func_lstat_empty_string_bug=no
ac_cv_func_malloc_0_nonnull=yes
ac_cv_func_malloc_works=yes
ac_cv_func_memcmp_clean=yes
ac_cv_func_memcmp_working=yes
ac_cv_func_posix_getgrgid_r=yes
ac_cv_func_posix_getpwuid_r=yes
ac_cv_func_psignal=yes
ac_cv_func_pthread_key_delete=yes
ac_cv_func_realloc_0_nonnull=yes
ac_cv_func_realloc_works=yes
ac_cv_func_rename=yes
ac_cv_func_rindex=yes
ac_cv_func_setgrent_void=yes
ac_cv_func_setlocale=yes
ac_cv_func_setpgrp_void=yes
ac_cv_func_setresuid=no
ac_cv_func_setvbuf_reversed=no
ac_cv_func_stat_empty_string_bug=no
ac_cv_func_stat_ignores_trailing_slash=no
ac_cv_func_strerror=yes
ac_cv_func_strftime=yes
ac_cv_func_utimes=yes
ac_cv_func_va_copy=no
ac_cv_func_vsnprintf=yes
ac_cv_have_accrights_in_msghdr=no
ac_cv_have_broken_snprintf=no
ac_cv_have_control_in_msghdr=yes
ac_cv_have_decl_debuginfod_begin=no
ac_cv_have_decl_sys_siglist=no
ac_cv_have_openpty_ctty_bug=yes
ac_cv_have_space_d_name_in_struct_dirent=yes
ac_cv_header_netinet_sctp_h=no
ac_cv_header_netinet_sctp_uio_h=no
ac_cv_host=arm-openwrt-linux-muslgnueabi
ac_cv_int64_t=yes
ac_cv_lbl_unaligned_fail=no
ac_cv_lib_debuginfod_debuginfod_begin=no
ac_cv_linux_kernel_pppoe=yes
ac_cv_linux_vers=2
ac_cv_objext=o
ac_cv_pack_bitfields_reversed=yes
ac_cv_path_AR_FOR_TARGET=/workdir/staging_dir/_p2w_r619ac-128m/toolchain-arm_cortex-a7+neon-vfpv4_gcc-8.4.0_musl_eabi/bin/../lib/gcc/arm-openwrt-linux-muslgnueabi/8.4.0/../../../../arm-openwrt-linux-muslgnueabi/bin/ar
ac_cv_path_AS_FOR_TARGET=/workdir/staging_dir/_p2w_r619ac-128m/toolchain-arm_cortex-a7+neon-vfpv4_gcc-8.4.0_musl_eabi/bin/../lib/gcc/arm-openwrt-linux-muslgnueabi/8.4.0/../../../../arm-openwrt-linux-muslgnueabi/bin/as
ac_cv_path_LDCONFIG=
ac_cv_path_LD_FOR_TARGET=/workdir/staging_dir/_p2w_r619ac-128m/toolchain-arm_cortex-a7+neon-vfpv4_gcc-8.4.0_musl_eabi/bin/../lib/gcc/arm-openwrt-linux-muslgnueabi/8.4.0/../../../../arm-openwrt-linux-muslgnueabi/bin/ld
ac_cv_path_NM_FOR_TARGET=/workdir/staging_dir/_p2w_r619ac-128m/toolchain-arm_cortex-a7+neon-vfpv4_gcc-8.4.0_musl_eabi/bin/../lib/gcc/arm-openwrt-linux-muslgnueabi/8.4.0/../../../../arm-openwrt-linux-muslgnueabi/bin/nm
ac_cv_path_OBJCOPY_FOR_TARGET=/workdir/staging_dir/_p2w_r619ac-128m/toolchain-arm_cortex-a7+neon-vfpv4_gcc-8.4.0_musl_eabi/bin/../lib/gcc/arm-openwrt-linux-muslgnueabi/8.4.0/../../../../arm-openwrt-linux-muslgnueabi/bin/objcopy
ac_cv_path_OBJDUMP_FOR_TARGET=/workdir/staging_dir/_p2w_r619ac-128m/toolchain-arm_cortex-a7+neon-vfpv4_gcc-8.4.0_musl_eabi/bin/../lib/gcc/arm-openwrt-linux-muslgnueabi/8.4.0/../../../../arm-openwrt-linux-muslgnueabi/bin/objdump
ac_cv_path_RANLIB_FOR_TARGET=/workdir/staging_dir/_p2w_r619ac-128m/toolchain-arm_cortex-a7+neon-vfpv4_gcc-8.4.0_musl_eabi/bin/../lib/gcc/arm-openwrt-linux-muslgnueabi/8.4.0/../../../../arm-openwrt-linux-muslgnueabi/bin/ranlib
ac_cv_path_READELF_FOR_TARGET=/workdir/staging_dir/_p2w_r619ac-128m/toolchain-arm_cortex-a7+neon-vfpv4_gcc-8.4.0_musl_eabi/bin/../lib/gcc/arm-openwrt-linux-muslgnueabi/8.4.0/../../../../arm-openwrt-linux-muslgnueabi/bin/readelf
ac_cv_path_SED=/workdir/openwrt/staging_dir/host/bin/sed
ac_cv_path_STRIP_FOR_TARGET=/workdir/staging_dir/_p2w_r619ac-128m/toolchain-arm_cortex-a7+neon-vfpv4_gcc-8.4.0_musl_eabi/bin/../lib/gcc/arm-openwrt-linux-muslgnueabi/8.4.0/../../../../arm-openwrt-linux-muslgnueabi/bin/strip
ac_cv_path_install='/workdir/openwrt/staging_dir/host/bin/install -c'
ac_cv_prog_AR=arm-openwrt-linux-muslgnueabi-gcc-ar
ac_cv_prog_AS='arm-openwrt-linux-muslgnueabi-gcc -c -Os -pipe -fno-caller-saves -fno-plt -fhonour-copts -Wno-error=unused-but-set-variable -Wno-error=unused-result -mfloat-abi=hard -I/workdir/openwrt/staging_dir/target-arm_cortex-a7+neon-vfpv4_musl_eabi/usr/lib/libiconv-stub/include -I/workdir/openwrt/staging_dir/target-arm_cortex-a7+neon-vfpv4_musl_eabi/usr/lib/libintl-stub/include -fmacro-prefix-map=/workdir/openwrt/build_dir/target-arm_cortex-a7+neon-vfpv4_musl_eabi/binutils-2.35.2=binutils-2.35.2 -Wformat -Werror=format-security -fstack-protector -D_FORTIFY_SOURCE=1 -Wl,-z,now -Wl,-z,relro -DPIC -fpic -Wno-unused-value'
ac_cv_prog_AWK=gawk
ac_cv_prog_BISON=bison
ac_cv_prog_CC=arm-openwrt-linux-muslgnueabi-gcc
ac_cv_prog_CC_FOR_TARGET=arm-openwrt-linux-muslgnueabi-gcc
ac_cv_prog_CXX_FOR_TARGET=arm-openwrt-linux-muslgnueabi-c++
ac_cv_prog_FLEX=flex
ac_cv_prog_GCC_FOR_TARGET=arm-openwrt-linux-muslgnueabi-gcc
ac_cv_prog_LD=arm-openwrt-linux-muslgnueabi-ld
ac_cv_prog_LEX=flex
ac_cv_prog_M4=/workdir/openwrt/staging_dir/host/bin/m4
ac_cv_prog_MAKEINFO=makeinfo
ac_cv_prog_NM=arm-openwrt-linux-muslgnueabi-gcc-nm
ac_cv_prog_OBJCOPY=arm-openwrt-linux-muslgnueabi-objcopy
ac_cv_prog_OBJDUMP=arm-openwrt-linux-muslgnueabi-objdump
ac_cv_prog_RANLIB=arm-openwrt-linux-muslgnueabi-gcc-ranlib
ac_cv_prog_READELF=arm-openwrt-linux-muslgnueabi-readelf
ac_cv_prog_STRIP=arm-openwrt-linux-muslgnueabi-strip
ac_cv_prog_YACC='bison -y'
ac_cv_prog_cc_c89=
ac_cv_prog_cc_g=yes
ac_cv_prog_cxx_g=yes
ac_cv_regexec_segfault_emptystr=no
ac_cv_sctp=no
ac_cv_sizeof___int64=0
ac_cv_sizeof_char=1
ac_cv_sizeof_int16_t=2
ac_cv_sizeof_int32_t=4
ac_cv_sizeof_int64_t=8
ac_cv_sizeof_int=4
ac_cv_sizeof_long=4
ac_cv_sizeof_long_int=4
ac_cv_sizeof_long_long=8
ac_cv_sizeof_off_t=8
ac_cv_sizeof_short=2
ac_cv_sizeof_short_int=2
ac_cv_sizeof_size_t=4
ac_cv_sizeof_ssize_t=4
ac_cv_sizeof_u_int16_t=2
ac_cv_sizeof_u_int32_t=4
ac_cv_sizeof_u_int64_t=8
ac_cv_sizeof_uint16_t=2
ac_cv_sizeof_uint32_t=4
ac_cv_sizeof_uint64_t=8
ac_cv_sizeof_unsigned_int=4
ac_cv_sizeof_unsigned_long=4
ac_cv_sizeof_unsigned_long_long=8
ac_cv_sizeof_unsigned_short=2
ac_cv_sizeof_void_p=4
ac_cv_sys_restartable_syscalls=yes
ac_cv_target=arm-openwrt-linux-muslgnueabi
ac_cv_time_r_type=POSIX
ac_cv_type_suseconds_t=yes
ac_cv_uchar=no
ac_cv_uint64_t=yes
ac_cv_uint=yes
ac_cv_ulong=yes
ac_cv_ushort=yes
ac_cv_va_copy=C99
ac_cv_va_val_copy=yes
acx_cv_cc_gcc_supports_ada=no
acx_cv_prog_LN=ln
as_cv_unaligned_access=yes
gcc_cv_isl=no
gcc_cv_prog_cmp_skip='cmp --ignore-initial=16 $$f1 $$f2'
gcc_cv_tool_dirs=
gcc_cv_tool_prefix=/usr
lt_cv_objdir=.libs

## ----------------- ##
## Output variables. ##
## ----------------- ##

AR='arm-openwrt-linux-muslgnueabi-gcc-ar'
AR_FOR_BUILD='ar'
AR_FOR_TARGET='/workdir/staging_dir/_p2w_r619ac-128m/toolchain-arm_cortex-a7+neon-vfpv4_gcc-8.4.0_musl_eabi/bin/../lib/gcc/arm-openwrt-linux-muslgnueabi/8.4.0/../../../../arm-openwrt-linux-muslgnueabi/bin/ar'
AS='arm-openwrt-linux-muslgnueabi-gcc -c -Os -pipe -fno-caller-saves -fno-plt -fhonour-copts -Wno-error=unused-but-set-variable -Wno-error=unused-result -mfloat-abi=hard -I/workdir/openwrt/staging_dir/target-arm_cortex-a7+neon-vfpv4_musl_eabi/usr/lib/libiconv-stub/include -I/workdir/openwrt/staging_dir/target-arm_cortex-a7+neon-vfpv4_musl_eabi/usr/lib/libintl-stub/include -fmacro-prefix-map=/workdir/openwrt/build_dir/target-arm_cortex-a7+neon-vfpv4_musl_eabi/binutils-2.35.2=binutils-2.35.2 -Wformat -Werror=format-security -fstack-protector -D_FORTIFY_SOURCE=1 -Wl,-z,now -Wl,-z,relro -DPIC -fpic -Wno-unused-value'
AS_FOR_BUILD='as'
AS_FOR_TARGET='/workdir/staging_dir/_p2w_r619ac-128m/toolchain-arm_cortex-a7+neon-vfpv4_gcc-8.4.0_musl_eabi/bin/../lib/gcc/arm-openwrt-linux-muslgnueabi/8.4.0/../../../../arm-openwrt-linux-muslgnueabi/bin/as'
AWK='gawk'
BISON='bison'
BUILD_CONFIG=''
CC='arm-openwrt-linux-muslgnueabi-gcc'
CC_FOR_BUILD='gcc'
CC_FOR_TARGET='arm-openwrt-linux-muslgnueabi-gcc'
CFLAGS='-Os -pipe -fno-caller-saves -fno-plt -fhonour-copts -Wno-error=unused-but-set-variable -Wno-error=unused-result -mfloat-abi=hard -I/workdir/openwrt/staging_dir/target-arm_cortex-a7+neon-vfpv4_musl_eabi/usr/lib/libiconv-stub/include -I/workdir/openwrt/staging_dir/target-arm_cortex-a7+neon-vfpv4_musl_eabi/usr/lib/libintl-stub/include -fmacro-prefix-map=/workdir/openwrt/build_dir/target-arm_cortex-a7+neon-vfpv4_musl_eabi/binutils-2.35.2=binutils-2.35.2 -Wformat -Werror=format-security -fstack-protector -D_FORTIFY_SOURCE=1 -Wl,-z,now -Wl,-z,relro -DPIC -fpic -Wno-unused-value '
CFLAGS_FOR_BUILD=''
CFLAGS_FOR_TARGET='-g -O2 -Os -pipe -fno-caller-saves -fno-plt -fhonour-copts -Wno-error=unused-but-set-variable -Wno-error=unused-result -mfloat-abi=hard -I/workdir/openwrt/staging_dir/target-arm_cortex-a7+neon-vfpv4_musl_eabi/usr/lib/libiconv-stub/include -I/workdir/openwrt/staging_dir/target-arm_cortex-a7+neon-vfpv4_musl_eabi/usr/lib/libintl-stub/include -fmacro-prefix-map=/workdir/openwrt/build_dir/target-arm_cortex-a7+neon-vfpv4_musl_eabi/binutils-2.35.2=binutils-2.35.2 -Wformat -Werror=format-security -fstack-protector -D_FORTIFY_SOURCE=1 -Wl,-z,now -Wl,-z,relro -DPIC -fpic -Wno-unused-value '
COMPILER_AS_FOR_TARGET='$(AS_FOR_TARGET)'
COMPILER_LD_FOR_TARGET='$(LD_FOR_TARGET)'
COMPILER_NM_FOR_TARGET='$(NM_FOR_TARGET)'
CONFIGURE_GDB_TK=''
CPPFLAGS='-I/workdir/openwrt/staging_dir/toolchain-arm_cortex-a7+neon-vfpv4_gcc-8.4.0_musl_eabi/usr/include -I/workdir/openwrt/staging_dir/toolchain-arm_cortex-a7+neon-vfpv4_gcc-8.4.0_musl_eabi/include/fortify -I/workdir/openwrt/staging_dir/toolchain-arm_cortex-a7+neon-vfpv4_gcc-8.4.0_musl_eabi/include -I/workdir/openwrt/staging_dir/target-arm_cortex-a7+neon-vfpv4_musl_eabi/usr/lib/libiconv-stub/include -I/workdir/openwrt/staging_dir/target-arm_cortex-a7+neon-vfpv4_musl_eabi/usr/lib/libintl-stub/include '
CXX='arm-openwrt-linux-muslgnueabi-g++'
CXXFLAGS='-Os -pipe -fno-caller-saves -fno-plt -fhonour-copts -Wno-error=unused-but-set-variable -Wno-error=unused-result -mfloat-abi=hard -I/workdir/openwrt/staging_dir/target-arm_cortex-a7+neon-vfpv4_musl_eabi/usr/lib/libiconv-stub/include -I/workdir/openwrt/staging_dir/target-arm_cortex-a7+neon-vfpv4_musl_eabi/usr/lib/libintl-stub/include -fmacro-prefix-map=/workdir/openwrt/build_dir/target-arm_cortex-a7+neon-vfpv4_musl_eabi/binutils-2.35.2=binutils-2.35.2 -Wformat -Werror=format-security -fstack-protector -D_FORTIFY_SOURCE=1 -Wl,-z,now -Wl,-z,relro -DPIC -fpic -Wno-unused-value '
CXXFLAGS_FOR_BUILD=''
CXXFLAGS_FOR_TARGET='-g -O2 -Os -pipe -fno-caller-saves -fno-plt -fhonour-copts -Wno-error=unused-but-set-variable -Wno-error=unused-result -mfloat-abi=hard -I/workdir/openwrt/staging_dir/target-arm_cortex-a7+neon-vfpv4_musl_eabi/usr/lib/libiconv-stub/include -I/workdir/openwrt/staging_dir/target-arm_cortex-a7+neon-vfpv4_musl_eabi/usr/lib/libintl-stub/include -fmacro-prefix-map=/workdir/openwrt/build_dir/target-arm_cortex-a7+neon-vfpv4_musl_eabi/binutils-2.35.2=binutils-2.35.2 -Wformat -Werror=format-security -fstack-protector -D_FORTIFY_SOURCE=1 -Wl,-z,now -Wl,-z,relro -DPIC -fpic -Wno-unused-value '
CXX_FOR_BUILD='g++'
CXX_FOR_TARGET='arm-openwrt-linux-muslgnueabi-c++'
DEBUG_PREFIX_CFLAGS_FOR_TARGET=''
DEFS='-DPACKAGE_NAME=\"\" -DPACKAGE_TARNAME=\"\" -DPACKAGE_VERSION=\"\" -DPACKAGE_STRING=\"\" -DPACKAGE_BUGREPORT=\"\" -DPACKAGE_URL=\"\" -DLT_OBJDIR=\".libs/\"'
DLLTOOL='arm-openwrt-linux-muslgnueabi-dlltool'
DLLTOOL_FOR_BUILD='dlltool'
DLLTOOL_FOR_TARGET='arm-openwrt-linux-muslgnueabi-dlltool'
ECHO_C=''
ECHO_N='-n'
ECHO_T=''
EXEEXT=''
EXPECT='expect'
FLAGS_FOR_TARGET=' -L$$r/$(HOST_SUBDIR)/ld'
FLEX='flex'
GCC_FOR_TARGET='arm-openwrt-linux-muslgnueabi-gcc'
GCC_SHLIB_SUBDIR=''
GDB_TK=''
GFORTRAN_FOR_BUILD='gfortran'
GFORTRAN_FOR_TARGET='arm-openwrt-linux-muslgnueabi-gfortran'
GNATBIND='no'
GNATMAKE='no'
GOC_FOR_BUILD='gccgo'
GOC_FOR_TARGET='arm-openwrt-linux-muslgnueabi-gccgo'
INSTALL_DATA='${INSTALL} -m 644'
INSTALL_GDB_TK=''
INSTALL_PROGRAM='${INSTALL}'
INSTALL_SCRIPT='${INSTALL}'
LD='arm-openwrt-linux-muslgnueabi-ld'
LDFLAGS='-L/workdir/openwrt/staging_dir/toolchain-arm_cortex-a7+neon-vfpv4_gcc-8.4.0_musl_eabi/usr/lib -L/workdir/openwrt/staging_dir/toolchain-arm_cortex-a7+neon-vfpv4_gcc-8.4.0_musl_eabi/lib -L/workdir/openwrt/staging_dir/target-arm_cortex-a7+neon-vfpv4_musl_eabi/usr/lib/libiconv-stub/lib -Wl,-rpath-link=/workdir/openwrt/staging_dir/target-arm_cortex-a7+neon-vfpv4_musl_eabi/usr/lib/libiconv-stub/lib -L/workdir/openwrt/staging_dir/target-arm_cortex-a7+neon-vfpv4_musl_eabi/usr/lib/libintl-stub/lib -Wl,-rpath-link=/workdir/openwrt/staging_dir/target-arm_cortex-a7+neon-vfpv4_musl_eabi/usr/lib/libintl-stub/lib -znow -zrelro  '
LDFLAGS_FOR_BUILD=''
LDFLAGS_FOR_TARGET=''
LD_FOR_BUILD='ld'
LD_FOR_TARGET='/workdir/staging_dir/_p2w_r619ac-128m/toolchain-arm_cortex-a7+neon-vfpv4_gcc-8.4.0_musl_eabi/bin/../lib/gcc/arm-openwrt-linux-muslgnueabi/8.4.0/../../../../arm-openwrt-linux-muslgnueabi/bin/ld'
LEX='flex'
LIBDEBUGINFOD=''
LIBOBJS=''
LIBS=''
LIPO='arm-openwrt-linux-muslgnueabi-lipo'
LIPO_FOR_TARGET='arm-openwrt-linux-muslgnueabi-lipo'
LN='ln'
LN_S='ln -s'
LTLIBOBJS=''
M4='/workdir/openwrt/staging_dir/host/bin/m4'
MAINT='#'
MAINTAINER_MODE_FALSE=''
MAINTAINER_MODE_TRUE='#'
MAKEINFO='/workdir/openwrt/build_dir/target-arm_cortex-a7+neon-vfpv4_musl_eabi/binutils-2.35.2/missing makeinfo'
NM='arm-openwrt-linux-muslgnueabi-gcc-nm'
NM_FOR_BUILD='nm'
NM_FOR_TARGET='/workdir/staging_dir/_p2w_r619ac-128m/toolchain-arm_cortex-a7+neon-vfpv4_gcc-8.4.0_musl_eabi/bin/../lib/gcc/arm-openwrt-linux-muslgnueabi/8.4.0/../../../../arm-openwrt-linux-muslgnueabi/bin/nm'
OBJCOPY='arm-openwrt-linux-muslgnueabi-objcopy'
OBJCOPY_FOR_TARGET='/workdir/staging_dir/_p2w_r619ac-128m/toolchain-arm_cortex-a7+neon-vfpv4_gcc-8.4.0_musl_eabi/bin/../lib/gcc/arm-openwrt-linux-muslgnueabi/8.4.0/../../../../arm-openwrt-linux-muslgnueabi/bin/objcopy'
OBJDUMP='arm-openwrt-linux-muslgnueabi-objdump'
OBJDUMP_FOR_TARGET='/workdir/staging_dir/_p2w_r619ac-128m/toolchain-arm_cortex-a7+neon-vfpv4_gcc-8.4.0_musl_eabi/bin/../lib/gcc/arm-openwrt-linux-muslgnueabi/8.4.0/../../../../arm-openwrt-linux-muslgnueabi/bin/objdump'
OBJEXT='o'
PACKAGE_BUGREPORT=''
PACKAGE_NAME=''
PACKAGE_STRING=''
PACKAGE_TARNAME=''
PACKAGE_URL=''
PACKAGE_VERSION=''
PATH_SEPARATOR=':'
RANLIB='arm-openwrt-linux-muslgnueabi-gcc-ranlib'
RANLIB_FOR_BUILD='ranlib'
RANLIB_FOR_TARGET='/workdir/staging_dir/_p2w_r619ac-128m/toolchain-arm_cortex-a7+neon-vfpv4_gcc-8.4.0_musl_eabi/bin/../lib/gcc/arm-openwrt-linux-muslgnueabi/8.4.0/../../../../arm-openwrt-linux-muslgnueabi/bin/ranlib'
RAW_CXX_FOR_TARGET='arm-openwrt-linux-muslgnueabi-c++'
READELF='arm-openwrt-linux-muslgnueabi-readelf'
READELF_FOR_TARGET='/workdir/staging_dir/_p2w_r619ac-128m/toolchain-arm_cortex-a7+neon-vfpv4_gcc-8.4.0_musl_eabi/bin/../lib/gcc/arm-openwrt-linux-muslgnueabi/8.4.0/../../../../arm-openwrt-linux-muslgnueabi/bin/readelf'
RPATH_ENVVAR='LD_LIBRARY_PATH'
RUNTEST='runtest'
SED='/workdir/openwrt/staging_dir/host/bin/sed'
SHELL='/bin/bash'
STRIP='arm-openwrt-linux-muslgnueabi-strip'
STRIP_FOR_TARGET='/workdir/staging_dir/_p2w_r619ac-128m/toolchain-arm_cortex-a7+neon-vfpv4_gcc-8.4.0_musl_eabi/bin/../lib/gcc/arm-openwrt-linux-muslgnueabi/8.4.0/../../../../arm-openwrt-linux-muslgnueabi/bin/strip'
SYSROOT_CFLAGS_FOR_TARGET=''
TOPLEVEL_CONFIGURE_ARGUMENTS='./configure --target=arm-openwrt-linux --host=arm-openwrt-linux --build=x86_64-pc-linux-gnu --program-prefix= --program-suffix= --prefix=/usr --exec-prefix=/usr --bindir=/usr/bin --sbindir=/usr/sbin --libexecdir=/usr/lib --sysconfdir=/etc --datadir=/usr/share --localstatedir=/var --mandir=/usr/man --infodir=/usr/info --disable-nls --host=arm-openwrt-linux-muslgnueabi --target=arm-openwrt-linux-muslgnueabi --enable-shared --enable-install-libiberty --enable-install-libbfd --enable-install-libctf'
WINDMC='arm-openwrt-linux-muslgnueabi-windmc'
WINDMC_FOR_BUILD='windmc'
WINDMC_FOR_TARGET='arm-openwrt-linux-muslgnueabi-windmc'
WINDRES='arm-openwrt-linux-muslgnueabi-windres'
WINDRES_FOR_BUILD='windres'
WINDRES_FOR_TARGET='arm-openwrt-linux-muslgnueabi-windres'
YACC='bison -y'
ac_ct_CC=''
ac_ct_CXX=''
bindir='/usr/bin'
build='x86_64-pc-linux-gnu'
build_alias='x86_64-pc-linux-gnu'
build_configargs=' --cache-file=./config.cache '\''--prefix=/usr'\'' '\''--exec-prefix=/usr'\'' '\''--bindir=/usr/bin'\'' '\''--sbindir=/usr/sbin'\'' '\''--libexecdir=/usr/lib'\'' '\''--sysconfdir=/etc'\'' '\''--datadir=/usr/share'\'' '\''--localstatedir=/var'\'' '\''--mandir=/usr/man'\'' '\''--infodir=/usr/info'\'' '\''--disable-nls'\'' '\''--enable-shared'\'' '\''--enable-install-libiberty'\'' '\''--enable-install-libbfd'\'' '\''--enable-install-libctf'\'' --program-transform-name='\''s&$$&&;s&^&&'\'' --disable-option-checking'
build_configdirs=' libiberty'
build_cpu='x86_64'
build_libsubdir='build-x86_64-pc-linux-gnu'
build_noncanonical='x86_64-pc-linux-gnu'
build_os='linux-gnu'
build_subdir='build-x86_64-pc-linux-gnu'
build_tooldir='${exec_prefix}/arm-openwrt-linux-muslgnueabi'
build_vendor='pc'
compare_exclusions='gcc/cc*-checksum$(objext) | gcc/ada/*tools/*'
configdirs=' intl libiberty opcodes bfd zlib libctf binutils gas ld gprof etc'
datadir='/usr/share'
datarootdir='${prefix}/share'
do_compare='cmp --ignore-initial=16 $$f1 $$f2'
docdir='${datarootdir}/doc/${PACKAGE}'
dvidir='${docdir}'
exec_prefix='/usr'
extra_host_libiberty_configure_flags=''
extra_host_zlib_configure_flags='--enable-host-shared'
extra_isl_gmp_configure_flags=''
extra_liboffloadmic_configure_flags=''
extra_linker_plugin_configure_flags=''
extra_linker_plugin_flags=''
extra_mpc_gmp_configure_flags=''
extra_mpc_mpfr_configure_flags=''
extra_mpfr_configure_flags=''
get_gcc_base_ver='cat'
gmpinc=''
gmplibs='-lmpc -lmpfr -lgmp'
host='arm-openwrt-linux-muslgnueabi'
host_alias='arm-openwrt-linux-muslgnueabi'
host_configargs=' --cache-file=./config.cache  --with-gnu-as --with-gnu-ld '\''--prefix=/usr'\'' '\''--exec-prefix=/usr'\'' '\''--bindir=/usr/bin'\'' '\''--sbindir=/usr/sbin'\'' '\''--libexecdir=/usr/lib'\'' '\''--sysconfdir=/etc'\'' '\''--datadir=/usr/share'\'' '\''--localstatedir=/var'\'' '\''--mandir=/usr/man'\'' '\''--infodir=/usr/info'\'' '\''--disable-nls'\'' '\''--enable-shared'\'' '\''--enable-install-libiberty'\'' '\''--enable-install-libbfd'\'' '\''--enable-install-libctf'\'' --program-transform-name='\''s&$$&&;s&^&&'\'' --disable-option-checking'
host_cpu='arm'
host_noncanonical='arm-openwrt-linux-muslgnueabi'
host_os='linux-muslgnueabi'
host_shared='no'
host_subdir='.'
host_vendor='openwrt'
htmldir='${docdir}'
includedir='${prefix}/include'
infodir='/usr/info'
islinc=''
isllibs=''
libdir='${exec_prefix}/lib'
libexecdir='/usr/lib'
localedir='${datarootdir}/locale'
localstatedir='/var'
mandir='/usr/man'
oldincludedir='/usr/include'
pdfdir='${docdir}'
poststage1_ldflags='-static-libstdc++ -static-libgcc'
poststage1_libs=''
prefix='/usr'
program_transform_name='s&$$&&;s&^&&'
psdir='${docdir}'
sbindir='/usr/sbin'
sharedstatedir='${prefix}/com'
stage1_cflags='-g'
stage1_checking='--enable-checking=yes,types'
stage1_languages=',c,'
stage1_ldflags=''
stage1_libs=''
stage2_werror_flag=''
sysconfdir='/etc'
target='arm-openwrt-linux-muslgnueabi'
target_alias='arm-openwrt-linux-muslgnueabi'
target_configargs='--cache-file=./config.cache --enable-multilib   '\''--prefix=/usr'\'' '\''--exec-prefix=/usr'\'' '\''--bindir=/usr/bin'\'' '\''--sbindir=/usr/sbin'\'' '\''--libexecdir=/usr/lib'\'' '\''--sysconfdir=/etc'\'' '\''--datadir=/usr/share'\'' '\''--localstatedir=/var'\'' '\''--mandir=/usr/man'\'' '\''--infodir=/usr/info'\'' '\''--disable-nls'\'' '\''--enable-shared'\'' '\''--enable-install-libiberty'\'' '\''--enable-install-libbfd'\'' '\''--enable-install-libctf'\'' --program-transform-name='\''s&$$&&;s&^&&'\'' --disable-option-checking'
target_configdirs=''
target_cpu='arm'
target_noncanonical='arm-openwrt-linux-muslgnueabi'
target_os='linux-muslgnueabi'
target_subdir='arm-openwrt-linux-muslgnueabi'
target_vendor='openwrt'
tooldir='${exec_prefix}/arm-openwrt-linux-muslgnueabi'

## ------------------- ##
## File substitutions. ##
## ------------------- ##

alphaieee_frag='/dev/null'
host_makefile_frag='/dev/null'
ospace_frag='/dev/null'
serialization_dependencies='serdep.tmp'
target_makefile_frag='./config/mt-gnu'

## ----------- ##
## confdefs.h. ##
## ----------- ##

/* confdefs.h */
#define PACKAGE_NAME ""
#define PACKAGE_TARNAME ""
#define PACKAGE_VERSION ""
#define PACKAGE_STRING ""
#define PACKAGE_BUGREPORT ""
#define PACKAGE_URL ""
#define LT_OBJDIR ".libs/"

configure: exit 0
