Determining if the __GNU_LIBRARY__ exist failed with the following output:
Change Dir: /workdir/openwrt/build_dir/target-arm_cortex-a7+neon-vfpv4_musl_eabi/libevent-2.1.12-stable/CMakeFiles/CMakeTmp

Run Build Command(s):/workdir/openwrt/staging_dir/host/bin/ninja cmTC_285cd && [1/2] Building C object CMakeFiles/cmTC_285cd.dir/CheckSymbolExists.c.o
FAILED: CMakeFiles/cmTC_285cd.dir/CheckSymbolExists.c.o 
/workdir/openwrt/staging_dir/toolchain-arm_cortex-a7+neon-vfpv4_gcc-8.4.0_musl_eabi/bin/arm-openwrt-linux-muslgnueabi-gcc   -Os -pipe -fno-caller-saves -fno-plt -fhonour-copts -Wno-error=unused-but-set-variable -Wno-error=unused-result -mfloat-abi=hard -fmacro-prefix-map=/workdir/openwrt/build_dir/target-arm_cortex-a7+neon-vfpv4_musl_eabi/libevent-2.1.12-stable=libevent-2.1.12-stable -Wformat -Werror=format-security -fstack-protector -D_FORTIFY_SOURCE=1 -Wl,-z,now -Wl,-z,relro -DPIC -fpic -ffunction-sections -fdata-sections -flto -fdiagnostics-color=always -Wall -Wextra -Wno-unused-parameter -Wstrict-aliasing -Wstrict-prototypes -fno-strict-aliasing -Wmissing-prototypes -Winit-self -Wmissing-field-initializers -Wdeclaration-after-statement -Waddress -Wnormalized=id -Woverride-init -Wlogical-op -Wwrite-strings -o CMakeFiles/cmTC_285cd.dir/CheckSymbolExists.c.o -c /workdir/openwrt/build_dir/target-arm_cortex-a7+neon-vfpv4_musl_eabi/libevent-2.1.12-stable/CMakeFiles/CMakeTmp/CheckSymbolExists.c
/workdir/openwrt/build_dir/target-arm_cortex-a7+neon-vfpv4_musl_eabi/libevent-2.1.12-stable/CMakeFiles/CMakeTmp/CheckSymbolExists.c: In function 'main':
/workdir/openwrt/build_dir/target-arm_cortex-a7+neon-vfpv4_musl_eabi/libevent-2.1.12-stable/CMakeFiles/CMakeTmp/CheckSymbolExists.c:8:19: error: '__GNU_LIBRARY__' undeclared (first use in this function)
   return ((int*)(&__GNU_LIBRARY__))[argc];
                   ^~~~~~~~~~~~~~~
/workdir/openwrt/build_dir/target-arm_cortex-a7+neon-vfpv4_musl_eabi/libevent-2.1.12-stable/CMakeFiles/CMakeTmp/CheckSymbolExists.c:8:19: note: each undeclared identifier is reported only once for each function it appears in
/workdir/openwrt/build_dir/target-arm_cortex-a7+neon-vfpv4_musl_eabi/libevent-2.1.12-stable/CMakeFiles/CMakeTmp/CheckSymbolExists.c:4:14: warning: parameter 'argc' set but not used [-Wunused-but-set-parameter]
 int main(int argc, char** argv)
          ~~~~^~~~
ninja: build stopped: subcommand failed.


File /workdir/openwrt/build_dir/target-arm_cortex-a7+neon-vfpv4_musl_eabi/libevent-2.1.12-stable/CMakeFiles/CMakeTmp/CheckSymbolExists.c:
/* */
#include <features.h>

int main(int argc, char** argv)
{
  (void)argv;
#ifndef __GNU_LIBRARY__
  return ((int*)(&__GNU_LIBRARY__))[argc];
#else
  (void)argc;
  return 0;
#endif
}
Determining if the _GNU_SOURCE exist failed with the following output:
Change Dir: /workdir/openwrt/build_dir/target-arm_cortex-a7+neon-vfpv4_musl_eabi/libevent-2.1.12-stable/CMakeFiles/CMakeTmp

Run Build Command(s):/workdir/openwrt/staging_dir/host/bin/ninja cmTC_97940 && [1/2] Building C object CMakeFiles/cmTC_97940.dir/CheckSymbolExists.c.o
FAILED: CMakeFiles/cmTC_97940.dir/CheckSymbolExists.c.o 
/workdir/openwrt/staging_dir/toolchain-arm_cortex-a7+neon-vfpv4_gcc-8.4.0_musl_eabi/bin/arm-openwrt-linux-muslgnueabi-gcc   -Os -pipe -fno-caller-saves -fno-plt -fhonour-copts -Wno-error=unused-but-set-variable -Wno-error=unused-result -mfloat-abi=hard -fmacro-prefix-map=/workdir/openwrt/build_dir/target-arm_cortex-a7+neon-vfpv4_musl_eabi/libevent-2.1.12-stable=libevent-2.1.12-stable -Wformat -Werror=format-security -fstack-protector -D_FORTIFY_SOURCE=1 -Wl,-z,now -Wl,-z,relro -DPIC -fpic -ffunction-sections -fdata-sections -flto -fdiagnostics-color=always -Wall -Wextra -Wno-unused-parameter -Wstrict-aliasing -Wstrict-prototypes -fno-strict-aliasing -Wmissing-prototypes -Winit-self -Wmissing-field-initializers -Wdeclaration-after-statement -Waddress -Wnormalized=id -Woverride-init -Wlogical-op -Wwrite-strings -o CMakeFiles/cmTC_97940.dir/CheckSymbolExists.c.o -c /workdir/openwrt/build_dir/target-arm_cortex-a7+neon-vfpv4_musl_eabi/libevent-2.1.12-stable/CMakeFiles/CMakeTmp/CheckSymbolExists.c
/workdir/openwrt/build_dir/target-arm_cortex-a7+neon-vfpv4_musl_eabi/libevent-2.1.12-stable/CMakeFiles/CMakeTmp/CheckSymbolExists.c: In function 'main':
/workdir/openwrt/build_dir/target-arm_cortex-a7+neon-vfpv4_musl_eabi/libevent-2.1.12-stable/CMakeFiles/CMakeTmp/CheckSymbolExists.c:8:19: error: '_GNU_SOURCE' undeclared (first use in this function)
   return ((int*)(&_GNU_SOURCE))[argc];
                   ^~~~~~~~~~~
/workdir/openwrt/build_dir/target-arm_cortex-a7+neon-vfpv4_musl_eabi/libevent-2.1.12-stable/CMakeFiles/CMakeTmp/CheckSymbolExists.c:8:19: note: each undeclared identifier is reported only once for each function it appears in
/workdir/openwrt/build_dir/target-arm_cortex-a7+neon-vfpv4_musl_eabi/libevent-2.1.12-stable/CMakeFiles/CMakeTmp/CheckSymbolExists.c:4:14: warning: parameter 'argc' set but not used [-Wunused-but-set-parameter]
 int main(int argc, char** argv)
          ~~~~^~~~
ninja: build stopped: subcommand failed.


File /workdir/openwrt/build_dir/target-arm_cortex-a7+neon-vfpv4_musl_eabi/libevent-2.1.12-stable/CMakeFiles/CMakeTmp/CheckSymbolExists.c:
/* */
#include <features.h>

int main(int argc, char** argv)
{
  (void)argv;
#ifndef _GNU_SOURCE
  return ((int*)(&_GNU_SOURCE))[argc];
#else
  (void)argc;
  return 0;
#endif
}
Determining if files fcntl.h;inttypes.h;memory.h;signal.h;stdarg.h;stddef.h;stdint.h;stdlib.h;string.h;errno.h;unistd.h;time.h;sys/types.h;sys/stat.h;sys/time.h;sys/param.h;netdb.h;dlfcn.h;arpa/inet.h;poll.h;port.h exist failed with the following output:
Change Dir: /workdir/openwrt/build_dir/target-arm_cortex-a7+neon-vfpv4_musl_eabi/libevent-2.1.12-stable/CMakeFiles/CMakeTmp

Run Build Command(s):/workdir/openwrt/staging_dir/host/bin/ninja cmTC_7d637 && [1/2] Building C object CMakeFiles/cmTC_7d637.dir/EVENT__HAVE_PORT_H.c.o
FAILED: CMakeFiles/cmTC_7d637.dir/EVENT__HAVE_PORT_H.c.o 
/workdir/openwrt/staging_dir/toolchain-arm_cortex-a7+neon-vfpv4_gcc-8.4.0_musl_eabi/bin/arm-openwrt-linux-muslgnueabi-gcc   -Os -pipe -fno-caller-saves -fno-plt -fhonour-copts -Wno-error=unused-but-set-variable -Wno-error=unused-result -mfloat-abi=hard -fmacro-prefix-map=/workdir/openwrt/build_dir/target-arm_cortex-a7+neon-vfpv4_musl_eabi/libevent-2.1.12-stable=libevent-2.1.12-stable -Wformat -Werror=format-security -fstack-protector -D_FORTIFY_SOURCE=1 -Wl,-z,now -Wl,-z,relro -DPIC -fpic -ffunction-sections -fdata-sections -flto -fdiagnostics-color=always -Wall -Wextra -Wno-unused-parameter -Wstrict-aliasing -Wstrict-prototypes -fno-strict-aliasing -Wmissing-prototypes -Winit-self -Wmissing-field-initializers -Wdeclaration-after-statement -Waddress -Wnormalized=id -Woverride-init -Wlogical-op -Wwrite-strings -o CMakeFiles/cmTC_7d637.dir/EVENT__HAVE_PORT_H.c.o -c /workdir/openwrt/build_dir/target-arm_cortex-a7+neon-vfpv4_musl_eabi/libevent-2.1.12-stable/CMakeFiles/CheckIncludeFiles/EVENT__HAVE_PORT_H.c
/workdir/openwrt/build_dir/target-arm_cortex-a7+neon-vfpv4_musl_eabi/libevent-2.1.12-stable/CMakeFiles/CheckIncludeFiles/EVENT__HAVE_PORT_H.c:22:10: fatal error: port.h: No such file or directory
 #include <port.h>
          ^~~~~~~~
compilation terminated.
ninja: build stopped: subcommand failed.


Source:
/* */
#include <fcntl.h>
#include <inttypes.h>
#include <memory.h>
#include <signal.h>
#include <stdarg.h>
#include <stddef.h>
#include <stdint.h>
#include <stdlib.h>
#include <string.h>
#include <errno.h>
#include <unistd.h>
#include <time.h>
#include <sys/types.h>
#include <sys/stat.h>
#include <sys/time.h>
#include <sys/param.h>
#include <netdb.h>
#include <dlfcn.h>
#include <arpa/inet.h>
#include <poll.h>
#include <port.h>


int main(void){return 0;}

Determining if files fcntl.h;inttypes.h;memory.h;signal.h;stdarg.h;stddef.h;stdint.h;stdlib.h;string.h;errno.h;unistd.h;time.h;sys/types.h;sys/stat.h;sys/time.h;sys/param.h;netdb.h;dlfcn.h;arpa/inet.h;poll.h;sys/socket.h;sys/random.h;sys/un.h;sys/devpoll.h exist failed with the following output:
Change Dir: /workdir/openwrt/build_dir/target-arm_cortex-a7+neon-vfpv4_musl_eabi/libevent-2.1.12-stable/CMakeFiles/CMakeTmp

Run Build Command(s):/workdir/openwrt/staging_dir/host/bin/ninja cmTC_a7cd6 && [1/2] Building C object CMakeFiles/cmTC_a7cd6.dir/EVENT__HAVE_SYS_DEVPOLL_H.c.o
FAILED: CMakeFiles/cmTC_a7cd6.dir/EVENT__HAVE_SYS_DEVPOLL_H.c.o 
/workdir/openwrt/staging_dir/toolchain-arm_cortex-a7+neon-vfpv4_gcc-8.4.0_musl_eabi/bin/arm-openwrt-linux-muslgnueabi-gcc   -Os -pipe -fno-caller-saves -fno-plt -fhonour-copts -Wno-error=unused-but-set-variable -Wno-error=unused-result -mfloat-abi=hard -fmacro-prefix-map=/workdir/openwrt/build_dir/target-arm_cortex-a7+neon-vfpv4_musl_eabi/libevent-2.1.12-stable=libevent-2.1.12-stable -Wformat -Werror=format-security -fstack-protector -D_FORTIFY_SOURCE=1 -Wl,-z,now -Wl,-z,relro -DPIC -fpic -ffunction-sections -fdata-sections -flto -fdiagnostics-color=always -Wall -Wextra -Wno-unused-parameter -Wstrict-aliasing -Wstrict-prototypes -fno-strict-aliasing -Wmissing-prototypes -Winit-self -Wmissing-field-initializers -Wdeclaration-after-statement -Waddress -Wnormalized=id -Woverride-init -Wlogical-op -Wwrite-strings -o CMakeFiles/cmTC_a7cd6.dir/EVENT__HAVE_SYS_DEVPOLL_H.c.o -c /workdir/openwrt/build_dir/target-arm_cortex-a7+neon-vfpv4_musl_eabi/libevent-2.1.12-stable/CMakeFiles/CheckIncludeFiles/EVENT__HAVE_SYS_DEVPOLL_H.c
/workdir/openwrt/build_dir/target-arm_cortex-a7+neon-vfpv4_musl_eabi/libevent-2.1.12-stable/CMakeFiles/CheckIncludeFiles/EVENT__HAVE_SYS_DEVPOLL_H.c:25:10: fatal error: sys/devpoll.h: No such file or directory
 #include <sys/devpoll.h>
          ^~~~~~~~~~~~~~~
compilation terminated.
ninja: build stopped: subcommand failed.


Source:
/* */
#include <fcntl.h>
#include <inttypes.h>
#include <memory.h>
#include <signal.h>
#include <stdarg.h>
#include <stddef.h>
#include <stdint.h>
#include <stdlib.h>
#include <string.h>
#include <errno.h>
#include <unistd.h>
#include <time.h>
#include <sys/types.h>
#include <sys/stat.h>
#include <sys/time.h>
#include <sys/param.h>
#include <netdb.h>
#include <dlfcn.h>
#include <arpa/inet.h>
#include <poll.h>
#include <sys/socket.h>
#include <sys/random.h>
#include <sys/un.h>
#include <sys/devpoll.h>


int main(void){return 0;}

Determining if files fcntl.h;inttypes.h;memory.h;signal.h;stdarg.h;stddef.h;stdint.h;stdlib.h;string.h;errno.h;unistd.h;time.h;sys/types.h;sys/stat.h;sys/time.h;sys/param.h;netdb.h;dlfcn.h;arpa/inet.h;poll.h;sys/socket.h;sys/random.h;sys/un.h;sys/epoll.h;sys/eventfd.h;sys/event.h exist failed with the following output:
Change Dir: /workdir/openwrt/build_dir/target-arm_cortex-a7+neon-vfpv4_musl_eabi/libevent-2.1.12-stable/CMakeFiles/CMakeTmp

Run Build Command(s):/workdir/openwrt/staging_dir/host/bin/ninja cmTC_df143 && [1/2] Building C object CMakeFiles/cmTC_df143.dir/EVENT__HAVE_SYS_EVENT_H.c.o
FAILED: CMakeFiles/cmTC_df143.dir/EVENT__HAVE_SYS_EVENT_H.c.o 
/workdir/openwrt/staging_dir/toolchain-arm_cortex-a7+neon-vfpv4_gcc-8.4.0_musl_eabi/bin/arm-openwrt-linux-muslgnueabi-gcc   -Os -pipe -fno-caller-saves -fno-plt -fhonour-copts -Wno-error=unused-but-set-variable -Wno-error=unused-result -mfloat-abi=hard -fmacro-prefix-map=/workdir/openwrt/build_dir/target-arm_cortex-a7+neon-vfpv4_musl_eabi/libevent-2.1.12-stable=libevent-2.1.12-stable -Wformat -Werror=format-security -fstack-protector -D_FORTIFY_SOURCE=1 -Wl,-z,now -Wl,-z,relro -DPIC -fpic -ffunction-sections -fdata-sections -flto -fdiagnostics-color=always -Wall -Wextra -Wno-unused-parameter -Wstrict-aliasing -Wstrict-prototypes -fno-strict-aliasing -Wmissing-prototypes -Winit-self -Wmissing-field-initializers -Wdeclaration-after-statement -Waddress -Wnormalized=id -Woverride-init -Wlogical-op -Wwrite-strings -o CMakeFiles/cmTC_df143.dir/EVENT__HAVE_SYS_EVENT_H.c.o -c /workdir/openwrt/build_dir/target-arm_cortex-a7+neon-vfpv4_musl_eabi/libevent-2.1.12-stable/CMakeFiles/CheckIncludeFiles/EVENT__HAVE_SYS_EVENT_H.c
/workdir/openwrt/build_dir/target-arm_cortex-a7+neon-vfpv4_musl_eabi/libevent-2.1.12-stable/CMakeFiles/CheckIncludeFiles/EVENT__HAVE_SYS_EVENT_H.c:27:10: fatal error: sys/event.h: No such file or directory
 #include <sys/event.h>
          ^~~~~~~~~~~~~
compilation terminated.
ninja: build stopped: subcommand failed.


Source:
/* */
#include <fcntl.h>
#include <inttypes.h>
#include <memory.h>
#include <signal.h>
#include <stdarg.h>
#include <stddef.h>
#include <stdint.h>
#include <stdlib.h>
#include <string.h>
#include <errno.h>
#include <unistd.h>
#include <time.h>
#include <sys/types.h>
#include <sys/stat.h>
#include <sys/time.h>
#include <sys/param.h>
#include <netdb.h>
#include <dlfcn.h>
#include <arpa/inet.h>
#include <poll.h>
#include <sys/socket.h>
#include <sys/random.h>
#include <sys/un.h>
#include <sys/epoll.h>
#include <sys/eventfd.h>
#include <sys/event.h>


int main(void){return 0;}

Determining if files fcntl.h;inttypes.h;memory.h;signal.h;stdarg.h;stddef.h;stdint.h;stdlib.h;string.h;errno.h;unistd.h;time.h;sys/types.h;sys/stat.h;sys/time.h;sys/param.h;netdb.h;dlfcn.h;arpa/inet.h;poll.h;sys/socket.h;sys/random.h;sys/un.h;sys/epoll.h;sys/eventfd.h;sys/ioctl.h;sys/mman.h;sys/queue.h;sys/select.h;sys/sendfile.h;sys/uio.h;sys/wait.h;sys/resource.h;sys/timerfd.h;netinet/in.h;netinet/in6.h exist failed with the following output:
Change Dir: /workdir/openwrt/build_dir/target-arm_cortex-a7+neon-vfpv4_musl_eabi/libevent-2.1.12-stable/CMakeFiles/CMakeTmp

Run Build Command(s):/workdir/openwrt/staging_dir/host/bin/ninja cmTC_17323 && [1/2] Building C object CMakeFiles/cmTC_17323.dir/EVENT__HAVE_NETINET_IN6_H.c.o
FAILED: CMakeFiles/cmTC_17323.dir/EVENT__HAVE_NETINET_IN6_H.c.o 
/workdir/openwrt/staging_dir/toolchain-arm_cortex-a7+neon-vfpv4_gcc-8.4.0_musl_eabi/bin/arm-openwrt-linux-muslgnueabi-gcc   -Os -pipe -fno-caller-saves -fno-plt -fhonour-copts -Wno-error=unused-but-set-variable -Wno-error=unused-result -mfloat-abi=hard -fmacro-prefix-map=/workdir/openwrt/build_dir/target-arm_cortex-a7+neon-vfpv4_musl_eabi/libevent-2.1.12-stable=libevent-2.1.12-stable -Wformat -Werror=format-security -fstack-protector -D_FORTIFY_SOURCE=1 -Wl,-z,now -Wl,-z,relro -DPIC -fpic -ffunction-sections -fdata-sections -flto -fdiagnostics-color=always -Wall -Wextra -Wno-unused-parameter -Wstrict-aliasing -Wstrict-prototypes -fno-strict-aliasing -Wmissing-prototypes -Winit-self -Wmissing-field-initializers -Wdeclaration-after-statement -Waddress -Wnormalized=id -Woverride-init -Wlogical-op -Wwrite-strings -o CMakeFiles/cmTC_17323.dir/EVENT__HAVE_NETINET_IN6_H.c.o -c /workdir/openwrt/build_dir/target-arm_cortex-a7+neon-vfpv4_musl_eabi/libevent-2.1.12-stable/CMakeFiles/CheckIncludeFiles/EVENT__HAVE_NETINET_IN6_H.c
/workdir/openwrt/build_dir/target-arm_cortex-a7+neon-vfpv4_musl_eabi/libevent-2.1.12-stable/CMakeFiles/CheckIncludeFiles/EVENT__HAVE_NETINET_IN6_H.c:37:10: fatal error: netinet/in6.h: No such file or directory
 #include <netinet/in6.h>
          ^~~~~~~~~~~~~~~
compilation terminated.
ninja: build stopped: subcommand failed.


Source:
/* */
#include <fcntl.h>
#include <inttypes.h>
#include <memory.h>
#include <signal.h>
#include <stdarg.h>
#include <stddef.h>
#include <stdint.h>
#include <stdlib.h>
#include <string.h>
#include <errno.h>
#include <unistd.h>
#include <time.h>
#include <sys/types.h>
#include <sys/stat.h>
#include <sys/time.h>
#include <sys/param.h>
#include <netdb.h>
#include <dlfcn.h>
#include <arpa/inet.h>
#include <poll.h>
#include <sys/socket.h>
#include <sys/random.h>
#include <sys/un.h>
#include <sys/epoll.h>
#include <sys/eventfd.h>
#include <sys/ioctl.h>
#include <sys/mman.h>
#include <sys/queue.h>
#include <sys/select.h>
#include <sys/sendfile.h>
#include <sys/uio.h>
#include <sys/wait.h>
#include <sys/resource.h>
#include <sys/timerfd.h>
#include <netinet/in.h>
#include <netinet/in6.h>


int main(void){return 0;}

Determining if the splice exist failed with the following output:
Change Dir: /workdir/openwrt/build_dir/target-arm_cortex-a7+neon-vfpv4_musl_eabi/libevent-2.1.12-stable/CMakeFiles/CMakeTmp

Run Build Command(s):/workdir/openwrt/staging_dir/host/bin/ninja cmTC_89086 && [1/2] Building C object CMakeFiles/cmTC_89086.dir/CheckSymbolExists.c.o
FAILED: CMakeFiles/cmTC_89086.dir/CheckSymbolExists.c.o 
/workdir/openwrt/staging_dir/toolchain-arm_cortex-a7+neon-vfpv4_gcc-8.4.0_musl_eabi/bin/arm-openwrt-linux-muslgnueabi-gcc   -Os -pipe -fno-caller-saves -fno-plt -fhonour-copts -Wno-error=unused-but-set-variable -Wno-error=unused-result -mfloat-abi=hard -fmacro-prefix-map=/workdir/openwrt/build_dir/target-arm_cortex-a7+neon-vfpv4_musl_eabi/libevent-2.1.12-stable=libevent-2.1.12-stable -Wformat -Werror=format-security -fstack-protector -D_FORTIFY_SOURCE=1 -Wl,-z,now -Wl,-z,relro -DPIC -fpic -ffunction-sections -fdata-sections -flto -fdiagnostics-color=always -Wall -Wextra -Wno-unused-parameter -Wstrict-aliasing -Wstrict-prototypes -fno-strict-aliasing -Wmissing-prototypes -Winit-self -Wmissing-field-initializers -Wdeclaration-after-statement -Waddress -Wnormalized=id -Woverride-init -Wlogical-op -Wwrite-strings -o CMakeFiles/cmTC_89086.dir/CheckSymbolExists.c.o -c /workdir/openwrt/build_dir/target-arm_cortex-a7+neon-vfpv4_musl_eabi/libevent-2.1.12-stable/CMakeFiles/CMakeTmp/CheckSymbolExists.c
/workdir/openwrt/build_dir/target-arm_cortex-a7+neon-vfpv4_musl_eabi/libevent-2.1.12-stable/CMakeFiles/CMakeTmp/CheckSymbolExists.c: In function 'main':
/workdir/openwrt/build_dir/target-arm_cortex-a7+neon-vfpv4_musl_eabi/libevent-2.1.12-stable/CMakeFiles/CMakeTmp/CheckSymbolExists.c:45:19: error: 'splice' undeclared (first use in this function); did you mean 'select'?
   return ((int*)(&splice))[argc];
                   ^~~~~~
                   select
/workdir/openwrt/build_dir/target-arm_cortex-a7+neon-vfpv4_musl_eabi/libevent-2.1.12-stable/CMakeFiles/CMakeTmp/CheckSymbolExists.c:45:19: note: each undeclared identifier is reported only once for each function it appears in
/workdir/openwrt/build_dir/target-arm_cortex-a7+neon-vfpv4_musl_eabi/libevent-2.1.12-stable/CMakeFiles/CMakeTmp/CheckSymbolExists.c:41:14: warning: parameter 'argc' set but not used [-Wunused-but-set-parameter]
 int main(int argc, char** argv)
          ~~~~^~~~
ninja: build stopped: subcommand failed.


File /workdir/openwrt/build_dir/target-arm_cortex-a7+neon-vfpv4_musl_eabi/libevent-2.1.12-stable/CMakeFiles/CMakeTmp/CheckSymbolExists.c:
/* */
#include <fcntl.h>
#include <inttypes.h>
#include <memory.h>
#include <signal.h>
#include <stdarg.h>
#include <stddef.h>
#include <stdint.h>
#include <stdlib.h>
#include <string.h>
#include <errno.h>
#include <unistd.h>
#include <time.h>
#include <sys/types.h>
#include <sys/stat.h>
#include <sys/time.h>
#include <sys/param.h>
#include <netdb.h>
#include <dlfcn.h>
#include <arpa/inet.h>
#include <poll.h>
#include <sys/socket.h>
#include <sys/random.h>
#include <sys/un.h>
#include <sys/epoll.h>
#include <sys/eventfd.h>
#include <sys/ioctl.h>
#include <sys/mman.h>
#include <sys/queue.h>
#include <sys/select.h>
#include <sys/sendfile.h>
#include <sys/uio.h>
#include <sys/wait.h>
#include <sys/resource.h>
#include <sys/timerfd.h>
#include <netinet/in.h>
#include <netinet/tcp.h>
#include <ifaddrs.h>
#include <stdio.h>

int main(int argc, char** argv)
{
  (void)argv;
#ifndef splice
  return ((int*)(&splice))[argc];
#else
  (void)argc;
  return 0;
#endif
}
Determining if the port_create exist failed with the following output:
Change Dir: /workdir/openwrt/build_dir/target-arm_cortex-a7+neon-vfpv4_musl_eabi/libevent-2.1.12-stable/CMakeFiles/CMakeTmp

Run Build Command(s):/workdir/openwrt/staging_dir/host/bin/ninja cmTC_45a78 && [1/2] Building C object CMakeFiles/cmTC_45a78.dir/CheckSymbolExists.c.o
FAILED: CMakeFiles/cmTC_45a78.dir/CheckSymbolExists.c.o 
/workdir/openwrt/staging_dir/toolchain-arm_cortex-a7+neon-vfpv4_gcc-8.4.0_musl_eabi/bin/arm-openwrt-linux-muslgnueabi-gcc   -Os -pipe -fno-caller-saves -fno-plt -fhonour-copts -Wno-error=unused-but-set-variable -Wno-error=unused-result -mfloat-abi=hard -fmacro-prefix-map=/workdir/openwrt/build_dir/target-arm_cortex-a7+neon-vfpv4_musl_eabi/libevent-2.1.12-stable=libevent-2.1.12-stable -Wformat -Werror=format-security -fstack-protector -D_FORTIFY_SOURCE=1 -Wl,-z,now -Wl,-z,relro -DPIC -fpic -ffunction-sections -fdata-sections -flto -fdiagnostics-color=always -Wall -Wextra -Wno-unused-parameter -Wstrict-aliasing -Wstrict-prototypes -fno-strict-aliasing -Wmissing-prototypes -Winit-self -Wmissing-field-initializers -Wdeclaration-after-statement -Waddress -Wnormalized=id -Woverride-init -Wlogical-op -Wwrite-strings -o CMakeFiles/cmTC_45a78.dir/CheckSymbolExists.c.o -c /workdir/openwrt/build_dir/target-arm_cortex-a7+neon-vfpv4_musl_eabi/libevent-2.1.12-stable/CMakeFiles/CMakeTmp/CheckSymbolExists.c
/workdir/openwrt/build_dir/target-arm_cortex-a7+neon-vfpv4_musl_eabi/libevent-2.1.12-stable/CMakeFiles/CMakeTmp/CheckSymbolExists.c: In function 'main':
/workdir/openwrt/build_dir/target-arm_cortex-a7+neon-vfpv4_musl_eabi/libevent-2.1.12-stable/CMakeFiles/CMakeTmp/CheckSymbolExists.c:45:19: error: 'port_create' undeclared (first use in this function); did you mean 'epoll_create'?
   return ((int*)(&port_create))[argc];
                   ^~~~~~~~~~~
                   epoll_create
/workdir/openwrt/build_dir/target-arm_cortex-a7+neon-vfpv4_musl_eabi/libevent-2.1.12-stable/CMakeFiles/CMakeTmp/CheckSymbolExists.c:45:19: note: each undeclared identifier is reported only once for each function it appears in
/workdir/openwrt/build_dir/target-arm_cortex-a7+neon-vfpv4_musl_eabi/libevent-2.1.12-stable/CMakeFiles/CMakeTmp/CheckSymbolExists.c:41:14: warning: parameter 'argc' set but not used [-Wunused-but-set-parameter]
 int main(int argc, char** argv)
          ~~~~^~~~
ninja: build stopped: subcommand failed.


File /workdir/openwrt/build_dir/target-arm_cortex-a7+neon-vfpv4_musl_eabi/libevent-2.1.12-stable/CMakeFiles/CMakeTmp/CheckSymbolExists.c:
/* */
#include <fcntl.h>
#include <inttypes.h>
#include <memory.h>
#include <signal.h>
#include <stdarg.h>
#include <stddef.h>
#include <stdint.h>
#include <stdlib.h>
#include <string.h>
#include <errno.h>
#include <unistd.h>
#include <time.h>
#include <sys/types.h>
#include <sys/stat.h>
#include <sys/time.h>
#include <sys/param.h>
#include <netdb.h>
#include <dlfcn.h>
#include <arpa/inet.h>
#include <poll.h>
#include <sys/socket.h>
#include <sys/random.h>
#include <sys/un.h>
#include <sys/epoll.h>
#include <sys/eventfd.h>
#include <sys/ioctl.h>
#include <sys/mman.h>
#include <sys/queue.h>
#include <sys/select.h>
#include <sys/sendfile.h>
#include <sys/uio.h>
#include <sys/wait.h>
#include <sys/resource.h>
#include <sys/timerfd.h>
#include <netinet/in.h>
#include <netinet/tcp.h>
#include <ifaddrs.h>
#include <stdio.h>

int main(int argc, char** argv)
{
  (void)argv;
#ifndef port_create
  return ((int*)(&port_create))[argc];
#else
  (void)argc;
  return 0;
#endif
}
Determining if the kqueue exist failed with the following output:
Change Dir: /workdir/openwrt/build_dir/target-arm_cortex-a7+neon-vfpv4_musl_eabi/libevent-2.1.12-stable/CMakeFiles/CMakeTmp

Run Build Command(s):/workdir/openwrt/staging_dir/host/bin/ninja cmTC_559e4 && [1/2] Building C object CMakeFiles/cmTC_559e4.dir/CheckSymbolExists.c.o
FAILED: CMakeFiles/cmTC_559e4.dir/CheckSymbolExists.c.o 
/workdir/openwrt/staging_dir/toolchain-arm_cortex-a7+neon-vfpv4_gcc-8.4.0_musl_eabi/bin/arm-openwrt-linux-muslgnueabi-gcc   -Os -pipe -fno-caller-saves -fno-plt -fhonour-copts -Wno-error=unused-but-set-variable -Wno-error=unused-result -mfloat-abi=hard -fmacro-prefix-map=/workdir/openwrt/build_dir/target-arm_cortex-a7+neon-vfpv4_musl_eabi/libevent-2.1.12-stable=libevent-2.1.12-stable -Wformat -Werror=format-security -fstack-protector -D_FORTIFY_SOURCE=1 -Wl,-z,now -Wl,-z,relro -DPIC -fpic -ffunction-sections -fdata-sections -flto -fdiagnostics-color=always -Wall -Wextra -Wno-unused-parameter -Wstrict-aliasing -Wstrict-prototypes -fno-strict-aliasing -Wmissing-prototypes -Winit-self -Wmissing-field-initializers -Wdeclaration-after-statement -Waddress -Wnormalized=id -Woverride-init -Wlogical-op -Wwrite-strings -o CMakeFiles/cmTC_559e4.dir/CheckSymbolExists.c.o -c /workdir/openwrt/build_dir/target-arm_cortex-a7+neon-vfpv4_musl_eabi/libevent-2.1.12-stable/CMakeFiles/CMakeTmp/CheckSymbolExists.c
/workdir/openwrt/build_dir/target-arm_cortex-a7+neon-vfpv4_musl_eabi/libevent-2.1.12-stable/CMakeFiles/CMakeTmp/CheckSymbolExists.c: In function 'main':
/workdir/openwrt/build_dir/target-arm_cortex-a7+neon-vfpv4_musl_eabi/libevent-2.1.12-stable/CMakeFiles/CMakeTmp/CheckSymbolExists.c:45:19: error: 'kqueue' undeclared (first use in this function); did you mean 'sigqueue'?
   return ((int*)(&kqueue))[argc];
                   ^~~~~~
                   sigqueue
/workdir/openwrt/build_dir/target-arm_cortex-a7+neon-vfpv4_musl_eabi/libevent-2.1.12-stable/CMakeFiles/CMakeTmp/CheckSymbolExists.c:45:19: note: each undeclared identifier is reported only once for each function it appears in
/workdir/openwrt/build_dir/target-arm_cortex-a7+neon-vfpv4_musl_eabi/libevent-2.1.12-stable/CMakeFiles/CMakeTmp/CheckSymbolExists.c:41:14: warning: parameter 'argc' set but not used [-Wunused-but-set-parameter]
 int main(int argc, char** argv)
          ~~~~^~~~
ninja: build stopped: subcommand failed.


File /workdir/openwrt/build_dir/target-arm_cortex-a7+neon-vfpv4_musl_eabi/libevent-2.1.12-stable/CMakeFiles/CMakeTmp/CheckSymbolExists.c:
/* */
#include <fcntl.h>
#include <inttypes.h>
#include <memory.h>
#include <signal.h>
#include <stdarg.h>
#include <stddef.h>
#include <stdint.h>
#include <stdlib.h>
#include <string.h>
#include <errno.h>
#include <unistd.h>
#include <time.h>
#include <sys/types.h>
#include <sys/stat.h>
#include <sys/time.h>
#include <sys/param.h>
#include <netdb.h>
#include <dlfcn.h>
#include <arpa/inet.h>
#include <poll.h>
#include <sys/socket.h>
#include <sys/random.h>
#include <sys/un.h>
#include <sys/epoll.h>
#include <sys/eventfd.h>
#include <sys/ioctl.h>
#include <sys/mman.h>
#include <sys/queue.h>
#include <sys/select.h>
#include <sys/sendfile.h>
#include <sys/uio.h>
#include <sys/wait.h>
#include <sys/resource.h>
#include <sys/timerfd.h>
#include <netinet/in.h>
#include <netinet/tcp.h>
#include <ifaddrs.h>
#include <stdio.h>

int main(int argc, char** argv)
{
  (void)argv;
#ifndef kqueue
  return ((int*)(&kqueue))[argc];
#else
  (void)argc;
  return 0;
#endif
}
Determining if the sysctl exist failed with the following output:
Change Dir: /workdir/openwrt/build_dir/target-arm_cortex-a7+neon-vfpv4_musl_eabi/libevent-2.1.12-stable/CMakeFiles/CMakeTmp

Run Build Command(s):/workdir/openwrt/staging_dir/host/bin/ninja cmTC_41686 && [1/2] Building C object CMakeFiles/cmTC_41686.dir/CheckSymbolExists.c.o
FAILED: CMakeFiles/cmTC_41686.dir/CheckSymbolExists.c.o 
/workdir/openwrt/staging_dir/toolchain-arm_cortex-a7+neon-vfpv4_gcc-8.4.0_musl_eabi/bin/arm-openwrt-linux-muslgnueabi-gcc   -Os -pipe -fno-caller-saves -fno-plt -fhonour-copts -Wno-error=unused-but-set-variable -Wno-error=unused-result -mfloat-abi=hard -fmacro-prefix-map=/workdir/openwrt/build_dir/target-arm_cortex-a7+neon-vfpv4_musl_eabi/libevent-2.1.12-stable=libevent-2.1.12-stable -Wformat -Werror=format-security -fstack-protector -D_FORTIFY_SOURCE=1 -Wl,-z,now -Wl,-z,relro -DPIC -fpic -ffunction-sections -fdata-sections -flto -fdiagnostics-color=always -Wall -Wextra -Wno-unused-parameter -Wstrict-aliasing -Wstrict-prototypes -fno-strict-aliasing -Wmissing-prototypes -Winit-self -Wmissing-field-initializers -Wdeclaration-after-statement -Waddress -Wnormalized=id -Woverride-init -Wlogical-op -Wwrite-strings -o CMakeFiles/cmTC_41686.dir/CheckSymbolExists.c.o -c /workdir/openwrt/build_dir/target-arm_cortex-a7+neon-vfpv4_musl_eabi/libevent-2.1.12-stable/CMakeFiles/CMakeTmp/CheckSymbolExists.c
/workdir/openwrt/build_dir/target-arm_cortex-a7+neon-vfpv4_musl_eabi/libevent-2.1.12-stable/CMakeFiles/CMakeTmp/CheckSymbolExists.c: In function 'main':
/workdir/openwrt/build_dir/target-arm_cortex-a7+neon-vfpv4_musl_eabi/libevent-2.1.12-stable/CMakeFiles/CMakeTmp/CheckSymbolExists.c:45:19: error: 'sysctl' undeclared (first use in this function); did you mean 'syscall'?
   return ((int*)(&sysctl))[argc];
                   ^~~~~~
                   syscall
/workdir/openwrt/build_dir/target-arm_cortex-a7+neon-vfpv4_musl_eabi/libevent-2.1.12-stable/CMakeFiles/CMakeTmp/CheckSymbolExists.c:45:19: note: each undeclared identifier is reported only once for each function it appears in
/workdir/openwrt/build_dir/target-arm_cortex-a7+neon-vfpv4_musl_eabi/libevent-2.1.12-stable/CMakeFiles/CMakeTmp/CheckSymbolExists.c:41:14: warning: parameter 'argc' set but not used [-Wunused-but-set-parameter]
 int main(int argc, char** argv)
          ~~~~^~~~
ninja: build stopped: subcommand failed.


File /workdir/openwrt/build_dir/target-arm_cortex-a7+neon-vfpv4_musl_eabi/libevent-2.1.12-stable/CMakeFiles/CMakeTmp/CheckSymbolExists.c:
/* */
#include <fcntl.h>
#include <inttypes.h>
#include <memory.h>
#include <signal.h>
#include <stdarg.h>
#include <stddef.h>
#include <stdint.h>
#include <stdlib.h>
#include <string.h>
#include <errno.h>
#include <unistd.h>
#include <time.h>
#include <sys/types.h>
#include <sys/stat.h>
#include <sys/time.h>
#include <sys/param.h>
#include <netdb.h>
#include <dlfcn.h>
#include <arpa/inet.h>
#include <poll.h>
#include <sys/socket.h>
#include <sys/random.h>
#include <sys/un.h>
#include <sys/epoll.h>
#include <sys/eventfd.h>
#include <sys/ioctl.h>
#include <sys/mman.h>
#include <sys/queue.h>
#include <sys/select.h>
#include <sys/sendfile.h>
#include <sys/uio.h>
#include <sys/wait.h>
#include <sys/resource.h>
#include <sys/timerfd.h>
#include <netinet/in.h>
#include <netinet/tcp.h>
#include <ifaddrs.h>
#include <stdio.h>

int main(int argc, char** argv)
{
  (void)argv;
#ifndef sysctl
  return ((int*)(&sysctl))[argc];
#else
  (void)argc;
  return 0;
#endif
}
Determining if the arc4random exist failed with the following output:
Change Dir: /workdir/openwrt/build_dir/target-arm_cortex-a7+neon-vfpv4_musl_eabi/libevent-2.1.12-stable/CMakeFiles/CMakeTmp

Run Build Command(s):/workdir/openwrt/staging_dir/host/bin/ninja cmTC_09595 && [1/2] Building C object CMakeFiles/cmTC_09595.dir/CheckSymbolExists.c.o
FAILED: CMakeFiles/cmTC_09595.dir/CheckSymbolExists.c.o 
/workdir/openwrt/staging_dir/toolchain-arm_cortex-a7+neon-vfpv4_gcc-8.4.0_musl_eabi/bin/arm-openwrt-linux-muslgnueabi-gcc   -Os -pipe -fno-caller-saves -fno-plt -fhonour-copts -Wno-error=unused-but-set-variable -Wno-error=unused-result -mfloat-abi=hard -fmacro-prefix-map=/workdir/openwrt/build_dir/target-arm_cortex-a7+neon-vfpv4_musl_eabi/libevent-2.1.12-stable=libevent-2.1.12-stable -Wformat -Werror=format-security -fstack-protector -D_FORTIFY_SOURCE=1 -Wl,-z,now -Wl,-z,relro -DPIC -fpic -ffunction-sections -fdata-sections -flto -fdiagnostics-color=always -Wall -Wextra -Wno-unused-parameter -Wstrict-aliasing -Wstrict-prototypes -fno-strict-aliasing -Wmissing-prototypes -Winit-self -Wmissing-field-initializers -Wdeclaration-after-statement -Waddress -Wnormalized=id -Woverride-init -Wlogical-op -Wwrite-strings -o CMakeFiles/cmTC_09595.dir/CheckSymbolExists.c.o -c /workdir/openwrt/build_dir/target-arm_cortex-a7+neon-vfpv4_musl_eabi/libevent-2.1.12-stable/CMakeFiles/CMakeTmp/CheckSymbolExists.c
/workdir/openwrt/build_dir/target-arm_cortex-a7+neon-vfpv4_musl_eabi/libevent-2.1.12-stable/CMakeFiles/CMakeTmp/CheckSymbolExists.c: In function 'main':
/workdir/openwrt/build_dir/target-arm_cortex-a7+neon-vfpv4_musl_eabi/libevent-2.1.12-stable/CMakeFiles/CMakeTmp/CheckSymbolExists.c:45:19: error: 'arc4random' undeclared (first use in this function); did you mean 'getrandom'?
   return ((int*)(&arc4random))[argc];
                   ^~~~~~~~~~
                   getrandom
/workdir/openwrt/build_dir/target-arm_cortex-a7+neon-vfpv4_musl_eabi/libevent-2.1.12-stable/CMakeFiles/CMakeTmp/CheckSymbolExists.c:45:19: note: each undeclared identifier is reported only once for each function it appears in
/workdir/openwrt/build_dir/target-arm_cortex-a7+neon-vfpv4_musl_eabi/libevent-2.1.12-stable/CMakeFiles/CMakeTmp/CheckSymbolExists.c:41:14: warning: parameter 'argc' set but not used [-Wunused-but-set-parameter]
 int main(int argc, char** argv)
          ~~~~^~~~
ninja: build stopped: subcommand failed.


File /workdir/openwrt/build_dir/target-arm_cortex-a7+neon-vfpv4_musl_eabi/libevent-2.1.12-stable/CMakeFiles/CMakeTmp/CheckSymbolExists.c:
/* */
#include <fcntl.h>
#include <inttypes.h>
#include <memory.h>
#include <signal.h>
#include <stdarg.h>
#include <stddef.h>
#include <stdint.h>
#include <stdlib.h>
#include <string.h>
#include <errno.h>
#include <unistd.h>
#include <time.h>
#include <sys/types.h>
#include <sys/stat.h>
#include <sys/time.h>
#include <sys/param.h>
#include <netdb.h>
#include <dlfcn.h>
#include <arpa/inet.h>
#include <poll.h>
#include <sys/socket.h>
#include <sys/random.h>
#include <sys/un.h>
#include <sys/epoll.h>
#include <sys/eventfd.h>
#include <sys/ioctl.h>
#include <sys/mman.h>
#include <sys/queue.h>
#include <sys/select.h>
#include <sys/sendfile.h>
#include <sys/uio.h>
#include <sys/wait.h>
#include <sys/resource.h>
#include <sys/timerfd.h>
#include <netinet/in.h>
#include <netinet/tcp.h>
#include <ifaddrs.h>
#include <stdio.h>

int main(int argc, char** argv)
{
  (void)argv;
#ifndef arc4random
  return ((int*)(&arc4random))[argc];
#else
  (void)argc;
  return 0;
#endif
}
Determining if the arc4random_buf exist failed with the following output:
Change Dir: /workdir/openwrt/build_dir/target-arm_cortex-a7+neon-vfpv4_musl_eabi/libevent-2.1.12-stable/CMakeFiles/CMakeTmp

Run Build Command(s):/workdir/openwrt/staging_dir/host/bin/ninja cmTC_b0eef && [1/2] Building C object CMakeFiles/cmTC_b0eef.dir/CheckSymbolExists.c.o
FAILED: CMakeFiles/cmTC_b0eef.dir/CheckSymbolExists.c.o 
/workdir/openwrt/staging_dir/toolchain-arm_cortex-a7+neon-vfpv4_gcc-8.4.0_musl_eabi/bin/arm-openwrt-linux-muslgnueabi-gcc   -Os -pipe -fno-caller-saves -fno-plt -fhonour-copts -Wno-error=unused-but-set-variable -Wno-error=unused-result -mfloat-abi=hard -fmacro-prefix-map=/workdir/openwrt/build_dir/target-arm_cortex-a7+neon-vfpv4_musl_eabi/libevent-2.1.12-stable=libevent-2.1.12-stable -Wformat -Werror=format-security -fstack-protector -D_FORTIFY_SOURCE=1 -Wl,-z,now -Wl,-z,relro -DPIC -fpic -ffunction-sections -fdata-sections -flto -fdiagnostics-color=always -Wall -Wextra -Wno-unused-parameter -Wstrict-aliasing -Wstrict-prototypes -fno-strict-aliasing -Wmissing-prototypes -Winit-self -Wmissing-field-initializers -Wdeclaration-after-statement -Waddress -Wnormalized=id -Woverride-init -Wlogical-op -Wwrite-strings -o CMakeFiles/cmTC_b0eef.dir/CheckSymbolExists.c.o -c /workdir/openwrt/build_dir/target-arm_cortex-a7+neon-vfpv4_musl_eabi/libevent-2.1.12-stable/CMakeFiles/CMakeTmp/CheckSymbolExists.c
/workdir/openwrt/build_dir/target-arm_cortex-a7+neon-vfpv4_musl_eabi/libevent-2.1.12-stable/CMakeFiles/CMakeTmp/CheckSymbolExists.c: In function 'main':
/workdir/openwrt/build_dir/target-arm_cortex-a7+neon-vfpv4_musl_eabi/libevent-2.1.12-stable/CMakeFiles/CMakeTmp/CheckSymbolExists.c:45:19: error: 'arc4random_buf' undeclared (first use in this function)
   return ((int*)(&arc4random_buf))[argc];
                   ^~~~~~~~~~~~~~
/workdir/openwrt/build_dir/target-arm_cortex-a7+neon-vfpv4_musl_eabi/libevent-2.1.12-stable/CMakeFiles/CMakeTmp/CheckSymbolExists.c:45:19: note: each undeclared identifier is reported only once for each function it appears in
/workdir/openwrt/build_dir/target-arm_cortex-a7+neon-vfpv4_musl_eabi/libevent-2.1.12-stable/CMakeFiles/CMakeTmp/CheckSymbolExists.c:41:14: warning: parameter 'argc' set but not used [-Wunused-but-set-parameter]
 int main(int argc, char** argv)
          ~~~~^~~~
ninja: build stopped: subcommand failed.


File /workdir/openwrt/build_dir/target-arm_cortex-a7+neon-vfpv4_musl_eabi/libevent-2.1.12-stable/CMakeFiles/CMakeTmp/CheckSymbolExists.c:
/* */
#include <fcntl.h>
#include <inttypes.h>
#include <memory.h>
#include <signal.h>
#include <stdarg.h>
#include <stddef.h>
#include <stdint.h>
#include <stdlib.h>
#include <string.h>
#include <errno.h>
#include <unistd.h>
#include <time.h>
#include <sys/types.h>
#include <sys/stat.h>
#include <sys/time.h>
#include <sys/param.h>
#include <netdb.h>
#include <dlfcn.h>
#include <arpa/inet.h>
#include <poll.h>
#include <sys/socket.h>
#include <sys/random.h>
#include <sys/un.h>
#include <sys/epoll.h>
#include <sys/eventfd.h>
#include <sys/ioctl.h>
#include <sys/mman.h>
#include <sys/queue.h>
#include <sys/select.h>
#include <sys/sendfile.h>
#include <sys/uio.h>
#include <sys/wait.h>
#include <sys/resource.h>
#include <sys/timerfd.h>
#include <netinet/in.h>
#include <netinet/tcp.h>
#include <ifaddrs.h>
#include <stdio.h>

int main(int argc, char** argv)
{
  (void)argv;
#ifndef arc4random_buf
  return ((int*)(&arc4random_buf))[argc];
#else
  (void)argc;
  return 0;
#endif
}
Determining if the arc4random_addrandom exist failed with the following output:
Change Dir: /workdir/openwrt/build_dir/target-arm_cortex-a7+neon-vfpv4_musl_eabi/libevent-2.1.12-stable/CMakeFiles/CMakeTmp

Run Build Command(s):/workdir/openwrt/staging_dir/host/bin/ninja cmTC_a445b && [1/2] Building C object CMakeFiles/cmTC_a445b.dir/CheckSymbolExists.c.o
FAILED: CMakeFiles/cmTC_a445b.dir/CheckSymbolExists.c.o 
/workdir/openwrt/staging_dir/toolchain-arm_cortex-a7+neon-vfpv4_gcc-8.4.0_musl_eabi/bin/arm-openwrt-linux-muslgnueabi-gcc   -Os -pipe -fno-caller-saves -fno-plt -fhonour-copts -Wno-error=unused-but-set-variable -Wno-error=unused-result -mfloat-abi=hard -fmacro-prefix-map=/workdir/openwrt/build_dir/target-arm_cortex-a7+neon-vfpv4_musl_eabi/libevent-2.1.12-stable=libevent-2.1.12-stable -Wformat -Werror=format-security -fstack-protector -D_FORTIFY_SOURCE=1 -Wl,-z,now -Wl,-z,relro -DPIC -fpic -ffunction-sections -fdata-sections -flto -fdiagnostics-color=always -Wall -Wextra -Wno-unused-parameter -Wstrict-aliasing -Wstrict-prototypes -fno-strict-aliasing -Wmissing-prototypes -Winit-self -Wmissing-field-initializers -Wdeclaration-after-statement -Waddress -Wnormalized=id -Woverride-init -Wlogical-op -Wwrite-strings -o CMakeFiles/cmTC_a445b.dir/CheckSymbolExists.c.o -c /workdir/openwrt/build_dir/target-arm_cortex-a7+neon-vfpv4_musl_eabi/libevent-2.1.12-stable/CMakeFiles/CMakeTmp/CheckSymbolExists.c
/workdir/openwrt/build_dir/target-arm_cortex-a7+neon-vfpv4_musl_eabi/libevent-2.1.12-stable/CMakeFiles/CMakeTmp/CheckSymbolExists.c: In function 'main':
/workdir/openwrt/build_dir/target-arm_cortex-a7+neon-vfpv4_musl_eabi/libevent-2.1.12-stable/CMakeFiles/CMakeTmp/CheckSymbolExists.c:45:19: error: 'arc4random_addrandom' undeclared (first use in this function)
   return ((int*)(&arc4random_addrandom))[argc];
                   ^~~~~~~~~~~~~~~~~~~~
/workdir/openwrt/build_dir/target-arm_cortex-a7+neon-vfpv4_musl_eabi/libevent-2.1.12-stable/CMakeFiles/CMakeTmp/CheckSymbolExists.c:45:19: note: each undeclared identifier is reported only once for each function it appears in
/workdir/openwrt/build_dir/target-arm_cortex-a7+neon-vfpv4_musl_eabi/libevent-2.1.12-stable/CMakeFiles/CMakeTmp/CheckSymbolExists.c:41:14: warning: parameter 'argc' set but not used [-Wunused-but-set-parameter]
 int main(int argc, char** argv)
          ~~~~^~~~
ninja: build stopped: subcommand failed.


File /workdir/openwrt/build_dir/target-arm_cortex-a7+neon-vfpv4_musl_eabi/libevent-2.1.12-stable/CMakeFiles/CMakeTmp/CheckSymbolExists.c:
/* */
#include <fcntl.h>
#include <inttypes.h>
#include <memory.h>
#include <signal.h>
#include <stdarg.h>
#include <stddef.h>
#include <stdint.h>
#include <stdlib.h>
#include <string.h>
#include <errno.h>
#include <unistd.h>
#include <time.h>
#include <sys/types.h>
#include <sys/stat.h>
#include <sys/time.h>
#include <sys/param.h>
#include <netdb.h>
#include <dlfcn.h>
#include <arpa/inet.h>
#include <poll.h>
#include <sys/socket.h>
#include <sys/random.h>
#include <sys/un.h>
#include <sys/epoll.h>
#include <sys/eventfd.h>
#include <sys/ioctl.h>
#include <sys/mman.h>
#include <sys/queue.h>
#include <sys/select.h>
#include <sys/sendfile.h>
#include <sys/uio.h>
#include <sys/wait.h>
#include <sys/resource.h>
#include <sys/timerfd.h>
#include <netinet/in.h>
#include <netinet/tcp.h>
#include <ifaddrs.h>
#include <stdio.h>

int main(int argc, char** argv)
{
  (void)argv;
#ifndef arc4random_addrandom
  return ((int*)(&arc4random_addrandom))[argc];
#else
  (void)argc;
  return 0;
#endif
}
Determining if the prototype gethostbyname_r exists for EVENT__HAVE_GETHOSTBYNAME_R_3_ARG failed with the following output:
Change Dir: /workdir/openwrt/build_dir/target-arm_cortex-a7+neon-vfpv4_musl_eabi/libevent-2.1.12-stable/CMakeFiles/CMakeTmp

Run Build Command(s):/workdir/openwrt/staging_dir/host/bin/ninja cmTC_06691 && [1/2] Building C object CMakeFiles/cmTC_06691.dir/CheckPrototypeDefinition.c.o
FAILED: CMakeFiles/cmTC_06691.dir/CheckPrototypeDefinition.c.o 
/workdir/openwrt/staging_dir/toolchain-arm_cortex-a7+neon-vfpv4_gcc-8.4.0_musl_eabi/bin/arm-openwrt-linux-muslgnueabi-gcc   -Os -pipe -fno-caller-saves -fno-plt -fhonour-copts -Wno-error=unused-but-set-variable -Wno-error=unused-result -mfloat-abi=hard -fmacro-prefix-map=/workdir/openwrt/build_dir/target-arm_cortex-a7+neon-vfpv4_musl_eabi/libevent-2.1.12-stable=libevent-2.1.12-stable -Wformat -Werror=format-security -fstack-protector -D_FORTIFY_SOURCE=1 -Wl,-z,now -Wl,-z,relro -DPIC -fpic -ffunction-sections -fdata-sections -flto -fdiagnostics-color=always -Wall -Wextra -Wno-unused-parameter -Wstrict-aliasing -Wstrict-prototypes -fno-strict-aliasing -Wmissing-prototypes -Winit-self -Wmissing-field-initializers -Wdeclaration-after-statement -Waddress -Wnormalized=id -Woverride-init -Wlogical-op -Wwrite-strings -o CMakeFiles/cmTC_06691.dir/CheckPrototypeDefinition.c.o -c /workdir/openwrt/build_dir/target-arm_cortex-a7+neon-vfpv4_musl_eabi/libevent-2.1.12-stable/CMakeFiles/CMakeTmp/CheckPrototypeDefinition.c
/workdir/openwrt/build_dir/target-arm_cortex-a7+neon-vfpv4_musl_eabi/libevent-2.1.12-stable/CMakeFiles/CMakeTmp/CheckPrototypeDefinition.c:14:66: warning: 'struct hostent_data' declared inside parameter list will not be visible outside of this definition or declaration
 int gethostbyname_r(const char *name, struct hostent *hp, struct hostent_data *hdata) {
                                                                  ^~~~~~~~~~~~
/workdir/openwrt/build_dir/target-arm_cortex-a7+neon-vfpv4_musl_eabi/libevent-2.1.12-stable/CMakeFiles/CMakeTmp/CheckPrototypeDefinition.c:14:5: error: conflicting types for 'gethostbyname_r'
 int gethostbyname_r(const char *name, struct hostent *hp, struct hostent_data *hdata) {
     ^~~~~~~~~~~~~~~
In file included from /workdir/openwrt/build_dir/target-arm_cortex-a7+neon-vfpv4_musl_eabi/libevent-2.1.12-stable/CMakeFiles/CMakeTmp/CheckPrototypeDefinition.c:1:
/workdir/staging_dir/_p2w_r619ac-128m/toolchain-arm_cortex-a7+neon-vfpv4_gcc-8.4.0_musl_eabi/include/netdb.h:133:5: note: previous declaration of 'gethostbyname_r' was here
 int gethostbyname_r(const char *, struct hostent *, char *, size_t, struct hostent **, int *);
     ^~~~~~~~~~~~~~~
ninja: build stopped: subcommand failed.



#include <netdb.h>


static void cmakeRequireSymbol(int dummy, ...) {
  (void) dummy;
}

static void checkSymbol(void) {
#ifndef gethostbyname_r
  cmakeRequireSymbol(0, &gethostbyname_r);
#endif
}

int gethostbyname_r(const char *name, struct hostent *hp, struct hostent_data *hdata) {
  return 0;
}

#ifdef __CLASSIC_C__
int main() {
  int ac;
  char*av[];
#else
int main(int ac, char *av[]) {
#endif
  checkSymbol();
  if (ac > 1000) {
    return *av[0];
  }
  return 0;
}


Determining if the prototype gethostbyname_r exists for EVENT__HAVE_GETHOSTBYNAME_R_5_ARG failed with the following output:
Change Dir: /workdir/openwrt/build_dir/target-arm_cortex-a7+neon-vfpv4_musl_eabi/libevent-2.1.12-stable/CMakeFiles/CMakeTmp

Run Build Command(s):/workdir/openwrt/staging_dir/host/bin/ninja cmTC_d302d && [1/2] Building C object CMakeFiles/cmTC_d302d.dir/CheckPrototypeDefinition.c.o
FAILED: CMakeFiles/cmTC_d302d.dir/CheckPrototypeDefinition.c.o 
/workdir/openwrt/staging_dir/toolchain-arm_cortex-a7+neon-vfpv4_gcc-8.4.0_musl_eabi/bin/arm-openwrt-linux-muslgnueabi-gcc   -Os -pipe -fno-caller-saves -fno-plt -fhonour-copts -Wno-error=unused-but-set-variable -Wno-error=unused-result -mfloat-abi=hard -fmacro-prefix-map=/workdir/openwrt/build_dir/target-arm_cortex-a7+neon-vfpv4_musl_eabi/libevent-2.1.12-stable=libevent-2.1.12-stable -Wformat -Werror=format-security -fstack-protector -D_FORTIFY_SOURCE=1 -Wl,-z,now -Wl,-z,relro -DPIC -fpic -ffunction-sections -fdata-sections -flto -fdiagnostics-color=always -Wall -Wextra -Wno-unused-parameter -Wstrict-aliasing -Wstrict-prototypes -fno-strict-aliasing -Wmissing-prototypes -Winit-self -Wmissing-field-initializers -Wdeclaration-after-statement -Waddress -Wnormalized=id -Woverride-init -Wlogical-op -Wwrite-strings -o CMakeFiles/cmTC_d302d.dir/CheckPrototypeDefinition.c.o -c /workdir/openwrt/build_dir/target-arm_cortex-a7+neon-vfpv4_musl_eabi/libevent-2.1.12-stable/CMakeFiles/CMakeTmp/CheckPrototypeDefinition.c
/workdir/openwrt/build_dir/target-arm_cortex-a7+neon-vfpv4_musl_eabi/libevent-2.1.12-stable/CMakeFiles/CMakeTmp/CheckPrototypeDefinition.c:14:17: error: conflicting types for 'gethostbyname_r'
 struct hostent *gethostbyname_r(const char *name, struct hostent *hp, char *buf, size_t buflen, int *herr) {
                 ^~~~~~~~~~~~~~~
In file included from /workdir/openwrt/build_dir/target-arm_cortex-a7+neon-vfpv4_musl_eabi/libevent-2.1.12-stable/CMakeFiles/CMakeTmp/CheckPrototypeDefinition.c:1:
/workdir/staging_dir/_p2w_r619ac-128m/toolchain-arm_cortex-a7+neon-vfpv4_gcc-8.4.0_musl_eabi/include/netdb.h:133:5: note: previous declaration of 'gethostbyname_r' was here
 int gethostbyname_r(const char *, struct hostent *, char *, size_t, struct hostent **, int *);
     ^~~~~~~~~~~~~~~
/workdir/openwrt/build_dir/target-arm_cortex-a7+neon-vfpv4_musl_eabi/libevent-2.1.12-stable/CMakeFiles/CMakeTmp/CheckPrototypeDefinition.c: In function 'gethostbyname_r':
/workdir/openwrt/build_dir/target-arm_cortex-a7+neon-vfpv4_musl_eabi/libevent-2.1.12-stable/CMakeFiles/CMakeTmp/CheckPrototypeDefinition.c:15:10: error: 'NULL' undeclared (first use in this function)
   return NULL;
          ^~~~
/workdir/openwrt/build_dir/target-arm_cortex-a7+neon-vfpv4_musl_eabi/libevent-2.1.12-stable/CMakeFiles/CMakeTmp/CheckPrototypeDefinition.c:15:10: note: 'NULL' is defined in header '<stddef.h>'; did you forget to '#include <stddef.h>'?
/workdir/openwrt/build_dir/target-arm_cortex-a7+neon-vfpv4_musl_eabi/libevent-2.1.12-stable/CMakeFiles/CMakeTmp/CheckPrototypeDefinition.c:2:1:
+#include <stddef.h>
 
/workdir/openwrt/build_dir/target-arm_cortex-a7+neon-vfpv4_musl_eabi/libevent-2.1.12-stable/CMakeFiles/CMakeTmp/CheckPrototypeDefinition.c:15:10:
   return NULL;
          ^~~~
/workdir/openwrt/build_dir/target-arm_cortex-a7+neon-vfpv4_musl_eabi/libevent-2.1.12-stable/CMakeFiles/CMakeTmp/CheckPrototypeDefinition.c:15:10: note: each undeclared identifier is reported only once for each function it appears in
/workdir/openwrt/build_dir/target-arm_cortex-a7+neon-vfpv4_musl_eabi/libevent-2.1.12-stable/CMakeFiles/CMakeTmp/CheckPrototypeDefinition.c:16:1: warning: control reaches end of non-void function [-Wreturn-type]
 }
 ^
ninja: build stopped: subcommand failed.



#include <netdb.h>


static void cmakeRequireSymbol(int dummy, ...) {
  (void) dummy;
}

static void checkSymbol(void) {
#ifndef gethostbyname_r
  cmakeRequireSymbol(0, &gethostbyname_r);
#endif
}

struct hostent *gethostbyname_r(const char *name, struct hostent *hp, char *buf, size_t buflen, int *herr) {
  return NULL;
}

#ifdef __CLASSIC_C__
int main() {
  int ac;
  char*av[];
#else
int main(int ac, char *av[]) {
#endif
  checkSymbol();
  if (ac > 1000) {
    return *av[0];
  }
  return 0;
}


Performing C SOURCE FILE Test EVENT__HAVE_DECL_CTL_KERN failed with the following output:
Change Dir: /workdir/openwrt/build_dir/target-arm_cortex-a7+neon-vfpv4_musl_eabi/libevent-2.1.12-stable/CMakeFiles/CMakeTmp

Run Build Command(s):/workdir/openwrt/staging_dir/host/bin/ninja cmTC_e6081 && [1/2] Building C object CMakeFiles/cmTC_e6081.dir/src.c.o
FAILED: CMakeFiles/cmTC_e6081.dir/src.c.o 
/workdir/openwrt/staging_dir/toolchain-arm_cortex-a7+neon-vfpv4_gcc-8.4.0_musl_eabi/bin/arm-openwrt-linux-muslgnueabi-gcc -DEVENT__HAVE_DECL_CTL_KERN  -Os -pipe -fno-caller-saves -fno-plt -fhonour-copts -Wno-error=unused-but-set-variable -Wno-error=unused-result -mfloat-abi=hard -fmacro-prefix-map=/workdir/openwrt/build_dir/target-arm_cortex-a7+neon-vfpv4_musl_eabi/libevent-2.1.12-stable=libevent-2.1.12-stable -Wformat -Werror=format-security -fstack-protector -D_FORTIFY_SOURCE=1 -Wl,-z,now -Wl,-z,relro -DPIC -fpic -ffunction-sections -fdata-sections -flto -fdiagnostics-color=always -Wall -Wextra -Wno-unused-parameter -Wstrict-aliasing -Wstrict-prototypes -fno-strict-aliasing -Wmissing-prototypes -Winit-self -Wmissing-field-initializers -Wdeclaration-after-statement -Waddress -Wnormalized=id -Woverride-init -Wlogical-op -Wwrite-strings -o CMakeFiles/cmTC_e6081.dir/src.c.o -c /workdir/openwrt/build_dir/target-arm_cortex-a7+neon-vfpv4_musl_eabi/libevent-2.1.12-stable/CMakeFiles/CMakeTmp/src.c
/workdir/openwrt/build_dir/target-arm_cortex-a7+neon-vfpv4_musl_eabi/libevent-2.1.12-stable/CMakeFiles/CMakeTmp/src.c:2:20: fatal error: sys/sysctl.h: No such file or directory
           #include <sys/sysctl.h>
                    ^~~~~~~~~~~~~~
compilation terminated.
ninja: build stopped: subcommand failed.


Source file was:

          #include <sys/sysctl.h>
        int main() { (void)CTL_KERN; return 0; }
Performing C SOURCE FILE Test EVENT__HAVE_DECL_KERN_ARND failed with the following output:
Change Dir: /workdir/openwrt/build_dir/target-arm_cortex-a7+neon-vfpv4_musl_eabi/libevent-2.1.12-stable/CMakeFiles/CMakeTmp

Run Build Command(s):/workdir/openwrt/staging_dir/host/bin/ninja cmTC_f66fa && [1/2] Building C object CMakeFiles/cmTC_f66fa.dir/src.c.o
FAILED: CMakeFiles/cmTC_f66fa.dir/src.c.o 
/workdir/openwrt/staging_dir/toolchain-arm_cortex-a7+neon-vfpv4_gcc-8.4.0_musl_eabi/bin/arm-openwrt-linux-muslgnueabi-gcc -DEVENT__HAVE_DECL_KERN_ARND  -Os -pipe -fno-caller-saves -fno-plt -fhonour-copts -Wno-error=unused-but-set-variable -Wno-error=unused-result -mfloat-abi=hard -fmacro-prefix-map=/workdir/openwrt/build_dir/target-arm_cortex-a7+neon-vfpv4_musl_eabi/libevent-2.1.12-stable=libevent-2.1.12-stable -Wformat -Werror=format-security -fstack-protector -D_FORTIFY_SOURCE=1 -Wl,-z,now -Wl,-z,relro -DPIC -fpic -ffunction-sections -fdata-sections -flto -fdiagnostics-color=always -Wall -Wextra -Wno-unused-parameter -Wstrict-aliasing -Wstrict-prototypes -fno-strict-aliasing -Wmissing-prototypes -Winit-self -Wmissing-field-initializers -Wdeclaration-after-statement -Waddress -Wnormalized=id -Woverride-init -Wlogical-op -Wwrite-strings -o CMakeFiles/cmTC_f66fa.dir/src.c.o -c /workdir/openwrt/build_dir/target-arm_cortex-a7+neon-vfpv4_musl_eabi/libevent-2.1.12-stable/CMakeFiles/CMakeTmp/src.c
/workdir/openwrt/build_dir/target-arm_cortex-a7+neon-vfpv4_musl_eabi/libevent-2.1.12-stable/CMakeFiles/CMakeTmp/src.c:2:20: fatal error: sys/sysctl.h: No such file or directory
           #include <sys/sysctl.h>
                    ^~~~~~~~~~~~~~
compilation terminated.
ninja: build stopped: subcommand failed.


Source file was:

          #include <sys/sysctl.h>
        int main() { (void)KERN_ARND; return 0; }
Determining size of SSIZE_T failed with the following output:
Change Dir: /workdir/openwrt/build_dir/target-arm_cortex-a7+neon-vfpv4_musl_eabi/libevent-2.1.12-stable/CMakeFiles/CMakeTmp

Run Build Command(s):/workdir/openwrt/staging_dir/host/bin/ninja cmTC_33ccb && [1/2] Building C object CMakeFiles/cmTC_33ccb.dir/EVENT__SIZEOF_SSIZE_T_UPPER.c.o
FAILED: CMakeFiles/cmTC_33ccb.dir/EVENT__SIZEOF_SSIZE_T_UPPER.c.o 
/workdir/openwrt/staging_dir/toolchain-arm_cortex-a7+neon-vfpv4_gcc-8.4.0_musl_eabi/bin/arm-openwrt-linux-muslgnueabi-gcc   -Os -pipe -fno-caller-saves -fno-plt -fhonour-copts -Wno-error=unused-but-set-variable -Wno-error=unused-result -mfloat-abi=hard -fmacro-prefix-map=/workdir/openwrt/build_dir/target-arm_cortex-a7+neon-vfpv4_musl_eabi/libevent-2.1.12-stable=libevent-2.1.12-stable -Wformat -Werror=format-security -fstack-protector -D_FORTIFY_SOURCE=1 -Wl,-z,now -Wl,-z,relro -DPIC -fpic -ffunction-sections -fdata-sections -flto -fdiagnostics-color=always -Wall -Wextra -Wno-unused-parameter -Wstrict-aliasing -Wstrict-prototypes -fno-strict-aliasing -Wmissing-prototypes -Winit-self -Wmissing-field-initializers -Wdeclaration-after-statement -Waddress -Wnormalized=id -Woverride-init -Wlogical-op -Wwrite-strings -o CMakeFiles/cmTC_33ccb.dir/EVENT__SIZEOF_SSIZE_T_UPPER.c.o -c /workdir/openwrt/build_dir/target-arm_cortex-a7+neon-vfpv4_musl_eabi/libevent-2.1.12-stable/CMakeFiles/CheckTypeSize/EVENT__SIZEOF_SSIZE_T_UPPER.c
/workdir/openwrt/build_dir/target-arm_cortex-a7+neon-vfpv4_musl_eabi/libevent-2.1.12-stable/CMakeFiles/CheckTypeSize/EVENT__SIZEOF_SSIZE_T_UPPER.c:65:22: error: 'SSIZE_T' undeclared here (not in a function); did you mean 'SSIZE_MAX'?
 #define SIZE (sizeof(SSIZE_T))
                      ^~~~~~~
/workdir/openwrt/build_dir/target-arm_cortex-a7+neon-vfpv4_musl_eabi/libevent-2.1.12-stable/CMakeFiles/CheckTypeSize/EVENT__SIZEOF_SSIZE_T_UPPER.c:67:12: note: in expansion of macro 'SIZE'
   ('0' + ((SIZE / 10000)%10)),
            ^~~~
ninja: build stopped: subcommand failed.


/workdir/openwrt/build_dir/target-arm_cortex-a7+neon-vfpv4_musl_eabi/libevent-2.1.12-stable/CMakeFiles/CheckTypeSize/EVENT__SIZEOF_SSIZE_T_UPPER.c:
#include <sys/types.h>
#include <stdint.h>
#include <stddef.h>
#include "fcntl.h"
#include "inttypes.h"
#include "memory.h"
#include "signal.h"
#include "stdarg.h"
#include "stddef.h"
#include "stdint.h"
#include "stdlib.h"
#include "string.h"
#include "errno.h"
#include "unistd.h"
#include "time.h"
#include "sys/types.h"
#include "sys/stat.h"
#include "sys/time.h"
#include "sys/param.h"
#include "netdb.h"
#include "dlfcn.h"
#include "arpa/inet.h"
#include "poll.h"
#include "sys/socket.h"
#include "sys/random.h"
#include "sys/un.h"
#include "sys/epoll.h"
#include "sys/eventfd.h"
#include "sys/ioctl.h"
#include "sys/mman.h"
#include "sys/queue.h"
#include "sys/select.h"
#include "sys/sendfile.h"
#include "sys/uio.h"
#include "sys/wait.h"
#include "sys/resource.h"
#include "sys/timerfd.h"
#include "netinet/in.h"
#include "netinet/tcp.h"
#include "ifaddrs.h"
#include "stdio.h"


#undef KEY
#if defined(__i386)
# define KEY '_','_','i','3','8','6'
#elif defined(__x86_64)
# define KEY '_','_','x','8','6','_','6','4'
#elif defined(__PPC64__)
# define KEY '_','_','P','P','C','6','4','_','_'
#elif defined(__ppc64__)
# define KEY '_','_','p','p','c','6','4','_','_'
#elif defined(__PPC__)
# define KEY '_','_','P','P','C','_','_'
#elif defined(__ppc__)
# define KEY '_','_','p','p','c','_','_'
#elif defined(__aarch64__)
# define KEY '_','_','a','a','r','c','h','6','4','_','_'
#elif defined(__ARM_ARCH_7A__)
# define KEY '_','_','A','R','M','_','A','R','C','H','_','7','A','_','_'
#elif defined(__ARM_ARCH_7S__)
# define KEY '_','_','A','R','M','_','A','R','C','H','_','7','S','_','_'
#endif

#define SIZE (sizeof(SSIZE_T))
static char info_size[] =  {'I', 'N', 'F', 'O', ':', 's','i','z','e','[',
  ('0' + ((SIZE / 10000)%10)),
  ('0' + ((SIZE / 1000)%10)),
  ('0' + ((SIZE / 100)%10)),
  ('0' + ((SIZE / 10)%10)),
  ('0' +  (SIZE    % 10)),
  ']',
#ifdef KEY
  ' ','k','e','y','[', KEY, ']',
#endif
  '\0'};

#ifdef __CLASSIC_C__
int main(argc, argv) int argc; char *argv[];
#else
int main(int argc, char *argv[])
#endif
{
  int require = 0;
  require += info_size[argc];
  (void)argv;
  return require;
}


Performing C SOURCE FILE Test EVENT__HAVE_STRUCT_SOCKADDR_IN6_SIN6_LEN failed with the following output:
Change Dir: /workdir/openwrt/build_dir/target-arm_cortex-a7+neon-vfpv4_musl_eabi/libevent-2.1.12-stable/CMakeFiles/CMakeTmp

Run Build Command(s):/workdir/openwrt/staging_dir/host/bin/ninja cmTC_b5c01 && [1/2] Building C object CMakeFiles/cmTC_b5c01.dir/src.c.o
FAILED: CMakeFiles/cmTC_b5c01.dir/src.c.o 
/workdir/openwrt/staging_dir/toolchain-arm_cortex-a7+neon-vfpv4_gcc-8.4.0_musl_eabi/bin/arm-openwrt-linux-muslgnueabi-gcc -DEVENT__HAVE_STRUCT_SOCKADDR_IN6_SIN6_LEN  -Os -pipe -fno-caller-saves -fno-plt -fhonour-copts -Wno-error=unused-but-set-variable -Wno-error=unused-result -mfloat-abi=hard -fmacro-prefix-map=/workdir/openwrt/build_dir/target-arm_cortex-a7+neon-vfpv4_musl_eabi/libevent-2.1.12-stable=libevent-2.1.12-stable -Wformat -Werror=format-security -fstack-protector -D_FORTIFY_SOURCE=1 -Wl,-z,now -Wl,-z,relro -DPIC -fpic -ffunction-sections -fdata-sections -flto -fdiagnostics-color=always -Wall -Wextra -Wno-unused-parameter -Wstrict-aliasing -Wstrict-prototypes -fno-strict-aliasing -Wmissing-prototypes -Winit-self -Wmissing-field-initializers -Wdeclaration-after-statement -Waddress -Wnormalized=id -Woverride-init -Wlogical-op -Wwrite-strings -o CMakeFiles/cmTC_b5c01.dir/src.c.o -c /workdir/openwrt/build_dir/target-arm_cortex-a7+neon-vfpv4_musl_eabi/libevent-2.1.12-stable/CMakeFiles/CMakeTmp/src.c
/workdir/openwrt/build_dir/target-arm_cortex-a7+neon-vfpv4_musl_eabi/libevent-2.1.12-stable/CMakeFiles/CMakeTmp/src.c:6:5: warning: function declaration isn't a prototype [-Wstrict-prototypes]
 int main()
     ^~~~
/workdir/openwrt/build_dir/target-arm_cortex-a7+neon-vfpv4_musl_eabi/libevent-2.1.12-stable/CMakeFiles/CMakeTmp/src.c: In function 'main':
/workdir/openwrt/build_dir/target-arm_cortex-a7+neon-vfpv4_musl_eabi/libevent-2.1.12-stable/CMakeFiles/CMakeTmp/src.c:8:44: error: 'struct sockaddr_in6' has no member named 'sin6_len'; did you mean 'sin6_port'?
   (void)sizeof(((struct sockaddr_in6 *)0)->sin6_len);
                                            ^~~~~~~~
                                            sin6_port
ninja: build stopped: subcommand failed.


Source file was:

#include <netinet/in.h>
#include <sys/socket.h>
#include <netdb.h>

int main()
{
  (void)sizeof(((struct sockaddr_in6 *)0)->sin6_len);
  return 0;
}

Performing C SOURCE FILE Test EVENT__HAVE_STRUCT_SOCKADDR_IN_SIN_LEN failed with the following output:
Change Dir: /workdir/openwrt/build_dir/target-arm_cortex-a7+neon-vfpv4_musl_eabi/libevent-2.1.12-stable/CMakeFiles/CMakeTmp

Run Build Command(s):/workdir/openwrt/staging_dir/host/bin/ninja cmTC_e33e8 && [1/2] Building C object CMakeFiles/cmTC_e33e8.dir/src.c.o
FAILED: CMakeFiles/cmTC_e33e8.dir/src.c.o 
/workdir/openwrt/staging_dir/toolchain-arm_cortex-a7+neon-vfpv4_gcc-8.4.0_musl_eabi/bin/arm-openwrt-linux-muslgnueabi-gcc -DEVENT__HAVE_STRUCT_SOCKADDR_IN_SIN_LEN  -Os -pipe -fno-caller-saves -fno-plt -fhonour-copts -Wno-error=unused-but-set-variable -Wno-error=unused-result -mfloat-abi=hard -fmacro-prefix-map=/workdir/openwrt/build_dir/target-arm_cortex-a7+neon-vfpv4_musl_eabi/libevent-2.1.12-stable=libevent-2.1.12-stable -Wformat -Werror=format-security -fstack-protector -D_FORTIFY_SOURCE=1 -Wl,-z,now -Wl,-z,relro -DPIC -fpic -ffunction-sections -fdata-sections -flto -fdiagnostics-color=always -Wall -Wextra -Wno-unused-parameter -Wstrict-aliasing -Wstrict-prototypes -fno-strict-aliasing -Wmissing-prototypes -Winit-self -Wmissing-field-initializers -Wdeclaration-after-statement -Waddress -Wnormalized=id -Woverride-init -Wlogical-op -Wwrite-strings -o CMakeFiles/cmTC_e33e8.dir/src.c.o -c /workdir/openwrt/build_dir/target-arm_cortex-a7+neon-vfpv4_musl_eabi/libevent-2.1.12-stable/CMakeFiles/CMakeTmp/src.c
/workdir/openwrt/build_dir/target-arm_cortex-a7+neon-vfpv4_musl_eabi/libevent-2.1.12-stable/CMakeFiles/CMakeTmp/src.c:6:5: warning: function declaration isn't a prototype [-Wstrict-prototypes]
 int main()
     ^~~~
/workdir/openwrt/build_dir/target-arm_cortex-a7+neon-vfpv4_musl_eabi/libevent-2.1.12-stable/CMakeFiles/CMakeTmp/src.c: In function 'main':
/workdir/openwrt/build_dir/target-arm_cortex-a7+neon-vfpv4_musl_eabi/libevent-2.1.12-stable/CMakeFiles/CMakeTmp/src.c:8:42: error: 'struct sockaddr_in6' has no member named 'sin_len'
   (void)sizeof(((struct sockaddr_in6 *)0)->sin_len);
                                          ^~
ninja: build stopped: subcommand failed.


Source file was:

#include <netinet/in.h>
#include <sys/socket.h>
#include <netdb.h>

int main()
{
  (void)sizeof(((struct sockaddr_in6 *)0)->sin_len);
  return 0;
}

Performing C SOURCE FILE Test EVENT__HAVE_STRUCT_SOCKADDR_STORAGE___SS_FAMILY failed with the following output:
Change Dir: /workdir/openwrt/build_dir/target-arm_cortex-a7+neon-vfpv4_musl_eabi/libevent-2.1.12-stable/CMakeFiles/CMakeTmp

Run Build Command(s):/workdir/openwrt/staging_dir/host/bin/ninja cmTC_3ea22 && [1/2] Building C object CMakeFiles/cmTC_3ea22.dir/src.c.o
FAILED: CMakeFiles/cmTC_3ea22.dir/src.c.o 
/workdir/openwrt/staging_dir/toolchain-arm_cortex-a7+neon-vfpv4_gcc-8.4.0_musl_eabi/bin/arm-openwrt-linux-muslgnueabi-gcc -DEVENT__HAVE_STRUCT_SOCKADDR_STORAGE___SS_FAMILY  -Os -pipe -fno-caller-saves -fno-plt -fhonour-copts -Wno-error=unused-but-set-variable -Wno-error=unused-result -mfloat-abi=hard -fmacro-prefix-map=/workdir/openwrt/build_dir/target-arm_cortex-a7+neon-vfpv4_musl_eabi/libevent-2.1.12-stable=libevent-2.1.12-stable -Wformat -Werror=format-security -fstack-protector -D_FORTIFY_SOURCE=1 -Wl,-z,now -Wl,-z,relro -DPIC -fpic -ffunction-sections -fdata-sections -flto -fdiagnostics-color=always -Wall -Wextra -Wno-unused-parameter -Wstrict-aliasing -Wstrict-prototypes -fno-strict-aliasing -Wmissing-prototypes -Winit-self -Wmissing-field-initializers -Wdeclaration-after-statement -Waddress -Wnormalized=id -Woverride-init -Wlogical-op -Wwrite-strings -o CMakeFiles/cmTC_3ea22.dir/src.c.o -c /workdir/openwrt/build_dir/target-arm_cortex-a7+neon-vfpv4_musl_eabi/libevent-2.1.12-stable/CMakeFiles/CMakeTmp/src.c
/workdir/openwrt/build_dir/target-arm_cortex-a7+neon-vfpv4_musl_eabi/libevent-2.1.12-stable/CMakeFiles/CMakeTmp/src.c:6:5: warning: function declaration isn't a prototype [-Wstrict-prototypes]
 int main()
     ^~~~
/workdir/openwrt/build_dir/target-arm_cortex-a7+neon-vfpv4_musl_eabi/libevent-2.1.12-stable/CMakeFiles/CMakeTmp/src.c: In function 'main':
/workdir/openwrt/build_dir/target-arm_cortex-a7+neon-vfpv4_musl_eabi/libevent-2.1.12-stable/CMakeFiles/CMakeTmp/src.c:8:48: error: 'struct sockaddr_storage' has no member named '__ss_family'; did you mean 'ss_family'?
   (void)sizeof(((struct sockaddr_storage *)0)->__ss_family);
                                                ^~~~~~~~~~~
                                                ss_family
ninja: build stopped: subcommand failed.


Source file was:

#include <netinet/in.h>
#include <sys/socket.h>
#include <netdb.h>

int main()
{
  (void)sizeof(((struct sockaddr_storage *)0)->__ss_family);
  return 0;
}

