The system is: Linux - 5.11.0-1020-azure - x86_64
Compiling the C compiler identification source file "CMakeCCompilerId.c" succeeded.
Compiler: /workdir/openwrt/staging_dir/host/bin/gcc 
Build flags: -O2;-I/workdir/openwrt/staging_dir/host/include;-I/workdir/openwrt/staging_dir/hostpkg/include;-I/workdir/openwrt/staging_dir/target-arm_cortex-a7+neon-vfpv4_musl_eabi/host/include
Id flags:  

The output was:
0


Compilation of the C compiler identification source "CMakeCCompilerId.c" produced "a.out"

The C compiler identification is GNU, found in "/workdir/openwrt/build_dir/hostpkg/expat-2.4.1/CMakeFiles/3.21.3/CompilerIdC/a.out"

Detecting C compiler ABI info compiled with the following output:
Change Dir: /workdir/openwrt/build_dir/hostpkg/expat-2.4.1/CMakeFiles/CMakeTmp

Run Build Command(s):/workdir/openwrt/staging_dir/host/bin/ninja cmTC_bb96a && [1/2] Building C object CMakeFiles/cmTC_bb96a.dir/CMakeCCompilerABI.c.o
Using built-in specs.
COLLECT_GCC=/workdir/openwrt/staging_dir/host/bin/gcc
OFFLOAD_TARGET_NAMES=nvptx-none:hsa
OFFLOAD_TARGET_DEFAULT=1
Target: x86_64-linux-gnu
Configured with: ../src/configure -v --with-pkgversion='Ubuntu 9.3.0-17ubuntu1~20.04' --with-bugurl=file:///usr/share/doc/gcc-9/README.Bugs --enable-languages=c,ada,c++,go,brig,d,fortran,objc,obj-c++,gm2 --prefix=/usr --with-gcc-major-version-only --program-suffix=-9 --program-prefix=x86_64-linux-gnu- --enable-shared --enable-linker-build-id --libexecdir=/usr/lib --without-included-gettext --enable-threads=posix --libdir=/usr/lib --enable-nls --enable-clocale=gnu --enable-libstdcxx-debug --enable-libstdcxx-time=yes --with-default-libstdcxx-abi=new --enable-gnu-unique-object --disable-vtable-verify --enable-plugin --enable-default-pie --with-system-zlib --with-target-system-zlib=auto --enable-objc-gc=auto --enable-multiarch --disable-werror --with-arch-32=i686 --with-abi=m64 --with-multilib-list=m32,m64,mx32 --enable-multilib --with-tune=generic --enable-offload-targets=nvptx-none=/build/gcc-9-HskZEa/gcc-9-9.3.0/debian/tmp-nvptx/usr,hsa --without-cuda-driver --enable-checking=release --build=x86_64-linux-gnu --host=x86_64-linux-gnu --target=x86_64-linux-gnu
Thread model: posix
gcc version 9.3.0 (Ubuntu 9.3.0-17ubuntu1~20.04) 
COLLECT_GCC_OPTIONS='-O2' '-I' '/workdir/openwrt/staging_dir/host/include' '-I' '/workdir/openwrt/staging_dir/hostpkg/include' '-I' '/workdir/openwrt/staging_dir/target-arm_cortex-a7+neon-vfpv4_musl_eabi/host/include' '-v' '-o' 'CMakeFiles/cmTC_bb96a.dir/CMakeCCompilerABI.c.o' '-c' '-mtune=generic' '-march=x86-64'
 /usr/lib/gcc/x86_64-linux-gnu/9/cc1 -quiet -v -I /workdir/openwrt/staging_dir/host/include -I /workdir/openwrt/staging_dir/hostpkg/include -I /workdir/openwrt/staging_dir/target-arm_cortex-a7+neon-vfpv4_musl_eabi/host/include -imultiarch x86_64-linux-gnu /workdir/staging_dir/_p2w_r619ac-128m/host/share/cmake-3.21/Modules/CMakeCCompilerABI.c -quiet -dumpbase CMakeCCompilerABI.c -mtune=generic -march=x86-64 -auxbase-strip CMakeFiles/cmTC_bb96a.dir/CMakeCCompilerABI.c.o -O2 -version -fasynchronous-unwind-tables -fstack-protector-strong -Wformat -Wformat-security -fstack-clash-protection -fcf-protection -o /workdir/openwrt/tmp/ccZmtgnv.s
GNU C17 (Ubuntu 9.3.0-17ubuntu1~20.04) version 9.3.0 (x86_64-linux-gnu)
	compiled by GNU C version 9.3.0, GMP version 6.2.0, MPFR version 4.0.2, MPC version 1.1.0, isl version isl-0.22.1-GMP

GGC heuristics: --param ggc-min-expand=100 --param ggc-min-heapsize=131072
ignoring nonexistent directory "/usr/local/include/x86_64-linux-gnu"
ignoring nonexistent directory "/usr/lib/gcc/x86_64-linux-gnu/9/include-fixed"
ignoring nonexistent directory "/usr/lib/gcc/x86_64-linux-gnu/9/../../../../x86_64-linux-gnu/include"
ignoring nonexistent directory "/workdir/openwrt/staging_dir/target-arm_cortex-a7+neon-vfpv4_musl_eabi/host/include"
#include "..." search starts here:
#include <...> search starts here:
 /workdir/openwrt/staging_dir/host/include
 /workdir/openwrt/staging_dir/hostpkg/include
 /usr/lib/gcc/x86_64-linux-gnu/9/include
 /usr/local/include
 /usr/include/x86_64-linux-gnu
 /usr/include
End of search list.
GNU C17 (Ubuntu 9.3.0-17ubuntu1~20.04) version 9.3.0 (x86_64-linux-gnu)
	compiled by GNU C version 9.3.0, GMP version 6.2.0, MPFR version 4.0.2, MPC version 1.1.0, isl version isl-0.22.1-GMP

GGC heuristics: --param ggc-min-expand=100 --param ggc-min-heapsize=131072
Compiler executable checksum: bbf13931d8de1abe14040c9909cb6969
COLLECT_GCC_OPTIONS='-O2' '-I' '/workdir/openwrt/staging_dir/host/include' '-I' '/workdir/openwrt/staging_dir/hostpkg/include' '-I' '/workdir/openwrt/staging_dir/target-arm_cortex-a7+neon-vfpv4_musl_eabi/host/include' '-v' '-o' 'CMakeFiles/cmTC_bb96a.dir/CMakeCCompilerABI.c.o' '-c' '-mtune=generic' '-march=x86-64'
 as -v -I /workdir/openwrt/staging_dir/host/include -I /workdir/openwrt/staging_dir/hostpkg/include -I /workdir/openwrt/staging_dir/target-arm_cortex-a7+neon-vfpv4_musl_eabi/host/include --64 -o CMakeFiles/cmTC_bb96a.dir/CMakeCCompilerABI.c.o /workdir/openwrt/tmp/ccZmtgnv.s
GNU assembler version 2.34 (x86_64-linux-gnu) using BFD version (GNU Binutils for Ubuntu) 2.34
COMPILER_PATH=/usr/lib/gcc/x86_64-linux-gnu/9/:/usr/lib/gcc/x86_64-linux-gnu/9/:/usr/lib/gcc/x86_64-linux-gnu/:/usr/lib/gcc/x86_64-linux-gnu/9/:/usr/lib/gcc/x86_64-linux-gnu/
LIBRARY_PATH=/usr/lib/gcc/x86_64-linux-gnu/9/:/usr/lib/gcc/x86_64-linux-gnu/9/../../../x86_64-linux-gnu/:/usr/lib/gcc/x86_64-linux-gnu/9/../../../../lib/:/lib/x86_64-linux-gnu/:/lib/../lib/:/usr/lib/x86_64-linux-gnu/:/usr/lib/../lib/:/usr/lib/gcc/x86_64-linux-gnu/9/../../../:/lib/:/usr/lib/
COLLECT_GCC_OPTIONS='-O2' '-I' '/workdir/openwrt/staging_dir/host/include' '-I' '/workdir/openwrt/staging_dir/hostpkg/include' '-I' '/workdir/openwrt/staging_dir/target-arm_cortex-a7+neon-vfpv4_musl_eabi/host/include' '-v' '-o' 'CMakeFiles/cmTC_bb96a.dir/CMakeCCompilerABI.c.o' '-c' '-mtune=generic' '-march=x86-64'
[2/2] Linking C executable cmTC_bb96a
Using built-in specs.
COLLECT_GCC=/workdir/openwrt/staging_dir/host/bin/gcc
COLLECT_LTO_WRAPPER=/usr/lib/gcc/x86_64-linux-gnu/9/lto-wrapper
OFFLOAD_TARGET_NAMES=nvptx-none:hsa
OFFLOAD_TARGET_DEFAULT=1
Target: x86_64-linux-gnu
Configured with: ../src/configure -v --with-pkgversion='Ubuntu 9.3.0-17ubuntu1~20.04' --with-bugurl=file:///usr/share/doc/gcc-9/README.Bugs --enable-languages=c,ada,c++,go,brig,d,fortran,objc,obj-c++,gm2 --prefix=/usr --with-gcc-major-version-only --program-suffix=-9 --program-prefix=x86_64-linux-gnu- --enable-shared --enable-linker-build-id --libexecdir=/usr/lib --without-included-gettext --enable-threads=posix --libdir=/usr/lib --enable-nls --enable-clocale=gnu --enable-libstdcxx-debug --enable-libstdcxx-time=yes --with-default-libstdcxx-abi=new --enable-gnu-unique-object --disable-vtable-verify --enable-plugin --enable-default-pie --with-system-zlib --with-target-system-zlib=auto --enable-objc-gc=auto --enable-multiarch --disable-werror --with-arch-32=i686 --with-abi=m64 --with-multilib-list=m32,m64,mx32 --enable-multilib --with-tune=generic --enable-offload-targets=nvptx-none=/build/gcc-9-HskZEa/gcc-9-9.3.0/debian/tmp-nvptx/usr,hsa --without-cuda-driver --enable-checking=release --build=x86_64-linux-gnu --host=x86_64-linux-gnu --target=x86_64-linux-gnu
Thread model: posix
gcc version 9.3.0 (Ubuntu 9.3.0-17ubuntu1~20.04) 
COMPILER_PATH=/usr/lib/gcc/x86_64-linux-gnu/9/:/usr/lib/gcc/x86_64-linux-gnu/9/:/usr/lib/gcc/x86_64-linux-gnu/:/usr/lib/gcc/x86_64-linux-gnu/9/:/usr/lib/gcc/x86_64-linux-gnu/
LIBRARY_PATH=/usr/lib/gcc/x86_64-linux-gnu/9/:/usr/lib/gcc/x86_64-linux-gnu/9/../../../x86_64-linux-gnu/:/usr/lib/gcc/x86_64-linux-gnu/9/../../../../lib/:/lib/x86_64-linux-gnu/:/lib/../lib/:/usr/lib/x86_64-linux-gnu/:/usr/lib/../lib/:/usr/lib/gcc/x86_64-linux-gnu/9/../../../:/lib/:/usr/lib/
COLLECT_GCC_OPTIONS='-O2' '-I' '/workdir/openwrt/staging_dir/host/include' '-I' '/workdir/openwrt/staging_dir/hostpkg/include' '-I' '/workdir/openwrt/staging_dir/target-arm_cortex-a7+neon-vfpv4_musl_eabi/host/include' '-L/workdir/openwrt/staging_dir/host/lib' '-L/workdir/openwrt/staging_dir/hostpkg/lib' '-L/workdir/openwrt/staging_dir/target-arm_cortex-a7+neon-vfpv4_musl_eabi/host/lib' '-v' '-rdynamic' '-o' 'cmTC_bb96a' '-mtune=generic' '-march=x86-64'
 /usr/lib/gcc/x86_64-linux-gnu/9/collect2 -plugin /usr/lib/gcc/x86_64-linux-gnu/9/liblto_plugin.so -plugin-opt=/usr/lib/gcc/x86_64-linux-gnu/9/lto-wrapper -plugin-opt=-fresolution=/workdir/openwrt/tmp/ccNQcGDQ.res -plugin-opt=-pass-through=-lgcc -plugin-opt=-pass-through=-lgcc_s -plugin-opt=-pass-through=-lc -plugin-opt=-pass-through=-lgcc -plugin-opt=-pass-through=-lgcc_s --build-id --eh-frame-hdr -m elf_x86_64 --hash-style=gnu --as-needed -export-dynamic -dynamic-linker /lib64/ld-linux-x86-64.so.2 -pie -z now -z relro -o cmTC_bb96a /usr/lib/gcc/x86_64-linux-gnu/9/../../../x86_64-linux-gnu/Scrt1.o /usr/lib/gcc/x86_64-linux-gnu/9/../../../x86_64-linux-gnu/crti.o /usr/lib/gcc/x86_64-linux-gnu/9/crtbeginS.o -L/workdir/openwrt/staging_dir/host/lib -L/workdir/openwrt/staging_dir/hostpkg/lib -L/workdir/openwrt/staging_dir/target-arm_cortex-a7+neon-vfpv4_musl_eabi/host/lib -L/usr/lib/gcc/x86_64-linux-gnu/9 -L/usr/lib/gcc/x86_64-linux-gnu/9/../../../x86_64-linux-gnu -L/usr/lib/gcc/x86_64-linux-gnu/9/../../../../lib -L/lib/x86_64-linux-gnu -L/lib/../lib -L/usr/lib/x86_64-linux-gnu -L/usr/lib/../lib -L/usr/lib/gcc/x86_64-linux-gnu/9/../../.. CMakeFiles/cmTC_bb96a.dir/CMakeCCompilerABI.c.o -lgcc --push-state --as-needed -lgcc_s --pop-state -lc -lgcc --push-state --as-needed -lgcc_s --pop-state /usr/lib/gcc/x86_64-linux-gnu/9/crtendS.o /usr/lib/gcc/x86_64-linux-gnu/9/../../../x86_64-linux-gnu/crtn.o
COLLECT_GCC_OPTIONS='-O2' '-I' '/workdir/openwrt/staging_dir/host/include' '-I' '/workdir/openwrt/staging_dir/hostpkg/include' '-I' '/workdir/openwrt/staging_dir/target-arm_cortex-a7+neon-vfpv4_musl_eabi/host/include' '-L/workdir/openwrt/staging_dir/host/lib' '-L/workdir/openwrt/staging_dir/hostpkg/lib' '-L/workdir/openwrt/staging_dir/target-arm_cortex-a7+neon-vfpv4_musl_eabi/host/lib' '-v' '-rdynamic' '-o' 'cmTC_bb96a' '-mtune=generic' '-march=x86-64'



Parsed C implicit include dir info from above output: rv=done
  found start of include info
  found start of implicit include info
    add: [/workdir/openwrt/staging_dir/host/include]
    add: [/workdir/openwrt/staging_dir/hostpkg/include]
    add: [/usr/lib/gcc/x86_64-linux-gnu/9/include]
    add: [/usr/local/include]
    add: [/usr/include/x86_64-linux-gnu]
    add: [/usr/include]
  end of search list found
  collapse include dir [/workdir/openwrt/staging_dir/host/include] ==> [/workdir/openwrt/staging_dir/host/include]
  collapse include dir [/workdir/openwrt/staging_dir/hostpkg/include] ==> [/workdir/openwrt/staging_dir/hostpkg/include]
  collapse include dir [/usr/lib/gcc/x86_64-linux-gnu/9/include] ==> [/usr/lib/gcc/x86_64-linux-gnu/9/include]
  collapse include dir [/usr/local/include] ==> [/usr/local/include]
  collapse include dir [/usr/include/x86_64-linux-gnu] ==> [/usr/include/x86_64-linux-gnu]
  collapse include dir [/usr/include] ==> [/usr/include]
  implicit include dirs: [/workdir/openwrt/staging_dir/host/include;/workdir/openwrt/staging_dir/hostpkg/include;/usr/lib/gcc/x86_64-linux-gnu/9/include;/usr/local/include;/usr/include/x86_64-linux-gnu;/usr/include]


Parsed C implicit link information from above output:
  link line regex: [^( *|.*[/\])(ld|CMAKE_LINK_STARTFILE-NOTFOUND|([^/\]+-)?ld|collect2)[^/\]*( |$)]
  ignore line: [Change Dir: /workdir/openwrt/build_dir/hostpkg/expat-2.4.1/CMakeFiles/CMakeTmp]
  ignore line: []
  ignore line: [Run Build Command(s):/workdir/openwrt/staging_dir/host/bin/ninja cmTC_bb96a && [1/2] Building C object CMakeFiles/cmTC_bb96a.dir/CMakeCCompilerABI.c.o]
  ignore line: [Using built-in specs.]
  ignore line: [COLLECT_GCC=/workdir/openwrt/staging_dir/host/bin/gcc]
  ignore line: [OFFLOAD_TARGET_NAMES=nvptx-none:hsa]
  ignore line: [OFFLOAD_TARGET_DEFAULT=1]
  ignore line: [Target: x86_64-linux-gnu]
  ignore line: [Configured with: ../src/configure -v --with-pkgversion='Ubuntu 9.3.0-17ubuntu1~20.04' --with-bugurl=file:///usr/share/doc/gcc-9/README.Bugs --enable-languages=c ada c++ go brig d fortran objc obj-c++ gm2 --prefix=/usr --with-gcc-major-version-only --program-suffix=-9 --program-prefix=x86_64-linux-gnu- --enable-shared --enable-linker-build-id --libexecdir=/usr/lib --without-included-gettext --enable-threads=posix --libdir=/usr/lib --enable-nls --enable-clocale=gnu --enable-libstdcxx-debug --enable-libstdcxx-time=yes --with-default-libstdcxx-abi=new --enable-gnu-unique-object --disable-vtable-verify --enable-plugin --enable-default-pie --with-system-zlib --with-target-system-zlib=auto --enable-objc-gc=auto --enable-multiarch --disable-werror --with-arch-32=i686 --with-abi=m64 --with-multilib-list=m32 m64 mx32 --enable-multilib --with-tune=generic --enable-offload-targets=nvptx-none=/build/gcc-9-HskZEa/gcc-9-9.3.0/debian/tmp-nvptx/usr hsa --without-cuda-driver --enable-checking=release --build=x86_64-linux-gnu --host=x86_64-linux-gnu --target=x86_64-linux-gnu]
  ignore line: [Thread model: posix]
  ignore line: [gcc version 9.3.0 (Ubuntu 9.3.0-17ubuntu1~20.04) ]
  ignore line: [COLLECT_GCC_OPTIONS='-O2' '-I' '/workdir/openwrt/staging_dir/host/include' '-I' '/workdir/openwrt/staging_dir/hostpkg/include' '-I' '/workdir/openwrt/staging_dir/target-arm_cortex-a7+neon-vfpv4_musl_eabi/host/include' '-v' '-o' 'CMakeFiles/cmTC_bb96a.dir/CMakeCCompilerABI.c.o' '-c' '-mtune=generic' '-march=x86-64']
  ignore line: [ /usr/lib/gcc/x86_64-linux-gnu/9/cc1 -quiet -v -I /workdir/openwrt/staging_dir/host/include -I /workdir/openwrt/staging_dir/hostpkg/include -I /workdir/openwrt/staging_dir/target-arm_cortex-a7+neon-vfpv4_musl_eabi/host/include -imultiarch x86_64-linux-gnu /workdir/staging_dir/_p2w_r619ac-128m/host/share/cmake-3.21/Modules/CMakeCCompilerABI.c -quiet -dumpbase CMakeCCompilerABI.c -mtune=generic -march=x86-64 -auxbase-strip CMakeFiles/cmTC_bb96a.dir/CMakeCCompilerABI.c.o -O2 -version -fasynchronous-unwind-tables -fstack-protector-strong -Wformat -Wformat-security -fstack-clash-protection -fcf-protection -o /workdir/openwrt/tmp/ccZmtgnv.s]
  ignore line: [GNU C17 (Ubuntu 9.3.0-17ubuntu1~20.04) version 9.3.0 (x86_64-linux-gnu)]
  ignore line: [	compiled by GNU C version 9.3.0  GMP version 6.2.0  MPFR version 4.0.2  MPC version 1.1.0  isl version isl-0.22.1-GMP]
  ignore line: []
  ignore line: [GGC heuristics: --param ggc-min-expand=100 --param ggc-min-heapsize=131072]
  ignore line: [ignoring nonexistent directory "/usr/local/include/x86_64-linux-gnu"]
  ignore line: [ignoring nonexistent directory "/usr/lib/gcc/x86_64-linux-gnu/9/include-fixed"]
  ignore line: [ignoring nonexistent directory "/usr/lib/gcc/x86_64-linux-gnu/9/../../../../x86_64-linux-gnu/include"]
  ignore line: [ignoring nonexistent directory "/workdir/openwrt/staging_dir/target-arm_cortex-a7+neon-vfpv4_musl_eabi/host/include"]
  ignore line: [#include "..." search starts here:]
  ignore line: [#include <...> search starts here:]
  ignore line: [ /workdir/openwrt/staging_dir/host/include]
  ignore line: [ /workdir/openwrt/staging_dir/hostpkg/include]
  ignore line: [ /usr/lib/gcc/x86_64-linux-gnu/9/include]
  ignore line: [ /usr/local/include]
  ignore line: [ /usr/include/x86_64-linux-gnu]
  ignore line: [ /usr/include]
  ignore line: [End of search list.]
  ignore line: [GNU C17 (Ubuntu 9.3.0-17ubuntu1~20.04) version 9.3.0 (x86_64-linux-gnu)]
  ignore line: [	compiled by GNU C version 9.3.0  GMP version 6.2.0  MPFR version 4.0.2  MPC version 1.1.0  isl version isl-0.22.1-GMP]
  ignore line: []
  ignore line: [GGC heuristics: --param ggc-min-expand=100 --param ggc-min-heapsize=131072]
  ignore line: [Compiler executable checksum: bbf13931d8de1abe14040c9909cb6969]
  ignore line: [COLLECT_GCC_OPTIONS='-O2' '-I' '/workdir/openwrt/staging_dir/host/include' '-I' '/workdir/openwrt/staging_dir/hostpkg/include' '-I' '/workdir/openwrt/staging_dir/target-arm_cortex-a7+neon-vfpv4_musl_eabi/host/include' '-v' '-o' 'CMakeFiles/cmTC_bb96a.dir/CMakeCCompilerABI.c.o' '-c' '-mtune=generic' '-march=x86-64']
  ignore line: [ as -v -I /workdir/openwrt/staging_dir/host/include -I /workdir/openwrt/staging_dir/hostpkg/include -I /workdir/openwrt/staging_dir/target-arm_cortex-a7+neon-vfpv4_musl_eabi/host/include --64 -o CMakeFiles/cmTC_bb96a.dir/CMakeCCompilerABI.c.o /workdir/openwrt/tmp/ccZmtgnv.s]
  ignore line: [GNU assembler version 2.34 (x86_64-linux-gnu) using BFD version (GNU Binutils for Ubuntu) 2.34]
  ignore line: [COMPILER_PATH=/usr/lib/gcc/x86_64-linux-gnu/9/:/usr/lib/gcc/x86_64-linux-gnu/9/:/usr/lib/gcc/x86_64-linux-gnu/:/usr/lib/gcc/x86_64-linux-gnu/9/:/usr/lib/gcc/x86_64-linux-gnu/]
  ignore line: [LIBRARY_PATH=/usr/lib/gcc/x86_64-linux-gnu/9/:/usr/lib/gcc/x86_64-linux-gnu/9/../../../x86_64-linux-gnu/:/usr/lib/gcc/x86_64-linux-gnu/9/../../../../lib/:/lib/x86_64-linux-gnu/:/lib/../lib/:/usr/lib/x86_64-linux-gnu/:/usr/lib/../lib/:/usr/lib/gcc/x86_64-linux-gnu/9/../../../:/lib/:/usr/lib/]
  ignore line: [COLLECT_GCC_OPTIONS='-O2' '-I' '/workdir/openwrt/staging_dir/host/include' '-I' '/workdir/openwrt/staging_dir/hostpkg/include' '-I' '/workdir/openwrt/staging_dir/target-arm_cortex-a7+neon-vfpv4_musl_eabi/host/include' '-v' '-o' 'CMakeFiles/cmTC_bb96a.dir/CMakeCCompilerABI.c.o' '-c' '-mtune=generic' '-march=x86-64']
  ignore line: [[2/2] Linking C executable cmTC_bb96a]
  ignore line: [Using built-in specs.]
  ignore line: [COLLECT_GCC=/workdir/openwrt/staging_dir/host/bin/gcc]
  ignore line: [COLLECT_LTO_WRAPPER=/usr/lib/gcc/x86_64-linux-gnu/9/lto-wrapper]
  ignore line: [OFFLOAD_TARGET_NAMES=nvptx-none:hsa]
  ignore line: [OFFLOAD_TARGET_DEFAULT=1]
  ignore line: [Target: x86_64-linux-gnu]
  ignore line: [Configured with: ../src/configure -v --with-pkgversion='Ubuntu 9.3.0-17ubuntu1~20.04' --with-bugurl=file:///usr/share/doc/gcc-9/README.Bugs --enable-languages=c ada c++ go brig d fortran objc obj-c++ gm2 --prefix=/usr --with-gcc-major-version-only --program-suffix=-9 --program-prefix=x86_64-linux-gnu- --enable-shared --enable-linker-build-id --libexecdir=/usr/lib --without-included-gettext --enable-threads=posix --libdir=/usr/lib --enable-nls --enable-clocale=gnu --enable-libstdcxx-debug --enable-libstdcxx-time=yes --with-default-libstdcxx-abi=new --enable-gnu-unique-object --disable-vtable-verify --enable-plugin --enable-default-pie --with-system-zlib --with-target-system-zlib=auto --enable-objc-gc=auto --enable-multiarch --disable-werror --with-arch-32=i686 --with-abi=m64 --with-multilib-list=m32 m64 mx32 --enable-multilib --with-tune=generic --enable-offload-targets=nvptx-none=/build/gcc-9-HskZEa/gcc-9-9.3.0/debian/tmp-nvptx/usr hsa --without-cuda-driver --enable-checking=release --build=x86_64-linux-gnu --host=x86_64-linux-gnu --target=x86_64-linux-gnu]
  ignore line: [Thread model: posix]
  ignore line: [gcc version 9.3.0 (Ubuntu 9.3.0-17ubuntu1~20.04) ]
  ignore line: [COMPILER_PATH=/usr/lib/gcc/x86_64-linux-gnu/9/:/usr/lib/gcc/x86_64-linux-gnu/9/:/usr/lib/gcc/x86_64-linux-gnu/:/usr/lib/gcc/x86_64-linux-gnu/9/:/usr/lib/gcc/x86_64-linux-gnu/]
  ignore line: [LIBRARY_PATH=/usr/lib/gcc/x86_64-linux-gnu/9/:/usr/lib/gcc/x86_64-linux-gnu/9/../../../x86_64-linux-gnu/:/usr/lib/gcc/x86_64-linux-gnu/9/../../../../lib/:/lib/x86_64-linux-gnu/:/lib/../lib/:/usr/lib/x86_64-linux-gnu/:/usr/lib/../lib/:/usr/lib/gcc/x86_64-linux-gnu/9/../../../:/lib/:/usr/lib/]
  ignore line: [COLLECT_GCC_OPTIONS='-O2' '-I' '/workdir/openwrt/staging_dir/host/include' '-I' '/workdir/openwrt/staging_dir/hostpkg/include' '-I' '/workdir/openwrt/staging_dir/target-arm_cortex-a7+neon-vfpv4_musl_eabi/host/include' '-L/workdir/openwrt/staging_dir/host/lib' '-L/workdir/openwrt/staging_dir/hostpkg/lib' '-L/workdir/openwrt/staging_dir/target-arm_cortex-a7+neon-vfpv4_musl_eabi/host/lib' '-v' '-rdynamic' '-o' 'cmTC_bb96a' '-mtune=generic' '-march=x86-64']
  link line: [ /usr/lib/gcc/x86_64-linux-gnu/9/collect2 -plugin /usr/lib/gcc/x86_64-linux-gnu/9/liblto_plugin.so -plugin-opt=/usr/lib/gcc/x86_64-linux-gnu/9/lto-wrapper -plugin-opt=-fresolution=/workdir/openwrt/tmp/ccNQcGDQ.res -plugin-opt=-pass-through=-lgcc -plugin-opt=-pass-through=-lgcc_s -plugin-opt=-pass-through=-lc -plugin-opt=-pass-through=-lgcc -plugin-opt=-pass-through=-lgcc_s --build-id --eh-frame-hdr -m elf_x86_64 --hash-style=gnu --as-needed -export-dynamic -dynamic-linker /lib64/ld-linux-x86-64.so.2 -pie -z now -z relro -o cmTC_bb96a /usr/lib/gcc/x86_64-linux-gnu/9/../../../x86_64-linux-gnu/Scrt1.o /usr/lib/gcc/x86_64-linux-gnu/9/../../../x86_64-linux-gnu/crti.o /usr/lib/gcc/x86_64-linux-gnu/9/crtbeginS.o -L/workdir/openwrt/staging_dir/host/lib -L/workdir/openwrt/staging_dir/hostpkg/lib -L/workdir/openwrt/staging_dir/target-arm_cortex-a7+neon-vfpv4_musl_eabi/host/lib -L/usr/lib/gcc/x86_64-linux-gnu/9 -L/usr/lib/gcc/x86_64-linux-gnu/9/../../../x86_64-linux-gnu -L/usr/lib/gcc/x86_64-linux-gnu/9/../../../../lib -L/lib/x86_64-linux-gnu -L/lib/../lib -L/usr/lib/x86_64-linux-gnu -L/usr/lib/../lib -L/usr/lib/gcc/x86_64-linux-gnu/9/../../.. CMakeFiles/cmTC_bb96a.dir/CMakeCCompilerABI.c.o -lgcc --push-state --as-needed -lgcc_s --pop-state -lc -lgcc --push-state --as-needed -lgcc_s --pop-state /usr/lib/gcc/x86_64-linux-gnu/9/crtendS.o /usr/lib/gcc/x86_64-linux-gnu/9/../../../x86_64-linux-gnu/crtn.o]
    arg [/usr/lib/gcc/x86_64-linux-gnu/9/collect2] ==> ignore
    arg [-plugin] ==> ignore
    arg [/usr/lib/gcc/x86_64-linux-gnu/9/liblto_plugin.so] ==> ignore
    arg [-plugin-opt=/usr/lib/gcc/x86_64-linux-gnu/9/lto-wrapper] ==> ignore
    arg [-plugin-opt=-fresolution=/workdir/openwrt/tmp/ccNQcGDQ.res] ==> ignore
    arg [-plugin-opt=-pass-through=-lgcc] ==> ignore
    arg [-plugin-opt=-pass-through=-lgcc_s] ==> ignore
    arg [-plugin-opt=-pass-through=-lc] ==> ignore
    arg [-plugin-opt=-pass-through=-lgcc] ==> ignore
    arg [-plugin-opt=-pass-through=-lgcc_s] ==> ignore
    arg [--build-id] ==> ignore
    arg [--eh-frame-hdr] ==> ignore
    arg [-m] ==> ignore
    arg [elf_x86_64] ==> ignore
    arg [--hash-style=gnu] ==> ignore
    arg [--as-needed] ==> ignore
    arg [-export-dynamic] ==> ignore
    arg [-dynamic-linker] ==> ignore
    arg [/lib64/ld-linux-x86-64.so.2] ==> ignore
    arg [-pie] ==> ignore
    arg [-znow] ==> ignore
    arg [-zrelro] ==> ignore
    arg [-o] ==> ignore
    arg [cmTC_bb96a] ==> ignore
    arg [/usr/lib/gcc/x86_64-linux-gnu/9/../../../x86_64-linux-gnu/Scrt1.o] ==> obj [/usr/lib/gcc/x86_64-linux-gnu/9/../../../x86_64-linux-gnu/Scrt1.o]
    arg [/usr/lib/gcc/x86_64-linux-gnu/9/../../../x86_64-linux-gnu/crti.o] ==> obj [/usr/lib/gcc/x86_64-linux-gnu/9/../../../x86_64-linux-gnu/crti.o]
    arg [/usr/lib/gcc/x86_64-linux-gnu/9/crtbeginS.o] ==> obj [/usr/lib/gcc/x86_64-linux-gnu/9/crtbeginS.o]
    arg [-L/workdir/openwrt/staging_dir/host/lib] ==> dir [/workdir/openwrt/staging_dir/host/lib]
    arg [-L/workdir/openwrt/staging_dir/hostpkg/lib] ==> dir [/workdir/openwrt/staging_dir/hostpkg/lib]
    arg [-L/workdir/openwrt/staging_dir/target-arm_cortex-a7+neon-vfpv4_musl_eabi/host/lib] ==> dir [/workdir/openwrt/staging_dir/target-arm_cortex-a7+neon-vfpv4_musl_eabi/host/lib]
    arg [-L/usr/lib/gcc/x86_64-linux-gnu/9] ==> dir [/usr/lib/gcc/x86_64-linux-gnu/9]
    arg [-L/usr/lib/gcc/x86_64-linux-gnu/9/../../../x86_64-linux-gnu] ==> dir [/usr/lib/gcc/x86_64-linux-gnu/9/../../../x86_64-linux-gnu]
    arg [-L/usr/lib/gcc/x86_64-linux-gnu/9/../../../../lib] ==> dir [/usr/lib/gcc/x86_64-linux-gnu/9/../../../../lib]
    arg [-L/lib/x86_64-linux-gnu] ==> dir [/lib/x86_64-linux-gnu]
    arg [-L/lib/../lib] ==> dir [/lib/../lib]
    arg [-L/usr/lib/x86_64-linux-gnu] ==> dir [/usr/lib/x86_64-linux-gnu]
    arg [-L/usr/lib/../lib] ==> dir [/usr/lib/../lib]
    arg [-L/usr/lib/gcc/x86_64-linux-gnu/9/../../..] ==> dir [/usr/lib/gcc/x86_64-linux-gnu/9/../../..]
    arg [CMakeFiles/cmTC_bb96a.dir/CMakeCCompilerABI.c.o] ==> ignore
    arg [-lgcc] ==> lib [gcc]
    arg [--push-state] ==> ignore
    arg [--as-needed] ==> ignore
    arg [-lgcc_s] ==> lib [gcc_s]
    arg [--pop-state] ==> ignore
    arg [-lc] ==> lib [c]
    arg [-lgcc] ==> lib [gcc]
    arg [--push-state] ==> ignore
    arg [--as-needed] ==> ignore
    arg [-lgcc_s] ==> lib [gcc_s]
    arg [--pop-state] ==> ignore
    arg [/usr/lib/gcc/x86_64-linux-gnu/9/crtendS.o] ==> obj [/usr/lib/gcc/x86_64-linux-gnu/9/crtendS.o]
    arg [/usr/lib/gcc/x86_64-linux-gnu/9/../../../x86_64-linux-gnu/crtn.o] ==> obj [/usr/lib/gcc/x86_64-linux-gnu/9/../../../x86_64-linux-gnu/crtn.o]
  collapse obj [/usr/lib/gcc/x86_64-linux-gnu/9/../../../x86_64-linux-gnu/Scrt1.o] ==> [/usr/lib/x86_64-linux-gnu/Scrt1.o]
  collapse obj [/usr/lib/gcc/x86_64-linux-gnu/9/../../../x86_64-linux-gnu/crti.o] ==> [/usr/lib/x86_64-linux-gnu/crti.o]
  collapse obj [/usr/lib/gcc/x86_64-linux-gnu/9/../../../x86_64-linux-gnu/crtn.o] ==> [/usr/lib/x86_64-linux-gnu/crtn.o]
  collapse library dir [/workdir/openwrt/staging_dir/host/lib] ==> [/workdir/openwrt/staging_dir/host/lib]
  collapse library dir [/workdir/openwrt/staging_dir/hostpkg/lib] ==> [/workdir/openwrt/staging_dir/hostpkg/lib]
  collapse library dir [/workdir/openwrt/staging_dir/target-arm_cortex-a7+neon-vfpv4_musl_eabi/host/lib] ==> [/workdir/openwrt/staging_dir/target-arm_cortex-a7+neon-vfpv4_musl_eabi/host/lib]
  collapse library dir [/usr/lib/gcc/x86_64-linux-gnu/9] ==> [/usr/lib/gcc/x86_64-linux-gnu/9]
  collapse library dir [/usr/lib/gcc/x86_64-linux-gnu/9/../../../x86_64-linux-gnu] ==> [/usr/lib/x86_64-linux-gnu]
  collapse library dir [/usr/lib/gcc/x86_64-linux-gnu/9/../../../../lib] ==> [/usr/lib]
  collapse library dir [/lib/x86_64-linux-gnu] ==> [/lib/x86_64-linux-gnu]
  collapse library dir [/lib/../lib] ==> [/lib]
  collapse library dir [/usr/lib/x86_64-linux-gnu] ==> [/usr/lib/x86_64-linux-gnu]
  collapse library dir [/usr/lib/../lib] ==> [/usr/lib]
  collapse library dir [/usr/lib/gcc/x86_64-linux-gnu/9/../../..] ==> [/usr/lib]
  implicit libs: [gcc;gcc_s;c;gcc;gcc_s]
  implicit objs: [/usr/lib/x86_64-linux-gnu/Scrt1.o;/usr/lib/x86_64-linux-gnu/crti.o;/usr/lib/gcc/x86_64-linux-gnu/9/crtbeginS.o;/usr/lib/gcc/x86_64-linux-gnu/9/crtendS.o;/usr/lib/x86_64-linux-gnu/crtn.o]
  implicit dirs: [/workdir/openwrt/staging_dir/host/lib;/workdir/openwrt/staging_dir/hostpkg/lib;/workdir/openwrt/staging_dir/target-arm_cortex-a7+neon-vfpv4_musl_eabi/host/lib;/usr/lib/gcc/x86_64-linux-gnu/9;/usr/lib/x86_64-linux-gnu;/usr/lib;/lib/x86_64-linux-gnu;/lib]
  implicit fwks: []


Determining if the include file dlfcn.h exists passed with the following output:
Change Dir: /workdir/openwrt/build_dir/hostpkg/expat-2.4.1/CMakeFiles/CMakeTmp

Run Build Command(s):/workdir/openwrt/staging_dir/host/bin/ninja cmTC_d6e14 && [1/2] Building C object CMakeFiles/cmTC_d6e14.dir/CheckIncludeFile.c.o
[2/2] Linking C executable cmTC_d6e14



Determining if the include file fcntl.h exists passed with the following output:
Change Dir: /workdir/openwrt/build_dir/hostpkg/expat-2.4.1/CMakeFiles/CMakeTmp

Run Build Command(s):/workdir/openwrt/staging_dir/host/bin/ninja cmTC_07bbc && [1/2] Building C object CMakeFiles/cmTC_07bbc.dir/CheckIncludeFile.c.o
[2/2] Linking C executable cmTC_07bbc



Determining if the include file inttypes.h exists passed with the following output:
Change Dir: /workdir/openwrt/build_dir/hostpkg/expat-2.4.1/CMakeFiles/CMakeTmp

Run Build Command(s):/workdir/openwrt/staging_dir/host/bin/ninja cmTC_ce703 && [1/2] Building C object CMakeFiles/cmTC_ce703.dir/CheckIncludeFile.c.o
[2/2] Linking C executable cmTC_ce703



Determining if the include file memory.h exists passed with the following output:
Change Dir: /workdir/openwrt/build_dir/hostpkg/expat-2.4.1/CMakeFiles/CMakeTmp

Run Build Command(s):/workdir/openwrt/staging_dir/host/bin/ninja cmTC_c5b13 && [1/2] Building C object CMakeFiles/cmTC_c5b13.dir/CheckIncludeFile.c.o
[2/2] Linking C executable cmTC_c5b13



Determining if the include file stdint.h exists passed with the following output:
Change Dir: /workdir/openwrt/build_dir/hostpkg/expat-2.4.1/CMakeFiles/CMakeTmp

Run Build Command(s):/workdir/openwrt/staging_dir/host/bin/ninja cmTC_3553a && [1/2] Building C object CMakeFiles/cmTC_3553a.dir/CheckIncludeFile.c.o
[2/2] Linking C executable cmTC_3553a



Determining if the include file stdlib.h exists passed with the following output:
Change Dir: /workdir/openwrt/build_dir/hostpkg/expat-2.4.1/CMakeFiles/CMakeTmp

Run Build Command(s):/workdir/openwrt/staging_dir/host/bin/ninja cmTC_38422 && [1/2] Building C object CMakeFiles/cmTC_38422.dir/CheckIncludeFile.c.o
[2/2] Linking C executable cmTC_38422



Determining if the include file strings.h exists passed with the following output:
Change Dir: /workdir/openwrt/build_dir/hostpkg/expat-2.4.1/CMakeFiles/CMakeTmp

Run Build Command(s):/workdir/openwrt/staging_dir/host/bin/ninja cmTC_c5190 && [1/2] Building C object CMakeFiles/cmTC_c5190.dir/CheckIncludeFile.c.o
[2/2] Linking C executable cmTC_c5190



Determining if the include file string.h exists passed with the following output:
Change Dir: /workdir/openwrt/build_dir/hostpkg/expat-2.4.1/CMakeFiles/CMakeTmp

Run Build Command(s):/workdir/openwrt/staging_dir/host/bin/ninja cmTC_a6a89 && [1/2] Building C object CMakeFiles/cmTC_a6a89.dir/CheckIncludeFile.c.o
[2/2] Linking C executable cmTC_a6a89



Determining if the include file sys/stat.h exists passed with the following output:
Change Dir: /workdir/openwrt/build_dir/hostpkg/expat-2.4.1/CMakeFiles/CMakeTmp

Run Build Command(s):/workdir/openwrt/staging_dir/host/bin/ninja cmTC_4fa15 && [1/2] Building C object CMakeFiles/cmTC_4fa15.dir/CheckIncludeFile.c.o
[2/2] Linking C executable cmTC_4fa15



Determining if the include file sys/types.h exists passed with the following output:
Change Dir: /workdir/openwrt/build_dir/hostpkg/expat-2.4.1/CMakeFiles/CMakeTmp

Run Build Command(s):/workdir/openwrt/staging_dir/host/bin/ninja cmTC_b2315 && [1/2] Building C object CMakeFiles/cmTC_b2315.dir/CheckIncludeFile.c.o
[2/2] Linking C executable cmTC_b2315



Determining if the include file unistd.h exists passed with the following output:
Change Dir: /workdir/openwrt/build_dir/hostpkg/expat-2.4.1/CMakeFiles/CMakeTmp

Run Build Command(s):/workdir/openwrt/staging_dir/host/bin/ninja cmTC_64712 && [1/2] Building C object CMakeFiles/cmTC_64712.dir/CheckIncludeFile.c.o
[2/2] Linking C executable cmTC_64712



Determining if the getpagesize exist passed with the following output:
Change Dir: /workdir/openwrt/build_dir/hostpkg/expat-2.4.1/CMakeFiles/CMakeTmp

Run Build Command(s):/workdir/openwrt/staging_dir/host/bin/ninja cmTC_40eb6 && [1/2] Building C object CMakeFiles/cmTC_40eb6.dir/CheckSymbolExists.c.o
[2/2] Linking C executable cmTC_40eb6


File /workdir/openwrt/build_dir/hostpkg/expat-2.4.1/CMakeFiles/CMakeTmp/CheckSymbolExists.c:
/* */
#include <unistd.h>

int main(int argc, char** argv)
{
  (void)argv;
#ifndef getpagesize
  return ((int*)(&getpagesize))[argc];
#else
  (void)argc;
  return 0;
#endif
}
Determining if the mmap exist passed with the following output:
Change Dir: /workdir/openwrt/build_dir/hostpkg/expat-2.4.1/CMakeFiles/CMakeTmp

Run Build Command(s):/workdir/openwrt/staging_dir/host/bin/ninja cmTC_f6421 && [1/2] Building C object CMakeFiles/cmTC_f6421.dir/CheckSymbolExists.c.o
[2/2] Linking C executable cmTC_f6421


File /workdir/openwrt/build_dir/hostpkg/expat-2.4.1/CMakeFiles/CMakeTmp/CheckSymbolExists.c:
/* */
#include <sys/mman.h>

int main(int argc, char** argv)
{
  (void)argv;
#ifndef mmap
  return ((int*)(&mmap))[argc];
#else
  (void)argc;
  return 0;
#endif
}
Determining if the getrandom exist passed with the following output:
Change Dir: /workdir/openwrt/build_dir/hostpkg/expat-2.4.1/CMakeFiles/CMakeTmp

Run Build Command(s):/workdir/openwrt/staging_dir/host/bin/ninja cmTC_2b4a1 && [1/2] Building C object CMakeFiles/cmTC_2b4a1.dir/CheckSymbolExists.c.o
[2/2] Linking C executable cmTC_2b4a1


File /workdir/openwrt/build_dir/hostpkg/expat-2.4.1/CMakeFiles/CMakeTmp/CheckSymbolExists.c:
/* */
#include <sys/random.h>

int main(int argc, char** argv)
{
  (void)argv;
#ifndef getrandom
  return ((int*)(&getrandom))[argc];
#else
  (void)argc;
  return 0;
#endif
}
Determining if files stdlib.h;stdarg.h;string.h;float.h exist passed with the following output:
Change Dir: /workdir/openwrt/build_dir/hostpkg/expat-2.4.1/CMakeFiles/CMakeTmp

Run Build Command(s):/workdir/openwrt/staging_dir/host/bin/ninja cmTC_9c346 && [1/2] Building C object CMakeFiles/cmTC_9c346.dir/STDC_HEADERS.c.o
[2/2] Linking C executable cmTC_9c346



Performing C SOURCE FILE Test HAVE_SYSCALL_GETRANDOM succeeded with the following output:
Change Dir: /workdir/openwrt/build_dir/hostpkg/expat-2.4.1/CMakeFiles/CMakeTmp

Run Build Command(s):/workdir/openwrt/staging_dir/host/bin/ninja cmTC_a7205 && [1/2] Building C object CMakeFiles/cmTC_a7205.dir/src.c.o
[2/2] Linking C executable cmTC_a7205


Source file was:

        #include <stdlib.h>  /* for NULL */
        #include <unistd.h>  /* for syscall */
        #include <sys/syscall.h>  /* for SYS_getrandom */
        int main() {
            syscall(SYS_getrandom, NULL, 0, 0);
            return 0;
        }
Performing C SOURCE FILE Test FLAG_NO_STRICT_ALIASING succeeded with the following output:
Change Dir: /workdir/openwrt/build_dir/hostpkg/expat-2.4.1/CMakeFiles/CMakeTmp

Run Build Command(s):/workdir/openwrt/staging_dir/host/bin/ninja cmTC_24ad8 && [1/2] Building C object CMakeFiles/cmTC_24ad8.dir/src.c.o
[2/2] Linking C executable cmTC_24ad8


Source file was:
int main(void) { return 0; }
Performing C SOURCE FILE Test FLAG_VISIBILITY succeeded with the following output:
Change Dir: /workdir/openwrt/build_dir/hostpkg/expat-2.4.1/CMakeFiles/CMakeTmp

Run Build Command(s):/workdir/openwrt/staging_dir/host/bin/ninja cmTC_a8cb7 && [1/2] Building C object CMakeFiles/cmTC_a8cb7.dir/src.c.o
[2/2] Linking C executable cmTC_a8cb7


Source file was:
int main(void) { return 0; }
