This file contains any messages produced by compilers while
running configure, to aid debugging if configure makes a mistake.

It was created by opcodes configure 2.35.2, which was
generated by GNU Autoconf 2.69.  Invocation command line was

  $ /workdir/build_dir/_p2w_r619ac-128m/target-arm_cortex-a7+neon-vfpv4_musl_eabi/binutils-2.35.2/opcodes/configure --srcdir=.././opcodes --cache-file=./config.cache --with-gnu-as --with-gnu-ld --prefix=/usr --exec-prefix=/usr --bindir=/usr/bin --sbindir=/usr/sbin --libexecdir=/usr/lib --sysconfdir=/etc --datadir=/usr/share --localstatedir=/var --mandir=/usr/man --infodir=/usr/info --disable-nls --enable-shared --enable-install-libiberty --enable-install-libbfd --enable-install-libctf --program-transform-name=s&$&&;s&^&& --disable-option-checking --build=x86_64-pc-linux-gnu --host=arm-openwrt-linux-muslgnueabi --target=arm-openwrt-linux-muslgnueabi

## --------- ##
## Platform. ##
## --------- ##

hostname = fv-az152-677
uname -m = x86_64
uname -r = 5.11.0-1020-azure
uname -s = Linux
uname -v = #21~20.04.1-Ubuntu SMP Mon Oct 11 18:54:28 UTC 2021

/usr/bin/uname -p = x86_64
/bin/uname -X     = unknown

/bin/arch              = x86_64
/usr/bin/arch -k       = unknown
/usr/convex/getsysinfo = unknown
/usr/bin/hostinfo      = unknown
/bin/machine           = unknown
/usr/bin/oslevel       = unknown
/bin/universe          = unknown

PATH: /workdir/openwrt/staging_dir/target-arm_cortex-a7+neon-vfpv4_musl_eabi/host/bin
PATH: /workdir/openwrt/staging_dir/hostpkg/bin
PATH: /workdir/openwrt/staging_dir/toolchain-arm_cortex-a7+neon-vfpv4_gcc-8.4.0_musl_eabi/bin
PATH: /workdir/openwrt/staging_dir/toolchain-arm_cortex-a7+neon-vfpv4_gcc-8.4.0_musl_eabi/bin
PATH: /workdir/openwrt/staging_dir/host/bin
PATH: /workdir/openwrt/staging_dir/toolchain-arm_cortex-a7+neon-vfpv4_gcc-8.4.0_musl_eabi/bin
PATH: /workdir/openwrt/staging_dir/host/bin
PATH: /workdir/openwrt/staging_dir/host/bin
PATH: /home/linuxbrew/.linuxbrew/bin
PATH: /home/linuxbrew/.linuxbrew/sbin
PATH: /home/runner/.local/bin
PATH: /opt/pipx_bin
PATH: /usr/share/rust/.cargo/bin
PATH: /home/runner/.config/composer/vendor/bin
PATH: /usr/local/.ghcup/bin
PATH: /home/runner/.dotnet/tools
PATH: /snap/bin
PATH: /usr/local/sbin
PATH: /usr/local/bin
PATH: /usr/sbin
PATH: /usr/bin
PATH: /sbin
PATH: /bin
PATH: /usr/games
PATH: /usr/local/games
PATH: /snap/bin


## ----------- ##
## Core tests. ##
## ----------- ##

configure:2201: loading site script /workdir/openwrt/include/site/arm
| #!/bin/sh
| . $TOPDIR/include/site/linux
| ac_cv_c_littleendian=${ac_cv_c_littleendian=yes}
| ac_cv_c_bigendian=${ac_cv_c_bigendian=no}
| 
| ac_cv_sizeof___int64=0
| ac_cv_sizeof_char=1
| ac_cv_sizeof_int=4
| ac_cv_sizeof_int16_t=2
| ac_cv_sizeof_int32_t=4
| ac_cv_sizeof_int64_t=8
| ac_cv_sizeof_long_int=4
| ac_cv_sizeof_long_long=8
| ac_cv_sizeof_long=4
| ac_cv_sizeof_off_t=8
| ac_cv_sizeof_short_int=2
| ac_cv_sizeof_short=2
| ac_cv_sizeof_size_t=4
| ac_cv_sizeof_ssize_t=4
| ac_cv_sizeof_u_int16_t=2
| ac_cv_sizeof_u_int32_t=4
| ac_cv_sizeof_u_int64_t=8
| ac_cv_sizeof_uint16_t=2
| ac_cv_sizeof_uint32_t=4
| ac_cv_sizeof_uint64_t=8
| ac_cv_sizeof_unsigned_int=4
| ac_cv_sizeof_unsigned_long=4
| ac_cv_sizeof_unsigned_long_long=8
| ac_cv_sizeof_unsigned_short=2
| ac_cv_sizeof_void_p=4
configure:2224: creating cache ./config.cache
configure:2335: checking build system type
configure:2349: result: x86_64-pc-linux-gnu
configure:2369: checking host system type
configure:2382: result: arm-openwrt-linux-muslgnueabi
configure:2402: checking target system type
configure:2415: result: arm-openwrt-linux-muslgnueabi
configure:2452: checking for arm-openwrt-linux-muslgnueabi-gcc
configure:2479: result: arm-openwrt-linux-muslgnueabi-gcc
configure:2748: checking for C compiler version
configure:2757: arm-openwrt-linux-muslgnueabi-gcc --version >&5
arm-openwrt-linux-muslgnueabi-gcc (OpenWrt GCC 8.4.0 r3881-e65535d3c) 8.4.0
Copyright (C) 2018 Free Software Foundation, Inc.
This is free software; see the source for copying conditions.  There is NO
warranty; not even for MERCHANTABILITY or FITNESS FOR A PARTICULAR PURPOSE.

configure:2768: $? = 0
configure:2757: arm-openwrt-linux-muslgnueabi-gcc -v >&5
Reading specs from /workdir/staging_dir/_p2w_r619ac-128m/toolchain-arm_cortex-a7+neon-vfpv4_gcc-8.4.0_musl_eabi/bin/../lib/gcc/arm-openwrt-linux-muslgnueabi/8.4.0/specs
COLLECT_GCC=arm-openwrt-linux-muslgnueabi-gcc
COLLECT_LTO_WRAPPER=/workdir/staging_dir/_p2w_r619ac-128m/toolchain-arm_cortex-a7+neon-vfpv4_gcc-8.4.0_musl_eabi/bin/../libexec/gcc/arm-openwrt-linux-muslgnueabi/8.4.0/lto-wrapper
Target: arm-openwrt-linux-muslgnueabi
Configured with: /workdir/openwrt/build_dir/toolchain-arm_cortex-a7+neon-vfpv4_gcc-8.4.0_musl_eabi/gcc-8.4.0/configure --with-bugurl=http://bugs.openwrt.org/ --with-pkgversion='OpenWrt GCC 8.4.0 r3881-e65535d3c' --prefix=/workdir/openwrt/staging_dir/toolchain-arm_cortex-a7+neon-vfpv4_gcc-8.4.0_musl_eabi --build=x86_64-pc-linux-gnu --host=x86_64-pc-linux-gnu --target=arm-openwrt-linux-muslgnueabi --with-gnu-ld --enable-target-optspace --disable-libgomp --disable-libmudflap --disable-multilib --disable-libmpx --disable-nls --disable-libssp --without-isl --without-cloog --with-host-libstdcxx=-lstdc++ --with-gmp=/workdir/openwrt/staging_dir/host --with-mpfr=/workdir/openwrt/staging_dir/host --with-mpc=/workdir/openwrt/staging_dir/host --disable-decimal-float --with-diagnostics-color=auto-if-env --enable-__cxa_atexit --disable-libstdcxx-dual-abi --with-default-libstdcxx-abi=new --with-cpu=cortex-a7 --with-fpu=neon-vfpv4 --with-float=hard --with-headers=/workdir/openwrt/staging_dir/toolchain-arm_cortex-a7+neon-vfpv4_gcc-8.4.0_musl_eabi/include --enable-languages=c,c++ --enable-shared --enable-threads --with-slibdir=/workdir/openwrt/staging_dir/toolchain-arm_cortex-a7+neon-vfpv4_gcc-8.4.0_musl_eabi/lib --enable-lto --with-libelf=/workdir/openwrt/staging_dir/host --disable-libsanitizer
Thread model: posix
gcc version 8.4.0 (OpenWrt GCC 8.4.0 r3881-e65535d3c) 
configure:2768: $? = 0
configure:2757: arm-openwrt-linux-muslgnueabi-gcc -V >&5
arm-openwrt-linux-muslgnueabi-gcc: error: unrecognized command line option '-V'
arm-openwrt-linux-muslgnueabi-gcc: fatal error: no input files
compilation terminated.
configure:2768: $? = 1
configure:2757: arm-openwrt-linux-muslgnueabi-gcc -qversion >&5
arm-openwrt-linux-muslgnueabi-gcc: error: unrecognized command line option '-qversion'; did you mean '--version'?
arm-openwrt-linux-muslgnueabi-gcc: fatal error: no input files
compilation terminated.
configure:2768: $? = 1
configure:2788: checking whether the C compiler works
configure:2810: arm-openwrt-linux-muslgnueabi-gcc -Os -pipe -fno-caller-saves -fno-plt -fhonour-copts -Wno-error=unused-but-set-variable -Wno-error=unused-result -mfloat-abi=hard -I/workdir/openwrt/staging_dir/target-arm_cortex-a7+neon-vfpv4_musl_eabi/usr/lib/libiconv-stub/include -I/workdir/openwrt/staging_dir/target-arm_cortex-a7+neon-vfpv4_musl_eabi/usr/lib/libintl-stub/include -fmacro-prefix-map=/workdir/openwrt/build_dir/target-arm_cortex-a7+neon-vfpv4_musl_eabi/binutils-2.35.2=binutils-2.35.2 -Wformat -Werror=format-security -fstack-protector -D_FORTIFY_SOURCE=1 -Wl,-z,now -Wl,-z,relro -DPIC -fpic -Wno-unused-value    -L/workdir/openwrt/staging_dir/toolchain-arm_cortex-a7+neon-vfpv4_gcc-8.4.0_musl_eabi/usr/lib -L/workdir/openwrt/staging_dir/toolchain-arm_cortex-a7+neon-vfpv4_gcc-8.4.0_musl_eabi/lib -L/workdir/openwrt/staging_dir/target-arm_cortex-a7+neon-vfpv4_musl_eabi/usr/lib/libiconv-stub/lib -Wl,-rpath-link=/workdir/openwrt/staging_dir/target-arm_cortex-a7+neon-vfpv4_musl_eabi/usr/lib/libiconv-stub/lib -L/workdir/openwrt/staging_dir/target-arm_cortex-a7+neon-vfpv4_musl_eabi/usr/lib/libintl-stub/lib -Wl,-rpath-link=/workdir/openwrt/staging_dir/target-arm_cortex-a7+neon-vfpv4_musl_eabi/usr/lib/libintl-stub/lib -znow -zrelro   conftest.c  >&5
configure:2814: $? = 0
configure:2862: result: yes
configure:2865: checking for C compiler default output file name
configure:2867: result: a.out
configure:2873: checking for suffix of executables
configure:2880: arm-openwrt-linux-muslgnueabi-gcc -o conftest -Os -pipe -fno-caller-saves -fno-plt -fhonour-copts -Wno-error=unused-but-set-variable -Wno-error=unused-result -mfloat-abi=hard -I/workdir/openwrt/staging_dir/target-arm_cortex-a7+neon-vfpv4_musl_eabi/usr/lib/libiconv-stub/include -I/workdir/openwrt/staging_dir/target-arm_cortex-a7+neon-vfpv4_musl_eabi/usr/lib/libintl-stub/include -fmacro-prefix-map=/workdir/openwrt/build_dir/target-arm_cortex-a7+neon-vfpv4_musl_eabi/binutils-2.35.2=binutils-2.35.2 -Wformat -Werror=format-security -fstack-protector -D_FORTIFY_SOURCE=1 -Wl,-z,now -Wl,-z,relro -DPIC -fpic -Wno-unused-value    -L/workdir/openwrt/staging_dir/toolchain-arm_cortex-a7+neon-vfpv4_gcc-8.4.0_musl_eabi/usr/lib -L/workdir/openwrt/staging_dir/toolchain-arm_cortex-a7+neon-vfpv4_gcc-8.4.0_musl_eabi/lib -L/workdir/openwrt/staging_dir/target-arm_cortex-a7+neon-vfpv4_musl_eabi/usr/lib/libiconv-stub/lib -Wl,-rpath-link=/workdir/openwrt/staging_dir/target-arm_cortex-a7+neon-vfpv4_musl_eabi/usr/lib/libiconv-stub/lib -L/workdir/openwrt/staging_dir/target-arm_cortex-a7+neon-vfpv4_musl_eabi/usr/lib/libintl-stub/lib -Wl,-rpath-link=/workdir/openwrt/staging_dir/target-arm_cortex-a7+neon-vfpv4_musl_eabi/usr/lib/libintl-stub/lib -znow -zrelro   conftest.c  >&5
configure:2884: $? = 0
configure:2906: result: 
configure:2928: checking whether we are cross compiling
configure:2966: result: yes
configure:2971: checking for suffix of object files
configure:2993: arm-openwrt-linux-muslgnueabi-gcc -c -Os -pipe -fno-caller-saves -fno-plt -fhonour-copts -Wno-error=unused-but-set-variable -Wno-error=unused-result -mfloat-abi=hard -I/workdir/openwrt/staging_dir/target-arm_cortex-a7+neon-vfpv4_musl_eabi/usr/lib/libiconv-stub/include -I/workdir/openwrt/staging_dir/target-arm_cortex-a7+neon-vfpv4_musl_eabi/usr/lib/libintl-stub/include -fmacro-prefix-map=/workdir/openwrt/build_dir/target-arm_cortex-a7+neon-vfpv4_musl_eabi/binutils-2.35.2=binutils-2.35.2 -Wformat -Werror=format-security -fstack-protector -D_FORTIFY_SOURCE=1 -Wl,-z,now -Wl,-z,relro -DPIC -fpic -Wno-unused-value   conftest.c >&5
configure:2997: $? = 0
configure:3018: result: o
configure:3022: checking whether we are using the GNU C compiler
configure:3041: arm-openwrt-linux-muslgnueabi-gcc -c -Os -pipe -fno-caller-saves -fno-plt -fhonour-copts -Wno-error=unused-but-set-variable -Wno-error=unused-result -mfloat-abi=hard -I/workdir/openwrt/staging_dir/target-arm_cortex-a7+neon-vfpv4_musl_eabi/usr/lib/libiconv-stub/include -I/workdir/openwrt/staging_dir/target-arm_cortex-a7+neon-vfpv4_musl_eabi/usr/lib/libintl-stub/include -fmacro-prefix-map=/workdir/openwrt/build_dir/target-arm_cortex-a7+neon-vfpv4_musl_eabi/binutils-2.35.2=binutils-2.35.2 -Wformat -Werror=format-security -fstack-protector -D_FORTIFY_SOURCE=1 -Wl,-z,now -Wl,-z,relro -DPIC -fpic -Wno-unused-value   conftest.c >&5
configure:3041: $? = 0
configure:3050: result: yes
configure:3059: checking whether arm-openwrt-linux-muslgnueabi-gcc accepts -g
configure:3079: arm-openwrt-linux-muslgnueabi-gcc -c -g  conftest.c >&5
cc1: note: someone does not honour COPTS correctly, passed 0 times
configure:3079: $? = 0
configure: failed program was:
| /* confdefs.h */
| #define PACKAGE_NAME "opcodes"
| #define PACKAGE_TARNAME "opcodes"
| #define PACKAGE_VERSION "2.35.2"
| #define PACKAGE_STRING "opcodes 2.35.2"
| #define PACKAGE_BUGREPORT ""
| #define PACKAGE_URL ""
| /* end confdefs.h.  */
| 
| int
| main ()
| {
| 
|   ;
|   return 0;
| }
configure:3094: arm-openwrt-linux-muslgnueabi-gcc -c   conftest.c >&5
cc1: note: someone does not honour COPTS correctly, passed 0 times
configure:3094: $? = 0
configure: failed program was:
| /* confdefs.h */
| #define PACKAGE_NAME "opcodes"
| #define PACKAGE_TARNAME "opcodes"
| #define PACKAGE_VERSION "2.35.2"
| #define PACKAGE_STRING "opcodes 2.35.2"
| #define PACKAGE_BUGREPORT ""
| #define PACKAGE_URL ""
| /* end confdefs.h.  */
| 
| int
| main ()
| {
| 
|   ;
|   return 0;
| }
configure:3110: arm-openwrt-linux-muslgnueabi-gcc -c -g  conftest.c >&5
cc1: note: someone does not honour COPTS correctly, passed 0 times
configure:3110: $? = 0
configure:3120: result: yes
configure:3137: checking for arm-openwrt-linux-muslgnueabi-gcc option to accept ISO C89
configure:3200: arm-openwrt-linux-muslgnueabi-gcc  -c -Os -pipe -fno-caller-saves -fno-plt -fhonour-copts -Wno-error=unused-but-set-variable -Wno-error=unused-result -mfloat-abi=hard -I/workdir/openwrt/staging_dir/target-arm_cortex-a7+neon-vfpv4_musl_eabi/usr/lib/libiconv-stub/include -I/workdir/openwrt/staging_dir/target-arm_cortex-a7+neon-vfpv4_musl_eabi/usr/lib/libintl-stub/include -fmacro-prefix-map=/workdir/openwrt/build_dir/target-arm_cortex-a7+neon-vfpv4_musl_eabi/binutils-2.35.2=binutils-2.35.2 -Wformat -Werror=format-security -fstack-protector -D_FORTIFY_SOURCE=1 -Wl,-z,now -Wl,-z,relro -DPIC -fpic -Wno-unused-value   conftest.c >&5
configure:3200: $? = 0
configure:3213: result: none needed
configure:3238: checking whether arm-openwrt-linux-muslgnueabi-gcc understands -c and -o together
configure:3260: arm-openwrt-linux-muslgnueabi-gcc -c conftest.c -o conftest2.o
cc1: note: someone does not honour COPTS correctly, passed 0 times
configure:3263: $? = 0
configure:3260: arm-openwrt-linux-muslgnueabi-gcc -c conftest.c -o conftest2.o
cc1: note: someone does not honour COPTS correctly, passed 0 times
configure:3263: $? = 0
configure:3275: result: yes
configure:3293: checking for library containing strerror
configure:3324: arm-openwrt-linux-muslgnueabi-gcc -o conftest -Os -pipe -fno-caller-saves -fno-plt -fhonour-copts -Wno-error=unused-but-set-variable -Wno-error=unused-result -mfloat-abi=hard -I/workdir/openwrt/staging_dir/target-arm_cortex-a7+neon-vfpv4_musl_eabi/usr/lib/libiconv-stub/include -I/workdir/openwrt/staging_dir/target-arm_cortex-a7+neon-vfpv4_musl_eabi/usr/lib/libintl-stub/include -fmacro-prefix-map=/workdir/openwrt/build_dir/target-arm_cortex-a7+neon-vfpv4_musl_eabi/binutils-2.35.2=binutils-2.35.2 -Wformat -Werror=format-security -fstack-protector -D_FORTIFY_SOURCE=1 -Wl,-z,now -Wl,-z,relro -DPIC -fpic -Wno-unused-value    -L/workdir/openwrt/staging_dir/toolchain-arm_cortex-a7+neon-vfpv4_gcc-8.4.0_musl_eabi/usr/lib -L/workdir/openwrt/staging_dir/toolchain-arm_cortex-a7+neon-vfpv4_gcc-8.4.0_musl_eabi/lib -L/workdir/openwrt/staging_dir/target-arm_cortex-a7+neon-vfpv4_musl_eabi/usr/lib/libiconv-stub/lib -Wl,-rpath-link=/workdir/openwrt/staging_dir/target-arm_cortex-a7+neon-vfpv4_musl_eabi/usr/lib/libiconv-stub/lib -L/workdir/openwrt/staging_dir/target-arm_cortex-a7+neon-vfpv4_musl_eabi/usr/lib/libintl-stub/lib -Wl,-rpath-link=/workdir/openwrt/staging_dir/target-arm_cortex-a7+neon-vfpv4_musl_eabi/usr/lib/libintl-stub/lib -znow -zrelro   conftest.c  >&5
configure:3324: $? = 0
configure:3341: result: none required
configure:3366: checking for a BSD-compatible install
configure:3434: result: /workdir/openwrt/staging_dir/host/bin/install -c
configure:3445: checking whether build environment is sane
configure:3500: result: yes
configure:3554: checking for arm-openwrt-linux-muslgnueabi-strip
configure:3581: result: arm-openwrt-linux-muslgnueabi-strip
configure:3646: checking for a thread-safe mkdir -p
configure:3685: result: /usr/bin/mkdir -p
configure:3692: checking for gawk
configure:3719: result: gawk
configure:3730: checking whether make sets $(MAKE)
configure:3752: result: yes
configure:3782: checking for style of include used by make
configure:3810: result: GNU
configure:3844: checking whether make supports nested variables
configure:3861: result: yes
configure:3946: checking dependency style of arm-openwrt-linux-muslgnueabi-gcc
configure:4057: result: gcc3
configure:4124: checking for arm-openwrt-linux-muslgnueabi-gcc
configure:4151: result: arm-openwrt-linux-muslgnueabi-gcc
configure:4420: checking for C compiler version
configure:4429: arm-openwrt-linux-muslgnueabi-gcc --version >&5
arm-openwrt-linux-muslgnueabi-gcc (OpenWrt GCC 8.4.0 r3881-e65535d3c) 8.4.0
Copyright (C) 2018 Free Software Foundation, Inc.
This is free software; see the source for copying conditions.  There is NO
warranty; not even for MERCHANTABILITY or FITNESS FOR A PARTICULAR PURPOSE.

configure:4440: $? = 0
configure:4429: arm-openwrt-linux-muslgnueabi-gcc -v >&5
Reading specs from /workdir/staging_dir/_p2w_r619ac-128m/toolchain-arm_cortex-a7+neon-vfpv4_gcc-8.4.0_musl_eabi/bin/../lib/gcc/arm-openwrt-linux-muslgnueabi/8.4.0/specs
COLLECT_GCC=arm-openwrt-linux-muslgnueabi-gcc
COLLECT_LTO_WRAPPER=/workdir/staging_dir/_p2w_r619ac-128m/toolchain-arm_cortex-a7+neon-vfpv4_gcc-8.4.0_musl_eabi/bin/../libexec/gcc/arm-openwrt-linux-muslgnueabi/8.4.0/lto-wrapper
Target: arm-openwrt-linux-muslgnueabi
Configured with: /workdir/openwrt/build_dir/toolchain-arm_cortex-a7+neon-vfpv4_gcc-8.4.0_musl_eabi/gcc-8.4.0/configure --with-bugurl=http://bugs.openwrt.org/ --with-pkgversion='OpenWrt GCC 8.4.0 r3881-e65535d3c' --prefix=/workdir/openwrt/staging_dir/toolchain-arm_cortex-a7+neon-vfpv4_gcc-8.4.0_musl_eabi --build=x86_64-pc-linux-gnu --host=x86_64-pc-linux-gnu --target=arm-openwrt-linux-muslgnueabi --with-gnu-ld --enable-target-optspace --disable-libgomp --disable-libmudflap --disable-multilib --disable-libmpx --disable-nls --disable-libssp --without-isl --without-cloog --with-host-libstdcxx=-lstdc++ --with-gmp=/workdir/openwrt/staging_dir/host --with-mpfr=/workdir/openwrt/staging_dir/host --with-mpc=/workdir/openwrt/staging_dir/host --disable-decimal-float --with-diagnostics-color=auto-if-env --enable-__cxa_atexit --disable-libstdcxx-dual-abi --with-default-libstdcxx-abi=new --with-cpu=cortex-a7 --with-fpu=neon-vfpv4 --with-float=hard --with-headers=/workdir/openwrt/staging_dir/toolchain-arm_cortex-a7+neon-vfpv4_gcc-8.4.0_musl_eabi/include --enable-languages=c,c++ --enable-shared --enable-threads --with-slibdir=/workdir/openwrt/staging_dir/toolchain-arm_cortex-a7+neon-vfpv4_gcc-8.4.0_musl_eabi/lib --enable-lto --with-libelf=/workdir/openwrt/staging_dir/host --disable-libsanitizer
Thread model: posix
gcc version 8.4.0 (OpenWrt GCC 8.4.0 r3881-e65535d3c) 
configure:4440: $? = 0
configure:4429: arm-openwrt-linux-muslgnueabi-gcc -V >&5
arm-openwrt-linux-muslgnueabi-gcc: error: unrecognized command line option '-V'
arm-openwrt-linux-muslgnueabi-gcc: fatal error: no input files
compilation terminated.
configure:4440: $? = 1
configure:4429: arm-openwrt-linux-muslgnueabi-gcc -qversion >&5
arm-openwrt-linux-muslgnueabi-gcc: error: unrecognized command line option '-qversion'; did you mean '--version'?
arm-openwrt-linux-muslgnueabi-gcc: fatal error: no input files
compilation terminated.
configure:4440: $? = 1
configure:4444: checking whether we are using the GNU C compiler
configure:4472: result: yes
configure:4481: checking whether arm-openwrt-linux-muslgnueabi-gcc accepts -g
configure:4542: result: yes
configure:4559: checking for arm-openwrt-linux-muslgnueabi-gcc option to accept ISO C89
configure:4635: result: none needed
configure:4660: checking whether arm-openwrt-linux-muslgnueabi-gcc understands -c and -o together
configure:4697: result: yes
configure:4719: checking how to run the C preprocessor
configure:4750: arm-openwrt-linux-muslgnueabi-gcc -E  conftest.c
configure:4750: $? = 0
configure:4764: arm-openwrt-linux-muslgnueabi-gcc -E  conftest.c
conftest.c:11:10: fatal error: ac_nonexistent.h: No such file or directory
 #include <ac_nonexistent.h>
          ^~~~~~~~~~~~~~~~~~
compilation terminated.
configure:4764: $? = 1
configure: failed program was:
| /* confdefs.h */
| #define PACKAGE_NAME "opcodes"
| #define PACKAGE_TARNAME "opcodes"
| #define PACKAGE_VERSION "2.35.2"
| #define PACKAGE_STRING "opcodes 2.35.2"
| #define PACKAGE_BUGREPORT ""
| #define PACKAGE_URL ""
| #define PACKAGE "opcodes"
| #define VERSION "2.35.2"
| /* end confdefs.h.  */
| #include <ac_nonexistent.h>
configure:4789: result: arm-openwrt-linux-muslgnueabi-gcc -E
configure:4809: arm-openwrt-linux-muslgnueabi-gcc -E  conftest.c
configure:4809: $? = 0
configure:4823: arm-openwrt-linux-muslgnueabi-gcc -E  conftest.c
conftest.c:11:10: fatal error: ac_nonexistent.h: No such file or directory
 #include <ac_nonexistent.h>
          ^~~~~~~~~~~~~~~~~~
compilation terminated.
configure:4823: $? = 1
configure: failed program was:
| /* confdefs.h */
| #define PACKAGE_NAME "opcodes"
| #define PACKAGE_TARNAME "opcodes"
| #define PACKAGE_VERSION "2.35.2"
| #define PACKAGE_STRING "opcodes 2.35.2"
| #define PACKAGE_BUGREPORT ""
| #define PACKAGE_URL ""
| #define PACKAGE "opcodes"
| #define VERSION "2.35.2"
| /* end confdefs.h.  */
| #include <ac_nonexistent.h>
configure:4852: checking for grep that handles long lines and -e
configure:4910: result: /workdir/openwrt/staging_dir/host/bin/grep
configure:4915: checking for egrep
configure:4977: result: /workdir/openwrt/staging_dir/host/bin/grep -E
configure:4982: checking for ANSI C header files
configure:5002: arm-openwrt-linux-muslgnueabi-gcc -c -Os -pipe -fno-caller-saves -fno-plt -fhonour-copts -Wno-error=unused-but-set-variable -Wno-error=unused-result -mfloat-abi=hard -I/workdir/openwrt/staging_dir/target-arm_cortex-a7+neon-vfpv4_musl_eabi/usr/lib/libiconv-stub/include -I/workdir/openwrt/staging_dir/target-arm_cortex-a7+neon-vfpv4_musl_eabi/usr/lib/libintl-stub/include -fmacro-prefix-map=/workdir/openwrt/build_dir/target-arm_cortex-a7+neon-vfpv4_musl_eabi/binutils-2.35.2=binutils-2.35.2 -Wformat -Werror=format-security -fstack-protector -D_FORTIFY_SOURCE=1 -Wl,-z,now -Wl,-z,relro -DPIC -fpic -Wno-unused-value   conftest.c >&5
configure:5002: $? = 0
configure:5086: result: yes
configure:5099: checking for sys/types.h
configure:5099: arm-openwrt-linux-muslgnueabi-gcc -c -Os -pipe -fno-caller-saves -fno-plt -fhonour-copts -Wno-error=unused-but-set-variable -Wno-error=unused-result -mfloat-abi=hard -I/workdir/openwrt/staging_dir/target-arm_cortex-a7+neon-vfpv4_musl_eabi/usr/lib/libiconv-stub/include -I/workdir/openwrt/staging_dir/target-arm_cortex-a7+neon-vfpv4_musl_eabi/usr/lib/libintl-stub/include -fmacro-prefix-map=/workdir/openwrt/build_dir/target-arm_cortex-a7+neon-vfpv4_musl_eabi/binutils-2.35.2=binutils-2.35.2 -Wformat -Werror=format-security -fstack-protector -D_FORTIFY_SOURCE=1 -Wl,-z,now -Wl,-z,relro -DPIC -fpic -Wno-unused-value   conftest.c >&5
configure:5099: $? = 0
configure:5099: result: yes
configure:5099: checking for sys/stat.h
configure:5099: arm-openwrt-linux-muslgnueabi-gcc -c -Os -pipe -fno-caller-saves -fno-plt -fhonour-copts -Wno-error=unused-but-set-variable -Wno-error=unused-result -mfloat-abi=hard -I/workdir/openwrt/staging_dir/target-arm_cortex-a7+neon-vfpv4_musl_eabi/usr/lib/libiconv-stub/include -I/workdir/openwrt/staging_dir/target-arm_cortex-a7+neon-vfpv4_musl_eabi/usr/lib/libintl-stub/include -fmacro-prefix-map=/workdir/openwrt/build_dir/target-arm_cortex-a7+neon-vfpv4_musl_eabi/binutils-2.35.2=binutils-2.35.2 -Wformat -Werror=format-security -fstack-protector -D_FORTIFY_SOURCE=1 -Wl,-z,now -Wl,-z,relro -DPIC -fpic -Wno-unused-value   conftest.c >&5
configure:5099: $? = 0
configure:5099: result: yes
configure:5099: checking for stdlib.h
configure:5099: arm-openwrt-linux-muslgnueabi-gcc -c -Os -pipe -fno-caller-saves -fno-plt -fhonour-copts -Wno-error=unused-but-set-variable -Wno-error=unused-result -mfloat-abi=hard -I/workdir/openwrt/staging_dir/target-arm_cortex-a7+neon-vfpv4_musl_eabi/usr/lib/libiconv-stub/include -I/workdir/openwrt/staging_dir/target-arm_cortex-a7+neon-vfpv4_musl_eabi/usr/lib/libintl-stub/include -fmacro-prefix-map=/workdir/openwrt/build_dir/target-arm_cortex-a7+neon-vfpv4_musl_eabi/binutils-2.35.2=binutils-2.35.2 -Wformat -Werror=format-security -fstack-protector -D_FORTIFY_SOURCE=1 -Wl,-z,now -Wl,-z,relro -DPIC -fpic -Wno-unused-value   conftest.c >&5
configure:5099: $? = 0
configure:5099: result: yes
configure:5099: checking for string.h
configure:5099: arm-openwrt-linux-muslgnueabi-gcc -c -Os -pipe -fno-caller-saves -fno-plt -fhonour-copts -Wno-error=unused-but-set-variable -Wno-error=unused-result -mfloat-abi=hard -I/workdir/openwrt/staging_dir/target-arm_cortex-a7+neon-vfpv4_musl_eabi/usr/lib/libiconv-stub/include -I/workdir/openwrt/staging_dir/target-arm_cortex-a7+neon-vfpv4_musl_eabi/usr/lib/libintl-stub/include -fmacro-prefix-map=/workdir/openwrt/build_dir/target-arm_cortex-a7+neon-vfpv4_musl_eabi/binutils-2.35.2=binutils-2.35.2 -Wformat -Werror=format-security -fstack-protector -D_FORTIFY_SOURCE=1 -Wl,-z,now -Wl,-z,relro -DPIC -fpic -Wno-unused-value   conftest.c >&5
configure:5099: $? = 0
configure:5099: result: yes
configure:5099: checking for memory.h
configure:5099: arm-openwrt-linux-muslgnueabi-gcc -c -Os -pipe -fno-caller-saves -fno-plt -fhonour-copts -Wno-error=unused-but-set-variable -Wno-error=unused-result -mfloat-abi=hard -I/workdir/openwrt/staging_dir/target-arm_cortex-a7+neon-vfpv4_musl_eabi/usr/lib/libiconv-stub/include -I/workdir/openwrt/staging_dir/target-arm_cortex-a7+neon-vfpv4_musl_eabi/usr/lib/libintl-stub/include -fmacro-prefix-map=/workdir/openwrt/build_dir/target-arm_cortex-a7+neon-vfpv4_musl_eabi/binutils-2.35.2=binutils-2.35.2 -Wformat -Werror=format-security -fstack-protector -D_FORTIFY_SOURCE=1 -Wl,-z,now -Wl,-z,relro -DPIC -fpic -Wno-unused-value   conftest.c >&5
configure:5099: $? = 0
configure:5099: result: yes
configure:5099: checking for strings.h
configure:5099: arm-openwrt-linux-muslgnueabi-gcc -c -Os -pipe -fno-caller-saves -fno-plt -fhonour-copts -Wno-error=unused-but-set-variable -Wno-error=unused-result -mfloat-abi=hard -I/workdir/openwrt/staging_dir/target-arm_cortex-a7+neon-vfpv4_musl_eabi/usr/lib/libiconv-stub/include -I/workdir/openwrt/staging_dir/target-arm_cortex-a7+neon-vfpv4_musl_eabi/usr/lib/libintl-stub/include -fmacro-prefix-map=/workdir/openwrt/build_dir/target-arm_cortex-a7+neon-vfpv4_musl_eabi/binutils-2.35.2=binutils-2.35.2 -Wformat -Werror=format-security -fstack-protector -D_FORTIFY_SOURCE=1 -Wl,-z,now -Wl,-z,relro -DPIC -fpic -Wno-unused-value   conftest.c >&5
configure:5099: $? = 0
configure:5099: result: yes
configure:5099: checking for inttypes.h
configure:5099: arm-openwrt-linux-muslgnueabi-gcc -c -Os -pipe -fno-caller-saves -fno-plt -fhonour-copts -Wno-error=unused-but-set-variable -Wno-error=unused-result -mfloat-abi=hard -I/workdir/openwrt/staging_dir/target-arm_cortex-a7+neon-vfpv4_musl_eabi/usr/lib/libiconv-stub/include -I/workdir/openwrt/staging_dir/target-arm_cortex-a7+neon-vfpv4_musl_eabi/usr/lib/libintl-stub/include -fmacro-prefix-map=/workdir/openwrt/build_dir/target-arm_cortex-a7+neon-vfpv4_musl_eabi/binutils-2.35.2=binutils-2.35.2 -Wformat -Werror=format-security -fstack-protector -D_FORTIFY_SOURCE=1 -Wl,-z,now -Wl,-z,relro -DPIC -fpic -Wno-unused-value   conftest.c >&5
configure:5099: $? = 0
configure:5099: result: yes
configure:5099: checking for stdint.h
configure:5099: arm-openwrt-linux-muslgnueabi-gcc -c -Os -pipe -fno-caller-saves -fno-plt -fhonour-copts -Wno-error=unused-but-set-variable -Wno-error=unused-result -mfloat-abi=hard -I/workdir/openwrt/staging_dir/target-arm_cortex-a7+neon-vfpv4_musl_eabi/usr/lib/libiconv-stub/include -I/workdir/openwrt/staging_dir/target-arm_cortex-a7+neon-vfpv4_musl_eabi/usr/lib/libintl-stub/include -fmacro-prefix-map=/workdir/openwrt/build_dir/target-arm_cortex-a7+neon-vfpv4_musl_eabi/binutils-2.35.2=binutils-2.35.2 -Wformat -Werror=format-security -fstack-protector -D_FORTIFY_SOURCE=1 -Wl,-z,now -Wl,-z,relro -DPIC -fpic -Wno-unused-value   conftest.c >&5
configure:5099: $? = 0
configure:5099: result: yes
configure:5099: checking for unistd.h
configure:5099: arm-openwrt-linux-muslgnueabi-gcc -c -Os -pipe -fno-caller-saves -fno-plt -fhonour-copts -Wno-error=unused-but-set-variable -Wno-error=unused-result -mfloat-abi=hard -I/workdir/openwrt/staging_dir/target-arm_cortex-a7+neon-vfpv4_musl_eabi/usr/lib/libiconv-stub/include -I/workdir/openwrt/staging_dir/target-arm_cortex-a7+neon-vfpv4_musl_eabi/usr/lib/libintl-stub/include -fmacro-prefix-map=/workdir/openwrt/build_dir/target-arm_cortex-a7+neon-vfpv4_musl_eabi/binutils-2.35.2=binutils-2.35.2 -Wformat -Werror=format-security -fstack-protector -D_FORTIFY_SOURCE=1 -Wl,-z,now -Wl,-z,relro -DPIC -fpic -Wno-unused-value   conftest.c >&5
configure:5099: $? = 0
configure:5099: result: yes
configure:5112: checking minix/config.h usability
configure:5112: arm-openwrt-linux-muslgnueabi-gcc -c -Os -pipe -fno-caller-saves -fno-plt -fhonour-copts -Wno-error=unused-but-set-variable -Wno-error=unused-result -mfloat-abi=hard -I/workdir/openwrt/staging_dir/target-arm_cortex-a7+neon-vfpv4_musl_eabi/usr/lib/libiconv-stub/include -I/workdir/openwrt/staging_dir/target-arm_cortex-a7+neon-vfpv4_musl_eabi/usr/lib/libintl-stub/include -fmacro-prefix-map=/workdir/openwrt/build_dir/target-arm_cortex-a7+neon-vfpv4_musl_eabi/binutils-2.35.2=binutils-2.35.2 -Wformat -Werror=format-security -fstack-protector -D_FORTIFY_SOURCE=1 -Wl,-z,now -Wl,-z,relro -DPIC -fpic -Wno-unused-value   conftest.c >&5
conftest.c:54:10: fatal error: minix/config.h: No such file or directory
 #include <minix/config.h>
          ^~~~~~~~~~~~~~~~
compilation terminated.
configure:5112: $? = 1
configure: failed program was:
| /* confdefs.h */
| #define PACKAGE_NAME "opcodes"
| #define PACKAGE_TARNAME "opcodes"
| #define PACKAGE_VERSION "2.35.2"
| #define PACKAGE_STRING "opcodes 2.35.2"
| #define PACKAGE_BUGREPORT ""
| #define PACKAGE_URL ""
| #define PACKAGE "opcodes"
| #define VERSION "2.35.2"
| #define STDC_HEADERS 1
| #define HAVE_SYS_TYPES_H 1
| #define HAVE_SYS_STAT_H 1
| #define HAVE_STDLIB_H 1
| #define HAVE_STRING_H 1
| #define HAVE_MEMORY_H 1
| #define HAVE_STRINGS_H 1
| #define HAVE_INTTYPES_H 1
| #define HAVE_STDINT_H 1
| #define HAVE_UNISTD_H 1
| /* end confdefs.h.  */
| #include <stdio.h>
| #ifdef HAVE_SYS_TYPES_H
| # include <sys/types.h>
| #endif
| #ifdef HAVE_SYS_STAT_H
| # include <sys/stat.h>
| #endif
| #ifdef STDC_HEADERS
| # include <stdlib.h>
| # include <stddef.h>
| #else
| # ifdef HAVE_STDLIB_H
| #  include <stdlib.h>
| # endif
| #endif
| #ifdef HAVE_STRING_H
| # if !defined STDC_HEADERS && defined HAVE_MEMORY_H
| #  include <memory.h>
| # endif
| # include <string.h>
| #endif
| #ifdef HAVE_STRINGS_H
| # include <strings.h>
| #endif
| #ifdef HAVE_INTTYPES_H
| # include <inttypes.h>
| #endif
| #ifdef HAVE_STDINT_H
| # include <stdint.h>
| #endif
| #ifdef HAVE_UNISTD_H
| # include <unistd.h>
| #endif
| #include <minix/config.h>
configure:5112: result: no
configure:5112: checking minix/config.h presence
configure:5112: arm-openwrt-linux-muslgnueabi-gcc -E  conftest.c
conftest.c:21:10: fatal error: minix/config.h: No such file or directory
 #include <minix/config.h>
          ^~~~~~~~~~~~~~~~
compilation terminated.
configure:5112: $? = 1
configure: failed program was:
| /* confdefs.h */
| #define PACKAGE_NAME "opcodes"
| #define PACKAGE_TARNAME "opcodes"
| #define PACKAGE_VERSION "2.35.2"
| #define PACKAGE_STRING "opcodes 2.35.2"
| #define PACKAGE_BUGREPORT ""
| #define PACKAGE_URL ""
| #define PACKAGE "opcodes"
| #define VERSION "2.35.2"
| #define STDC_HEADERS 1
| #define HAVE_SYS_TYPES_H 1
| #define HAVE_SYS_STAT_H 1
| #define HAVE_STDLIB_H 1
| #define HAVE_STRING_H 1
| #define HAVE_MEMORY_H 1
| #define HAVE_STRINGS_H 1
| #define HAVE_INTTYPES_H 1
| #define HAVE_STDINT_H 1
| #define HAVE_UNISTD_H 1
| /* end confdefs.h.  */
| #include <minix/config.h>
configure:5112: result: no
configure:5112: checking for minix/config.h
configure:5112: result: no
configure:5133: checking whether it is safe to define __EXTENSIONS__
configure:5151: arm-openwrt-linux-muslgnueabi-gcc -c -Os -pipe -fno-caller-saves -fno-plt -fhonour-copts -Wno-error=unused-but-set-variable -Wno-error=unused-result -mfloat-abi=hard -I/workdir/openwrt/staging_dir/target-arm_cortex-a7+neon-vfpv4_musl_eabi/usr/lib/libiconv-stub/include -I/workdir/openwrt/staging_dir/target-arm_cortex-a7+neon-vfpv4_musl_eabi/usr/lib/libintl-stub/include -fmacro-prefix-map=/workdir/openwrt/build_dir/target-arm_cortex-a7+neon-vfpv4_musl_eabi/binutils-2.35.2=binutils-2.35.2 -Wformat -Werror=format-security -fstack-protector -D_FORTIFY_SOURCE=1 -Wl,-z,now -Wl,-z,relro -DPIC -fpic -Wno-unused-value   conftest.c >&5
configure:5151: $? = 0
configure:5158: result: yes
configure:5178: checking for arm-openwrt-linux-muslgnueabi-ar
configure:5205: result: arm-openwrt-linux-muslgnueabi-gcc-ar
configure:5270: checking for arm-openwrt-linux-muslgnueabi-ranlib
configure:5297: result: arm-openwrt-linux-muslgnueabi-gcc-ranlib
configure:5438: checking how to print strings
configure:5465: result: printf
configure:5486: checking for a sed that does not truncate output
configure:5550: result: /workdir/openwrt/staging_dir/host/bin/sed
configure:5568: checking for fgrep
configure:5630: result: /workdir/openwrt/staging_dir/host/bin/grep -F
configure:5665: checking for ld used by arm-openwrt-linux-muslgnueabi-gcc
configure:5732: result: arm-openwrt-linux-muslgnueabi-ld
configure:5739: checking if the linker (arm-openwrt-linux-muslgnueabi-ld) is GNU ld
configure:5754: result: yes
configure:5766: checking for BSD- or MS-compatible name lister (nm)
configure:5815: result: arm-openwrt-linux-muslgnueabi-gcc-nm
configure:5945: checking the name lister (arm-openwrt-linux-muslgnueabi-gcc-nm) interface
configure:5952: arm-openwrt-linux-muslgnueabi-gcc -c -Os -pipe -fno-caller-saves -fno-plt -fhonour-copts -Wno-error=unused-but-set-variable -Wno-error=unused-result -mfloat-abi=hard -I/workdir/openwrt/staging_dir/target-arm_cortex-a7+neon-vfpv4_musl_eabi/usr/lib/libiconv-stub/include -I/workdir/openwrt/staging_dir/target-arm_cortex-a7+neon-vfpv4_musl_eabi/usr/lib/libintl-stub/include -fmacro-prefix-map=/workdir/openwrt/build_dir/target-arm_cortex-a7+neon-vfpv4_musl_eabi/binutils-2.35.2=binutils-2.35.2 -Wformat -Werror=format-security -fstack-protector -D_FORTIFY_SOURCE=1 -Wl,-z,now -Wl,-z,relro -DPIC -fpic -Wno-unused-value   conftest.c >&5
configure:5955: arm-openwrt-linux-muslgnueabi-gcc-nm "conftest.o"
configure:5958: output
00000000 B some_variable
configure:5959: result: BSD nm
configure:5962: checking whether ln -s works
configure:5966: result: yes
configure:5974: checking the maximum length of command line arguments
configure:6099: result: 3145728
configure:6116: checking whether the shell understands some XSI constructs
configure:6125: result: yes
configure:6129: checking whether the shell understands "+="
configure:6133: result: yes
configure:6168: checking for arm-openwrt-linux-muslgnueabi-ld option to reload object files
configure:6175: result: -r
configure:6204: checking for arm-openwrt-linux-muslgnueabi-objdump
configure:6231: result: arm-openwrt-linux-muslgnueabi-objdump
configure:6303: checking how to recognize dependent libraries
configure:6504: result: pass_all
configure:6524: checking for arm-openwrt-linux-muslgnueabi-ar
configure:6551: result: arm-openwrt-linux-muslgnueabi-gcc-ar
configure:6629: checking for arm-openwrt-linux-muslgnueabi-strip
configure:6656: result: arm-openwrt-linux-muslgnueabi-strip
configure:6728: checking for arm-openwrt-linux-muslgnueabi-ranlib
configure:6755: result: arm-openwrt-linux-muslgnueabi-gcc-ranlib
configure:6897: checking command to parse arm-openwrt-linux-muslgnueabi-gcc-nm output from arm-openwrt-linux-muslgnueabi-gcc object
configure:7015: arm-openwrt-linux-muslgnueabi-gcc -c -Os -pipe -fno-caller-saves -fno-plt -fhonour-copts -Wno-error=unused-but-set-variable -Wno-error=unused-result -mfloat-abi=hard -I/workdir/openwrt/staging_dir/target-arm_cortex-a7+neon-vfpv4_musl_eabi/usr/lib/libiconv-stub/include -I/workdir/openwrt/staging_dir/target-arm_cortex-a7+neon-vfpv4_musl_eabi/usr/lib/libintl-stub/include -fmacro-prefix-map=/workdir/openwrt/build_dir/target-arm_cortex-a7+neon-vfpv4_musl_eabi/binutils-2.35.2=binutils-2.35.2 -Wformat -Werror=format-security -fstack-protector -D_FORTIFY_SOURCE=1 -Wl,-z,now -Wl,-z,relro -DPIC -fpic -Wno-unused-value   conftest.c >&5
configure:7018: $? = 0
configure:7022: arm-openwrt-linux-muslgnueabi-gcc-nm conftest.o \| sed -n -e 's/^.*[ ]\([ABCDGIRSTW][ABCDGIRSTW]*\)[ ][ ]*\([_A-Za-z][_A-Za-z0-9]*\)$/\1 \2 \2/p' \> conftest.nm
configure:7025: $? = 0
configure:7079: arm-openwrt-linux-muslgnueabi-gcc -o conftest -Os -pipe -fno-caller-saves -fno-plt -fhonour-copts -Wno-error=unused-but-set-variable -Wno-error=unused-result -mfloat-abi=hard -I/workdir/openwrt/staging_dir/target-arm_cortex-a7+neon-vfpv4_musl_eabi/usr/lib/libiconv-stub/include -I/workdir/openwrt/staging_dir/target-arm_cortex-a7+neon-vfpv4_musl_eabi/usr/lib/libintl-stub/include -fmacro-prefix-map=/workdir/openwrt/build_dir/target-arm_cortex-a7+neon-vfpv4_musl_eabi/binutils-2.35.2=binutils-2.35.2 -Wformat -Werror=format-security -fstack-protector -D_FORTIFY_SOURCE=1 -Wl,-z,now -Wl,-z,relro -DPIC -fpic -Wno-unused-value    -L/workdir/openwrt/staging_dir/toolchain-arm_cortex-a7+neon-vfpv4_gcc-8.4.0_musl_eabi/usr/lib -L/workdir/openwrt/staging_dir/toolchain-arm_cortex-a7+neon-vfpv4_gcc-8.4.0_musl_eabi/lib -L/workdir/openwrt/staging_dir/target-arm_cortex-a7+neon-vfpv4_musl_eabi/usr/lib/libiconv-stub/lib -Wl,-rpath-link=/workdir/openwrt/staging_dir/target-arm_cortex-a7+neon-vfpv4_musl_eabi/usr/lib/libiconv-stub/lib -L/workdir/openwrt/staging_dir/target-arm_cortex-a7+neon-vfpv4_musl_eabi/usr/lib/libintl-stub/lib -Wl,-rpath-link=/workdir/openwrt/staging_dir/target-arm_cortex-a7+neon-vfpv4_musl_eabi/usr/lib/libintl-stub/lib -znow -zrelro   conftest.c conftstm.o >&5
configure:7082: $? = 0
configure:7120: result: ok
configure:7968: checking for dlfcn.h
configure:7968: arm-openwrt-linux-muslgnueabi-gcc -c -Os -pipe -fno-caller-saves -fno-plt -fhonour-copts -Wno-error=unused-but-set-variable -Wno-error=unused-result -mfloat-abi=hard -I/workdir/openwrt/staging_dir/target-arm_cortex-a7+neon-vfpv4_musl_eabi/usr/lib/libiconv-stub/include -I/workdir/openwrt/staging_dir/target-arm_cortex-a7+neon-vfpv4_musl_eabi/usr/lib/libintl-stub/include -fmacro-prefix-map=/workdir/openwrt/build_dir/target-arm_cortex-a7+neon-vfpv4_musl_eabi/binutils-2.35.2=binutils-2.35.2 -Wformat -Werror=format-security -fstack-protector -D_FORTIFY_SOURCE=1 -Wl,-z,now -Wl,-z,relro -DPIC -fpic -Wno-unused-value   conftest.c >&5
configure:7968: $? = 0
configure:7968: result: yes
configure:8125: checking for objdir
configure:8140: result: .libs
configure:8411: checking if arm-openwrt-linux-muslgnueabi-gcc supports -fno-rtti -fno-exceptions
configure:8429: arm-openwrt-linux-muslgnueabi-gcc -c -Os -pipe -fno-caller-saves -fno-plt -fhonour-copts -Wno-error=unused-but-set-variable -Wno-error=unused-result -mfloat-abi=hard -I/workdir/openwrt/staging_dir/target-arm_cortex-a7+neon-vfpv4_musl_eabi/usr/lib/libiconv-stub/include -I/workdir/openwrt/staging_dir/target-arm_cortex-a7+neon-vfpv4_musl_eabi/usr/lib/libintl-stub/include -fmacro-prefix-map=/workdir/openwrt/build_dir/target-arm_cortex-a7+neon-vfpv4_musl_eabi/binutils-2.35.2=binutils-2.35.2 -Wformat -Werror=format-security -fstack-protector -D_FORTIFY_SOURCE=1 -Wl,-z,now -Wl,-z,relro -DPIC -fpic -Wno-unused-value   -fno-rtti -fno-exceptions conftest.c >&5
cc1: warning: command line option '-fno-rtti' is valid for C++/ObjC++ but not for C
configure:8433: $? = 0
configure:8446: result: no
configure:8466: checking for arm-openwrt-linux-muslgnueabi-gcc option to produce PIC
configure:8752: result: -fPIC -DPIC
configure:8764: checking if arm-openwrt-linux-muslgnueabi-gcc PIC flag -fPIC -DPIC works
configure:8782: arm-openwrt-linux-muslgnueabi-gcc -c -Os -pipe -fno-caller-saves -fno-plt -fhonour-copts -Wno-error=unused-but-set-variable -Wno-error=unused-result -mfloat-abi=hard -I/workdir/openwrt/staging_dir/target-arm_cortex-a7+neon-vfpv4_musl_eabi/usr/lib/libiconv-stub/include -I/workdir/openwrt/staging_dir/target-arm_cortex-a7+neon-vfpv4_musl_eabi/usr/lib/libintl-stub/include -fmacro-prefix-map=/workdir/openwrt/build_dir/target-arm_cortex-a7+neon-vfpv4_musl_eabi/binutils-2.35.2=binutils-2.35.2 -Wformat -Werror=format-security -fstack-protector -D_FORTIFY_SOURCE=1 -Wl,-z,now -Wl,-z,relro -DPIC -fpic -Wno-unused-value   -fPIC -DPIC -DPIC conftest.c >&5
configure:8786: $? = 0
configure:8799: result: yes
configure:8823: checking if arm-openwrt-linux-muslgnueabi-gcc static flag -static works
configure:8851: result: yes
configure:8866: checking if arm-openwrt-linux-muslgnueabi-gcc supports -c -o file.o
configure:8887: arm-openwrt-linux-muslgnueabi-gcc -c -Os -pipe -fno-caller-saves -fno-plt -fhonour-copts -Wno-error=unused-but-set-variable -Wno-error=unused-result -mfloat-abi=hard -I/workdir/openwrt/staging_dir/target-arm_cortex-a7+neon-vfpv4_musl_eabi/usr/lib/libiconv-stub/include -I/workdir/openwrt/staging_dir/target-arm_cortex-a7+neon-vfpv4_musl_eabi/usr/lib/libintl-stub/include -fmacro-prefix-map=/workdir/openwrt/build_dir/target-arm_cortex-a7+neon-vfpv4_musl_eabi/binutils-2.35.2=binutils-2.35.2 -Wformat -Werror=format-security -fstack-protector -D_FORTIFY_SOURCE=1 -Wl,-z,now -Wl,-z,relro -DPIC -fpic -Wno-unused-value   -o out/conftest2.o conftest.c >&5
configure:8891: $? = 0
configure:8913: result: yes
configure:8921: checking if arm-openwrt-linux-muslgnueabi-gcc supports -c -o file.o
configure:8968: result: yes
configure:9001: checking whether the arm-openwrt-linux-muslgnueabi-gcc linker (arm-openwrt-linux-muslgnueabi-ld) supports shared libraries
configure:10072: result: yes
configure:10109: checking whether -lc should be explicitly linked in
configure:10117: arm-openwrt-linux-muslgnueabi-gcc -c -Os -pipe -fno-caller-saves -fno-plt -fhonour-copts -Wno-error=unused-but-set-variable -Wno-error=unused-result -mfloat-abi=hard -I/workdir/openwrt/staging_dir/target-arm_cortex-a7+neon-vfpv4_musl_eabi/usr/lib/libiconv-stub/include -I/workdir/openwrt/staging_dir/target-arm_cortex-a7+neon-vfpv4_musl_eabi/usr/lib/libintl-stub/include -fmacro-prefix-map=/workdir/openwrt/build_dir/target-arm_cortex-a7+neon-vfpv4_musl_eabi/binutils-2.35.2=binutils-2.35.2 -Wformat -Werror=format-security -fstack-protector -D_FORTIFY_SOURCE=1 -Wl,-z,now -Wl,-z,relro -DPIC -fpic -Wno-unused-value   conftest.c >&5
configure:10120: $? = 0
configure:10135: arm-openwrt-linux-muslgnueabi-gcc -shared  -fPIC -DPIC conftest.o  -v -Wl,-soname -Wl,conftest -o conftest 2\>\&1 \| /workdir/openwrt/staging_dir/host/bin/grep  -lc  \>/dev/null 2\>\&1
configure:10138: $? = 0
configure:10152: result: no
configure:10317: checking dynamic linker characteristics
configure:10768: arm-openwrt-linux-muslgnueabi-gcc -o conftest -Os -pipe -fno-caller-saves -fno-plt -fhonour-copts -Wno-error=unused-but-set-variable -Wno-error=unused-result -mfloat-abi=hard -I/workdir/openwrt/staging_dir/target-arm_cortex-a7+neon-vfpv4_musl_eabi/usr/lib/libiconv-stub/include -I/workdir/openwrt/staging_dir/target-arm_cortex-a7+neon-vfpv4_musl_eabi/usr/lib/libintl-stub/include -fmacro-prefix-map=/workdir/openwrt/build_dir/target-arm_cortex-a7+neon-vfpv4_musl_eabi/binutils-2.35.2=binutils-2.35.2 -Wformat -Werror=format-security -fstack-protector -D_FORTIFY_SOURCE=1 -Wl,-z,now -Wl,-z,relro -DPIC -fpic -Wno-unused-value    -L/workdir/openwrt/staging_dir/toolchain-arm_cortex-a7+neon-vfpv4_gcc-8.4.0_musl_eabi/usr/lib -L/workdir/openwrt/staging_dir/toolchain-arm_cortex-a7+neon-vfpv4_gcc-8.4.0_musl_eabi/lib -L/workdir/openwrt/staging_dir/target-arm_cortex-a7+neon-vfpv4_musl_eabi/usr/lib/libiconv-stub/lib -Wl,-rpath-link=/workdir/openwrt/staging_dir/target-arm_cortex-a7+neon-vfpv4_musl_eabi/usr/lib/libiconv-stub/lib -L/workdir/openwrt/staging_dir/target-arm_cortex-a7+neon-vfpv4_musl_eabi/usr/lib/libintl-stub/lib -Wl,-rpath-link=/workdir/openwrt/staging_dir/target-arm_cortex-a7+neon-vfpv4_musl_eabi/usr/lib/libintl-stub/lib -znow -zrelro   -Wl,-rpath -Wl,/foo conftest.c  >&5
configure:10768: $? = 0
configure:10990: result: GNU/Linux ld.so
configure:11097: checking how to hardcode library paths into programs
configure:11122: result: immediate
configure:11662: checking whether stripping libraries is possible
configure:11667: result: yes
configure:11702: checking if libtool supports shared libraries
configure:11704: result: yes
configure:11707: checking whether to build shared libraries
configure:11728: result: yes
configure:11731: checking whether to build static libraries
configure:11735: result: yes
configure:9092: checking whether to enable maintainer-specific portions of Makefiles
configure:9101: result: no
configure:9129: checking whether to install libbfd
configure:9142: result: yes
configure:9188: checking whether NLS is requested
configure:9191: result: no
configure:9259: checking whether NLS is requested
configure:9268: result: no
configure:9306: checking for msgfmt
configure:9337: result: /usr/bin/msgfmt
configure:9346: checking for gmsgfmt
configure:9377: result: /usr/bin/msgfmt
configure:9417: checking for xgettext
configure:9448: result: /usr/bin/xgettext
configure:9488: checking for msgmerge
configure:9518: result: /usr/bin/msgmerge
configure:9569: checking for build system executable suffix
configure:9587: result: no
configure:9600: checking for string.h
configure:9600: result: yes
configure:9600: checking for strings.h
configure:9600: result: yes
configure:9600: checking for stdlib.h
configure:9600: result: yes
configure:9600: checking limits.h usability
configure:9600: arm-openwrt-linux-muslgnueabi-gcc -c -Os -pipe -fno-caller-saves -fno-plt -fhonour-copts -Wno-error=unused-but-set-variable -Wno-error=unused-result -mfloat-abi=hard -I/workdir/openwrt/staging_dir/target-arm_cortex-a7+neon-vfpv4_musl_eabi/usr/lib/libiconv-stub/include -I/workdir/openwrt/staging_dir/target-arm_cortex-a7+neon-vfpv4_musl_eabi/usr/lib/libintl-stub/include -fmacro-prefix-map=/workdir/openwrt/build_dir/target-arm_cortex-a7+neon-vfpv4_musl_eabi/binutils-2.35.2=binutils-2.35.2 -Wformat -Werror=format-security -fstack-protector -D_FORTIFY_SOURCE=1 -Wl,-z,now -Wl,-z,relro -DPIC -fpic -Wno-unused-value   conftest.c >&5
configure:9600: $? = 0
configure:9600: result: yes
configure:9600: checking limits.h presence
configure:9600: arm-openwrt-linux-muslgnueabi-gcc -E  conftest.c
configure:9600: $? = 0
configure:9600: result: yes
configure:9600: checking for limits.h
configure:9600: result: yes
configure:9610: checking whether string.h and strings.h may both be included
configure:9627: arm-openwrt-linux-muslgnueabi-gcc -c -Os -pipe -fno-caller-saves -fno-plt -fhonour-copts -Wno-error=unused-but-set-variable -Wno-error=unused-result -mfloat-abi=hard -I/workdir/openwrt/staging_dir/target-arm_cortex-a7+neon-vfpv4_musl_eabi/usr/lib/libiconv-stub/include -I/workdir/openwrt/staging_dir/target-arm_cortex-a7+neon-vfpv4_musl_eabi/usr/lib/libintl-stub/include -fmacro-prefix-map=/workdir/openwrt/build_dir/target-arm_cortex-a7+neon-vfpv4_musl_eabi/binutils-2.35.2=binutils-2.35.2 -Wformat -Werror=format-security -fstack-protector -D_FORTIFY_SOURCE=1 -Wl,-z,now -Wl,-z,relro -DPIC -fpic -Wno-unused-value   conftest.c >&5
configure:9627: $? = 0
configure:9634: result: yes
configure:9643: checking whether basename is declared
configure:9643: arm-openwrt-linux-muslgnueabi-gcc -c -Os -pipe -fno-caller-saves -fno-plt -fhonour-copts -Wno-error=unused-but-set-variable -Wno-error=unused-result -mfloat-abi=hard -I/workdir/openwrt/staging_dir/target-arm_cortex-a7+neon-vfpv4_musl_eabi/usr/lib/libiconv-stub/include -I/workdir/openwrt/staging_dir/target-arm_cortex-a7+neon-vfpv4_musl_eabi/usr/lib/libintl-stub/include -fmacro-prefix-map=/workdir/openwrt/build_dir/target-arm_cortex-a7+neon-vfpv4_musl_eabi/binutils-2.35.2=binutils-2.35.2 -Wformat -Werror=format-security -fstack-protector -D_FORTIFY_SOURCE=1 -Wl,-z,now -Wl,-z,relro -DPIC -fpic -Wno-unused-value   conftest.c >&5
configure:9643: $? = 0
configure:9643: result: yes
configure:9653: checking whether stpcpy is declared
configure:9653: arm-openwrt-linux-muslgnueabi-gcc -c -Os -pipe -fno-caller-saves -fno-plt -fhonour-copts -Wno-error=unused-but-set-variable -Wno-error=unused-result -mfloat-abi=hard -I/workdir/openwrt/staging_dir/target-arm_cortex-a7+neon-vfpv4_musl_eabi/usr/lib/libiconv-stub/include -I/workdir/openwrt/staging_dir/target-arm_cortex-a7+neon-vfpv4_musl_eabi/usr/lib/libintl-stub/include -fmacro-prefix-map=/workdir/openwrt/build_dir/target-arm_cortex-a7+neon-vfpv4_musl_eabi/binutils-2.35.2=binutils-2.35.2 -Wformat -Werror=format-security -fstack-protector -D_FORTIFY_SOURCE=1 -Wl,-z,now -Wl,-z,relro -DPIC -fpic -Wno-unused-value   conftest.c >&5
configure:9653: $? = 0
configure:9653: result: yes
configure:9667: checking for sigsetjmp
configure:9685: arm-openwrt-linux-muslgnueabi-gcc -c -Os -pipe -fno-caller-saves -fno-plt -fhonour-copts -Wno-error=unused-but-set-variable -Wno-error=unused-result -mfloat-abi=hard -I/workdir/openwrt/staging_dir/target-arm_cortex-a7+neon-vfpv4_musl_eabi/usr/lib/libiconv-stub/include -I/workdir/openwrt/staging_dir/target-arm_cortex-a7+neon-vfpv4_musl_eabi/usr/lib/libintl-stub/include -fmacro-prefix-map=/workdir/openwrt/build_dir/target-arm_cortex-a7+neon-vfpv4_musl_eabi/binutils-2.35.2=binutils-2.35.2 -Wformat -Werror=format-security -fstack-protector -D_FORTIFY_SOURCE=1 -Wl,-z,now -Wl,-z,relro -DPIC -fpic -Wno-unused-value   conftest.c >&5
configure:9685: $? = 0
configure:9692: result: 
configure:9736: checking linker --as-needed support
configure:9747: result: yes
configure:9838: checking for cos in -lm
configure:9863: arm-openwrt-linux-muslgnueabi-gcc -o conftest -Os -pipe -fno-caller-saves -fno-plt -fhonour-copts -Wno-error=unused-but-set-variable -Wno-error=unused-result -mfloat-abi=hard -I/workdir/openwrt/staging_dir/target-arm_cortex-a7+neon-vfpv4_musl_eabi/usr/lib/libiconv-stub/include -I/workdir/openwrt/staging_dir/target-arm_cortex-a7+neon-vfpv4_musl_eabi/usr/lib/libintl-stub/include -fmacro-prefix-map=/workdir/openwrt/build_dir/target-arm_cortex-a7+neon-vfpv4_musl_eabi/binutils-2.35.2=binutils-2.35.2 -Wformat -Werror=format-security -fstack-protector -D_FORTIFY_SOURCE=1 -Wl,-z,now -Wl,-z,relro -DPIC -fpic -Wno-unused-value    -L/workdir/openwrt/staging_dir/toolchain-arm_cortex-a7+neon-vfpv4_gcc-8.4.0_musl_eabi/usr/lib -L/workdir/openwrt/staging_dir/toolchain-arm_cortex-a7+neon-vfpv4_gcc-8.4.0_musl_eabi/lib -L/workdir/openwrt/staging_dir/target-arm_cortex-a7+neon-vfpv4_musl_eabi/usr/lib/libiconv-stub/lib -Wl,-rpath-link=/workdir/openwrt/staging_dir/target-arm_cortex-a7+neon-vfpv4_musl_eabi/usr/lib/libiconv-stub/lib -L/workdir/openwrt/staging_dir/target-arm_cortex-a7+neon-vfpv4_musl_eabi/usr/lib/libintl-stub/lib -Wl,-rpath-link=/workdir/openwrt/staging_dir/target-arm_cortex-a7+neon-vfpv4_musl_eabi/usr/lib/libintl-stub/lib -znow -zrelro   conftest.c -lm   >&5
conftest.c:43:6: warning: conflicting types for built-in function 'cos' [-Wbuiltin-declaration-mismatch]
 char cos ();
      ^~~
configure:9863: $? = 0
configure:9872: result: yes
configure:10183: updating cache ./config.cache
configure:10227: checking that generated files are newer than configure
configure:10233: result: done
configure:10268: creating ./config.status

## ---------------------- ##
## Running config.status. ##
## ---------------------- ##

This file was extended by opcodes config.status 2.35.2, which was
generated by GNU Autoconf 2.69.  Invocation command line was

  CONFIG_FILES    = 
  CONFIG_HEADERS  = 
  CONFIG_LINKS    = 
  CONFIG_COMMANDS = 
  $ ./config.status 

on fv-az152-677

config.status:1140: creating Makefile
config.status:1140: creating po/Makefile.in
config.status:1140: creating config.h
config.status:1369: executing depfiles commands
config.status:1369: executing libtool commands
config.status:1369: executing default-1 commands

## ---------------- ##
## Cache variables. ##
## ---------------- ##

ac_cv_build=x86_64-pc-linux-gnu
ac_cv_c_bigendian=no
ac_cv_c_compiler_gnu=yes
ac_cv_c_gettext_without_libintl=yes
ac_cv_c_littleendian=yes
ac_cv_c_long_double=no
ac_cv_conv_longlong_to_float=yes
ac_cv_env_CC_set=set
ac_cv_env_CC_value=arm-openwrt-linux-muslgnueabi-gcc
ac_cv_env_CFLAGS_set=set
ac_cv_env_CFLAGS_value='-Os -pipe -fno-caller-saves -fno-plt -fhonour-copts -Wno-error=unused-but-set-variable -Wno-error=unused-result -mfloat-abi=hard -I/workdir/openwrt/staging_dir/target-arm_cortex-a7+neon-vfpv4_musl_eabi/usr/lib/libiconv-stub/include -I/workdir/openwrt/staging_dir/target-arm_cortex-a7+neon-vfpv4_musl_eabi/usr/lib/libintl-stub/include -fmacro-prefix-map=/workdir/openwrt/build_dir/target-arm_cortex-a7+neon-vfpv4_musl_eabi/binutils-2.35.2=binutils-2.35.2 -Wformat -Werror=format-security -fstack-protector -D_FORTIFY_SOURCE=1 -Wl,-z,now -Wl,-z,relro -DPIC -fpic -Wno-unused-value '
ac_cv_env_CPPFLAGS_set=
ac_cv_env_CPPFLAGS_value=
ac_cv_env_CPP_set=
ac_cv_env_CPP_value=
ac_cv_env_LDFLAGS_set=set
ac_cv_env_LDFLAGS_value=' -L/workdir/openwrt/staging_dir/toolchain-arm_cortex-a7+neon-vfpv4_gcc-8.4.0_musl_eabi/usr/lib -L/workdir/openwrt/staging_dir/toolchain-arm_cortex-a7+neon-vfpv4_gcc-8.4.0_musl_eabi/lib -L/workdir/openwrt/staging_dir/target-arm_cortex-a7+neon-vfpv4_musl_eabi/usr/lib/libiconv-stub/lib -Wl,-rpath-link=/workdir/openwrt/staging_dir/target-arm_cortex-a7+neon-vfpv4_musl_eabi/usr/lib/libiconv-stub/lib -L/workdir/openwrt/staging_dir/target-arm_cortex-a7+neon-vfpv4_musl_eabi/usr/lib/libintl-stub/lib -Wl,-rpath-link=/workdir/openwrt/staging_dir/target-arm_cortex-a7+neon-vfpv4_musl_eabi/usr/lib/libintl-stub/lib -znow -zrelro  '
ac_cv_env_LIBS_set=
ac_cv_env_LIBS_value=
ac_cv_env_build_alias_set=set
ac_cv_env_build_alias_value=x86_64-pc-linux-gnu
ac_cv_env_host_alias_set=set
ac_cv_env_host_alias_value=arm-openwrt-linux-muslgnueabi
ac_cv_env_target_alias_set=set
ac_cv_env_target_alias_value=arm-openwrt-linux-muslgnueabi
ac_cv_file__dev_zero=yes
ac_cv_func___adjtimex=yes
ac_cv_func___va_copy=no
ac_cv_func__exit=yes
ac_cv_func_bcmp=yes
ac_cv_func_bcopy=yes
ac_cv_func_bzero=yes
ac_cv_func_cimag=yes
ac_cv_func_creal=yes
ac_cv_func_fchmod=yes
ac_cv_func_getaddrinfo=yes
ac_cv_func_getcwd=yes
ac_cv_func_getdomainname=yes
ac_cv_func_getpgrp_void=yes
ac_cv_func_getpwuid_r=yes
ac_cv_func_gettimeofday=yes
ac_cv_func_index=yes
ac_cv_func_lstat=yes
ac_cv_func_lstat_dereferences_slashed_symlink=yes
ac_cv_func_lstat_empty_string_bug=no
ac_cv_func_malloc_0_nonnull=yes
ac_cv_func_malloc_works=yes
ac_cv_func_memcmp_clean=yes
ac_cv_func_memcmp_working=yes
ac_cv_func_posix_getgrgid_r=yes
ac_cv_func_posix_getpwuid_r=yes
ac_cv_func_psignal=yes
ac_cv_func_pthread_key_delete=yes
ac_cv_func_realloc_0_nonnull=yes
ac_cv_func_realloc_works=yes
ac_cv_func_rename=yes
ac_cv_func_rindex=yes
ac_cv_func_setgrent_void=yes
ac_cv_func_setlocale=yes
ac_cv_func_setpgrp_void=yes
ac_cv_func_setresuid=no
ac_cv_func_setvbuf_reversed=no
ac_cv_func_stat_empty_string_bug=no
ac_cv_func_stat_ignores_trailing_slash=no
ac_cv_func_strerror=yes
ac_cv_func_strftime=yes
ac_cv_func_utimes=yes
ac_cv_func_va_copy=no
ac_cv_func_vsnprintf=yes
ac_cv_have_accrights_in_msghdr=no
ac_cv_have_broken_snprintf=no
ac_cv_have_control_in_msghdr=yes
ac_cv_have_decl_basename=yes
ac_cv_have_decl_stpcpy=yes
ac_cv_have_decl_sys_siglist=no
ac_cv_have_openpty_ctty_bug=yes
ac_cv_have_space_d_name_in_struct_dirent=yes
ac_cv_header_dlfcn_h=yes
ac_cv_header_inttypes_h=yes
ac_cv_header_limits_h=yes
ac_cv_header_memory_h=yes
ac_cv_header_minix_config_h=no
ac_cv_header_netinet_sctp_h=no
ac_cv_header_netinet_sctp_uio_h=no
ac_cv_header_stdc=yes
ac_cv_header_stdint_h=yes
ac_cv_header_stdlib_h=yes
ac_cv_header_string_h=yes
ac_cv_header_strings_h=yes
ac_cv_header_sys_stat_h=yes
ac_cv_header_sys_types_h=yes
ac_cv_header_unistd_h=yes
ac_cv_host=arm-openwrt-linux-muslgnueabi
ac_cv_int64_t=yes
ac_cv_lbl_unaligned_fail=no
ac_cv_lib_m_cos=yes
ac_cv_linux_kernel_pppoe=yes
ac_cv_linux_vers=2
ac_cv_objext=o
ac_cv_pack_bitfields_reversed=yes
ac_cv_path_EGREP='/workdir/openwrt/staging_dir/host/bin/grep -E'
ac_cv_path_FGREP='/workdir/openwrt/staging_dir/host/bin/grep -F'
ac_cv_path_GMSGFMT=/usr/bin/msgfmt
ac_cv_path_GREP=/workdir/openwrt/staging_dir/host/bin/grep
ac_cv_path_LDCONFIG=
ac_cv_path_MSGFMT=/usr/bin/msgfmt
ac_cv_path_MSGMERGE=/usr/bin/msgmerge
ac_cv_path_SED=/workdir/openwrt/staging_dir/host/bin/sed
ac_cv_path_XGETTEXT=/usr/bin/xgettext
ac_cv_path_mkdir=/usr/bin/mkdir
ac_cv_prog_AR=arm-openwrt-linux-muslgnueabi-gcc-ar
ac_cv_prog_AWK=gawk
ac_cv_prog_CC=arm-openwrt-linux-muslgnueabi-gcc
ac_cv_prog_CPP='arm-openwrt-linux-muslgnueabi-gcc -E'
ac_cv_prog_OBJDUMP=arm-openwrt-linux-muslgnueabi-objdump
ac_cv_prog_RANLIB=arm-openwrt-linux-muslgnueabi-gcc-ranlib
ac_cv_prog_STRIP=arm-openwrt-linux-muslgnueabi-strip
ac_cv_prog_cc_c89=
ac_cv_prog_cc_g=yes
ac_cv_prog_make_make_set=yes
ac_cv_regexec_segfault_emptystr=no
ac_cv_safe_to_define___extensions__=yes
ac_cv_sctp=no
ac_cv_search_strerror='none required'
ac_cv_sizeof___int64=0
ac_cv_sizeof_char=1
ac_cv_sizeof_int16_t=2
ac_cv_sizeof_int32_t=4
ac_cv_sizeof_int64_t=8
ac_cv_sizeof_int=4
ac_cv_sizeof_long=4
ac_cv_sizeof_long_int=4
ac_cv_sizeof_long_long=8
ac_cv_sizeof_off_t=8
ac_cv_sizeof_short=2
ac_cv_sizeof_short_int=2
ac_cv_sizeof_size_t=4
ac_cv_sizeof_ssize_t=4
ac_cv_sizeof_u_int16_t=2
ac_cv_sizeof_u_int32_t=4
ac_cv_sizeof_u_int64_t=8
ac_cv_sizeof_uint16_t=2
ac_cv_sizeof_uint32_t=4
ac_cv_sizeof_uint64_t=8
ac_cv_sizeof_unsigned_int=4
ac_cv_sizeof_unsigned_long=4
ac_cv_sizeof_unsigned_long_long=8
ac_cv_sizeof_unsigned_short=2
ac_cv_sizeof_void_p=4
ac_cv_sys_restartable_syscalls=yes
ac_cv_target=arm-openwrt-linux-muslgnueabi
ac_cv_time_r_type=POSIX
ac_cv_type_suseconds_t=yes
ac_cv_uchar=no
ac_cv_uint64_t=yes
ac_cv_uint=yes
ac_cv_ulong=yes
ac_cv_ushort=yes
ac_cv_va_copy=C99
ac_cv_va_val_copy=yes
am_cv_CC_dependencies_compiler_type=gcc3
am_cv_make_support_nested_variables=yes
am_cv_prog_cc_c_o=yes
as_cv_unaligned_access=yes
bfd_cv_build_exeext=no
bfd_cv_func_sigsetjmp=yes
bfd_cv_ld_as_needed=yes
gcc_cv_header_string=yes
lt_cv_archive_cmds_need_lc=no
lt_cv_deplibs_check_method=pass_all
lt_cv_file_magic_cmd='$MAGIC_CMD'
lt_cv_file_magic_test_file=
lt_cv_ld_reload_flag=-r
lt_cv_nm_interface='BSD nm'
lt_cv_objdir=.libs
lt_cv_path_LD=arm-openwrt-linux-muslgnueabi-ld
lt_cv_path_NM=arm-openwrt-linux-muslgnueabi-gcc-nm
lt_cv_prog_compiler_c_o=yes
lt_cv_prog_compiler_pic_works=yes
lt_cv_prog_compiler_rtti_exceptions=no
lt_cv_prog_compiler_static_works=yes
lt_cv_prog_gnu_ld=yes
lt_cv_shlibpath_overrides_runpath=no
lt_cv_sys_global_symbol_pipe='sed -n -e '\''s/^.*[	 ]\([ABCDGIRSTW][ABCDGIRSTW]*\)[	 ][	 ]*\([_A-Za-z][_A-Za-z0-9]*\)$/\1 \2 \2/p'\'''
lt_cv_sys_global_symbol_to_c_name_address='sed -n -e '\''s/^: \([^ ]*\) $/  {\"\1\", (void *) 0},/p'\'' -e '\''s/^[ABCDGIRSTW]* \([^ ]*\) \([^ ]*\)$/  {"\2", (void *) \&\2},/p'\'''
lt_cv_sys_global_symbol_to_c_name_address_lib_prefix='sed -n -e '\''s/^: \([^ ]*\) $/  {\"\1\", (void *) 0},/p'\'' -e '\''s/^[ABCDGIRSTW]* \([^ ]*\) \(lib[^ ]*\)$/  {"\2", (void *) \&\2},/p'\'' -e '\''s/^[ABCDGIRSTW]* \([^ ]*\) \([^ ]*\)$/  {"lib\2", (void *) \&\2},/p'\'''
lt_cv_sys_global_symbol_to_cdecl='sed -n -e '\''s/^T .* \(.*\)$/extern int \1();/p'\'' -e '\''s/^[ABCDGIRSTW]* .* \(.*\)$/extern char \1;/p'\'''
lt_cv_sys_max_cmd_len=3145728

## ----------------- ##
## Output variables. ##
## ----------------- ##

ACLOCAL='${SHELL} /workdir/build_dir/_p2w_r619ac-128m/target-arm_cortex-a7+neon-vfpv4_musl_eabi/binutils-2.35.2/missing aclocal-1.15'
AMDEPBACKSLASH='\'
AMDEP_FALSE='#'
AMDEP_TRUE=''
AMTAR='$${TAR-tar}'
AM_BACKSLASH='\'
AM_DEFAULT_V='$(AM_DEFAULT_VERBOSITY)'
AM_DEFAULT_VERBOSITY='1'
AM_V='$(V)'
AR='arm-openwrt-linux-muslgnueabi-gcc-ar'
AUTOCONF='${SHELL} /workdir/build_dir/_p2w_r619ac-128m/target-arm_cortex-a7+neon-vfpv4_musl_eabi/binutils-2.35.2/missing autoconf'
AUTOHEADER='${SHELL} /workdir/build_dir/_p2w_r619ac-128m/target-arm_cortex-a7+neon-vfpv4_musl_eabi/binutils-2.35.2/missing autoheader'
AUTOMAKE='${SHELL} /workdir/build_dir/_p2w_r619ac-128m/target-arm_cortex-a7+neon-vfpv4_musl_eabi/binutils-2.35.2/missing automake-1.15'
AWK='gawk'
BFD_MACHINES=' arm-dis.lo'
BUILD_LIBS='-liberty '
BUILD_LIB_DEPS=' '
CATALOGS=''
CATOBJEXT=''
CC='arm-openwrt-linux-muslgnueabi-gcc'
CCDEPMODE='depmode=gcc3'
CC_FOR_BUILD='gcc'
CFLAGS='-Os -pipe -fno-caller-saves -fno-plt -fhonour-copts -Wno-error=unused-but-set-variable -Wno-error=unused-result -mfloat-abi=hard -I/workdir/openwrt/staging_dir/target-arm_cortex-a7+neon-vfpv4_musl_eabi/usr/lib/libiconv-stub/include -I/workdir/openwrt/staging_dir/target-arm_cortex-a7+neon-vfpv4_musl_eabi/usr/lib/libintl-stub/include -fmacro-prefix-map=/workdir/openwrt/build_dir/target-arm_cortex-a7+neon-vfpv4_musl_eabi/binutils-2.35.2=binutils-2.35.2 -Wformat -Werror=format-security -fstack-protector -D_FORTIFY_SOURCE=1 -Wl,-z,now -Wl,-z,relro -DPIC -fpic -Wno-unused-value '
CGEN_MAINT_FALSE=''
CGEN_MAINT_TRUE='#'
CPP='arm-openwrt-linux-muslgnueabi-gcc -E'
CPPFLAGS=''
CYGPATH_W='echo'
DATADIRNAME=''
DEFS='-DHAVE_CONFIG_H'
DEPDIR='.deps'
DSYMUTIL=''
DUMPBIN=''
ECHO_C=''
ECHO_N='-n'
ECHO_T=''
EGREP='/workdir/openwrt/staging_dir/host/bin/grep -E'
EXEEXT=''
EXEEXT_FOR_BUILD=''
FGREP='/workdir/openwrt/staging_dir/host/bin/grep -F'
GENCAT=''
GMSGFMT='/usr/bin/msgfmt'
GREP='/workdir/openwrt/staging_dir/host/bin/grep'
HDEFINES=''
INCINTL=''
INSTALL_DATA='/workdir/openwrt/staging_dir/host/bin/install -c -m 644'
INSTALL_LIBBFD_FALSE='#'
INSTALL_LIBBFD_TRUE=''
INSTALL_PROGRAM='/workdir/openwrt/staging_dir/host/bin/install -c'
INSTALL_SCRIPT='/workdir/openwrt/staging_dir/host/bin/install -c'
INSTALL_STRIP_PROGRAM='$(install_sh) -c -s'
INSTOBJEXT=''
LD='arm-openwrt-linux-muslgnueabi-ld'
LDFLAGS=' -L/workdir/openwrt/staging_dir/toolchain-arm_cortex-a7+neon-vfpv4_gcc-8.4.0_musl_eabi/usr/lib -L/workdir/openwrt/staging_dir/toolchain-arm_cortex-a7+neon-vfpv4_gcc-8.4.0_musl_eabi/lib -L/workdir/openwrt/staging_dir/target-arm_cortex-a7+neon-vfpv4_musl_eabi/usr/lib/libiconv-stub/lib -Wl,-rpath-link=/workdir/openwrt/staging_dir/target-arm_cortex-a7+neon-vfpv4_musl_eabi/usr/lib/libiconv-stub/lib -L/workdir/openwrt/staging_dir/target-arm_cortex-a7+neon-vfpv4_musl_eabi/usr/lib/libintl-stub/lib -Wl,-rpath-link=/workdir/openwrt/staging_dir/target-arm_cortex-a7+neon-vfpv4_musl_eabi/usr/lib/libintl-stub/lib -znow -zrelro  '
LIBINTL=''
LIBINTL_DEP=''
LIBM='-lm'
LIBOBJS=''
LIBS=''
LIBTOOL='$(SHELL) $(top_builddir)/libtool'
LIPO=''
LN_S='ln -s'
LTLIBOBJS=''
MAINT='#'
MAINTAINER_MODE_FALSE=''
MAINTAINER_MODE_TRUE='#'
MAKEINFO='/workdir/openwrt/build_dir/target-arm_cortex-a7+neon-vfpv4_musl_eabi/binutils-2.35.2/missing makeinfo --split-size=5000000'
MKDIR_P='/usr/bin/mkdir -p'
MKINSTALLDIRS='$(top_builddir)/./../mkinstalldirs'
MSGFMT='/usr/bin/msgfmt'
MSGMERGE='/usr/bin/msgmerge'
NM='arm-openwrt-linux-muslgnueabi-gcc-nm'
NMEDIT=''
NO_WERROR=''
OBJDUMP='arm-openwrt-linux-muslgnueabi-objdump'
OBJEXT='o'
OTOOL64=''
OTOOL=''
PACKAGE='opcodes'
PACKAGE_BUGREPORT=''
PACKAGE_NAME='opcodes'
PACKAGE_STRING='opcodes 2.35.2'
PACKAGE_TARNAME='opcodes'
PACKAGE_URL=''
PACKAGE_VERSION='2.35.2'
PATH_SEPARATOR=':'
POSUB=''
RANLIB='arm-openwrt-linux-muslgnueabi-gcc-ranlib'
SED='/workdir/openwrt/staging_dir/host/bin/sed'
SET_MAKE=''
SHARED_DEPENDENCIES='../bfd/libbfd.la'
SHARED_LDFLAGS=''
SHARED_LIBADD='-Wl,/workdir/build_dir/_p2w_r619ac-128m/target-arm_cortex-a7+neon-vfpv4_musl_eabi/binutils-2.35.2/opcodes/../bfd/.libs/libbfd.so -L/workdir/build_dir/_p2w_r619ac-128m/target-arm_cortex-a7+neon-vfpv4_musl_eabi/binutils-2.35.2/opcodes/../libiberty/pic -liberty -Wl,-lc,--as-needed,-lm,--no-as-needed'
SHELL='/bin/bash'
STRIP='arm-openwrt-linux-muslgnueabi-strip'
USE_NLS='no'
VERSION='2.35.2'
WARN_CFLAGS='-W -Wall -Wstrict-prototypes -Wmissing-prototypes -Wshadow -Wstack-usage=262144'
WARN_CFLAGS_FOR_BUILD='-W -Wall -Wstrict-prototypes -Wmissing-prototypes -Wshadow -Wstack-usage=262144'
WARN_WRITE_STRINGS='-Wwrite-strings'
XGETTEXT='/usr/bin/xgettext'
ac_ct_CC=''
ac_ct_DUMPBIN=''
am__EXEEXT_FALSE=''
am__EXEEXT_TRUE='#'
am__fastdepCC_FALSE='#'
am__fastdepCC_TRUE=''
am__include='include'
am__isrc=''
am__leading_dot='.'
am__nodep='_no'
am__quote=''
am__tar='$${TAR-tar} chof - "$$tardir"'
am__untar='$${TAR-tar} xf -'
archdefs=' -DARCH_arm'
bfdincludedir='$(includedir)'
bfdlibdir='$(libdir)'
bindir='/usr/bin'
build='x86_64-pc-linux-gnu'
build_alias='x86_64-pc-linux-gnu'
build_cpu='x86_64'
build_os='linux-gnu'
build_vendor='pc'
cgendir='$(srcdir)/../cgen'
datadir='/usr/share'
datarootdir='${prefix}/share'
docdir='${datarootdir}/doc/${PACKAGE_TARNAME}'
dvidir='${docdir}'
exec_prefix='/usr'
host='arm-openwrt-linux-muslgnueabi'
host_alias='arm-openwrt-linux-muslgnueabi'
host_cpu='arm'
host_noncanonical='arm-openwrt-linux-muslgnueabi'
host_os='linux-muslgnueabi'
host_vendor='openwrt'
htmldir='${docdir}'
includedir='${prefix}/include'
infodir='/usr/info'
install_sh='${SHELL} /workdir/build_dir/_p2w_r619ac-128m/target-arm_cortex-a7+neon-vfpv4_musl_eabi/binutils-2.35.2/install-sh'
libdir='${exec_prefix}/lib'
libexecdir='/usr/lib'
localedir='${datarootdir}/locale'
localstatedir='/var'
mandir='/usr/man'
mkdir_p='$(MKDIR_P)'
oldincludedir='/usr/include'
pdfdir='${docdir}'
prefix='/usr'
program_transform_name='s&$$&&;s&^&&'
psdir='${docdir}'
sbindir='/usr/sbin'
sharedstatedir='${prefix}/com'
sysconfdir='/etc'
target='arm-openwrt-linux-muslgnueabi'
target_alias='arm-openwrt-linux-muslgnueabi'
target_cpu='arm'
target_noncanonical='arm-openwrt-linux-muslgnueabi'
target_os='linux-muslgnueabi'
target_vendor='openwrt'

## ----------- ##
## confdefs.h. ##
## ----------- ##

/* confdefs.h */
#define PACKAGE_NAME "opcodes"
#define PACKAGE_TARNAME "opcodes"
#define PACKAGE_VERSION "2.35.2"
#define PACKAGE_STRING "opcodes 2.35.2"
#define PACKAGE_BUGREPORT ""
#define PACKAGE_URL ""
#define PACKAGE "opcodes"
#define VERSION "2.35.2"
#define STDC_HEADERS 1
#define HAVE_SYS_TYPES_H 1
#define HAVE_SYS_STAT_H 1
#define HAVE_STDLIB_H 1
#define HAVE_STRING_H 1
#define HAVE_MEMORY_H 1
#define HAVE_STRINGS_H 1
#define HAVE_INTTYPES_H 1
#define HAVE_STDINT_H 1
#define HAVE_UNISTD_H 1
#define __EXTENSIONS__ 1
#define _ALL_SOURCE 1
#define _GNU_SOURCE 1
#define _POSIX_PTHREAD_SEMANTICS 1
#define _TANDEM_SOURCE 1
#define HAVE_DLFCN_H 1
#define LT_OBJDIR ".libs/"
#define HAVE_STRING_H 1
#define HAVE_STRINGS_H 1
#define HAVE_STDLIB_H 1
#define HAVE_LIMITS_H 1
#define STRING_WITH_STRINGS 1
#define HAVE_DECL_BASENAME 1
#define HAVE_DECL_STPCPY 1
#define HAVE_SIGSETJMP 1

configure: exit 0
