This file contains any messages produced by compilers while
running configure, to aid debugging if configure makes a mistake.

It was created by zlib configure 1.1.4, which was
generated by GNU Autoconf 2.69.  Invocation command line was

  $ /workdir/build_dir/_p2w_r619ac-128m/target-arm_cortex-a7+neon-vfpv4_musl_eabi/binutils-2.35.2/zlib/configure --srcdir=.././zlib --cache-file=./config.cache --with-gnu-as --with-gnu-ld --prefix=/usr --exec-prefix=/usr --bindir=/usr/bin --sbindir=/usr/sbin --libexecdir=/usr/lib --sysconfdir=/etc --datadir=/usr/share --localstatedir=/var --mandir=/usr/man --infodir=/usr/info --disable-nls --enable-shared --enable-install-libiberty --enable-install-libbfd --enable-install-libctf --program-transform-name=s&$&&;s&^&& --disable-option-checking --build=x86_64-pc-linux-gnu --host=arm-openwrt-linux-muslgnueabi --target=arm-openwrt-linux-muslgnueabi --enable-host-shared

## --------- ##
## Platform. ##
## --------- ##

hostname = fv-az152-677
uname -m = x86_64
uname -r = 5.11.0-1020-azure
uname -s = Linux
uname -v = #21~20.04.1-Ubuntu SMP Mon Oct 11 18:54:28 UTC 2021

/usr/bin/uname -p = x86_64
/bin/uname -X     = unknown

/bin/arch              = x86_64
/usr/bin/arch -k       = unknown
/usr/convex/getsysinfo = unknown
/usr/bin/hostinfo      = unknown
/bin/machine           = unknown
/usr/bin/oslevel       = unknown
/bin/universe          = unknown

PATH: /workdir/openwrt/staging_dir/target-arm_cortex-a7+neon-vfpv4_musl_eabi/host/bin
PATH: /workdir/openwrt/staging_dir/hostpkg/bin
PATH: /workdir/openwrt/staging_dir/toolchain-arm_cortex-a7+neon-vfpv4_gcc-8.4.0_musl_eabi/bin
PATH: /workdir/openwrt/staging_dir/toolchain-arm_cortex-a7+neon-vfpv4_gcc-8.4.0_musl_eabi/bin
PATH: /workdir/openwrt/staging_dir/host/bin
PATH: /workdir/openwrt/staging_dir/toolchain-arm_cortex-a7+neon-vfpv4_gcc-8.4.0_musl_eabi/bin
PATH: /workdir/openwrt/staging_dir/host/bin
PATH: /workdir/openwrt/staging_dir/host/bin
PATH: /home/linuxbrew/.linuxbrew/bin
PATH: /home/linuxbrew/.linuxbrew/sbin
PATH: /home/runner/.local/bin
PATH: /opt/pipx_bin
PATH: /usr/share/rust/.cargo/bin
PATH: /home/runner/.config/composer/vendor/bin
PATH: /usr/local/.ghcup/bin
PATH: /home/runner/.dotnet/tools
PATH: /snap/bin
PATH: /usr/local/sbin
PATH: /usr/local/bin
PATH: /usr/sbin
PATH: /usr/bin
PATH: /sbin
PATH: /bin
PATH: /usr/games
PATH: /usr/local/games
PATH: /snap/bin


## ----------- ##
## Core tests. ##
## ----------- ##

configure:2124: loading site script /workdir/openwrt/include/site/arm
| #!/bin/sh
| . $TOPDIR/include/site/linux
| ac_cv_c_littleendian=${ac_cv_c_littleendian=yes}
| ac_cv_c_bigendian=${ac_cv_c_bigendian=no}
| 
| ac_cv_sizeof___int64=0
| ac_cv_sizeof_char=1
| ac_cv_sizeof_int=4
| ac_cv_sizeof_int16_t=2
| ac_cv_sizeof_int32_t=4
| ac_cv_sizeof_int64_t=8
| ac_cv_sizeof_long_int=4
| ac_cv_sizeof_long_long=8
| ac_cv_sizeof_long=4
| ac_cv_sizeof_off_t=8
| ac_cv_sizeof_short_int=2
| ac_cv_sizeof_short=2
| ac_cv_sizeof_size_t=4
| ac_cv_sizeof_ssize_t=4
| ac_cv_sizeof_u_int16_t=2
| ac_cv_sizeof_u_int32_t=4
| ac_cv_sizeof_u_int64_t=8
| ac_cv_sizeof_uint16_t=2
| ac_cv_sizeof_uint32_t=4
| ac_cv_sizeof_uint64_t=8
| ac_cv_sizeof_unsigned_int=4
| ac_cv_sizeof_unsigned_long=4
| ac_cv_sizeof_unsigned_long_long=8
| ac_cv_sizeof_unsigned_short=2
| ac_cv_sizeof_void_p=4
configure:2147: creating cache ./config.cache
configure:2301: checking build system type
configure:2315: result: x86_64-pc-linux-gnu
configure:2335: checking host system type
configure:2348: result: arm-openwrt-linux-muslgnueabi
configure:2368: checking target system type
configure:2381: result: arm-openwrt-linux-muslgnueabi
configure:2429: checking for a BSD-compatible install
configure:2497: result: /workdir/openwrt/staging_dir/host/bin/install -c
configure:2508: checking whether build environment is sane
configure:2563: result: yes
configure:2620: checking for arm-openwrt-linux-muslgnueabi-strip
configure:2647: result: arm-openwrt-linux-muslgnueabi-strip
configure:2712: checking for a thread-safe mkdir -p
configure:2751: result: /usr/bin/mkdir -p
configure:2758: checking for gawk
configure:2785: result: gawk
configure:2796: checking whether make sets $(MAKE)
configure:2818: result: yes
configure:2847: checking whether make supports nested variables
configure:2864: result: yes
configure:2992: checking whether to enable maintainer-specific portions of Makefiles
configure:3001: result: no
configure:3072: checking for arm-openwrt-linux-muslgnueabi-gcc
configure:3099: result: arm-openwrt-linux-muslgnueabi-gcc
configure:3368: checking for C compiler version
configure:3377: arm-openwrt-linux-muslgnueabi-gcc --version >&5
arm-openwrt-linux-muslgnueabi-gcc (OpenWrt GCC 8.4.0 r3881-e65535d3c) 8.4.0
Copyright (C) 2018 Free Software Foundation, Inc.
This is free software; see the source for copying conditions.  There is NO
warranty; not even for MERCHANTABILITY or FITNESS FOR A PARTICULAR PURPOSE.

configure:3388: $? = 0
configure:3377: arm-openwrt-linux-muslgnueabi-gcc -v >&5
Reading specs from /workdir/staging_dir/_p2w_r619ac-128m/toolchain-arm_cortex-a7+neon-vfpv4_gcc-8.4.0_musl_eabi/bin/../lib/gcc/arm-openwrt-linux-muslgnueabi/8.4.0/specs
COLLECT_GCC=arm-openwrt-linux-muslgnueabi-gcc
COLLECT_LTO_WRAPPER=/workdir/staging_dir/_p2w_r619ac-128m/toolchain-arm_cortex-a7+neon-vfpv4_gcc-8.4.0_musl_eabi/bin/../libexec/gcc/arm-openwrt-linux-muslgnueabi/8.4.0/lto-wrapper
Target: arm-openwrt-linux-muslgnueabi
Configured with: /workdir/openwrt/build_dir/toolchain-arm_cortex-a7+neon-vfpv4_gcc-8.4.0_musl_eabi/gcc-8.4.0/configure --with-bugurl=http://bugs.openwrt.org/ --with-pkgversion='OpenWrt GCC 8.4.0 r3881-e65535d3c' --prefix=/workdir/openwrt/staging_dir/toolchain-arm_cortex-a7+neon-vfpv4_gcc-8.4.0_musl_eabi --build=x86_64-pc-linux-gnu --host=x86_64-pc-linux-gnu --target=arm-openwrt-linux-muslgnueabi --with-gnu-ld --enable-target-optspace --disable-libgomp --disable-libmudflap --disable-multilib --disable-libmpx --disable-nls --disable-libssp --without-isl --without-cloog --with-host-libstdcxx=-lstdc++ --with-gmp=/workdir/openwrt/staging_dir/host --with-mpfr=/workdir/openwrt/staging_dir/host --with-mpc=/workdir/openwrt/staging_dir/host --disable-decimal-float --with-diagnostics-color=auto-if-env --enable-__cxa_atexit --disable-libstdcxx-dual-abi --with-default-libstdcxx-abi=new --with-cpu=cortex-a7 --with-fpu=neon-vfpv4 --with-float=hard --with-headers=/workdir/openwrt/staging_dir/toolchain-arm_cortex-a7+neon-vfpv4_gcc-8.4.0_musl_eabi/include --enable-languages=c,c++ --enable-shared --enable-threads --with-slibdir=/workdir/openwrt/staging_dir/toolchain-arm_cortex-a7+neon-vfpv4_gcc-8.4.0_musl_eabi/lib --enable-lto --with-libelf=/workdir/openwrt/staging_dir/host --disable-libsanitizer
Thread model: posix
gcc version 8.4.0 (OpenWrt GCC 8.4.0 r3881-e65535d3c) 
configure:3388: $? = 0
configure:3377: arm-openwrt-linux-muslgnueabi-gcc -V >&5
arm-openwrt-linux-muslgnueabi-gcc: error: unrecognized command line option '-V'
arm-openwrt-linux-muslgnueabi-gcc: fatal error: no input files
compilation terminated.
configure:3388: $? = 1
configure:3377: arm-openwrt-linux-muslgnueabi-gcc -qversion >&5
arm-openwrt-linux-muslgnueabi-gcc: error: unrecognized command line option '-qversion'; did you mean '--version'?
arm-openwrt-linux-muslgnueabi-gcc: fatal error: no input files
compilation terminated.
configure:3388: $? = 1
configure:3404: arm-openwrt-linux-muslgnueabi-gcc -o conftest -Os -pipe -fno-caller-saves -fno-plt -fhonour-copts -Wno-error=unused-but-set-variable -Wno-error=unused-result -mfloat-abi=hard -I/workdir/openwrt/staging_dir/target-arm_cortex-a7+neon-vfpv4_musl_eabi/usr/lib/libiconv-stub/include -I/workdir/openwrt/staging_dir/target-arm_cortex-a7+neon-vfpv4_musl_eabi/usr/lib/libintl-stub/include -fmacro-prefix-map=/workdir/openwrt/build_dir/target-arm_cortex-a7+neon-vfpv4_musl_eabi/binutils-2.35.2=binutils-2.35.2 -Wformat -Werror=format-security -fstack-protector -D_FORTIFY_SOURCE=1 -Wl,-z,now -Wl,-z,relro -DPIC -fpic -Wno-unused-value    -L/workdir/openwrt/staging_dir/toolchain-arm_cortex-a7+neon-vfpv4_gcc-8.4.0_musl_eabi/usr/lib -L/workdir/openwrt/staging_dir/toolchain-arm_cortex-a7+neon-vfpv4_gcc-8.4.0_musl_eabi/lib -L/workdir/openwrt/staging_dir/target-arm_cortex-a7+neon-vfpv4_musl_eabi/usr/lib/libiconv-stub/lib -Wl,-rpath-link=/workdir/openwrt/staging_dir/target-arm_cortex-a7+neon-vfpv4_musl_eabi/usr/lib/libiconv-stub/lib -L/workdir/openwrt/staging_dir/target-arm_cortex-a7+neon-vfpv4_musl_eabi/usr/lib/libintl-stub/lib -Wl,-rpath-link=/workdir/openwrt/staging_dir/target-arm_cortex-a7+neon-vfpv4_musl_eabi/usr/lib/libintl-stub/lib -znow -zrelro   conftest.c  >&5
configure:3407: $? = 0
configure:3436: checking whether the C compiler works
configure:3458: arm-openwrt-linux-muslgnueabi-gcc -Os -pipe -fno-caller-saves -fno-plt -fhonour-copts -Wno-error=unused-but-set-variable -Wno-error=unused-result -mfloat-abi=hard -I/workdir/openwrt/staging_dir/target-arm_cortex-a7+neon-vfpv4_musl_eabi/usr/lib/libiconv-stub/include -I/workdir/openwrt/staging_dir/target-arm_cortex-a7+neon-vfpv4_musl_eabi/usr/lib/libintl-stub/include -fmacro-prefix-map=/workdir/openwrt/build_dir/target-arm_cortex-a7+neon-vfpv4_musl_eabi/binutils-2.35.2=binutils-2.35.2 -Wformat -Werror=format-security -fstack-protector -D_FORTIFY_SOURCE=1 -Wl,-z,now -Wl,-z,relro -DPIC -fpic -Wno-unused-value    -L/workdir/openwrt/staging_dir/toolchain-arm_cortex-a7+neon-vfpv4_gcc-8.4.0_musl_eabi/usr/lib -L/workdir/openwrt/staging_dir/toolchain-arm_cortex-a7+neon-vfpv4_gcc-8.4.0_musl_eabi/lib -L/workdir/openwrt/staging_dir/target-arm_cortex-a7+neon-vfpv4_musl_eabi/usr/lib/libiconv-stub/lib -Wl,-rpath-link=/workdir/openwrt/staging_dir/target-arm_cortex-a7+neon-vfpv4_musl_eabi/usr/lib/libiconv-stub/lib -L/workdir/openwrt/staging_dir/target-arm_cortex-a7+neon-vfpv4_musl_eabi/usr/lib/libintl-stub/lib -Wl,-rpath-link=/workdir/openwrt/staging_dir/target-arm_cortex-a7+neon-vfpv4_musl_eabi/usr/lib/libintl-stub/lib -znow -zrelro   conftest.c  >&5
configure:3462: $? = 0
configure:3510: result: yes
configure:3513: checking for C compiler default output file name
configure:3515: result: a.out
configure:3521: checking for suffix of executables
configure:3528: arm-openwrt-linux-muslgnueabi-gcc -o conftest -Os -pipe -fno-caller-saves -fno-plt -fhonour-copts -Wno-error=unused-but-set-variable -Wno-error=unused-result -mfloat-abi=hard -I/workdir/openwrt/staging_dir/target-arm_cortex-a7+neon-vfpv4_musl_eabi/usr/lib/libiconv-stub/include -I/workdir/openwrt/staging_dir/target-arm_cortex-a7+neon-vfpv4_musl_eabi/usr/lib/libintl-stub/include -fmacro-prefix-map=/workdir/openwrt/build_dir/target-arm_cortex-a7+neon-vfpv4_musl_eabi/binutils-2.35.2=binutils-2.35.2 -Wformat -Werror=format-security -fstack-protector -D_FORTIFY_SOURCE=1 -Wl,-z,now -Wl,-z,relro -DPIC -fpic -Wno-unused-value    -L/workdir/openwrt/staging_dir/toolchain-arm_cortex-a7+neon-vfpv4_gcc-8.4.0_musl_eabi/usr/lib -L/workdir/openwrt/staging_dir/toolchain-arm_cortex-a7+neon-vfpv4_gcc-8.4.0_musl_eabi/lib -L/workdir/openwrt/staging_dir/target-arm_cortex-a7+neon-vfpv4_musl_eabi/usr/lib/libiconv-stub/lib -Wl,-rpath-link=/workdir/openwrt/staging_dir/target-arm_cortex-a7+neon-vfpv4_musl_eabi/usr/lib/libiconv-stub/lib -L/workdir/openwrt/staging_dir/target-arm_cortex-a7+neon-vfpv4_musl_eabi/usr/lib/libintl-stub/lib -Wl,-rpath-link=/workdir/openwrt/staging_dir/target-arm_cortex-a7+neon-vfpv4_musl_eabi/usr/lib/libintl-stub/lib -znow -zrelro   conftest.c  >&5
configure:3532: $? = 0
configure:3554: result: 
configure:3576: checking whether we are cross compiling
configure:3614: result: yes
configure:3620: checking for suffix of object files
configure:3642: arm-openwrt-linux-muslgnueabi-gcc -c -Os -pipe -fno-caller-saves -fno-plt -fhonour-copts -Wno-error=unused-but-set-variable -Wno-error=unused-result -mfloat-abi=hard -I/workdir/openwrt/staging_dir/target-arm_cortex-a7+neon-vfpv4_musl_eabi/usr/lib/libiconv-stub/include -I/workdir/openwrt/staging_dir/target-arm_cortex-a7+neon-vfpv4_musl_eabi/usr/lib/libintl-stub/include -fmacro-prefix-map=/workdir/openwrt/build_dir/target-arm_cortex-a7+neon-vfpv4_musl_eabi/binutils-2.35.2=binutils-2.35.2 -Wformat -Werror=format-security -fstack-protector -D_FORTIFY_SOURCE=1 -Wl,-z,now -Wl,-z,relro -DPIC -fpic -Wno-unused-value   conftest.c >&5
configure:3646: $? = 0
configure:3667: result: o
configure:3671: checking whether we are using the GNU C compiler
configure:3690: arm-openwrt-linux-muslgnueabi-gcc -c -Os -pipe -fno-caller-saves -fno-plt -fhonour-copts -Wno-error=unused-but-set-variable -Wno-error=unused-result -mfloat-abi=hard -I/workdir/openwrt/staging_dir/target-arm_cortex-a7+neon-vfpv4_musl_eabi/usr/lib/libiconv-stub/include -I/workdir/openwrt/staging_dir/target-arm_cortex-a7+neon-vfpv4_musl_eabi/usr/lib/libintl-stub/include -fmacro-prefix-map=/workdir/openwrt/build_dir/target-arm_cortex-a7+neon-vfpv4_musl_eabi/binutils-2.35.2=binutils-2.35.2 -Wformat -Werror=format-security -fstack-protector -D_FORTIFY_SOURCE=1 -Wl,-z,now -Wl,-z,relro -DPIC -fpic -Wno-unused-value   conftest.c >&5
configure:3690: $? = 0
configure:3699: result: yes
configure:3708: checking whether arm-openwrt-linux-muslgnueabi-gcc accepts -g
configure:3728: arm-openwrt-linux-muslgnueabi-gcc -c -g  conftest.c >&5
cc1: note: someone does not honour COPTS correctly, passed 0 times
configure:3728: $? = 0
configure: failed program was:
| /* confdefs.h */
| #define PACKAGE_NAME "zlib"
| #define PACKAGE_TARNAME "zlib"
| #define PACKAGE_VERSION "1.1.4"
| #define PACKAGE_STRING "zlib 1.1.4"
| #define PACKAGE_BUGREPORT ""
| #define PACKAGE_URL ""
| #define PACKAGE "zlib"
| #define VERSION "1.1.4"
| /* end confdefs.h.  */
| 
| int
| main ()
| {
| 
|   ;
|   return 0;
| }
configure:3743: arm-openwrt-linux-muslgnueabi-gcc -c   conftest.c >&5
cc1: note: someone does not honour COPTS correctly, passed 0 times
configure:3743: $? = 0
configure: failed program was:
| /* confdefs.h */
| #define PACKAGE_NAME "zlib"
| #define PACKAGE_TARNAME "zlib"
| #define PACKAGE_VERSION "1.1.4"
| #define PACKAGE_STRING "zlib 1.1.4"
| #define PACKAGE_BUGREPORT ""
| #define PACKAGE_URL ""
| #define PACKAGE "zlib"
| #define VERSION "1.1.4"
| /* end confdefs.h.  */
| 
| int
| main ()
| {
| 
|   ;
|   return 0;
| }
configure:3759: arm-openwrt-linux-muslgnueabi-gcc -c -g  conftest.c >&5
cc1: note: someone does not honour COPTS correctly, passed 0 times
configure:3759: $? = 0
configure:3769: result: yes
configure:3786: checking for arm-openwrt-linux-muslgnueabi-gcc option to accept ISO C89
configure:3849: arm-openwrt-linux-muslgnueabi-gcc  -c -Os -pipe -fno-caller-saves -fno-plt -fhonour-copts -Wno-error=unused-but-set-variable -Wno-error=unused-result -mfloat-abi=hard -I/workdir/openwrt/staging_dir/target-arm_cortex-a7+neon-vfpv4_musl_eabi/usr/lib/libiconv-stub/include -I/workdir/openwrt/staging_dir/target-arm_cortex-a7+neon-vfpv4_musl_eabi/usr/lib/libintl-stub/include -fmacro-prefix-map=/workdir/openwrt/build_dir/target-arm_cortex-a7+neon-vfpv4_musl_eabi/binutils-2.35.2=binutils-2.35.2 -Wformat -Werror=format-security -fstack-protector -D_FORTIFY_SOURCE=1 -Wl,-z,now -Wl,-z,relro -DPIC -fpic -Wno-unused-value   conftest.c >&5
configure:3849: $? = 0
configure:3862: result: none needed
configure:3887: checking whether arm-openwrt-linux-muslgnueabi-gcc understands -c and -o together
configure:3909: arm-openwrt-linux-muslgnueabi-gcc -c conftest.c -o conftest2.o
cc1: note: someone does not honour COPTS correctly, passed 0 times
configure:3912: $? = 0
configure:3909: arm-openwrt-linux-muslgnueabi-gcc -c conftest.c -o conftest2.o
cc1: note: someone does not honour COPTS correctly, passed 0 times
configure:3912: $? = 0
configure:3924: result: yes
configure:3952: checking for style of include used by make
configure:3980: result: GNU
configure:4006: checking dependency style of arm-openwrt-linux-muslgnueabi-gcc
configure:4117: result: gcc3
configure:4182: checking how to print strings
configure:4209: result: printf
configure:4230: checking for a sed that does not truncate output
configure:4294: result: /workdir/openwrt/staging_dir/host/bin/sed
configure:4312: checking for grep that handles long lines and -e
configure:4370: result: /workdir/openwrt/staging_dir/host/bin/grep
configure:4375: checking for egrep
configure:4437: result: /workdir/openwrt/staging_dir/host/bin/grep -E
configure:4442: checking for fgrep
configure:4504: result: /workdir/openwrt/staging_dir/host/bin/grep -F
configure:4539: checking for ld used by arm-openwrt-linux-muslgnueabi-gcc
configure:4606: result: arm-openwrt-linux-muslgnueabi-ld
configure:4613: checking if the linker (arm-openwrt-linux-muslgnueabi-ld) is GNU ld
configure:4628: result: yes
configure:4640: checking for BSD- or MS-compatible name lister (nm)
configure:4689: result: arm-openwrt-linux-muslgnueabi-gcc-nm
configure:4819: checking the name lister (arm-openwrt-linux-muslgnueabi-gcc-nm) interface
configure:4826: arm-openwrt-linux-muslgnueabi-gcc -c -Os -pipe -fno-caller-saves -fno-plt -fhonour-copts -Wno-error=unused-but-set-variable -Wno-error=unused-result -mfloat-abi=hard -I/workdir/openwrt/staging_dir/target-arm_cortex-a7+neon-vfpv4_musl_eabi/usr/lib/libiconv-stub/include -I/workdir/openwrt/staging_dir/target-arm_cortex-a7+neon-vfpv4_musl_eabi/usr/lib/libintl-stub/include -fmacro-prefix-map=/workdir/openwrt/build_dir/target-arm_cortex-a7+neon-vfpv4_musl_eabi/binutils-2.35.2=binutils-2.35.2 -Wformat -Werror=format-security -fstack-protector -D_FORTIFY_SOURCE=1 -Wl,-z,now -Wl,-z,relro -DPIC -fpic -Wno-unused-value   conftest.c >&5
configure:4829: arm-openwrt-linux-muslgnueabi-gcc-nm "conftest.o"
configure:4832: output
00000000 B some_variable
configure:4833: result: BSD nm
configure:4836: checking whether ln -s works
configure:4840: result: yes
configure:4848: checking the maximum length of command line arguments
configure:4973: result: 3145728
configure:4990: checking whether the shell understands some XSI constructs
configure:4999: result: yes
configure:5003: checking whether the shell understands "+="
configure:5007: result: yes
configure:5042: checking for arm-openwrt-linux-muslgnueabi-ld option to reload object files
configure:5049: result: -r
configure:5078: checking for arm-openwrt-linux-muslgnueabi-objdump
configure:5105: result: arm-openwrt-linux-muslgnueabi-objdump
configure:5177: checking how to recognize dependent libraries
configure:5378: result: pass_all
configure:5398: checking for arm-openwrt-linux-muslgnueabi-ar
configure:5425: result: arm-openwrt-linux-muslgnueabi-gcc-ar
configure:5503: checking for arm-openwrt-linux-muslgnueabi-strip
configure:5530: result: arm-openwrt-linux-muslgnueabi-strip
configure:5602: checking for arm-openwrt-linux-muslgnueabi-ranlib
configure:5629: result: arm-openwrt-linux-muslgnueabi-gcc-ranlib
configure:5771: checking command to parse arm-openwrt-linux-muslgnueabi-gcc-nm output from arm-openwrt-linux-muslgnueabi-gcc object
configure:5889: arm-openwrt-linux-muslgnueabi-gcc -c -Os -pipe -fno-caller-saves -fno-plt -fhonour-copts -Wno-error=unused-but-set-variable -Wno-error=unused-result -mfloat-abi=hard -I/workdir/openwrt/staging_dir/target-arm_cortex-a7+neon-vfpv4_musl_eabi/usr/lib/libiconv-stub/include -I/workdir/openwrt/staging_dir/target-arm_cortex-a7+neon-vfpv4_musl_eabi/usr/lib/libintl-stub/include -fmacro-prefix-map=/workdir/openwrt/build_dir/target-arm_cortex-a7+neon-vfpv4_musl_eabi/binutils-2.35.2=binutils-2.35.2 -Wformat -Werror=format-security -fstack-protector -D_FORTIFY_SOURCE=1 -Wl,-z,now -Wl,-z,relro -DPIC -fpic -Wno-unused-value   conftest.c >&5
configure:5892: $? = 0
configure:5896: arm-openwrt-linux-muslgnueabi-gcc-nm conftest.o \| sed -n -e 's/^.*[ ]\([ABCDGIRSTW][ABCDGIRSTW]*\)[ ][ ]*\([_A-Za-z][_A-Za-z0-9]*\)$/\1 \2 \2/p' \> conftest.nm
configure:5899: $? = 0
configure:5953: arm-openwrt-linux-muslgnueabi-gcc -o conftest -Os -pipe -fno-caller-saves -fno-plt -fhonour-copts -Wno-error=unused-but-set-variable -Wno-error=unused-result -mfloat-abi=hard -I/workdir/openwrt/staging_dir/target-arm_cortex-a7+neon-vfpv4_musl_eabi/usr/lib/libiconv-stub/include -I/workdir/openwrt/staging_dir/target-arm_cortex-a7+neon-vfpv4_musl_eabi/usr/lib/libintl-stub/include -fmacro-prefix-map=/workdir/openwrt/build_dir/target-arm_cortex-a7+neon-vfpv4_musl_eabi/binutils-2.35.2=binutils-2.35.2 -Wformat -Werror=format-security -fstack-protector -D_FORTIFY_SOURCE=1 -Wl,-z,now -Wl,-z,relro -DPIC -fpic -Wno-unused-value    -L/workdir/openwrt/staging_dir/toolchain-arm_cortex-a7+neon-vfpv4_gcc-8.4.0_musl_eabi/usr/lib -L/workdir/openwrt/staging_dir/toolchain-arm_cortex-a7+neon-vfpv4_gcc-8.4.0_musl_eabi/lib -L/workdir/openwrt/staging_dir/target-arm_cortex-a7+neon-vfpv4_musl_eabi/usr/lib/libiconv-stub/lib -Wl,-rpath-link=/workdir/openwrt/staging_dir/target-arm_cortex-a7+neon-vfpv4_musl_eabi/usr/lib/libiconv-stub/lib -L/workdir/openwrt/staging_dir/target-arm_cortex-a7+neon-vfpv4_musl_eabi/usr/lib/libintl-stub/lib -Wl,-rpath-link=/workdir/openwrt/staging_dir/target-arm_cortex-a7+neon-vfpv4_musl_eabi/usr/lib/libintl-stub/lib -znow -zrelro   conftest.c conftstm.o >&5
configure:5956: $? = 0
configure:5994: result: ok
configure:6852: checking how to run the C preprocessor
configure:6883: arm-openwrt-linux-muslgnueabi-gcc -E  conftest.c
configure:6883: $? = 0
configure:6897: arm-openwrt-linux-muslgnueabi-gcc -E  conftest.c
conftest.c:11:10: fatal error: ac_nonexistent.h: No such file or directory
 #include <ac_nonexistent.h>
          ^~~~~~~~~~~~~~~~~~
compilation terminated.
configure:6897: $? = 1
configure: failed program was:
| /* confdefs.h */
| #define PACKAGE_NAME "zlib"
| #define PACKAGE_TARNAME "zlib"
| #define PACKAGE_VERSION "1.1.4"
| #define PACKAGE_STRING "zlib 1.1.4"
| #define PACKAGE_BUGREPORT ""
| #define PACKAGE_URL ""
| #define PACKAGE "zlib"
| #define VERSION "1.1.4"
| /* end confdefs.h.  */
| #include <ac_nonexistent.h>
configure:6922: result: arm-openwrt-linux-muslgnueabi-gcc -E
configure:6942: arm-openwrt-linux-muslgnueabi-gcc -E  conftest.c
configure:6942: $? = 0
configure:6956: arm-openwrt-linux-muslgnueabi-gcc -E  conftest.c
conftest.c:11:10: fatal error: ac_nonexistent.h: No such file or directory
 #include <ac_nonexistent.h>
          ^~~~~~~~~~~~~~~~~~
compilation terminated.
configure:6956: $? = 1
configure: failed program was:
| /* confdefs.h */
| #define PACKAGE_NAME "zlib"
| #define PACKAGE_TARNAME "zlib"
| #define PACKAGE_VERSION "1.1.4"
| #define PACKAGE_STRING "zlib 1.1.4"
| #define PACKAGE_BUGREPORT ""
| #define PACKAGE_URL ""
| #define PACKAGE "zlib"
| #define VERSION "1.1.4"
| /* end confdefs.h.  */
| #include <ac_nonexistent.h>
configure:6985: checking for ANSI C header files
configure:7005: arm-openwrt-linux-muslgnueabi-gcc -c -Os -pipe -fno-caller-saves -fno-plt -fhonour-copts -Wno-error=unused-but-set-variable -Wno-error=unused-result -mfloat-abi=hard -I/workdir/openwrt/staging_dir/target-arm_cortex-a7+neon-vfpv4_musl_eabi/usr/lib/libiconv-stub/include -I/workdir/openwrt/staging_dir/target-arm_cortex-a7+neon-vfpv4_musl_eabi/usr/lib/libintl-stub/include -fmacro-prefix-map=/workdir/openwrt/build_dir/target-arm_cortex-a7+neon-vfpv4_musl_eabi/binutils-2.35.2=binutils-2.35.2 -Wformat -Werror=format-security -fstack-protector -D_FORTIFY_SOURCE=1 -Wl,-z,now -Wl,-z,relro -DPIC -fpic -Wno-unused-value   conftest.c >&5
configure:7005: $? = 0
configure:7089: result: yes
configure:7102: checking for sys/types.h
configure:7102: arm-openwrt-linux-muslgnueabi-gcc -c -Os -pipe -fno-caller-saves -fno-plt -fhonour-copts -Wno-error=unused-but-set-variable -Wno-error=unused-result -mfloat-abi=hard -I/workdir/openwrt/staging_dir/target-arm_cortex-a7+neon-vfpv4_musl_eabi/usr/lib/libiconv-stub/include -I/workdir/openwrt/staging_dir/target-arm_cortex-a7+neon-vfpv4_musl_eabi/usr/lib/libintl-stub/include -fmacro-prefix-map=/workdir/openwrt/build_dir/target-arm_cortex-a7+neon-vfpv4_musl_eabi/binutils-2.35.2=binutils-2.35.2 -Wformat -Werror=format-security -fstack-protector -D_FORTIFY_SOURCE=1 -Wl,-z,now -Wl,-z,relro -DPIC -fpic -Wno-unused-value   conftest.c >&5
configure:7102: $? = 0
configure:7102: result: yes
configure:7102: checking for sys/stat.h
configure:7102: arm-openwrt-linux-muslgnueabi-gcc -c -Os -pipe -fno-caller-saves -fno-plt -fhonour-copts -Wno-error=unused-but-set-variable -Wno-error=unused-result -mfloat-abi=hard -I/workdir/openwrt/staging_dir/target-arm_cortex-a7+neon-vfpv4_musl_eabi/usr/lib/libiconv-stub/include -I/workdir/openwrt/staging_dir/target-arm_cortex-a7+neon-vfpv4_musl_eabi/usr/lib/libintl-stub/include -fmacro-prefix-map=/workdir/openwrt/build_dir/target-arm_cortex-a7+neon-vfpv4_musl_eabi/binutils-2.35.2=binutils-2.35.2 -Wformat -Werror=format-security -fstack-protector -D_FORTIFY_SOURCE=1 -Wl,-z,now -Wl,-z,relro -DPIC -fpic -Wno-unused-value   conftest.c >&5
configure:7102: $? = 0
configure:7102: result: yes
configure:7102: checking for stdlib.h
configure:7102: arm-openwrt-linux-muslgnueabi-gcc -c -Os -pipe -fno-caller-saves -fno-plt -fhonour-copts -Wno-error=unused-but-set-variable -Wno-error=unused-result -mfloat-abi=hard -I/workdir/openwrt/staging_dir/target-arm_cortex-a7+neon-vfpv4_musl_eabi/usr/lib/libiconv-stub/include -I/workdir/openwrt/staging_dir/target-arm_cortex-a7+neon-vfpv4_musl_eabi/usr/lib/libintl-stub/include -fmacro-prefix-map=/workdir/openwrt/build_dir/target-arm_cortex-a7+neon-vfpv4_musl_eabi/binutils-2.35.2=binutils-2.35.2 -Wformat -Werror=format-security -fstack-protector -D_FORTIFY_SOURCE=1 -Wl,-z,now -Wl,-z,relro -DPIC -fpic -Wno-unused-value   conftest.c >&5
configure:7102: $? = 0
configure:7102: result: yes
configure:7102: checking for string.h
configure:7102: arm-openwrt-linux-muslgnueabi-gcc -c -Os -pipe -fno-caller-saves -fno-plt -fhonour-copts -Wno-error=unused-but-set-variable -Wno-error=unused-result -mfloat-abi=hard -I/workdir/openwrt/staging_dir/target-arm_cortex-a7+neon-vfpv4_musl_eabi/usr/lib/libiconv-stub/include -I/workdir/openwrt/staging_dir/target-arm_cortex-a7+neon-vfpv4_musl_eabi/usr/lib/libintl-stub/include -fmacro-prefix-map=/workdir/openwrt/build_dir/target-arm_cortex-a7+neon-vfpv4_musl_eabi/binutils-2.35.2=binutils-2.35.2 -Wformat -Werror=format-security -fstack-protector -D_FORTIFY_SOURCE=1 -Wl,-z,now -Wl,-z,relro -DPIC -fpic -Wno-unused-value   conftest.c >&5
configure:7102: $? = 0
configure:7102: result: yes
configure:7102: checking for memory.h
configure:7102: arm-openwrt-linux-muslgnueabi-gcc -c -Os -pipe -fno-caller-saves -fno-plt -fhonour-copts -Wno-error=unused-but-set-variable -Wno-error=unused-result -mfloat-abi=hard -I/workdir/openwrt/staging_dir/target-arm_cortex-a7+neon-vfpv4_musl_eabi/usr/lib/libiconv-stub/include -I/workdir/openwrt/staging_dir/target-arm_cortex-a7+neon-vfpv4_musl_eabi/usr/lib/libintl-stub/include -fmacro-prefix-map=/workdir/openwrt/build_dir/target-arm_cortex-a7+neon-vfpv4_musl_eabi/binutils-2.35.2=binutils-2.35.2 -Wformat -Werror=format-security -fstack-protector -D_FORTIFY_SOURCE=1 -Wl,-z,now -Wl,-z,relro -DPIC -fpic -Wno-unused-value   conftest.c >&5
configure:7102: $? = 0
configure:7102: result: yes
configure:7102: checking for strings.h
configure:7102: arm-openwrt-linux-muslgnueabi-gcc -c -Os -pipe -fno-caller-saves -fno-plt -fhonour-copts -Wno-error=unused-but-set-variable -Wno-error=unused-result -mfloat-abi=hard -I/workdir/openwrt/staging_dir/target-arm_cortex-a7+neon-vfpv4_musl_eabi/usr/lib/libiconv-stub/include -I/workdir/openwrt/staging_dir/target-arm_cortex-a7+neon-vfpv4_musl_eabi/usr/lib/libintl-stub/include -fmacro-prefix-map=/workdir/openwrt/build_dir/target-arm_cortex-a7+neon-vfpv4_musl_eabi/binutils-2.35.2=binutils-2.35.2 -Wformat -Werror=format-security -fstack-protector -D_FORTIFY_SOURCE=1 -Wl,-z,now -Wl,-z,relro -DPIC -fpic -Wno-unused-value   conftest.c >&5
configure:7102: $? = 0
configure:7102: result: yes
configure:7102: checking for inttypes.h
configure:7102: arm-openwrt-linux-muslgnueabi-gcc -c -Os -pipe -fno-caller-saves -fno-plt -fhonour-copts -Wno-error=unused-but-set-variable -Wno-error=unused-result -mfloat-abi=hard -I/workdir/openwrt/staging_dir/target-arm_cortex-a7+neon-vfpv4_musl_eabi/usr/lib/libiconv-stub/include -I/workdir/openwrt/staging_dir/target-arm_cortex-a7+neon-vfpv4_musl_eabi/usr/lib/libintl-stub/include -fmacro-prefix-map=/workdir/openwrt/build_dir/target-arm_cortex-a7+neon-vfpv4_musl_eabi/binutils-2.35.2=binutils-2.35.2 -Wformat -Werror=format-security -fstack-protector -D_FORTIFY_SOURCE=1 -Wl,-z,now -Wl,-z,relro -DPIC -fpic -Wno-unused-value   conftest.c >&5
configure:7102: $? = 0
configure:7102: result: yes
configure:7102: checking for stdint.h
configure:7102: arm-openwrt-linux-muslgnueabi-gcc -c -Os -pipe -fno-caller-saves -fno-plt -fhonour-copts -Wno-error=unused-but-set-variable -Wno-error=unused-result -mfloat-abi=hard -I/workdir/openwrt/staging_dir/target-arm_cortex-a7+neon-vfpv4_musl_eabi/usr/lib/libiconv-stub/include -I/workdir/openwrt/staging_dir/target-arm_cortex-a7+neon-vfpv4_musl_eabi/usr/lib/libintl-stub/include -fmacro-prefix-map=/workdir/openwrt/build_dir/target-arm_cortex-a7+neon-vfpv4_musl_eabi/binutils-2.35.2=binutils-2.35.2 -Wformat -Werror=format-security -fstack-protector -D_FORTIFY_SOURCE=1 -Wl,-z,now -Wl,-z,relro -DPIC -fpic -Wno-unused-value   conftest.c >&5
configure:7102: $? = 0
configure:7102: result: yes
configure:7102: checking for unistd.h
configure:7102: arm-openwrt-linux-muslgnueabi-gcc -c -Os -pipe -fno-caller-saves -fno-plt -fhonour-copts -Wno-error=unused-but-set-variable -Wno-error=unused-result -mfloat-abi=hard -I/workdir/openwrt/staging_dir/target-arm_cortex-a7+neon-vfpv4_musl_eabi/usr/lib/libiconv-stub/include -I/workdir/openwrt/staging_dir/target-arm_cortex-a7+neon-vfpv4_musl_eabi/usr/lib/libintl-stub/include -fmacro-prefix-map=/workdir/openwrt/build_dir/target-arm_cortex-a7+neon-vfpv4_musl_eabi/binutils-2.35.2=binutils-2.35.2 -Wformat -Werror=format-security -fstack-protector -D_FORTIFY_SOURCE=1 -Wl,-z,now -Wl,-z,relro -DPIC -fpic -Wno-unused-value   conftest.c >&5
configure:7102: $? = 0
configure:7102: result: yes
configure:7116: checking for dlfcn.h
configure:7116: arm-openwrt-linux-muslgnueabi-gcc -c -Os -pipe -fno-caller-saves -fno-plt -fhonour-copts -Wno-error=unused-but-set-variable -Wno-error=unused-result -mfloat-abi=hard -I/workdir/openwrt/staging_dir/target-arm_cortex-a7+neon-vfpv4_musl_eabi/usr/lib/libiconv-stub/include -I/workdir/openwrt/staging_dir/target-arm_cortex-a7+neon-vfpv4_musl_eabi/usr/lib/libintl-stub/include -fmacro-prefix-map=/workdir/openwrt/build_dir/target-arm_cortex-a7+neon-vfpv4_musl_eabi/binutils-2.35.2=binutils-2.35.2 -Wformat -Werror=format-security -fstack-protector -D_FORTIFY_SOURCE=1 -Wl,-z,now -Wl,-z,relro -DPIC -fpic -Wno-unused-value   conftest.c >&5
configure:7116: $? = 0
configure:7116: result: yes
configure:7303: checking for objdir
configure:7318: result: .libs
configure:7589: checking if arm-openwrt-linux-muslgnueabi-gcc supports -fno-rtti -fno-exceptions
configure:7607: arm-openwrt-linux-muslgnueabi-gcc -c -Os -pipe -fno-caller-saves -fno-plt -fhonour-copts -Wno-error=unused-but-set-variable -Wno-error=unused-result -mfloat-abi=hard -I/workdir/openwrt/staging_dir/target-arm_cortex-a7+neon-vfpv4_musl_eabi/usr/lib/libiconv-stub/include -I/workdir/openwrt/staging_dir/target-arm_cortex-a7+neon-vfpv4_musl_eabi/usr/lib/libintl-stub/include -fmacro-prefix-map=/workdir/openwrt/build_dir/target-arm_cortex-a7+neon-vfpv4_musl_eabi/binutils-2.35.2=binutils-2.35.2 -Wformat -Werror=format-security -fstack-protector -D_FORTIFY_SOURCE=1 -Wl,-z,now -Wl,-z,relro -DPIC -fpic -Wno-unused-value   -fno-rtti -fno-exceptions conftest.c >&5
cc1: warning: command line option '-fno-rtti' is valid for C++/ObjC++ but not for C
configure:7611: $? = 0
configure:7624: result: no
configure:7644: checking for arm-openwrt-linux-muslgnueabi-gcc option to produce PIC
configure:7930: result: -fPIC -DPIC
configure:7942: checking if arm-openwrt-linux-muslgnueabi-gcc PIC flag -fPIC -DPIC works
configure:7960: arm-openwrt-linux-muslgnueabi-gcc -c -Os -pipe -fno-caller-saves -fno-plt -fhonour-copts -Wno-error=unused-but-set-variable -Wno-error=unused-result -mfloat-abi=hard -I/workdir/openwrt/staging_dir/target-arm_cortex-a7+neon-vfpv4_musl_eabi/usr/lib/libiconv-stub/include -I/workdir/openwrt/staging_dir/target-arm_cortex-a7+neon-vfpv4_musl_eabi/usr/lib/libintl-stub/include -fmacro-prefix-map=/workdir/openwrt/build_dir/target-arm_cortex-a7+neon-vfpv4_musl_eabi/binutils-2.35.2=binutils-2.35.2 -Wformat -Werror=format-security -fstack-protector -D_FORTIFY_SOURCE=1 -Wl,-z,now -Wl,-z,relro -DPIC -fpic -Wno-unused-value   -fPIC -DPIC -DPIC conftest.c >&5
configure:7964: $? = 0
configure:7977: result: yes
configure:8001: checking if arm-openwrt-linux-muslgnueabi-gcc static flag -static works
configure:8029: result: yes
configure:8044: checking if arm-openwrt-linux-muslgnueabi-gcc supports -c -o file.o
configure:8065: arm-openwrt-linux-muslgnueabi-gcc -c -Os -pipe -fno-caller-saves -fno-plt -fhonour-copts -Wno-error=unused-but-set-variable -Wno-error=unused-result -mfloat-abi=hard -I/workdir/openwrt/staging_dir/target-arm_cortex-a7+neon-vfpv4_musl_eabi/usr/lib/libiconv-stub/include -I/workdir/openwrt/staging_dir/target-arm_cortex-a7+neon-vfpv4_musl_eabi/usr/lib/libintl-stub/include -fmacro-prefix-map=/workdir/openwrt/build_dir/target-arm_cortex-a7+neon-vfpv4_musl_eabi/binutils-2.35.2=binutils-2.35.2 -Wformat -Werror=format-security -fstack-protector -D_FORTIFY_SOURCE=1 -Wl,-z,now -Wl,-z,relro -DPIC -fpic -Wno-unused-value   -o out/conftest2.o conftest.c >&5
configure:8069: $? = 0
configure:8091: result: yes
configure:8099: checking if arm-openwrt-linux-muslgnueabi-gcc supports -c -o file.o
configure:8146: result: yes
configure:8179: checking whether the arm-openwrt-linux-muslgnueabi-gcc linker (arm-openwrt-linux-muslgnueabi-ld) supports shared libraries
configure:9259: result: yes
configure:9296: checking whether -lc should be explicitly linked in
configure:9304: arm-openwrt-linux-muslgnueabi-gcc -c -Os -pipe -fno-caller-saves -fno-plt -fhonour-copts -Wno-error=unused-but-set-variable -Wno-error=unused-result -mfloat-abi=hard -I/workdir/openwrt/staging_dir/target-arm_cortex-a7+neon-vfpv4_musl_eabi/usr/lib/libiconv-stub/include -I/workdir/openwrt/staging_dir/target-arm_cortex-a7+neon-vfpv4_musl_eabi/usr/lib/libintl-stub/include -fmacro-prefix-map=/workdir/openwrt/build_dir/target-arm_cortex-a7+neon-vfpv4_musl_eabi/binutils-2.35.2=binutils-2.35.2 -Wformat -Werror=format-security -fstack-protector -D_FORTIFY_SOURCE=1 -Wl,-z,now -Wl,-z,relro -DPIC -fpic -Wno-unused-value   conftest.c >&5
configure:9307: $? = 0
configure:9322: arm-openwrt-linux-muslgnueabi-gcc -shared  -fPIC -DPIC conftest.o  -v -Wl,-soname -Wl,conftest -o conftest 2\>\&1 \| /workdir/openwrt/staging_dir/host/bin/grep  -lc  \>/dev/null 2\>\&1
configure:9325: $? = 0
configure:9339: result: no
configure:9504: checking dynamic linker characteristics
configure:9958: arm-openwrt-linux-muslgnueabi-gcc -o conftest -Os -pipe -fno-caller-saves -fno-plt -fhonour-copts -Wno-error=unused-but-set-variable -Wno-error=unused-result -mfloat-abi=hard -I/workdir/openwrt/staging_dir/target-arm_cortex-a7+neon-vfpv4_musl_eabi/usr/lib/libiconv-stub/include -I/workdir/openwrt/staging_dir/target-arm_cortex-a7+neon-vfpv4_musl_eabi/usr/lib/libintl-stub/include -fmacro-prefix-map=/workdir/openwrt/build_dir/target-arm_cortex-a7+neon-vfpv4_musl_eabi/binutils-2.35.2=binutils-2.35.2 -Wformat -Werror=format-security -fstack-protector -D_FORTIFY_SOURCE=1 -Wl,-z,now -Wl,-z,relro -DPIC -fpic -Wno-unused-value    -L/workdir/openwrt/staging_dir/toolchain-arm_cortex-a7+neon-vfpv4_gcc-8.4.0_musl_eabi/usr/lib -L/workdir/openwrt/staging_dir/toolchain-arm_cortex-a7+neon-vfpv4_gcc-8.4.0_musl_eabi/lib -L/workdir/openwrt/staging_dir/target-arm_cortex-a7+neon-vfpv4_musl_eabi/usr/lib/libiconv-stub/lib -Wl,-rpath-link=/workdir/openwrt/staging_dir/target-arm_cortex-a7+neon-vfpv4_musl_eabi/usr/lib/libiconv-stub/lib -L/workdir/openwrt/staging_dir/target-arm_cortex-a7+neon-vfpv4_musl_eabi/usr/lib/libintl-stub/lib -Wl,-rpath-link=/workdir/openwrt/staging_dir/target-arm_cortex-a7+neon-vfpv4_musl_eabi/usr/lib/libintl-stub/lib -znow -zrelro   -Wl,-rpath -Wl,/foo conftest.c  >&5
configure:9958: $? = 0
configure:10180: result: GNU/Linux ld.so
configure:10287: checking how to hardcode library paths into programs
configure:10312: result: immediate
configure:10867: checking whether stripping libraries is possible
configure:10872: result: yes
configure:10907: checking if libtool supports shared libraries
configure:10909: result: yes
configure:10912: checking whether to build shared libraries
configure:10933: result: yes
configure:10936: checking whether to build static libraries
configure:10940: result: yes
configure:8103: checking how to run the C preprocessor
configure:8173: result: arm-openwrt-linux-muslgnueabi-gcc -E
configure:8193: arm-openwrt-linux-muslgnueabi-gcc -E  conftest.c
configure:8193: $? = 0
configure:8207: arm-openwrt-linux-muslgnueabi-gcc -E  conftest.c
conftest.c:23:10: fatal error: ac_nonexistent.h: No such file or directory
 #include <ac_nonexistent.h>
          ^~~~~~~~~~~~~~~~~~
compilation terminated.
configure:8207: $? = 1
configure: failed program was:
| /* confdefs.h */
| #define PACKAGE_NAME "zlib"
| #define PACKAGE_TARNAME "zlib"
| #define PACKAGE_VERSION "1.1.4"
| #define PACKAGE_STRING "zlib 1.1.4"
| #define PACKAGE_BUGREPORT ""
| #define PACKAGE_URL ""
| #define PACKAGE "zlib"
| #define VERSION "1.1.4"
| #define STDC_HEADERS 1
| #define HAVE_SYS_TYPES_H 1
| #define HAVE_SYS_STAT_H 1
| #define HAVE_STDLIB_H 1
| #define HAVE_STRING_H 1
| #define HAVE_MEMORY_H 1
| #define HAVE_STRINGS_H 1
| #define HAVE_INTTYPES_H 1
| #define HAVE_STDINT_H 1
| #define HAVE_UNISTD_H 1
| #define HAVE_DLFCN_H 1
| #define LT_OBJDIR ".libs/"
| /* end confdefs.h.  */
| #include <ac_nonexistent.h>
configure:8263: checking for stdlib.h
configure:8263: result: yes
configure:8263: checking for unistd.h
configure:8263: result: yes
configure:8263: checking for sys/param.h
configure:8263: arm-openwrt-linux-muslgnueabi-gcc -c -Os -pipe -fno-caller-saves -fno-plt -fhonour-copts -Wno-error=unused-but-set-variable -Wno-error=unused-result -mfloat-abi=hard -I/workdir/openwrt/staging_dir/target-arm_cortex-a7+neon-vfpv4_musl_eabi/usr/lib/libiconv-stub/include -I/workdir/openwrt/staging_dir/target-arm_cortex-a7+neon-vfpv4_musl_eabi/usr/lib/libintl-stub/include -fmacro-prefix-map=/workdir/openwrt/build_dir/target-arm_cortex-a7+neon-vfpv4_musl_eabi/binutils-2.35.2=binutils-2.35.2 -Wformat -Werror=format-security -fstack-protector -D_FORTIFY_SOURCE=1 -Wl,-z,now -Wl,-z,relro -DPIC -fpic -Wno-unused-value   conftest.c >&5
configure:8263: $? = 0
configure:8263: result: yes
configure:8283: checking for getpagesize
configure:8283: arm-openwrt-linux-muslgnueabi-gcc -o conftest -Os -pipe -fno-caller-saves -fno-plt -fhonour-copts -Wno-error=unused-but-set-variable -Wno-error=unused-result -mfloat-abi=hard -I/workdir/openwrt/staging_dir/target-arm_cortex-a7+neon-vfpv4_musl_eabi/usr/lib/libiconv-stub/include -I/workdir/openwrt/staging_dir/target-arm_cortex-a7+neon-vfpv4_musl_eabi/usr/lib/libintl-stub/include -fmacro-prefix-map=/workdir/openwrt/build_dir/target-arm_cortex-a7+neon-vfpv4_musl_eabi/binutils-2.35.2=binutils-2.35.2 -Wformat -Werror=format-security -fstack-protector -D_FORTIFY_SOURCE=1 -Wl,-z,now -Wl,-z,relro -DPIC -fpic -Wno-unused-value    -L/workdir/openwrt/staging_dir/toolchain-arm_cortex-a7+neon-vfpv4_gcc-8.4.0_musl_eabi/usr/lib -L/workdir/openwrt/staging_dir/toolchain-arm_cortex-a7+neon-vfpv4_gcc-8.4.0_musl_eabi/lib -L/workdir/openwrt/staging_dir/target-arm_cortex-a7+neon-vfpv4_musl_eabi/usr/lib/libiconv-stub/lib -Wl,-rpath-link=/workdir/openwrt/staging_dir/target-arm_cortex-a7+neon-vfpv4_musl_eabi/usr/lib/libiconv-stub/lib -L/workdir/openwrt/staging_dir/target-arm_cortex-a7+neon-vfpv4_musl_eabi/usr/lib/libintl-stub/lib -Wl,-rpath-link=/workdir/openwrt/staging_dir/target-arm_cortex-a7+neon-vfpv4_musl_eabi/usr/lib/libintl-stub/lib -znow -zrelro   conftest.c  >&5
configure:8283: $? = 0
configure:8283: result: yes
configure:8292: checking for working mmap
configure:8449: result: no
configure:8462: checking for memcpy
configure:8462: arm-openwrt-linux-muslgnueabi-gcc -o conftest -Os -pipe -fno-caller-saves -fno-plt -fhonour-copts -Wno-error=unused-but-set-variable -Wno-error=unused-result -mfloat-abi=hard -I/workdir/openwrt/staging_dir/target-arm_cortex-a7+neon-vfpv4_musl_eabi/usr/lib/libiconv-stub/include -I/workdir/openwrt/staging_dir/target-arm_cortex-a7+neon-vfpv4_musl_eabi/usr/lib/libintl-stub/include -fmacro-prefix-map=/workdir/openwrt/build_dir/target-arm_cortex-a7+neon-vfpv4_musl_eabi/binutils-2.35.2=binutils-2.35.2 -Wformat -Werror=format-security -fstack-protector -D_FORTIFY_SOURCE=1 -Wl,-z,now -Wl,-z,relro -DPIC -fpic -Wno-unused-value    -L/workdir/openwrt/staging_dir/toolchain-arm_cortex-a7+neon-vfpv4_gcc-8.4.0_musl_eabi/usr/lib -L/workdir/openwrt/staging_dir/toolchain-arm_cortex-a7+neon-vfpv4_gcc-8.4.0_musl_eabi/lib -L/workdir/openwrt/staging_dir/target-arm_cortex-a7+neon-vfpv4_musl_eabi/usr/lib/libiconv-stub/lib -Wl,-rpath-link=/workdir/openwrt/staging_dir/target-arm_cortex-a7+neon-vfpv4_musl_eabi/usr/lib/libiconv-stub/lib -L/workdir/openwrt/staging_dir/target-arm_cortex-a7+neon-vfpv4_musl_eabi/usr/lib/libintl-stub/lib -Wl,-rpath-link=/workdir/openwrt/staging_dir/target-arm_cortex-a7+neon-vfpv4_musl_eabi/usr/lib/libintl-stub/lib -znow -zrelro   conftest.c  >&5
conftest.c:50:6: warning: conflicting types for built-in function 'memcpy' [-Wbuiltin-declaration-mismatch]
 char memcpy ();
      ^~~~~~
configure:8462: $? = 0
configure:8462: result: yes
configure:8462: checking for strerror
configure:8462: result: yes
configure:8527: checking for unistd.h
configure:8527: result: yes
configure:8641: updating cache ./config.cache
configure:8721: checking that generated files are newer than configure
configure:8727: result: done
configure:8758: creating ./config.status

## ---------------------- ##
## Running config.status. ##
## ---------------------- ##

This file was extended by zlib config.status 1.1.4, which was
generated by GNU Autoconf 2.69.  Invocation command line was

  CONFIG_FILES    = 
  CONFIG_HEADERS  = 
  CONFIG_LINKS    = 
  CONFIG_COMMANDS = 
  $ ./config.status 

on fv-az152-677

config.status:1024: creating Makefile
config.status:1196: executing depfiles commands
config.status:1196: executing libtool commands

## ---------------- ##
## Cache variables. ##
## ---------------- ##

ac_cv_build=x86_64-pc-linux-gnu
ac_cv_c_bigendian=no
ac_cv_c_compiler_gnu=yes
ac_cv_c_gettext_without_libintl=yes
ac_cv_c_littleendian=yes
ac_cv_c_long_double=no
ac_cv_conv_longlong_to_float=yes
ac_cv_env_CPPFLAGS_set=
ac_cv_env_CPPFLAGS_value=
ac_cv_env_CPP_set=
ac_cv_env_CPP_value=
ac_cv_env_build_alias_set=set
ac_cv_env_build_alias_value=x86_64-pc-linux-gnu
ac_cv_env_host_alias_set=set
ac_cv_env_host_alias_value=arm-openwrt-linux-muslgnueabi
ac_cv_env_target_alias_set=set
ac_cv_env_target_alias_value=arm-openwrt-linux-muslgnueabi
ac_cv_file__dev_zero=yes
ac_cv_func___adjtimex=yes
ac_cv_func___va_copy=no
ac_cv_func__exit=yes
ac_cv_func_bcmp=yes
ac_cv_func_bcopy=yes
ac_cv_func_bzero=yes
ac_cv_func_cimag=yes
ac_cv_func_creal=yes
ac_cv_func_fchmod=yes
ac_cv_func_getaddrinfo=yes
ac_cv_func_getcwd=yes
ac_cv_func_getdomainname=yes
ac_cv_func_getpagesize=yes
ac_cv_func_getpgrp_void=yes
ac_cv_func_getpwuid_r=yes
ac_cv_func_gettimeofday=yes
ac_cv_func_index=yes
ac_cv_func_lstat=yes
ac_cv_func_lstat_dereferences_slashed_symlink=yes
ac_cv_func_lstat_empty_string_bug=no
ac_cv_func_malloc_0_nonnull=yes
ac_cv_func_malloc_works=yes
ac_cv_func_memcmp_clean=yes
ac_cv_func_memcmp_working=yes
ac_cv_func_memcpy=yes
ac_cv_func_mmap_fixed_mapped=no
ac_cv_func_posix_getgrgid_r=yes
ac_cv_func_posix_getpwuid_r=yes
ac_cv_func_psignal=yes
ac_cv_func_pthread_key_delete=yes
ac_cv_func_realloc_0_nonnull=yes
ac_cv_func_realloc_works=yes
ac_cv_func_rename=yes
ac_cv_func_rindex=yes
ac_cv_func_setgrent_void=yes
ac_cv_func_setlocale=yes
ac_cv_func_setpgrp_void=yes
ac_cv_func_setresuid=no
ac_cv_func_setvbuf_reversed=no
ac_cv_func_stat_empty_string_bug=no
ac_cv_func_stat_ignores_trailing_slash=no
ac_cv_func_strerror=yes
ac_cv_func_strftime=yes
ac_cv_func_utimes=yes
ac_cv_func_va_copy=no
ac_cv_func_vsnprintf=yes
ac_cv_have_accrights_in_msghdr=no
ac_cv_have_broken_snprintf=no
ac_cv_have_control_in_msghdr=yes
ac_cv_have_decl_sys_siglist=no
ac_cv_have_openpty_ctty_bug=yes
ac_cv_have_space_d_name_in_struct_dirent=yes
ac_cv_header_dlfcn_h=yes
ac_cv_header_inttypes_h=yes
ac_cv_header_memory_h=yes
ac_cv_header_netinet_sctp_h=no
ac_cv_header_netinet_sctp_uio_h=no
ac_cv_header_stdc=yes
ac_cv_header_stdint_h=yes
ac_cv_header_stdlib_h=yes
ac_cv_header_string_h=yes
ac_cv_header_strings_h=yes
ac_cv_header_sys_param_h=yes
ac_cv_header_sys_stat_h=yes
ac_cv_header_sys_types_h=yes
ac_cv_header_unistd_h=yes
ac_cv_host=arm-openwrt-linux-muslgnueabi
ac_cv_int64_t=yes
ac_cv_lbl_unaligned_fail=no
ac_cv_linux_kernel_pppoe=yes
ac_cv_linux_vers=2
ac_cv_objext=o
ac_cv_pack_bitfields_reversed=yes
ac_cv_path_EGREP='/workdir/openwrt/staging_dir/host/bin/grep -E'
ac_cv_path_FGREP='/workdir/openwrt/staging_dir/host/bin/grep -F'
ac_cv_path_GREP=/workdir/openwrt/staging_dir/host/bin/grep
ac_cv_path_LDCONFIG=
ac_cv_path_SED=/workdir/openwrt/staging_dir/host/bin/sed
ac_cv_path_mkdir=/usr/bin/mkdir
ac_cv_prog_AR=arm-openwrt-linux-muslgnueabi-gcc-ar
ac_cv_prog_AWK=gawk
ac_cv_prog_CC=arm-openwrt-linux-muslgnueabi-gcc
ac_cv_prog_CPP='arm-openwrt-linux-muslgnueabi-gcc -E'
ac_cv_prog_OBJDUMP=arm-openwrt-linux-muslgnueabi-objdump
ac_cv_prog_RANLIB=arm-openwrt-linux-muslgnueabi-gcc-ranlib
ac_cv_prog_STRIP=arm-openwrt-linux-muslgnueabi-strip
ac_cv_prog_cc_c89=
ac_cv_prog_cc_g=yes
ac_cv_prog_make_make_set=yes
ac_cv_regexec_segfault_emptystr=no
ac_cv_sctp=no
ac_cv_sizeof___int64=0
ac_cv_sizeof_char=1
ac_cv_sizeof_int16_t=2
ac_cv_sizeof_int32_t=4
ac_cv_sizeof_int64_t=8
ac_cv_sizeof_int=4
ac_cv_sizeof_long=4
ac_cv_sizeof_long_int=4
ac_cv_sizeof_long_long=8
ac_cv_sizeof_off_t=8
ac_cv_sizeof_short=2
ac_cv_sizeof_short_int=2
ac_cv_sizeof_size_t=4
ac_cv_sizeof_ssize_t=4
ac_cv_sizeof_u_int16_t=2
ac_cv_sizeof_u_int32_t=4
ac_cv_sizeof_u_int64_t=8
ac_cv_sizeof_uint16_t=2
ac_cv_sizeof_uint32_t=4
ac_cv_sizeof_uint64_t=8
ac_cv_sizeof_unsigned_int=4
ac_cv_sizeof_unsigned_long=4
ac_cv_sizeof_unsigned_long_long=8
ac_cv_sizeof_unsigned_short=2
ac_cv_sizeof_void_p=4
ac_cv_sys_restartable_syscalls=yes
ac_cv_target=arm-openwrt-linux-muslgnueabi
ac_cv_time_r_type=POSIX
ac_cv_type_suseconds_t=yes
ac_cv_uchar=no
ac_cv_uint64_t=yes
ac_cv_uint=yes
ac_cv_ulong=yes
ac_cv_ushort=yes
ac_cv_va_copy=C99
ac_cv_va_val_copy=yes
am_cv_CC_dependencies_compiler_type=gcc3
am_cv_make_support_nested_variables=yes
am_cv_prog_cc_c_o=yes
as_cv_unaligned_access=yes
lt_cv_archive_cmds_need_lc=no
lt_cv_deplibs_check_method=pass_all
lt_cv_file_magic_cmd='$MAGIC_CMD'
lt_cv_file_magic_test_file=
lt_cv_ld_reload_flag=-r
lt_cv_nm_interface='BSD nm'
lt_cv_objdir=.libs
lt_cv_path_LD=arm-openwrt-linux-muslgnueabi-ld
lt_cv_path_NM=arm-openwrt-linux-muslgnueabi-gcc-nm
lt_cv_prog_compiler_c_o=yes
lt_cv_prog_compiler_pic_works=yes
lt_cv_prog_compiler_rtti_exceptions=no
lt_cv_prog_compiler_static_works=yes
lt_cv_prog_gnu_ld=yes
lt_cv_shlibpath_overrides_runpath=no
lt_cv_sys_global_symbol_pipe='sed -n -e '\''s/^.*[	 ]\([ABCDGIRSTW][ABCDGIRSTW]*\)[	 ][	 ]*\([_A-Za-z][_A-Za-z0-9]*\)$/\1 \2 \2/p'\'''
lt_cv_sys_global_symbol_to_c_name_address='sed -n -e '\''s/^: \([^ ]*\) $/  {\"\1\", (void *) 0},/p'\'' -e '\''s/^[ABCDGIRSTW]* \([^ ]*\) \([^ ]*\)$/  {"\2", (void *) \&\2},/p'\'''
lt_cv_sys_global_symbol_to_c_name_address_lib_prefix='sed -n -e '\''s/^: \([^ ]*\) $/  {\"\1\", (void *) 0},/p'\'' -e '\''s/^[ABCDGIRSTW]* \([^ ]*\) \(lib[^ ]*\)$/  {"\2", (void *) \&\2},/p'\'' -e '\''s/^[ABCDGIRSTW]* \([^ ]*\) \([^ ]*\)$/  {"lib\2", (void *) \&\2},/p'\'''
lt_cv_sys_global_symbol_to_cdecl='sed -n -e '\''s/^T .* \(.*\)$/extern int \1();/p'\'' -e '\''s/^[ABCDGIRSTW]* .* \(.*\)$/extern char \1;/p'\'''
lt_cv_sys_max_cmd_len=3145728

## ----------------- ##
## Output variables. ##
## ----------------- ##

ACLOCAL='${SHELL} /workdir/build_dir/_p2w_r619ac-128m/target-arm_cortex-a7+neon-vfpv4_musl_eabi/binutils-2.35.2/missing aclocal-1.15'
AMDEPBACKSLASH='\'
AMDEP_FALSE='#'
AMDEP_TRUE=''
AMTAR='$${TAR-tar}'
AM_BACKSLASH='\'
AM_DEFAULT_V='$(AM_DEFAULT_VERBOSITY)'
AM_DEFAULT_VERBOSITY='1'
AM_V='$(V)'
AR='arm-openwrt-linux-muslgnueabi-gcc-ar'
AUTOCONF='${SHELL} /workdir/build_dir/_p2w_r619ac-128m/target-arm_cortex-a7+neon-vfpv4_musl_eabi/binutils-2.35.2/missing autoconf'
AUTOHEADER='${SHELL} /workdir/build_dir/_p2w_r619ac-128m/target-arm_cortex-a7+neon-vfpv4_musl_eabi/binutils-2.35.2/missing autoheader'
AUTOMAKE='${SHELL} /workdir/build_dir/_p2w_r619ac-128m/target-arm_cortex-a7+neon-vfpv4_musl_eabi/binutils-2.35.2/missing automake-1.15'
AWK='gawk'
CC='arm-openwrt-linux-muslgnueabi-gcc'
CCDEPMODE='depmode=gcc3'
CFLAGS='-Os -pipe -fno-caller-saves -fno-plt -fhonour-copts -Wno-error=unused-but-set-variable -Wno-error=unused-result -mfloat-abi=hard -I/workdir/openwrt/staging_dir/target-arm_cortex-a7+neon-vfpv4_musl_eabi/usr/lib/libiconv-stub/include -I/workdir/openwrt/staging_dir/target-arm_cortex-a7+neon-vfpv4_musl_eabi/usr/lib/libintl-stub/include -fmacro-prefix-map=/workdir/openwrt/build_dir/target-arm_cortex-a7+neon-vfpv4_musl_eabi/binutils-2.35.2=binutils-2.35.2 -Wformat -Werror=format-security -fstack-protector -D_FORTIFY_SOURCE=1 -Wl,-z,now -Wl,-z,relro -DPIC -fpic -Wno-unused-value '
COMPPATH='.'
CPP='arm-openwrt-linux-muslgnueabi-gcc -E'
CPPFLAGS=''
CYGPATH_W='echo'
DEFS='-DPACKAGE_NAME=\"zlib\" -DPACKAGE_TARNAME=\"zlib\" -DPACKAGE_VERSION=\"1.1.4\" -DPACKAGE_STRING=\"zlib\ 1.1.4\" -DPACKAGE_BUGREPORT=\"\" -DPACKAGE_URL=\"\" -DPACKAGE=\"zlib\" -DVERSION=\"1.1.4\" -DSTDC_HEADERS=1 -DHAVE_SYS_TYPES_H=1 -DHAVE_SYS_STAT_H=1 -DHAVE_STDLIB_H=1 -DHAVE_STRING_H=1 -DHAVE_MEMORY_H=1 -DHAVE_STRINGS_H=1 -DHAVE_INTTYPES_H=1 -DHAVE_STDINT_H=1 -DHAVE_UNISTD_H=1 -DHAVE_DLFCN_H=1 -DLT_OBJDIR=\".libs/\" -DHAVE_STDLIB_H=1 -DHAVE_UNISTD_H=1 -DHAVE_SYS_PARAM_H=1 -DHAVE_GETPAGESIZE=1 -DHAVE_MEMCPY=1 -DHAVE_STRERROR=1 -DHAVE_UNISTD_H=1'
DEPDIR='.deps'
DSYMUTIL=''
DUMPBIN=''
ECHO_C=''
ECHO_N='-n'
ECHO_T=''
EGREP='/workdir/openwrt/staging_dir/host/bin/grep -E'
EXEEXT=''
FGREP='/workdir/openwrt/staging_dir/host/bin/grep -F'
GREP='/workdir/openwrt/staging_dir/host/bin/grep'
INSTALL_DATA='/workdir/openwrt/staging_dir/host/bin/install -c -m 644'
INSTALL_PROGRAM='/workdir/openwrt/staging_dir/host/bin/install -c'
INSTALL_SCRIPT='/workdir/openwrt/staging_dir/host/bin/install -c'
INSTALL_STRIP_PROGRAM='$(install_sh) -c -s'
LD='arm-openwrt-linux-muslgnueabi-ld'
LDFLAGS=' -L/workdir/openwrt/staging_dir/toolchain-arm_cortex-a7+neon-vfpv4_gcc-8.4.0_musl_eabi/usr/lib -L/workdir/openwrt/staging_dir/toolchain-arm_cortex-a7+neon-vfpv4_gcc-8.4.0_musl_eabi/lib -L/workdir/openwrt/staging_dir/target-arm_cortex-a7+neon-vfpv4_musl_eabi/usr/lib/libiconv-stub/lib -Wl,-rpath-link=/workdir/openwrt/staging_dir/target-arm_cortex-a7+neon-vfpv4_musl_eabi/usr/lib/libiconv-stub/lib -L/workdir/openwrt/staging_dir/target-arm_cortex-a7+neon-vfpv4_musl_eabi/usr/lib/libintl-stub/lib -Wl,-rpath-link=/workdir/openwrt/staging_dir/target-arm_cortex-a7+neon-vfpv4_musl_eabi/usr/lib/libintl-stub/lib -znow -zrelro  '
LIBOBJS=''
LIBS=''
LIBTOOL='$(SHELL) $(top_builddir)/libtool'
LIPO=''
LN_S='ln -s'
LTLIBOBJS=''
MAINT='#'
MAINTAINER_MODE_FALSE=''
MAINTAINER_MODE_TRUE='#'
MAKEINFO='/workdir/openwrt/build_dir/target-arm_cortex-a7+neon-vfpv4_musl_eabi/binutils-2.35.2/missing makeinfo --split-size=5000000'
MKDIR_P='/usr/bin/mkdir -p'
NM='arm-openwrt-linux-muslgnueabi-gcc-nm'
NMEDIT=''
OBJDUMP='arm-openwrt-linux-muslgnueabi-objdump'
OBJEXT='o'
OTOOL64=''
OTOOL=''
PACKAGE='zlib'
PACKAGE_BUGREPORT=''
PACKAGE_NAME='zlib'
PACKAGE_STRING='zlib 1.1.4'
PACKAGE_TARNAME='zlib'
PACKAGE_URL=''
PACKAGE_VERSION='1.1.4'
PATH_SEPARATOR=':'
PICFLAG='-fPIC'
RANLIB='arm-openwrt-linux-muslgnueabi-gcc-ranlib'
SED='/workdir/openwrt/staging_dir/host/bin/sed'
SET_MAKE=''
SHELL='/bin/bash'
STRIP='arm-openwrt-linux-muslgnueabi-strip'
TARGET_LIBRARY_FALSE=''
TARGET_LIBRARY_TRUE='#'
VERSION='1.1.4'
ac_ct_CC=''
ac_ct_DUMPBIN=''
am__EXEEXT_FALSE=''
am__EXEEXT_TRUE='#'
am__fastdepCC_FALSE='#'
am__fastdepCC_TRUE=''
am__include='include'
am__isrc=''
am__leading_dot='.'
am__nodep='_no'
am__quote=''
am__tar='$${TAR-tar} chof - "$$tardir"'
am__untar='$${TAR-tar} xf -'
bindir='/usr/bin'
build='x86_64-pc-linux-gnu'
build_alias='x86_64-pc-linux-gnu'
build_cpu='x86_64'
build_os='linux-gnu'
build_vendor='pc'
datadir='/usr/share'
datarootdir='${prefix}/share'
docdir='${datarootdir}/doc/${PACKAGE_TARNAME}'
dvidir='${docdir}'
exec_prefix='/usr'
host='arm-openwrt-linux-muslgnueabi'
host_alias='arm-openwrt-linux-muslgnueabi'
host_cpu='arm'
host_os='linux-muslgnueabi'
host_vendor='openwrt'
htmldir='${docdir}'
includedir='${prefix}/include'
infodir='/usr/info'
install_sh='${SHELL} /workdir/build_dir/_p2w_r619ac-128m/target-arm_cortex-a7+neon-vfpv4_musl_eabi/binutils-2.35.2/install-sh'
libdir='${exec_prefix}/lib'
libexecdir='/usr/lib'
localedir='${datarootdir}/locale'
localstatedir='/var'
mandir='/usr/man'
mkdir_p='$(MKDIR_P)'
mkinstalldirs='/workdir/build_dir/_p2w_r619ac-128m/target-arm_cortex-a7+neon-vfpv4_musl_eabi/binutils-2.35.2/mkinstalldirs'
multi_basedir=''
oldincludedir='/usr/include'
pdfdir='${docdir}'
prefix='/usr'
program_transform_name='s&$$&&;s&^&&'
psdir='${docdir}'
sbindir='/usr/sbin'
sharedstatedir='${prefix}/com'
sysconfdir='/etc'
target='arm-openwrt-linux-muslgnueabi'
target_alias='arm-openwrt-linux-muslgnueabi'
target_all='libzgcj.la'
target_cpu='arm'
target_os='linux-muslgnueabi'
target_vendor='openwrt'
toolexecdir='$(libdir)/gcc-lib/$(target_alias)'
toolexeclibdir='$(libdir)'

## ----------- ##
## confdefs.h. ##
## ----------- ##

/* confdefs.h */
#define PACKAGE_NAME "zlib"
#define PACKAGE_TARNAME "zlib"
#define PACKAGE_VERSION "1.1.4"
#define PACKAGE_STRING "zlib 1.1.4"
#define PACKAGE_BUGREPORT ""
#define PACKAGE_URL ""
#define PACKAGE "zlib"
#define VERSION "1.1.4"
#define STDC_HEADERS 1
#define HAVE_SYS_TYPES_H 1
#define HAVE_SYS_STAT_H 1
#define HAVE_STDLIB_H 1
#define HAVE_STRING_H 1
#define HAVE_MEMORY_H 1
#define HAVE_STRINGS_H 1
#define HAVE_INTTYPES_H 1
#define HAVE_STDINT_H 1
#define HAVE_UNISTD_H 1
#define HAVE_DLFCN_H 1
#define LT_OBJDIR ".libs/"
#define HAVE_STDLIB_H 1
#define HAVE_UNISTD_H 1
#define HAVE_SYS_PARAM_H 1
#define HAVE_GETPAGESIZE 1
#define HAVE_MEMCPY 1
#define HAVE_STRERROR 1
#define HAVE_UNISTD_H 1

configure: exit 0
