This file contains any messages produced by compilers while
running configure, to aid debugging if configure makes a mistake.

It was created by libudns configure 0.4, which was
generated by GNU Autoconf 2.69.  Invocation command line was

  $ ./configure --target=arm-openwrt-linux --host=arm-openwrt-linux --build=x86_64-pc-linux-gnu --program-prefix= --program-suffix= --prefix=/usr --exec-prefix=/usr --bindir=/usr/bin --sbindir=/usr/sbin --libexecdir=/usr/lib --sysconfdir=/etc --datadir=/usr/share --localstatedir=/var --mandir=/usr/man --infodir=/usr/info --disable-nls

## --------- ##
## Platform. ##
## --------- ##

hostname = fv-az152-677
uname -m = x86_64
uname -r = 5.11.0-1020-azure
uname -s = Linux
uname -v = #21~20.04.1-Ubuntu SMP Mon Oct 11 18:54:28 UTC 2021

/usr/bin/uname -p = x86_64
/bin/uname -X     = unknown

/bin/arch              = x86_64
/usr/bin/arch -k       = unknown
/usr/convex/getsysinfo = unknown
/usr/bin/hostinfo      = unknown
/bin/machine           = unknown
/usr/bin/oslevel       = unknown
/bin/universe          = unknown

PATH: /workdir/openwrt/staging_dir/target-arm_cortex-a7+neon-vfpv4_musl_eabi/host/bin
PATH: /workdir/openwrt/staging_dir/hostpkg/bin
PATH: /workdir/openwrt/staging_dir/toolchain-arm_cortex-a7+neon-vfpv4_gcc-8.4.0_musl_eabi/bin
PATH: /workdir/openwrt/staging_dir/toolchain-arm_cortex-a7+neon-vfpv4_gcc-8.4.0_musl_eabi/bin
PATH: /workdir/openwrt/staging_dir/host/bin
PATH: /workdir/openwrt/staging_dir/toolchain-arm_cortex-a7+neon-vfpv4_gcc-8.4.0_musl_eabi/bin
PATH: /workdir/openwrt/staging_dir/host/bin
PATH: /workdir/openwrt/staging_dir/host/bin
PATH: /home/linuxbrew/.linuxbrew/bin
PATH: /home/linuxbrew/.linuxbrew/sbin
PATH: /home/runner/.local/bin
PATH: /opt/pipx_bin
PATH: /usr/share/rust/.cargo/bin
PATH: /home/runner/.config/composer/vendor/bin
PATH: /usr/local/.ghcup/bin
PATH: /home/runner/.dotnet/tools
PATH: /snap/bin
PATH: /usr/local/sbin
PATH: /usr/local/bin
PATH: /usr/sbin
PATH: /usr/bin
PATH: /sbin
PATH: /bin
PATH: /usr/games
PATH: /usr/local/games
PATH: /snap/bin


## ----------- ##
## Core tests. ##
## ----------- ##

configure:2066: loading site script /workdir/openwrt/include/site/arm
| #!/bin/sh
| . $TOPDIR/include/site/linux
| ac_cv_c_littleendian=${ac_cv_c_littleendian=yes}
| ac_cv_c_bigendian=${ac_cv_c_bigendian=no}
| 
| ac_cv_sizeof___int64=0
| ac_cv_sizeof_char=1
| ac_cv_sizeof_int=4
| ac_cv_sizeof_int16_t=2
| ac_cv_sizeof_int32_t=4
| ac_cv_sizeof_int64_t=8
| ac_cv_sizeof_long_int=4
| ac_cv_sizeof_long_long=8
| ac_cv_sizeof_long=4
| ac_cv_sizeof_off_t=8
| ac_cv_sizeof_short_int=2
| ac_cv_sizeof_short=2
| ac_cv_sizeof_size_t=4
| ac_cv_sizeof_ssize_t=4
| ac_cv_sizeof_u_int16_t=2
| ac_cv_sizeof_u_int32_t=4
| ac_cv_sizeof_u_int64_t=8
| ac_cv_sizeof_uint16_t=2
| ac_cv_sizeof_uint32_t=4
| ac_cv_sizeof_uint64_t=8
| ac_cv_sizeof_unsigned_int=4
| ac_cv_sizeof_unsigned_long=4
| ac_cv_sizeof_unsigned_long_long=8
| ac_cv_sizeof_unsigned_short=2
| ac_cv_sizeof_void_p=4
configure:2210: checking for a BSD-compatible install
configure:2278: result: /workdir/openwrt/staging_dir/host/bin/install -c
configure:2289: checking whether build environment is sane
configure:2344: result: yes
configure:2401: checking for arm-openwrt-linux-strip
configure:2428: result: arm-openwrt-linux-muslgnueabi-strip
configure:2493: checking for a thread-safe mkdir -p
configure:2532: result: /usr/bin/mkdir -p
configure:2539: checking for gawk
configure:2555: found /usr/bin/gawk
configure:2566: result: gawk
configure:2577: checking whether make sets $(MAKE)
configure:2599: result: yes
configure:2628: checking whether make supports nested variables
configure:2645: result: yes
configure:2800: checking build system type
configure:2814: result: x86_64-pc-linux-gnu
configure:2834: checking host system type
configure:2847: result: arm-openwrt-linux-gnu
configure:2888: checking how to print strings
configure:2915: result: printf
configure:2948: checking for style of include used by make
configure:2976: result: GNU
configure:3007: checking for arm-openwrt-linux-gcc
configure:3034: result: arm-openwrt-linux-muslgnueabi-gcc
configure:3303: checking for C compiler version
configure:3312: arm-openwrt-linux-muslgnueabi-gcc --version >&5
arm-openwrt-linux-muslgnueabi-gcc (OpenWrt GCC 8.4.0 r3881-e65535d3c) 8.4.0
Copyright (C) 2018 Free Software Foundation, Inc.
This is free software; see the source for copying conditions.  There is NO
warranty; not even for MERCHANTABILITY or FITNESS FOR A PARTICULAR PURPOSE.

configure:3323: $? = 0
configure:3312: arm-openwrt-linux-muslgnueabi-gcc -v >&5
Reading specs from /workdir/staging_dir/_p2w_r619ac-128m/toolchain-arm_cortex-a7+neon-vfpv4_gcc-8.4.0_musl_eabi/bin/../lib/gcc/arm-openwrt-linux-muslgnueabi/8.4.0/specs
COLLECT_GCC=arm-openwrt-linux-muslgnueabi-gcc
COLLECT_LTO_WRAPPER=/workdir/staging_dir/_p2w_r619ac-128m/toolchain-arm_cortex-a7+neon-vfpv4_gcc-8.4.0_musl_eabi/bin/../libexec/gcc/arm-openwrt-linux-muslgnueabi/8.4.0/lto-wrapper
Target: arm-openwrt-linux-muslgnueabi
Configured with: /workdir/openwrt/build_dir/toolchain-arm_cortex-a7+neon-vfpv4_gcc-8.4.0_musl_eabi/gcc-8.4.0/configure --with-bugurl=http://bugs.openwrt.org/ --with-pkgversion='OpenWrt GCC 8.4.0 r3881-e65535d3c' --prefix=/workdir/openwrt/staging_dir/toolchain-arm_cortex-a7+neon-vfpv4_gcc-8.4.0_musl_eabi --build=x86_64-pc-linux-gnu --host=x86_64-pc-linux-gnu --target=arm-openwrt-linux-muslgnueabi --with-gnu-ld --enable-target-optspace --disable-libgomp --disable-libmudflap --disable-multilib --disable-libmpx --disable-nls --disable-libssp --without-isl --without-cloog --with-host-libstdcxx=-lstdc++ --with-gmp=/workdir/openwrt/staging_dir/host --with-mpfr=/workdir/openwrt/staging_dir/host --with-mpc=/workdir/openwrt/staging_dir/host --disable-decimal-float --with-diagnostics-color=auto-if-env --enable-__cxa_atexit --disable-libstdcxx-dual-abi --with-default-libstdcxx-abi=new --with-cpu=cortex-a7 --with-fpu=neon-vfpv4 --with-float=hard --with-headers=/workdir/openwrt/staging_dir/toolchain-arm_cortex-a7+neon-vfpv4_gcc-8.4.0_musl_eabi/include --enable-languages=c,c++ --enable-shared --enable-threads --with-slibdir=/workdir/openwrt/staging_dir/toolchain-arm_cortex-a7+neon-vfpv4_gcc-8.4.0_musl_eabi/lib --enable-lto --with-libelf=/workdir/openwrt/staging_dir/host --disable-libsanitizer
Thread model: posix
gcc version 8.4.0 (OpenWrt GCC 8.4.0 r3881-e65535d3c) 
configure:3323: $? = 0
configure:3312: arm-openwrt-linux-muslgnueabi-gcc -V >&5
arm-openwrt-linux-muslgnueabi-gcc: error: unrecognized command line option '-V'
arm-openwrt-linux-muslgnueabi-gcc: fatal error: no input files
compilation terminated.
configure:3323: $? = 1
configure:3312: arm-openwrt-linux-muslgnueabi-gcc -qversion >&5
arm-openwrt-linux-muslgnueabi-gcc: error: unrecognized command line option '-qversion'; did you mean '--version'?
arm-openwrt-linux-muslgnueabi-gcc: fatal error: no input files
compilation terminated.
configure:3323: $? = 1
configure:3343: checking whether the C compiler works
configure:3365: arm-openwrt-linux-muslgnueabi-gcc -Os -pipe -fno-caller-saves -fno-plt -fhonour-copts -Wno-error=unused-but-set-variable -Wno-error=unused-result -mfloat-abi=hard -fmacro-prefix-map=/workdir/openwrt/build_dir/target-arm_cortex-a7+neon-vfpv4_musl_eabi/udns-0.4=udns-0.4 -Wformat -Werror=format-security -fstack-protector -D_FORTIFY_SOURCE=1 -Wl,-z,now -Wl,-z,relro  -I/workdir/openwrt/staging_dir/toolchain-arm_cortex-a7+neon-vfpv4_gcc-8.4.0_musl_eabi/usr/include -I/workdir/openwrt/staging_dir/toolchain-arm_cortex-a7+neon-vfpv4_gcc-8.4.0_musl_eabi/include/fortify -I/workdir/openwrt/staging_dir/toolchain-arm_cortex-a7+neon-vfpv4_gcc-8.4.0_musl_eabi/include  -L/workdir/openwrt/staging_dir/toolchain-arm_cortex-a7+neon-vfpv4_gcc-8.4.0_musl_eabi/usr/lib -L/workdir/openwrt/staging_dir/toolchain-arm_cortex-a7+neon-vfpv4_gcc-8.4.0_musl_eabi/lib -znow -zrelro  conftest.c  >&5
configure:3369: $? = 0
configure:3417: result: yes
configure:3420: checking for C compiler default output file name
configure:3422: result: a.out
configure:3428: checking for suffix of executables
configure:3435: arm-openwrt-linux-muslgnueabi-gcc -o conftest -Os -pipe -fno-caller-saves -fno-plt -fhonour-copts -Wno-error=unused-but-set-variable -Wno-error=unused-result -mfloat-abi=hard -fmacro-prefix-map=/workdir/openwrt/build_dir/target-arm_cortex-a7+neon-vfpv4_musl_eabi/udns-0.4=udns-0.4 -Wformat -Werror=format-security -fstack-protector -D_FORTIFY_SOURCE=1 -Wl,-z,now -Wl,-z,relro  -I/workdir/openwrt/staging_dir/toolchain-arm_cortex-a7+neon-vfpv4_gcc-8.4.0_musl_eabi/usr/include -I/workdir/openwrt/staging_dir/toolchain-arm_cortex-a7+neon-vfpv4_gcc-8.4.0_musl_eabi/include/fortify -I/workdir/openwrt/staging_dir/toolchain-arm_cortex-a7+neon-vfpv4_gcc-8.4.0_musl_eabi/include  -L/workdir/openwrt/staging_dir/toolchain-arm_cortex-a7+neon-vfpv4_gcc-8.4.0_musl_eabi/usr/lib -L/workdir/openwrt/staging_dir/toolchain-arm_cortex-a7+neon-vfpv4_gcc-8.4.0_musl_eabi/lib -znow -zrelro  conftest.c  >&5
configure:3439: $? = 0
configure:3461: result: 
configure:3483: checking whether we are cross compiling
configure:3521: result: yes
configure:3526: checking for suffix of object files
configure:3548: arm-openwrt-linux-muslgnueabi-gcc -c -Os -pipe -fno-caller-saves -fno-plt -fhonour-copts -Wno-error=unused-but-set-variable -Wno-error=unused-result -mfloat-abi=hard -fmacro-prefix-map=/workdir/openwrt/build_dir/target-arm_cortex-a7+neon-vfpv4_musl_eabi/udns-0.4=udns-0.4 -Wformat -Werror=format-security -fstack-protector -D_FORTIFY_SOURCE=1 -Wl,-z,now -Wl,-z,relro  -I/workdir/openwrt/staging_dir/toolchain-arm_cortex-a7+neon-vfpv4_gcc-8.4.0_musl_eabi/usr/include -I/workdir/openwrt/staging_dir/toolchain-arm_cortex-a7+neon-vfpv4_gcc-8.4.0_musl_eabi/include/fortify -I/workdir/openwrt/staging_dir/toolchain-arm_cortex-a7+neon-vfpv4_gcc-8.4.0_musl_eabi/include  conftest.c >&5
configure:3552: $? = 0
configure:3573: result: o
configure:3577: checking whether we are using the GNU C compiler
configure:3596: arm-openwrt-linux-muslgnueabi-gcc -c -Os -pipe -fno-caller-saves -fno-plt -fhonour-copts -Wno-error=unused-but-set-variable -Wno-error=unused-result -mfloat-abi=hard -fmacro-prefix-map=/workdir/openwrt/build_dir/target-arm_cortex-a7+neon-vfpv4_musl_eabi/udns-0.4=udns-0.4 -Wformat -Werror=format-security -fstack-protector -D_FORTIFY_SOURCE=1 -Wl,-z,now -Wl,-z,relro  -I/workdir/openwrt/staging_dir/toolchain-arm_cortex-a7+neon-vfpv4_gcc-8.4.0_musl_eabi/usr/include -I/workdir/openwrt/staging_dir/toolchain-arm_cortex-a7+neon-vfpv4_gcc-8.4.0_musl_eabi/include/fortify -I/workdir/openwrt/staging_dir/toolchain-arm_cortex-a7+neon-vfpv4_gcc-8.4.0_musl_eabi/include  conftest.c >&5
configure:3596: $? = 0
configure:3605: result: yes
configure:3614: checking whether arm-openwrt-linux-muslgnueabi-gcc accepts -g
configure:3634: arm-openwrt-linux-muslgnueabi-gcc -c -g -I/workdir/openwrt/staging_dir/toolchain-arm_cortex-a7+neon-vfpv4_gcc-8.4.0_musl_eabi/usr/include -I/workdir/openwrt/staging_dir/toolchain-arm_cortex-a7+neon-vfpv4_gcc-8.4.0_musl_eabi/include/fortify -I/workdir/openwrt/staging_dir/toolchain-arm_cortex-a7+neon-vfpv4_gcc-8.4.0_musl_eabi/include  conftest.c >&5
cc1: note: someone does not honour COPTS correctly, passed 0 times
configure:3634: $? = 0
configure: failed program was:
| /* confdefs.h */
| #define PACKAGE_NAME "libudns"
| #define PACKAGE_TARNAME "libudns"
| #define PACKAGE_VERSION "0.4"
| #define PACKAGE_STRING "libudns 0.4"
| #define PACKAGE_BUGREPORT ""
| #define PACKAGE_URL ""
| #define PACKAGE "libudns"
| #define VERSION "0.4"
| /* end confdefs.h.  */
| 
| int
| main ()
| {
| 
|   ;
|   return 0;
| }
configure:3649: arm-openwrt-linux-muslgnueabi-gcc -c  -I/workdir/openwrt/staging_dir/toolchain-arm_cortex-a7+neon-vfpv4_gcc-8.4.0_musl_eabi/usr/include -I/workdir/openwrt/staging_dir/toolchain-arm_cortex-a7+neon-vfpv4_gcc-8.4.0_musl_eabi/include/fortify -I/workdir/openwrt/staging_dir/toolchain-arm_cortex-a7+neon-vfpv4_gcc-8.4.0_musl_eabi/include  conftest.c >&5
cc1: note: someone does not honour COPTS correctly, passed 0 times
configure:3649: $? = 0
configure: failed program was:
| /* confdefs.h */
| #define PACKAGE_NAME "libudns"
| #define PACKAGE_TARNAME "libudns"
| #define PACKAGE_VERSION "0.4"
| #define PACKAGE_STRING "libudns 0.4"
| #define PACKAGE_BUGREPORT ""
| #define PACKAGE_URL ""
| #define PACKAGE "libudns"
| #define VERSION "0.4"
| /* end confdefs.h.  */
| 
| int
| main ()
| {
| 
|   ;
|   return 0;
| }
configure:3665: arm-openwrt-linux-muslgnueabi-gcc -c -g -I/workdir/openwrt/staging_dir/toolchain-arm_cortex-a7+neon-vfpv4_gcc-8.4.0_musl_eabi/usr/include -I/workdir/openwrt/staging_dir/toolchain-arm_cortex-a7+neon-vfpv4_gcc-8.4.0_musl_eabi/include/fortify -I/workdir/openwrt/staging_dir/toolchain-arm_cortex-a7+neon-vfpv4_gcc-8.4.0_musl_eabi/include  conftest.c >&5
cc1: note: someone does not honour COPTS correctly, passed 0 times
configure:3665: $? = 0
configure:3675: result: yes
configure:3692: checking for arm-openwrt-linux-muslgnueabi-gcc option to accept ISO C89
configure:3755: arm-openwrt-linux-muslgnueabi-gcc  -c -Os -pipe -fno-caller-saves -fno-plt -fhonour-copts -Wno-error=unused-but-set-variable -Wno-error=unused-result -mfloat-abi=hard -fmacro-prefix-map=/workdir/openwrt/build_dir/target-arm_cortex-a7+neon-vfpv4_musl_eabi/udns-0.4=udns-0.4 -Wformat -Werror=format-security -fstack-protector -D_FORTIFY_SOURCE=1 -Wl,-z,now -Wl,-z,relro  -I/workdir/openwrt/staging_dir/toolchain-arm_cortex-a7+neon-vfpv4_gcc-8.4.0_musl_eabi/usr/include -I/workdir/openwrt/staging_dir/toolchain-arm_cortex-a7+neon-vfpv4_gcc-8.4.0_musl_eabi/include/fortify -I/workdir/openwrt/staging_dir/toolchain-arm_cortex-a7+neon-vfpv4_gcc-8.4.0_musl_eabi/include  conftest.c >&5
configure:3755: $? = 0
configure:3768: result: none needed
configure:3793: checking whether arm-openwrt-linux-muslgnueabi-gcc understands -c and -o together
configure:3815: arm-openwrt-linux-muslgnueabi-gcc -c conftest.c -o conftest2.o
cc1: note: someone does not honour COPTS correctly, passed 0 times
configure:3818: $? = 0
configure:3815: arm-openwrt-linux-muslgnueabi-gcc -c conftest.c -o conftest2.o
cc1: note: someone does not honour COPTS correctly, passed 0 times
configure:3818: $? = 0
configure:3830: result: yes
configure:3849: checking dependency style of arm-openwrt-linux-muslgnueabi-gcc
configure:3960: result: gcc3
configure:3975: checking for a sed that does not truncate output
configure:4039: result: /workdir/openwrt/staging_dir/host/bin/sed
configure:4056: checking for grep that handles long lines and -e
configure:4114: result: /workdir/openwrt/staging_dir/host/bin/grep
configure:4119: checking for egrep
configure:4181: result: /workdir/openwrt/staging_dir/host/bin/grep -E
configure:4186: checking for fgrep
configure:4248: result: /workdir/openwrt/staging_dir/host/bin/grep -F
configure:4283: checking for ld used by arm-openwrt-linux-muslgnueabi-gcc
configure:4350: result: arm-openwrt-linux-muslgnueabi-ld
configure:4357: checking if the linker (arm-openwrt-linux-muslgnueabi-ld) is GNU ld
configure:4372: result: yes
configure:4384: checking for BSD- or MS-compatible name lister (nm)
configure:4433: result: arm-openwrt-linux-muslgnueabi-gcc-nm
configure:4563: checking the name lister (arm-openwrt-linux-muslgnueabi-gcc-nm) interface
configure:4570: arm-openwrt-linux-muslgnueabi-gcc -c -Os -pipe -fno-caller-saves -fno-plt -fhonour-copts -Wno-error=unused-but-set-variable -Wno-error=unused-result -mfloat-abi=hard -fmacro-prefix-map=/workdir/openwrt/build_dir/target-arm_cortex-a7+neon-vfpv4_musl_eabi/udns-0.4=udns-0.4 -Wformat -Werror=format-security -fstack-protector -D_FORTIFY_SOURCE=1 -Wl,-z,now -Wl,-z,relro  -I/workdir/openwrt/staging_dir/toolchain-arm_cortex-a7+neon-vfpv4_gcc-8.4.0_musl_eabi/usr/include -I/workdir/openwrt/staging_dir/toolchain-arm_cortex-a7+neon-vfpv4_gcc-8.4.0_musl_eabi/include/fortify -I/workdir/openwrt/staging_dir/toolchain-arm_cortex-a7+neon-vfpv4_gcc-8.4.0_musl_eabi/include  conftest.c >&5
configure:4573: arm-openwrt-linux-muslgnueabi-gcc-nm "conftest.o"
configure:4576: output
00000000 B some_variable
configure:4577: result: BSD nm
configure:4580: checking whether ln -s works
configure:4584: result: yes
configure:4592: checking the maximum length of command line arguments
configure:4717: result: 3145728
configure:4734: checking whether the shell understands some XSI constructs
configure:4743: result: yes
configure:4747: checking whether the shell understands "+="
configure:4751: result: yes
configure:4786: checking how to convert x86_64-pc-linux-gnu file names to arm-openwrt-linux-gnu format
configure:4826: result: func_convert_file_noop
configure:4833: checking how to convert x86_64-pc-linux-gnu file names to toolchain format
configure:4853: result: func_convert_file_noop
configure:4860: checking for arm-openwrt-linux-muslgnueabi-ld option to reload object files
configure:4867: result: -r
configure:4901: checking for arm-openwrt-linux-objdump
configure:4928: result: arm-openwrt-linux-muslgnueabi-objdump
configure:5000: checking how to recognize dependent libraries
configure:5202: result: pass_all
configure:5247: checking for arm-openwrt-linux-dlltool
configure:5277: result: no
configure:5287: checking for dlltool
configure:5317: result: no
configure:5347: checking how to associate runtime and link libraries
configure:5374: result: printf %s\n
configure:5391: checking for arm-openwrt-linux-ar
configure:5418: result: arm-openwrt-linux-muslgnueabi-gcc-ar
configure:5499: checking for archiver @FILE support
configure:5516: arm-openwrt-linux-muslgnueabi-gcc -c -Os -pipe -fno-caller-saves -fno-plt -fhonour-copts -Wno-error=unused-but-set-variable -Wno-error=unused-result -mfloat-abi=hard -fmacro-prefix-map=/workdir/openwrt/build_dir/target-arm_cortex-a7+neon-vfpv4_musl_eabi/udns-0.4=udns-0.4 -Wformat -Werror=format-security -fstack-protector -D_FORTIFY_SOURCE=1 -Wl,-z,now -Wl,-z,relro  -I/workdir/openwrt/staging_dir/toolchain-arm_cortex-a7+neon-vfpv4_gcc-8.4.0_musl_eabi/usr/include -I/workdir/openwrt/staging_dir/toolchain-arm_cortex-a7+neon-vfpv4_gcc-8.4.0_musl_eabi/include/fortify -I/workdir/openwrt/staging_dir/toolchain-arm_cortex-a7+neon-vfpv4_gcc-8.4.0_musl_eabi/include  conftest.c >&5
configure:5516: $? = 0
configure:5519: arm-openwrt-linux-muslgnueabi-gcc-ar cru libconftest.a @conftest.lst >&5
/workdir/staging_dir/_p2w_r619ac-128m/toolchain-arm_cortex-a7+neon-vfpv4_gcc-8.4.0_musl_eabi/bin/../lib/gcc/arm-openwrt-linux-muslgnueabi/8.4.0/../../../../arm-openwrt-linux-muslgnueabi/bin/ar: `u' modifier ignored since `D' is the default (see `U')
configure:5522: $? = 0
configure:5527: arm-openwrt-linux-muslgnueabi-gcc-ar cru libconftest.a @conftest.lst >&5
/workdir/staging_dir/_p2w_r619ac-128m/toolchain-arm_cortex-a7+neon-vfpv4_gcc-8.4.0_musl_eabi/bin/../lib/gcc/arm-openwrt-linux-muslgnueabi/8.4.0/../../../../arm-openwrt-linux-muslgnueabi/bin/ar: `u' modifier ignored since `D' is the default (see `U')
/workdir/staging_dir/_p2w_r619ac-128m/toolchain-arm_cortex-a7+neon-vfpv4_gcc-8.4.0_musl_eabi/bin/../lib/gcc/arm-openwrt-linux-muslgnueabi/8.4.0/../../../../arm-openwrt-linux-muslgnueabi/bin/ar: conftest.o: No such file or directory
configure:5530: $? = 1
configure:5529: result: @
configure:5547: checking for arm-openwrt-linux-strip
configure:5574: result: arm-openwrt-linux-muslgnueabi-strip
configure:5646: checking for arm-openwrt-linux-ranlib
configure:5673: result: arm-openwrt-linux-muslgnueabi-gcc-ranlib
configure:5814: checking command to parse arm-openwrt-linux-muslgnueabi-gcc-nm output from arm-openwrt-linux-muslgnueabi-gcc object
configure:5933: arm-openwrt-linux-muslgnueabi-gcc -c -Os -pipe -fno-caller-saves -fno-plt -fhonour-copts -Wno-error=unused-but-set-variable -Wno-error=unused-result -mfloat-abi=hard -fmacro-prefix-map=/workdir/openwrt/build_dir/target-arm_cortex-a7+neon-vfpv4_musl_eabi/udns-0.4=udns-0.4 -Wformat -Werror=format-security -fstack-protector -D_FORTIFY_SOURCE=1 -Wl,-z,now -Wl,-z,relro  -I/workdir/openwrt/staging_dir/toolchain-arm_cortex-a7+neon-vfpv4_gcc-8.4.0_musl_eabi/usr/include -I/workdir/openwrt/staging_dir/toolchain-arm_cortex-a7+neon-vfpv4_gcc-8.4.0_musl_eabi/include/fortify -I/workdir/openwrt/staging_dir/toolchain-arm_cortex-a7+neon-vfpv4_gcc-8.4.0_musl_eabi/include  conftest.c >&5
configure:5936: $? = 0
configure:5940: arm-openwrt-linux-muslgnueabi-gcc-nm conftest.o \| sed -n -e 's/^.*[ ]\([ABCDGIRSTW][ABCDGIRSTW]*\)[ ][ ]*\([_A-Za-z][_A-Za-z0-9]*\)$/\1 \2 \2/p' | sed '/ __gnu_lto/d' \> conftest.nm
configure:5943: $? = 0
configure:6009: arm-openwrt-linux-muslgnueabi-gcc -o conftest -Os -pipe -fno-caller-saves -fno-plt -fhonour-copts -Wno-error=unused-but-set-variable -Wno-error=unused-result -mfloat-abi=hard -fmacro-prefix-map=/workdir/openwrt/build_dir/target-arm_cortex-a7+neon-vfpv4_musl_eabi/udns-0.4=udns-0.4 -Wformat -Werror=format-security -fstack-protector -D_FORTIFY_SOURCE=1 -Wl,-z,now -Wl,-z,relro  -I/workdir/openwrt/staging_dir/toolchain-arm_cortex-a7+neon-vfpv4_gcc-8.4.0_musl_eabi/usr/include -I/workdir/openwrt/staging_dir/toolchain-arm_cortex-a7+neon-vfpv4_gcc-8.4.0_musl_eabi/include/fortify -I/workdir/openwrt/staging_dir/toolchain-arm_cortex-a7+neon-vfpv4_gcc-8.4.0_musl_eabi/include  -L/workdir/openwrt/staging_dir/toolchain-arm_cortex-a7+neon-vfpv4_gcc-8.4.0_musl_eabi/usr/lib -L/workdir/openwrt/staging_dir/toolchain-arm_cortex-a7+neon-vfpv4_gcc-8.4.0_musl_eabi/lib -znow -zrelro  conftest.c conftstm.o >&5
configure:6012: $? = 0
configure:6050: result: ok
configure:6087: checking for sysroot
configure:6117: result: no
configure:6320: checking for arm-openwrt-linux-mt
configure:6350: result: no
configure:6360: checking for mt
configure:6376: found /usr/bin/mt
configure:6387: result: mt
configure:6399: WARNING: using cross tools not prefixed with host triplet
configure:6410: checking if mt is a manifest tool
configure:6416: mt '-?'
configure:6424: result: no
configure:7056: checking how to run the C preprocessor
configure:7087: arm-openwrt-linux-muslgnueabi-gcc -E -I/workdir/openwrt/staging_dir/toolchain-arm_cortex-a7+neon-vfpv4_gcc-8.4.0_musl_eabi/usr/include -I/workdir/openwrt/staging_dir/toolchain-arm_cortex-a7+neon-vfpv4_gcc-8.4.0_musl_eabi/include/fortify -I/workdir/openwrt/staging_dir/toolchain-arm_cortex-a7+neon-vfpv4_gcc-8.4.0_musl_eabi/include  conftest.c
configure:7087: $? = 0
configure:7101: arm-openwrt-linux-muslgnueabi-gcc -E -I/workdir/openwrt/staging_dir/toolchain-arm_cortex-a7+neon-vfpv4_gcc-8.4.0_musl_eabi/usr/include -I/workdir/openwrt/staging_dir/toolchain-arm_cortex-a7+neon-vfpv4_gcc-8.4.0_musl_eabi/include/fortify -I/workdir/openwrt/staging_dir/toolchain-arm_cortex-a7+neon-vfpv4_gcc-8.4.0_musl_eabi/include  conftest.c
conftest.c:11:10: fatal error: ac_nonexistent.h: No such file or directory
 #include <ac_nonexistent.h>
          ^~~~~~~~~~~~~~~~~~
compilation terminated.
configure:7101: $? = 1
configure: failed program was:
| /* confdefs.h */
| #define PACKAGE_NAME "libudns"
| #define PACKAGE_TARNAME "libudns"
| #define PACKAGE_VERSION "0.4"
| #define PACKAGE_STRING "libudns 0.4"
| #define PACKAGE_BUGREPORT ""
| #define PACKAGE_URL ""
| #define PACKAGE "libudns"
| #define VERSION "0.4"
| /* end confdefs.h.  */
| #include <ac_nonexistent.h>
configure:7126: result: arm-openwrt-linux-muslgnueabi-gcc -E
configure:7146: arm-openwrt-linux-muslgnueabi-gcc -E -I/workdir/openwrt/staging_dir/toolchain-arm_cortex-a7+neon-vfpv4_gcc-8.4.0_musl_eabi/usr/include -I/workdir/openwrt/staging_dir/toolchain-arm_cortex-a7+neon-vfpv4_gcc-8.4.0_musl_eabi/include/fortify -I/workdir/openwrt/staging_dir/toolchain-arm_cortex-a7+neon-vfpv4_gcc-8.4.0_musl_eabi/include  conftest.c
configure:7146: $? = 0
configure:7160: arm-openwrt-linux-muslgnueabi-gcc -E -I/workdir/openwrt/staging_dir/toolchain-arm_cortex-a7+neon-vfpv4_gcc-8.4.0_musl_eabi/usr/include -I/workdir/openwrt/staging_dir/toolchain-arm_cortex-a7+neon-vfpv4_gcc-8.4.0_musl_eabi/include/fortify -I/workdir/openwrt/staging_dir/toolchain-arm_cortex-a7+neon-vfpv4_gcc-8.4.0_musl_eabi/include  conftest.c
conftest.c:11:10: fatal error: ac_nonexistent.h: No such file or directory
 #include <ac_nonexistent.h>
          ^~~~~~~~~~~~~~~~~~
compilation terminated.
configure:7160: $? = 1
configure: failed program was:
| /* confdefs.h */
| #define PACKAGE_NAME "libudns"
| #define PACKAGE_TARNAME "libudns"
| #define PACKAGE_VERSION "0.4"
| #define PACKAGE_STRING "libudns 0.4"
| #define PACKAGE_BUGREPORT ""
| #define PACKAGE_URL ""
| #define PACKAGE "libudns"
| #define VERSION "0.4"
| /* end confdefs.h.  */
| #include <ac_nonexistent.h>
configure:7189: checking for ANSI C header files
configure:7209: arm-openwrt-linux-muslgnueabi-gcc -c -Os -pipe -fno-caller-saves -fno-plt -fhonour-copts -Wno-error=unused-but-set-variable -Wno-error=unused-result -mfloat-abi=hard -fmacro-prefix-map=/workdir/openwrt/build_dir/target-arm_cortex-a7+neon-vfpv4_musl_eabi/udns-0.4=udns-0.4 -Wformat -Werror=format-security -fstack-protector -D_FORTIFY_SOURCE=1 -Wl,-z,now -Wl,-z,relro  -I/workdir/openwrt/staging_dir/toolchain-arm_cortex-a7+neon-vfpv4_gcc-8.4.0_musl_eabi/usr/include -I/workdir/openwrt/staging_dir/toolchain-arm_cortex-a7+neon-vfpv4_gcc-8.4.0_musl_eabi/include/fortify -I/workdir/openwrt/staging_dir/toolchain-arm_cortex-a7+neon-vfpv4_gcc-8.4.0_musl_eabi/include  conftest.c >&5
configure:7209: $? = 0
configure:7293: result: yes
configure:7306: checking for sys/types.h
configure:7306: arm-openwrt-linux-muslgnueabi-gcc -c -Os -pipe -fno-caller-saves -fno-plt -fhonour-copts -Wno-error=unused-but-set-variable -Wno-error=unused-result -mfloat-abi=hard -fmacro-prefix-map=/workdir/openwrt/build_dir/target-arm_cortex-a7+neon-vfpv4_musl_eabi/udns-0.4=udns-0.4 -Wformat -Werror=format-security -fstack-protector -D_FORTIFY_SOURCE=1 -Wl,-z,now -Wl,-z,relro  -I/workdir/openwrt/staging_dir/toolchain-arm_cortex-a7+neon-vfpv4_gcc-8.4.0_musl_eabi/usr/include -I/workdir/openwrt/staging_dir/toolchain-arm_cortex-a7+neon-vfpv4_gcc-8.4.0_musl_eabi/include/fortify -I/workdir/openwrt/staging_dir/toolchain-arm_cortex-a7+neon-vfpv4_gcc-8.4.0_musl_eabi/include  conftest.c >&5
configure:7306: $? = 0
configure:7306: result: yes
configure:7306: checking for sys/stat.h
configure:7306: arm-openwrt-linux-muslgnueabi-gcc -c -Os -pipe -fno-caller-saves -fno-plt -fhonour-copts -Wno-error=unused-but-set-variable -Wno-error=unused-result -mfloat-abi=hard -fmacro-prefix-map=/workdir/openwrt/build_dir/target-arm_cortex-a7+neon-vfpv4_musl_eabi/udns-0.4=udns-0.4 -Wformat -Werror=format-security -fstack-protector -D_FORTIFY_SOURCE=1 -Wl,-z,now -Wl,-z,relro  -I/workdir/openwrt/staging_dir/toolchain-arm_cortex-a7+neon-vfpv4_gcc-8.4.0_musl_eabi/usr/include -I/workdir/openwrt/staging_dir/toolchain-arm_cortex-a7+neon-vfpv4_gcc-8.4.0_musl_eabi/include/fortify -I/workdir/openwrt/staging_dir/toolchain-arm_cortex-a7+neon-vfpv4_gcc-8.4.0_musl_eabi/include  conftest.c >&5
configure:7306: $? = 0
configure:7306: result: yes
configure:7306: checking for stdlib.h
configure:7306: arm-openwrt-linux-muslgnueabi-gcc -c -Os -pipe -fno-caller-saves -fno-plt -fhonour-copts -Wno-error=unused-but-set-variable -Wno-error=unused-result -mfloat-abi=hard -fmacro-prefix-map=/workdir/openwrt/build_dir/target-arm_cortex-a7+neon-vfpv4_musl_eabi/udns-0.4=udns-0.4 -Wformat -Werror=format-security -fstack-protector -D_FORTIFY_SOURCE=1 -Wl,-z,now -Wl,-z,relro  -I/workdir/openwrt/staging_dir/toolchain-arm_cortex-a7+neon-vfpv4_gcc-8.4.0_musl_eabi/usr/include -I/workdir/openwrt/staging_dir/toolchain-arm_cortex-a7+neon-vfpv4_gcc-8.4.0_musl_eabi/include/fortify -I/workdir/openwrt/staging_dir/toolchain-arm_cortex-a7+neon-vfpv4_gcc-8.4.0_musl_eabi/include  conftest.c >&5
configure:7306: $? = 0
configure:7306: result: yes
configure:7306: checking for string.h
configure:7306: arm-openwrt-linux-muslgnueabi-gcc -c -Os -pipe -fno-caller-saves -fno-plt -fhonour-copts -Wno-error=unused-but-set-variable -Wno-error=unused-result -mfloat-abi=hard -fmacro-prefix-map=/workdir/openwrt/build_dir/target-arm_cortex-a7+neon-vfpv4_musl_eabi/udns-0.4=udns-0.4 -Wformat -Werror=format-security -fstack-protector -D_FORTIFY_SOURCE=1 -Wl,-z,now -Wl,-z,relro  -I/workdir/openwrt/staging_dir/toolchain-arm_cortex-a7+neon-vfpv4_gcc-8.4.0_musl_eabi/usr/include -I/workdir/openwrt/staging_dir/toolchain-arm_cortex-a7+neon-vfpv4_gcc-8.4.0_musl_eabi/include/fortify -I/workdir/openwrt/staging_dir/toolchain-arm_cortex-a7+neon-vfpv4_gcc-8.4.0_musl_eabi/include  conftest.c >&5
configure:7306: $? = 0
configure:7306: result: yes
configure:7306: checking for memory.h
configure:7306: arm-openwrt-linux-muslgnueabi-gcc -c -Os -pipe -fno-caller-saves -fno-plt -fhonour-copts -Wno-error=unused-but-set-variable -Wno-error=unused-result -mfloat-abi=hard -fmacro-prefix-map=/workdir/openwrt/build_dir/target-arm_cortex-a7+neon-vfpv4_musl_eabi/udns-0.4=udns-0.4 -Wformat -Werror=format-security -fstack-protector -D_FORTIFY_SOURCE=1 -Wl,-z,now -Wl,-z,relro  -I/workdir/openwrt/staging_dir/toolchain-arm_cortex-a7+neon-vfpv4_gcc-8.4.0_musl_eabi/usr/include -I/workdir/openwrt/staging_dir/toolchain-arm_cortex-a7+neon-vfpv4_gcc-8.4.0_musl_eabi/include/fortify -I/workdir/openwrt/staging_dir/toolchain-arm_cortex-a7+neon-vfpv4_gcc-8.4.0_musl_eabi/include  conftest.c >&5
configure:7306: $? = 0
configure:7306: result: yes
configure:7306: checking for strings.h
configure:7306: arm-openwrt-linux-muslgnueabi-gcc -c -Os -pipe -fno-caller-saves -fno-plt -fhonour-copts -Wno-error=unused-but-set-variable -Wno-error=unused-result -mfloat-abi=hard -fmacro-prefix-map=/workdir/openwrt/build_dir/target-arm_cortex-a7+neon-vfpv4_musl_eabi/udns-0.4=udns-0.4 -Wformat -Werror=format-security -fstack-protector -D_FORTIFY_SOURCE=1 -Wl,-z,now -Wl,-z,relro  -I/workdir/openwrt/staging_dir/toolchain-arm_cortex-a7+neon-vfpv4_gcc-8.4.0_musl_eabi/usr/include -I/workdir/openwrt/staging_dir/toolchain-arm_cortex-a7+neon-vfpv4_gcc-8.4.0_musl_eabi/include/fortify -I/workdir/openwrt/staging_dir/toolchain-arm_cortex-a7+neon-vfpv4_gcc-8.4.0_musl_eabi/include  conftest.c >&5
configure:7306: $? = 0
configure:7306: result: yes
configure:7306: checking for inttypes.h
configure:7306: arm-openwrt-linux-muslgnueabi-gcc -c -Os -pipe -fno-caller-saves -fno-plt -fhonour-copts -Wno-error=unused-but-set-variable -Wno-error=unused-result -mfloat-abi=hard -fmacro-prefix-map=/workdir/openwrt/build_dir/target-arm_cortex-a7+neon-vfpv4_musl_eabi/udns-0.4=udns-0.4 -Wformat -Werror=format-security -fstack-protector -D_FORTIFY_SOURCE=1 -Wl,-z,now -Wl,-z,relro  -I/workdir/openwrt/staging_dir/toolchain-arm_cortex-a7+neon-vfpv4_gcc-8.4.0_musl_eabi/usr/include -I/workdir/openwrt/staging_dir/toolchain-arm_cortex-a7+neon-vfpv4_gcc-8.4.0_musl_eabi/include/fortify -I/workdir/openwrt/staging_dir/toolchain-arm_cortex-a7+neon-vfpv4_gcc-8.4.0_musl_eabi/include  conftest.c >&5
configure:7306: $? = 0
configure:7306: result: yes
configure:7306: checking for stdint.h
configure:7306: arm-openwrt-linux-muslgnueabi-gcc -c -Os -pipe -fno-caller-saves -fno-plt -fhonour-copts -Wno-error=unused-but-set-variable -Wno-error=unused-result -mfloat-abi=hard -fmacro-prefix-map=/workdir/openwrt/build_dir/target-arm_cortex-a7+neon-vfpv4_musl_eabi/udns-0.4=udns-0.4 -Wformat -Werror=format-security -fstack-protector -D_FORTIFY_SOURCE=1 -Wl,-z,now -Wl,-z,relro  -I/workdir/openwrt/staging_dir/toolchain-arm_cortex-a7+neon-vfpv4_gcc-8.4.0_musl_eabi/usr/include -I/workdir/openwrt/staging_dir/toolchain-arm_cortex-a7+neon-vfpv4_gcc-8.4.0_musl_eabi/include/fortify -I/workdir/openwrt/staging_dir/toolchain-arm_cortex-a7+neon-vfpv4_gcc-8.4.0_musl_eabi/include  conftest.c >&5
configure:7306: $? = 0
configure:7306: result: yes
configure:7306: checking for unistd.h
configure:7306: arm-openwrt-linux-muslgnueabi-gcc -c -Os -pipe -fno-caller-saves -fno-plt -fhonour-copts -Wno-error=unused-but-set-variable -Wno-error=unused-result -mfloat-abi=hard -fmacro-prefix-map=/workdir/openwrt/build_dir/target-arm_cortex-a7+neon-vfpv4_musl_eabi/udns-0.4=udns-0.4 -Wformat -Werror=format-security -fstack-protector -D_FORTIFY_SOURCE=1 -Wl,-z,now -Wl,-z,relro  -I/workdir/openwrt/staging_dir/toolchain-arm_cortex-a7+neon-vfpv4_gcc-8.4.0_musl_eabi/usr/include -I/workdir/openwrt/staging_dir/toolchain-arm_cortex-a7+neon-vfpv4_gcc-8.4.0_musl_eabi/include/fortify -I/workdir/openwrt/staging_dir/toolchain-arm_cortex-a7+neon-vfpv4_gcc-8.4.0_musl_eabi/include  conftest.c >&5
configure:7306: $? = 0
configure:7306: result: yes
configure:7320: checking for dlfcn.h
configure:7320: arm-openwrt-linux-muslgnueabi-gcc -c -Os -pipe -fno-caller-saves -fno-plt -fhonour-copts -Wno-error=unused-but-set-variable -Wno-error=unused-result -mfloat-abi=hard -fmacro-prefix-map=/workdir/openwrt/build_dir/target-arm_cortex-a7+neon-vfpv4_musl_eabi/udns-0.4=udns-0.4 -Wformat -Werror=format-security -fstack-protector -D_FORTIFY_SOURCE=1 -Wl,-z,now -Wl,-z,relro  -I/workdir/openwrt/staging_dir/toolchain-arm_cortex-a7+neon-vfpv4_gcc-8.4.0_musl_eabi/usr/include -I/workdir/openwrt/staging_dir/toolchain-arm_cortex-a7+neon-vfpv4_gcc-8.4.0_musl_eabi/include/fortify -I/workdir/openwrt/staging_dir/toolchain-arm_cortex-a7+neon-vfpv4_gcc-8.4.0_musl_eabi/include  conftest.c >&5
configure:7320: $? = 0
configure:7320: result: yes
configure:7507: checking for objdir
configure:7522: result: .libs
configure:7788: checking if arm-openwrt-linux-muslgnueabi-gcc supports -fno-rtti -fno-exceptions
configure:7806: arm-openwrt-linux-muslgnueabi-gcc -c -Os -pipe -fno-caller-saves -fno-plt -fhonour-copts -Wno-error=unused-but-set-variable -Wno-error=unused-result -mfloat-abi=hard -fmacro-prefix-map=/workdir/openwrt/build_dir/target-arm_cortex-a7+neon-vfpv4_musl_eabi/udns-0.4=udns-0.4 -Wformat -Werror=format-security -fstack-protector -D_FORTIFY_SOURCE=1 -Wl,-z,now -Wl,-z,relro  -I/workdir/openwrt/staging_dir/toolchain-arm_cortex-a7+neon-vfpv4_gcc-8.4.0_musl_eabi/usr/include -I/workdir/openwrt/staging_dir/toolchain-arm_cortex-a7+neon-vfpv4_gcc-8.4.0_musl_eabi/include/fortify -I/workdir/openwrt/staging_dir/toolchain-arm_cortex-a7+neon-vfpv4_gcc-8.4.0_musl_eabi/include  -fno-rtti -fno-exceptions conftest.c >&5
cc1: warning: command line option '-fno-rtti' is valid for C++/ObjC++ but not for C
configure:7810: $? = 0
configure:7823: result: no
configure:8133: checking for arm-openwrt-linux-muslgnueabi-gcc option to produce PIC
configure:8140: result: -fPIC -DPIC
configure:8148: checking if arm-openwrt-linux-muslgnueabi-gcc PIC flag -fPIC -DPIC works
configure:8166: arm-openwrt-linux-muslgnueabi-gcc -c -Os -pipe -fno-caller-saves -fno-plt -fhonour-copts -Wno-error=unused-but-set-variable -Wno-error=unused-result -mfloat-abi=hard -fmacro-prefix-map=/workdir/openwrt/build_dir/target-arm_cortex-a7+neon-vfpv4_musl_eabi/udns-0.4=udns-0.4 -Wformat -Werror=format-security -fstack-protector -D_FORTIFY_SOURCE=1 -Wl,-z,now -Wl,-z,relro  -I/workdir/openwrt/staging_dir/toolchain-arm_cortex-a7+neon-vfpv4_gcc-8.4.0_musl_eabi/usr/include -I/workdir/openwrt/staging_dir/toolchain-arm_cortex-a7+neon-vfpv4_gcc-8.4.0_musl_eabi/include/fortify -I/workdir/openwrt/staging_dir/toolchain-arm_cortex-a7+neon-vfpv4_gcc-8.4.0_musl_eabi/include  -fPIC -DPIC -DPIC conftest.c >&5
configure:8170: $? = 0
configure:8183: result: yes
configure:8212: checking if arm-openwrt-linux-muslgnueabi-gcc static flag -static works
configure:8240: result: yes
configure:8255: checking if arm-openwrt-linux-muslgnueabi-gcc supports -c -o file.o
configure:8276: arm-openwrt-linux-muslgnueabi-gcc -c -Os -pipe -fno-caller-saves -fno-plt -fhonour-copts -Wno-error=unused-but-set-variable -Wno-error=unused-result -mfloat-abi=hard -fmacro-prefix-map=/workdir/openwrt/build_dir/target-arm_cortex-a7+neon-vfpv4_musl_eabi/udns-0.4=udns-0.4 -Wformat -Werror=format-security -fstack-protector -D_FORTIFY_SOURCE=1 -Wl,-z,now -Wl,-z,relro  -I/workdir/openwrt/staging_dir/toolchain-arm_cortex-a7+neon-vfpv4_gcc-8.4.0_musl_eabi/usr/include -I/workdir/openwrt/staging_dir/toolchain-arm_cortex-a7+neon-vfpv4_gcc-8.4.0_musl_eabi/include/fortify -I/workdir/openwrt/staging_dir/toolchain-arm_cortex-a7+neon-vfpv4_gcc-8.4.0_musl_eabi/include  -o out/conftest2.o conftest.c >&5
configure:8280: $? = 0
configure:8302: result: yes
configure:8310: checking if arm-openwrt-linux-muslgnueabi-gcc supports -c -o file.o
configure:8357: result: yes
configure:8390: checking whether the arm-openwrt-linux-muslgnueabi-gcc linker (arm-openwrt-linux-muslgnueabi-ld) supports shared libraries
configure:9548: result: yes
configure:9585: checking whether -lc should be explicitly linked in
configure:9593: arm-openwrt-linux-muslgnueabi-gcc -c -Os -pipe -fno-caller-saves -fno-plt -fhonour-copts -Wno-error=unused-but-set-variable -Wno-error=unused-result -mfloat-abi=hard -fmacro-prefix-map=/workdir/openwrt/build_dir/target-arm_cortex-a7+neon-vfpv4_musl_eabi/udns-0.4=udns-0.4 -Wformat -Werror=format-security -fstack-protector -D_FORTIFY_SOURCE=1 -Wl,-z,now -Wl,-z,relro  -I/workdir/openwrt/staging_dir/toolchain-arm_cortex-a7+neon-vfpv4_gcc-8.4.0_musl_eabi/usr/include -I/workdir/openwrt/staging_dir/toolchain-arm_cortex-a7+neon-vfpv4_gcc-8.4.0_musl_eabi/include/fortify -I/workdir/openwrt/staging_dir/toolchain-arm_cortex-a7+neon-vfpv4_gcc-8.4.0_musl_eabi/include  conftest.c >&5
configure:9596: $? = 0
configure:9611: arm-openwrt-linux-muslgnueabi-gcc -shared  -fPIC -DPIC conftest.o  -v -Wl,-soname -Wl,conftest -o conftest 2\>\&1 \| /workdir/openwrt/staging_dir/host/bin/grep  -lc  \>/dev/null 2\>\&1
configure:9614: $? = 0
configure:9628: result: no
configure:9793: checking dynamic linker characteristics
configure:10307: arm-openwrt-linux-muslgnueabi-gcc -o conftest -Os -pipe -fno-caller-saves -fno-plt -fhonour-copts -Wno-error=unused-but-set-variable -Wno-error=unused-result -mfloat-abi=hard -fmacro-prefix-map=/workdir/openwrt/build_dir/target-arm_cortex-a7+neon-vfpv4_musl_eabi/udns-0.4=udns-0.4 -Wformat -Werror=format-security -fstack-protector -D_FORTIFY_SOURCE=1 -Wl,-z,now -Wl,-z,relro  -I/workdir/openwrt/staging_dir/toolchain-arm_cortex-a7+neon-vfpv4_gcc-8.4.0_musl_eabi/usr/include -I/workdir/openwrt/staging_dir/toolchain-arm_cortex-a7+neon-vfpv4_gcc-8.4.0_musl_eabi/include/fortify -I/workdir/openwrt/staging_dir/toolchain-arm_cortex-a7+neon-vfpv4_gcc-8.4.0_musl_eabi/include  -L/workdir/openwrt/staging_dir/toolchain-arm_cortex-a7+neon-vfpv4_gcc-8.4.0_musl_eabi/usr/lib -L/workdir/openwrt/staging_dir/toolchain-arm_cortex-a7+neon-vfpv4_gcc-8.4.0_musl_eabi/lib -znow -zrelro  -Wl,-rpath -Wl,/foo conftest.c  >&5
configure:10307: $? = 0
configure:10529: result: GNU/Linux ld.so
configure:10636: checking how to hardcode library paths into programs
configure:10661: result: immediate
configure:11201: checking whether stripping libraries is possible
configure:11206: result: yes
configure:11241: checking if libtool supports shared libraries
configure:11243: result: yes
configure:11246: checking whether to build shared libraries
configure:11267: result: yes
configure:11270: checking whether to build static libraries
configure:11274: result: yes
configure:8315: checking for arm-openwrt-linux-gcc
configure:8342: result: arm-openwrt-linux-muslgnueabi-gcc
configure:8611: checking for C compiler version
configure:8620: arm-openwrt-linux-muslgnueabi-gcc --version >&5
arm-openwrt-linux-muslgnueabi-gcc (OpenWrt GCC 8.4.0 r3881-e65535d3c) 8.4.0
Copyright (C) 2018 Free Software Foundation, Inc.
This is free software; see the source for copying conditions.  There is NO
warranty; not even for MERCHANTABILITY or FITNESS FOR A PARTICULAR PURPOSE.

configure:8631: $? = 0
configure:8620: arm-openwrt-linux-muslgnueabi-gcc -v >&5
Reading specs from /workdir/staging_dir/_p2w_r619ac-128m/toolchain-arm_cortex-a7+neon-vfpv4_gcc-8.4.0_musl_eabi/bin/../lib/gcc/arm-openwrt-linux-muslgnueabi/8.4.0/specs
COLLECT_GCC=arm-openwrt-linux-muslgnueabi-gcc
COLLECT_LTO_WRAPPER=/workdir/staging_dir/_p2w_r619ac-128m/toolchain-arm_cortex-a7+neon-vfpv4_gcc-8.4.0_musl_eabi/bin/../libexec/gcc/arm-openwrt-linux-muslgnueabi/8.4.0/lto-wrapper
Target: arm-openwrt-linux-muslgnueabi
Configured with: /workdir/openwrt/build_dir/toolchain-arm_cortex-a7+neon-vfpv4_gcc-8.4.0_musl_eabi/gcc-8.4.0/configure --with-bugurl=http://bugs.openwrt.org/ --with-pkgversion='OpenWrt GCC 8.4.0 r3881-e65535d3c' --prefix=/workdir/openwrt/staging_dir/toolchain-arm_cortex-a7+neon-vfpv4_gcc-8.4.0_musl_eabi --build=x86_64-pc-linux-gnu --host=x86_64-pc-linux-gnu --target=arm-openwrt-linux-muslgnueabi --with-gnu-ld --enable-target-optspace --disable-libgomp --disable-libmudflap --disable-multilib --disable-libmpx --disable-nls --disable-libssp --without-isl --without-cloog --with-host-libstdcxx=-lstdc++ --with-gmp=/workdir/openwrt/staging_dir/host --with-mpfr=/workdir/openwrt/staging_dir/host --with-mpc=/workdir/openwrt/staging_dir/host --disable-decimal-float --with-diagnostics-color=auto-if-env --enable-__cxa_atexit --disable-libstdcxx-dual-abi --with-default-libstdcxx-abi=new --with-cpu=cortex-a7 --with-fpu=neon-vfpv4 --with-float=hard --with-headers=/workdir/openwrt/staging_dir/toolchain-arm_cortex-a7+neon-vfpv4_gcc-8.4.0_musl_eabi/include --enable-languages=c,c++ --enable-shared --enable-threads --with-slibdir=/workdir/openwrt/staging_dir/toolchain-arm_cortex-a7+neon-vfpv4_gcc-8.4.0_musl_eabi/lib --enable-lto --with-libelf=/workdir/openwrt/staging_dir/host --disable-libsanitizer
Thread model: posix
gcc version 8.4.0 (OpenWrt GCC 8.4.0 r3881-e65535d3c) 
configure:8631: $? = 0
configure:8620: arm-openwrt-linux-muslgnueabi-gcc -V >&5
arm-openwrt-linux-muslgnueabi-gcc: error: unrecognized command line option '-V'
arm-openwrt-linux-muslgnueabi-gcc: fatal error: no input files
compilation terminated.
configure:8631: $? = 1
configure:8620: arm-openwrt-linux-muslgnueabi-gcc -qversion >&5
arm-openwrt-linux-muslgnueabi-gcc: error: unrecognized command line option '-qversion'; did you mean '--version'?
arm-openwrt-linux-muslgnueabi-gcc: fatal error: no input files
compilation terminated.
configure:8631: $? = 1
configure:8635: checking whether we are using the GNU C compiler
configure:8663: result: yes
configure:8672: checking whether arm-openwrt-linux-muslgnueabi-gcc accepts -g
configure:8733: result: yes
configure:8750: checking for arm-openwrt-linux-muslgnueabi-gcc option to accept ISO C89
configure:8826: result: none needed
configure:8851: checking whether arm-openwrt-linux-muslgnueabi-gcc understands -c and -o together
configure:8888: result: yes
configure:8907: checking dependency style of arm-openwrt-linux-muslgnueabi-gcc
configure:9018: result: gcc3
configure:9034: checking whether ln -s works
configure:9038: result: yes
configure:9047: checking for connect in -lsocket
configure:9072: arm-openwrt-linux-muslgnueabi-gcc -o conftest -Os -pipe -fno-caller-saves -fno-plt -fhonour-copts -Wno-error=unused-but-set-variable -Wno-error=unused-result -mfloat-abi=hard -fmacro-prefix-map=/workdir/openwrt/build_dir/target-arm_cortex-a7+neon-vfpv4_musl_eabi/udns-0.4=udns-0.4 -Wformat -Werror=format-security -fstack-protector -D_FORTIFY_SOURCE=1 -Wl,-z,now -Wl,-z,relro  -I/workdir/openwrt/staging_dir/toolchain-arm_cortex-a7+neon-vfpv4_gcc-8.4.0_musl_eabi/usr/include -I/workdir/openwrt/staging_dir/toolchain-arm_cortex-a7+neon-vfpv4_gcc-8.4.0_musl_eabi/include/fortify -I/workdir/openwrt/staging_dir/toolchain-arm_cortex-a7+neon-vfpv4_gcc-8.4.0_musl_eabi/include  -L/workdir/openwrt/staging_dir/toolchain-arm_cortex-a7+neon-vfpv4_gcc-8.4.0_musl_eabi/usr/lib -L/workdir/openwrt/staging_dir/toolchain-arm_cortex-a7+neon-vfpv4_gcc-8.4.0_musl_eabi/lib -znow -zrelro  conftest.c -lsocket   >&5
/workdir/staging_dir/_p2w_r619ac-128m/toolchain-arm_cortex-a7+neon-vfpv4_gcc-8.4.0_musl_eabi/bin/../lib/gcc/arm-openwrt-linux-muslgnueabi/8.4.0/../../../../arm-openwrt-linux-muslgnueabi/bin/ld: cannot find -lsocket
collect2: error: ld returned 1 exit status
configure:9072: $? = 1
configure: failed program was:
| /* confdefs.h */
| #define PACKAGE_NAME "libudns"
| #define PACKAGE_TARNAME "libudns"
| #define PACKAGE_VERSION "0.4"
| #define PACKAGE_STRING "libudns 0.4"
| #define PACKAGE_BUGREPORT ""
| #define PACKAGE_URL ""
| #define PACKAGE "libudns"
| #define VERSION "0.4"
| #define STDC_HEADERS 1
| #define HAVE_SYS_TYPES_H 1
| #define HAVE_SYS_STAT_H 1
| #define HAVE_STDLIB_H 1
| #define HAVE_STRING_H 1
| #define HAVE_MEMORY_H 1
| #define HAVE_STRINGS_H 1
| #define HAVE_INTTYPES_H 1
| #define HAVE_STDINT_H 1
| #define HAVE_UNISTD_H 1
| #define HAVE_DLFCN_H 1
| #define LT_OBJDIR ".libs/"
| /* end confdefs.h.  */
| 
| /* Override any GCC internal prototype to avoid an error.
|    Use char because int might match the return type of a GCC
|    builtin and then its argument prototype would still apply.  */
| #ifdef __cplusplus
| extern "C"
| #endif
| char connect ();
| int
| main ()
| {
| return connect ();
|   ;
|   return 0;
| }
configure:9081: result: no
configure:9095: checking for malloc
configure:9095: arm-openwrt-linux-muslgnueabi-gcc -o conftest -Os -pipe -fno-caller-saves -fno-plt -fhonour-copts -Wno-error=unused-but-set-variable -Wno-error=unused-result -mfloat-abi=hard -fmacro-prefix-map=/workdir/openwrt/build_dir/target-arm_cortex-a7+neon-vfpv4_musl_eabi/udns-0.4=udns-0.4 -Wformat -Werror=format-security -fstack-protector -D_FORTIFY_SOURCE=1 -Wl,-z,now -Wl,-z,relro  -I/workdir/openwrt/staging_dir/toolchain-arm_cortex-a7+neon-vfpv4_gcc-8.4.0_musl_eabi/usr/include -I/workdir/openwrt/staging_dir/toolchain-arm_cortex-a7+neon-vfpv4_gcc-8.4.0_musl_eabi/include/fortify -I/workdir/openwrt/staging_dir/toolchain-arm_cortex-a7+neon-vfpv4_gcc-8.4.0_musl_eabi/include  -L/workdir/openwrt/staging_dir/toolchain-arm_cortex-a7+neon-vfpv4_gcc-8.4.0_musl_eabi/usr/lib -L/workdir/openwrt/staging_dir/toolchain-arm_cortex-a7+neon-vfpv4_gcc-8.4.0_musl_eabi/lib -znow -zrelro  conftest.c  >&5
conftest.c:46:6: warning: conflicting types for built-in function 'malloc' [-Wbuiltin-declaration-mismatch]
 char malloc ();
      ^~~~~~
configure:9095: $? = 0
configure:9095: result: yes
configure:9095: checking for memset
configure:9095: arm-openwrt-linux-muslgnueabi-gcc -o conftest -Os -pipe -fno-caller-saves -fno-plt -fhonour-copts -Wno-error=unused-but-set-variable -Wno-error=unused-result -mfloat-abi=hard -fmacro-prefix-map=/workdir/openwrt/build_dir/target-arm_cortex-a7+neon-vfpv4_musl_eabi/udns-0.4=udns-0.4 -Wformat -Werror=format-security -fstack-protector -D_FORTIFY_SOURCE=1 -Wl,-z,now -Wl,-z,relro  -I/workdir/openwrt/staging_dir/toolchain-arm_cortex-a7+neon-vfpv4_gcc-8.4.0_musl_eabi/usr/include -I/workdir/openwrt/staging_dir/toolchain-arm_cortex-a7+neon-vfpv4_gcc-8.4.0_musl_eabi/include/fortify -I/workdir/openwrt/staging_dir/toolchain-arm_cortex-a7+neon-vfpv4_gcc-8.4.0_musl_eabi/include  -L/workdir/openwrt/staging_dir/toolchain-arm_cortex-a7+neon-vfpv4_gcc-8.4.0_musl_eabi/usr/lib -L/workdir/openwrt/staging_dir/toolchain-arm_cortex-a7+neon-vfpv4_gcc-8.4.0_musl_eabi/lib -znow -zrelro  conftest.c  >&5
conftest.c:47:6: warning: conflicting types for built-in function 'memset' [-Wbuiltin-declaration-mismatch]
 char memset ();
      ^~~~~~
configure:9095: $? = 0
configure:9095: result: yes
configure:9095: checking for socket
configure:9095: arm-openwrt-linux-muslgnueabi-gcc -o conftest -Os -pipe -fno-caller-saves -fno-plt -fhonour-copts -Wno-error=unused-but-set-variable -Wno-error=unused-result -mfloat-abi=hard -fmacro-prefix-map=/workdir/openwrt/build_dir/target-arm_cortex-a7+neon-vfpv4_musl_eabi/udns-0.4=udns-0.4 -Wformat -Werror=format-security -fstack-protector -D_FORTIFY_SOURCE=1 -Wl,-z,now -Wl,-z,relro  -I/workdir/openwrt/staging_dir/toolchain-arm_cortex-a7+neon-vfpv4_gcc-8.4.0_musl_eabi/usr/include -I/workdir/openwrt/staging_dir/toolchain-arm_cortex-a7+neon-vfpv4_gcc-8.4.0_musl_eabi/include/fortify -I/workdir/openwrt/staging_dir/toolchain-arm_cortex-a7+neon-vfpv4_gcc-8.4.0_musl_eabi/include  -L/workdir/openwrt/staging_dir/toolchain-arm_cortex-a7+neon-vfpv4_gcc-8.4.0_musl_eabi/usr/lib -L/workdir/openwrt/staging_dir/toolchain-arm_cortex-a7+neon-vfpv4_gcc-8.4.0_musl_eabi/lib -znow -zrelro  conftest.c  >&5
configure:9095: $? = 0
configure:9095: result: yes
configure:9107: checking for getopt
configure:9107: arm-openwrt-linux-muslgnueabi-gcc -o conftest -Os -pipe -fno-caller-saves -fno-plt -fhonour-copts -Wno-error=unused-but-set-variable -Wno-error=unused-result -mfloat-abi=hard -fmacro-prefix-map=/workdir/openwrt/build_dir/target-arm_cortex-a7+neon-vfpv4_musl_eabi/udns-0.4=udns-0.4 -Wformat -Werror=format-security -fstack-protector -D_FORTIFY_SOURCE=1 -Wl,-z,now -Wl,-z,relro  -I/workdir/openwrt/staging_dir/toolchain-arm_cortex-a7+neon-vfpv4_gcc-8.4.0_musl_eabi/usr/include -I/workdir/openwrt/staging_dir/toolchain-arm_cortex-a7+neon-vfpv4_gcc-8.4.0_musl_eabi/include/fortify -I/workdir/openwrt/staging_dir/toolchain-arm_cortex-a7+neon-vfpv4_gcc-8.4.0_musl_eabi/include  -L/workdir/openwrt/staging_dir/toolchain-arm_cortex-a7+neon-vfpv4_gcc-8.4.0_musl_eabi/usr/lib -L/workdir/openwrt/staging_dir/toolchain-arm_cortex-a7+neon-vfpv4_gcc-8.4.0_musl_eabi/lib -znow -zrelro  conftest.c  >&5
configure:9107: $? = 0
configure:9107: result: yes
configure:9107: checking for poll
configure:9107: arm-openwrt-linux-muslgnueabi-gcc -o conftest -Os -pipe -fno-caller-saves -fno-plt -fhonour-copts -Wno-error=unused-but-set-variable -Wno-error=unused-result -mfloat-abi=hard -fmacro-prefix-map=/workdir/openwrt/build_dir/target-arm_cortex-a7+neon-vfpv4_musl_eabi/udns-0.4=udns-0.4 -Wformat -Werror=format-security -fstack-protector -D_FORTIFY_SOURCE=1 -Wl,-z,now -Wl,-z,relro  -I/workdir/openwrt/staging_dir/toolchain-arm_cortex-a7+neon-vfpv4_gcc-8.4.0_musl_eabi/usr/include -I/workdir/openwrt/staging_dir/toolchain-arm_cortex-a7+neon-vfpv4_gcc-8.4.0_musl_eabi/include/fortify -I/workdir/openwrt/staging_dir/toolchain-arm_cortex-a7+neon-vfpv4_gcc-8.4.0_musl_eabi/include  -L/workdir/openwrt/staging_dir/toolchain-arm_cortex-a7+neon-vfpv4_gcc-8.4.0_musl_eabi/usr/lib -L/workdir/openwrt/staging_dir/toolchain-arm_cortex-a7+neon-vfpv4_gcc-8.4.0_musl_eabi/lib -znow -zrelro  conftest.c  >&5
configure:9107: $? = 0
configure:9107: result: yes
configure:9119: checking for inet_pton
configure:9119: arm-openwrt-linux-muslgnueabi-gcc -o conftest -Os -pipe -fno-caller-saves -fno-plt -fhonour-copts -Wno-error=unused-but-set-variable -Wno-error=unused-result -mfloat-abi=hard -fmacro-prefix-map=/workdir/openwrt/build_dir/target-arm_cortex-a7+neon-vfpv4_musl_eabi/udns-0.4=udns-0.4 -Wformat -Werror=format-security -fstack-protector -D_FORTIFY_SOURCE=1 -Wl,-z,now -Wl,-z,relro  -I/workdir/openwrt/staging_dir/toolchain-arm_cortex-a7+neon-vfpv4_gcc-8.4.0_musl_eabi/usr/include -I/workdir/openwrt/staging_dir/toolchain-arm_cortex-a7+neon-vfpv4_gcc-8.4.0_musl_eabi/include/fortify -I/workdir/openwrt/staging_dir/toolchain-arm_cortex-a7+neon-vfpv4_gcc-8.4.0_musl_eabi/include  -L/workdir/openwrt/staging_dir/toolchain-arm_cortex-a7+neon-vfpv4_gcc-8.4.0_musl_eabi/usr/lib -L/workdir/openwrt/staging_dir/toolchain-arm_cortex-a7+neon-vfpv4_gcc-8.4.0_musl_eabi/lib -znow -zrelro  conftest.c  >&5
configure:9119: $? = 0
configure:9119: result: yes
configure:9119: checking for inet_ntop
configure:9119: arm-openwrt-linux-muslgnueabi-gcc -o conftest -Os -pipe -fno-caller-saves -fno-plt -fhonour-copts -Wno-error=unused-but-set-variable -Wno-error=unused-result -mfloat-abi=hard -fmacro-prefix-map=/workdir/openwrt/build_dir/target-arm_cortex-a7+neon-vfpv4_musl_eabi/udns-0.4=udns-0.4 -Wformat -Werror=format-security -fstack-protector -D_FORTIFY_SOURCE=1 -Wl,-z,now -Wl,-z,relro  -I/workdir/openwrt/staging_dir/toolchain-arm_cortex-a7+neon-vfpv4_gcc-8.4.0_musl_eabi/usr/include -I/workdir/openwrt/staging_dir/toolchain-arm_cortex-a7+neon-vfpv4_gcc-8.4.0_musl_eabi/include/fortify -I/workdir/openwrt/staging_dir/toolchain-arm_cortex-a7+neon-vfpv4_gcc-8.4.0_musl_eabi/include  -L/workdir/openwrt/staging_dir/toolchain-arm_cortex-a7+neon-vfpv4_gcc-8.4.0_musl_eabi/usr/lib -L/workdir/openwrt/staging_dir/toolchain-arm_cortex-a7+neon-vfpv4_gcc-8.4.0_musl_eabi/lib -znow -zrelro  conftest.c  >&5
configure:9119: $? = 0
configure:9119: result: yes
configure:9158: checking for struct sockaddr_in6
configure:9158: arm-openwrt-linux-muslgnueabi-gcc -c -Os -pipe -fno-caller-saves -fno-plt -fhonour-copts -Wno-error=unused-but-set-variable -Wno-error=unused-result -mfloat-abi=hard -fmacro-prefix-map=/workdir/openwrt/build_dir/target-arm_cortex-a7+neon-vfpv4_musl_eabi/udns-0.4=udns-0.4 -Wformat -Werror=format-security -fstack-protector -D_FORTIFY_SOURCE=1 -Wl,-z,now -Wl,-z,relro  -I/workdir/openwrt/staging_dir/toolchain-arm_cortex-a7+neon-vfpv4_gcc-8.4.0_musl_eabi/usr/include -I/workdir/openwrt/staging_dir/toolchain-arm_cortex-a7+neon-vfpv4_gcc-8.4.0_musl_eabi/include/fortify -I/workdir/openwrt/staging_dir/toolchain-arm_cortex-a7+neon-vfpv4_gcc-8.4.0_musl_eabi/include  conftest.c >&5
configure:9158: $? = 0
configure:9158: arm-openwrt-linux-muslgnueabi-gcc -c -Os -pipe -fno-caller-saves -fno-plt -fhonour-copts -Wno-error=unused-but-set-variable -Wno-error=unused-result -mfloat-abi=hard -fmacro-prefix-map=/workdir/openwrt/build_dir/target-arm_cortex-a7+neon-vfpv4_musl_eabi/udns-0.4=udns-0.4 -Wformat -Werror=format-security -fstack-protector -D_FORTIFY_SOURCE=1 -Wl,-z,now -Wl,-z,relro  -I/workdir/openwrt/staging_dir/toolchain-arm_cortex-a7+neon-vfpv4_gcc-8.4.0_musl_eabi/usr/include -I/workdir/openwrt/staging_dir/toolchain-arm_cortex-a7+neon-vfpv4_gcc-8.4.0_musl_eabi/include/fortify -I/workdir/openwrt/staging_dir/toolchain-arm_cortex-a7+neon-vfpv4_gcc-8.4.0_musl_eabi/include  conftest.c >&5
conftest.c: In function 'main':
conftest.c:38:34: error: expected expression before ')' token
 if (sizeof ((struct sockaddr_in6)))
                                  ^
configure:9158: $? = 1
configure: failed program was:
| /* confdefs.h */
| #define PACKAGE_NAME "libudns"
| #define PACKAGE_TARNAME "libudns"
| #define PACKAGE_VERSION "0.4"
| #define PACKAGE_STRING "libudns 0.4"
| #define PACKAGE_BUGREPORT ""
| #define PACKAGE_URL ""
| #define PACKAGE "libudns"
| #define VERSION "0.4"
| #define STDC_HEADERS 1
| #define HAVE_SYS_TYPES_H 1
| #define HAVE_SYS_STAT_H 1
| #define HAVE_STDLIB_H 1
| #define HAVE_STRING_H 1
| #define HAVE_MEMORY_H 1
| #define HAVE_STRINGS_H 1
| #define HAVE_INTTYPES_H 1
| #define HAVE_STDINT_H 1
| #define HAVE_UNISTD_H 1
| #define HAVE_DLFCN_H 1
| #define LT_OBJDIR ".libs/"
| #define HAVE_MALLOC 1
| #define HAVE_MEMSET 1
| #define HAVE_SOCKET 1
| #define HAVE_GETOPT 1
| #define HAVE_POLL 1
| #define HAVE_INET_PTON 1
| #define HAVE_INET_PTON_NTOP 1
| #define HAVE_INET_NTOP 1
| #define HAVE_INET_PTON_NTOP 1
| /* end confdefs.h.  */
| #include <sys/socket.h>
|      #include <netinet/in.h>
| 
| int
| main ()
| {
| if (sizeof ((struct sockaddr_in6)))
| 	    return 0;
|   ;
|   return 0;
| }
configure:9158: result: yes
configure:9276: checking that generated files are newer than configure
configure:9282: result: done
configure:9309: creating ./config.status

## ---------------------- ##
## Running config.status. ##
## ---------------------- ##

This file was extended by libudns config.status 0.4, which was
generated by GNU Autoconf 2.69.  Invocation command line was

  CONFIG_FILES    = 
  CONFIG_HEADERS  = 
  CONFIG_LINKS    = 
  CONFIG_COMMANDS = 
  $ ./config.status 

on fv-az152-677

config.status:1090: creating Makefile
config.status:1090: creating config.h
config.status:1319: executing depfiles commands
config.status:1319: executing libtool commands
configure:11525: WARNING: unrecognized options: --disable-nls

## ---------------- ##
## Cache variables. ##
## ---------------- ##

ac_cv_build=x86_64-pc-linux-gnu
ac_cv_c_bigendian=no
ac_cv_c_compiler_gnu=yes
ac_cv_c_gettext_without_libintl=yes
ac_cv_c_littleendian=yes
ac_cv_c_long_double=no
ac_cv_conv_longlong_to_float=yes
ac_cv_env_CC_set=set
ac_cv_env_CC_value=arm-openwrt-linux-muslgnueabi-gcc
ac_cv_env_CFLAGS_set=set
ac_cv_env_CFLAGS_value='-Os -pipe -fno-caller-saves -fno-plt -fhonour-copts -Wno-error=unused-but-set-variable -Wno-error=unused-result -mfloat-abi=hard -fmacro-prefix-map=/workdir/openwrt/build_dir/target-arm_cortex-a7+neon-vfpv4_musl_eabi/udns-0.4=udns-0.4 -Wformat -Werror=format-security -fstack-protector -D_FORTIFY_SOURCE=1 -Wl,-z,now -Wl,-z,relro '
ac_cv_env_CPPFLAGS_set=set
ac_cv_env_CPPFLAGS_value='-I/workdir/openwrt/staging_dir/toolchain-arm_cortex-a7+neon-vfpv4_gcc-8.4.0_musl_eabi/usr/include -I/workdir/openwrt/staging_dir/toolchain-arm_cortex-a7+neon-vfpv4_gcc-8.4.0_musl_eabi/include/fortify -I/workdir/openwrt/staging_dir/toolchain-arm_cortex-a7+neon-vfpv4_gcc-8.4.0_musl_eabi/include '
ac_cv_env_CPP_set=
ac_cv_env_CPP_value=
ac_cv_env_LDFLAGS_set=set
ac_cv_env_LDFLAGS_value='-L/workdir/openwrt/staging_dir/toolchain-arm_cortex-a7+neon-vfpv4_gcc-8.4.0_musl_eabi/usr/lib -L/workdir/openwrt/staging_dir/toolchain-arm_cortex-a7+neon-vfpv4_gcc-8.4.0_musl_eabi/lib -znow -zrelro '
ac_cv_env_LIBS_set=
ac_cv_env_LIBS_value=
ac_cv_env_build_alias_set=set
ac_cv_env_build_alias_value=x86_64-pc-linux-gnu
ac_cv_env_host_alias_set=set
ac_cv_env_host_alias_value=arm-openwrt-linux
ac_cv_env_target_alias_set=set
ac_cv_env_target_alias_value=arm-openwrt-linux
ac_cv_file__dev_zero=yes
ac_cv_func___adjtimex=yes
ac_cv_func___va_copy=no
ac_cv_func__exit=yes
ac_cv_func_bcmp=yes
ac_cv_func_bcopy=yes
ac_cv_func_bzero=yes
ac_cv_func_cimag=yes
ac_cv_func_creal=yes
ac_cv_func_fchmod=yes
ac_cv_func_getaddrinfo=yes
ac_cv_func_getcwd=yes
ac_cv_func_getdomainname=yes
ac_cv_func_getopt=yes
ac_cv_func_getpgrp_void=yes
ac_cv_func_getpwuid_r=yes
ac_cv_func_gettimeofday=yes
ac_cv_func_index=yes
ac_cv_func_inet_ntop=yes
ac_cv_func_inet_pton=yes
ac_cv_func_lstat=yes
ac_cv_func_lstat_dereferences_slashed_symlink=yes
ac_cv_func_lstat_empty_string_bug=no
ac_cv_func_malloc=yes
ac_cv_func_malloc_0_nonnull=yes
ac_cv_func_malloc_works=yes
ac_cv_func_memcmp_clean=yes
ac_cv_func_memcmp_working=yes
ac_cv_func_memset=yes
ac_cv_func_poll=yes
ac_cv_func_posix_getgrgid_r=yes
ac_cv_func_posix_getpwuid_r=yes
ac_cv_func_psignal=yes
ac_cv_func_pthread_key_delete=yes
ac_cv_func_realloc_0_nonnull=yes
ac_cv_func_realloc_works=yes
ac_cv_func_rename=yes
ac_cv_func_rindex=yes
ac_cv_func_setgrent_void=yes
ac_cv_func_setlocale=yes
ac_cv_func_setpgrp_void=yes
ac_cv_func_setresuid=no
ac_cv_func_setvbuf_reversed=no
ac_cv_func_socket=yes
ac_cv_func_stat_empty_string_bug=no
ac_cv_func_stat_ignores_trailing_slash=no
ac_cv_func_strerror=yes
ac_cv_func_strftime=yes
ac_cv_func_utimes=yes
ac_cv_func_va_copy=no
ac_cv_func_vsnprintf=yes
ac_cv_have_accrights_in_msghdr=no
ac_cv_have_broken_snprintf=no
ac_cv_have_control_in_msghdr=yes
ac_cv_have_decl_sys_siglist=no
ac_cv_have_openpty_ctty_bug=yes
ac_cv_have_space_d_name_in_struct_dirent=yes
ac_cv_header_dlfcn_h=yes
ac_cv_header_inttypes_h=yes
ac_cv_header_memory_h=yes
ac_cv_header_netinet_sctp_h=no
ac_cv_header_netinet_sctp_uio_h=no
ac_cv_header_stdc=yes
ac_cv_header_stdint_h=yes
ac_cv_header_stdlib_h=yes
ac_cv_header_string_h=yes
ac_cv_header_strings_h=yes
ac_cv_header_sys_stat_h=yes
ac_cv_header_sys_types_h=yes
ac_cv_header_unistd_h=yes
ac_cv_host=arm-openwrt-linux-gnu
ac_cv_int64_t=yes
ac_cv_lbl_unaligned_fail=no
ac_cv_lib_socket_connect=no
ac_cv_linux_kernel_pppoe=yes
ac_cv_linux_vers=2
ac_cv_objext=o
ac_cv_pack_bitfields_reversed=yes
ac_cv_path_EGREP='/workdir/openwrt/staging_dir/host/bin/grep -E'
ac_cv_path_FGREP='/workdir/openwrt/staging_dir/host/bin/grep -F'
ac_cv_path_GREP=/workdir/openwrt/staging_dir/host/bin/grep
ac_cv_path_LDCONFIG=
ac_cv_path_SED=/workdir/openwrt/staging_dir/host/bin/sed
ac_cv_path_install='/workdir/openwrt/staging_dir/host/bin/install -c'
ac_cv_path_mkdir=/usr/bin/mkdir
ac_cv_prog_AR=arm-openwrt-linux-muslgnueabi-gcc-ar
ac_cv_prog_AWK=gawk
ac_cv_prog_CC=arm-openwrt-linux-muslgnueabi-gcc
ac_cv_prog_CPP='arm-openwrt-linux-muslgnueabi-gcc -E'
ac_cv_prog_OBJDUMP=arm-openwrt-linux-muslgnueabi-objdump
ac_cv_prog_RANLIB=arm-openwrt-linux-muslgnueabi-gcc-ranlib
ac_cv_prog_STRIP=arm-openwrt-linux-muslgnueabi-strip
ac_cv_prog_ac_ct_MANIFEST_TOOL=mt
ac_cv_prog_cc_c89=
ac_cv_prog_cc_g=yes
ac_cv_prog_make_make_set=yes
ac_cv_regexec_segfault_emptystr=no
ac_cv_sctp=no
ac_cv_sizeof___int64=0
ac_cv_sizeof_char=1
ac_cv_sizeof_int16_t=2
ac_cv_sizeof_int32_t=4
ac_cv_sizeof_int64_t=8
ac_cv_sizeof_int=4
ac_cv_sizeof_long=4
ac_cv_sizeof_long_int=4
ac_cv_sizeof_long_long=8
ac_cv_sizeof_off_t=8
ac_cv_sizeof_short=2
ac_cv_sizeof_short_int=2
ac_cv_sizeof_size_t=4
ac_cv_sizeof_ssize_t=4
ac_cv_sizeof_u_int16_t=2
ac_cv_sizeof_u_int32_t=4
ac_cv_sizeof_u_int64_t=8
ac_cv_sizeof_uint16_t=2
ac_cv_sizeof_uint32_t=4
ac_cv_sizeof_uint64_t=8
ac_cv_sizeof_unsigned_int=4
ac_cv_sizeof_unsigned_long=4
ac_cv_sizeof_unsigned_long_long=8
ac_cv_sizeof_unsigned_short=2
ac_cv_sizeof_void_p=4
ac_cv_sys_restartable_syscalls=yes
ac_cv_time_r_type=POSIX
ac_cv_type_struct_sockaddr_in6=yes
ac_cv_type_suseconds_t=yes
ac_cv_uchar=no
ac_cv_uint64_t=yes
ac_cv_uint=yes
ac_cv_ulong=yes
ac_cv_ushort=yes
ac_cv_va_copy=C99
ac_cv_va_val_copy=yes
am_cv_CC_dependencies_compiler_type=gcc3
am_cv_make_support_nested_variables=yes
am_cv_prog_cc_c_o=yes
as_cv_unaligned_access=yes
lt_cv_ar_at_file=@
lt_cv_archive_cmds_need_lc=no
lt_cv_deplibs_check_method=pass_all
lt_cv_file_magic_cmd='$MAGIC_CMD'
lt_cv_file_magic_test_file=
lt_cv_ld_reload_flag=-r
lt_cv_nm_interface='BSD nm'
lt_cv_objdir=.libs
lt_cv_path_LD=arm-openwrt-linux-muslgnueabi-ld
lt_cv_path_NM=arm-openwrt-linux-muslgnueabi-gcc-nm
lt_cv_path_mainfest_tool=no
lt_cv_prog_compiler_c_o=yes
lt_cv_prog_compiler_pic='-fPIC -DPIC'
lt_cv_prog_compiler_pic_works=yes
lt_cv_prog_compiler_rtti_exceptions=no
lt_cv_prog_compiler_static_works=yes
lt_cv_prog_gnu_ld=yes
lt_cv_sharedlib_from_linklib_cmd='printf %s\n'
lt_cv_shlibpath_overrides_runpath=no
lt_cv_sys_global_symbol_pipe='sed -n -e '\''s/^.*[	 ]\([ABCDGIRSTW][ABCDGIRSTW]*\)[	 ][	 ]*\([_A-Za-z][_A-Za-z0-9]*\)$/\1 \2 \2/p'\'' | sed '\''/ __gnu_lto/d'\'''
lt_cv_sys_global_symbol_to_c_name_address='sed -n -e '\''s/^: \([^ ]*\)[ ]*$/  {\"\1\", (void *) 0},/p'\'' -e '\''s/^[ABCDGIRSTW]* \([^ ]*\) \([^ ]*\)$/  {"\2", (void *) \&\2},/p'\'''
lt_cv_sys_global_symbol_to_c_name_address_lib_prefix='sed -n -e '\''s/^: \([^ ]*\)[ ]*$/  {\"\1\", (void *) 0},/p'\'' -e '\''s/^[ABCDGIRSTW]* \([^ ]*\) \(lib[^ ]*\)$/  {"\2", (void *) \&\2},/p'\'' -e '\''s/^[ABCDGIRSTW]* \([^ ]*\) \([^ ]*\)$/  {"lib\2", (void *) \&\2},/p'\'''
lt_cv_sys_global_symbol_to_cdecl='sed -n -e '\''s/^T .* \(.*\)$/extern int \1();/p'\'' -e '\''s/^[ABCDGIRSTW]* .* \(.*\)$/extern char \1;/p'\'''
lt_cv_sys_max_cmd_len=3145728
lt_cv_to_host_file_cmd=func_convert_file_noop
lt_cv_to_tool_file_cmd=func_convert_file_noop

## ----------------- ##
## Output variables. ##
## ----------------- ##

ACLOCAL='${SHELL} /workdir/openwrt/build_dir/target-arm_cortex-a7+neon-vfpv4_musl_eabi/udns-0.4/missing aclocal-1.15'
AMDEPBACKSLASH='\'
AMDEP_FALSE='#'
AMDEP_TRUE=''
AMTAR='$${TAR-tar}'
AM_BACKSLASH='\'
AM_DEFAULT_V='$(AM_DEFAULT_VERBOSITY)'
AM_DEFAULT_VERBOSITY='1'
AM_V='$(V)'
AR='arm-openwrt-linux-muslgnueabi-gcc-ar'
AUTOCONF='${SHELL} /workdir/openwrt/build_dir/target-arm_cortex-a7+neon-vfpv4_musl_eabi/udns-0.4/missing autoconf'
AUTOHEADER='${SHELL} /workdir/openwrt/build_dir/target-arm_cortex-a7+neon-vfpv4_musl_eabi/udns-0.4/missing autoheader'
AUTOMAKE='${SHELL} /workdir/openwrt/build_dir/target-arm_cortex-a7+neon-vfpv4_musl_eabi/udns-0.4/missing automake-1.15'
AWK='gawk'
CC='arm-openwrt-linux-muslgnueabi-gcc'
CCDEPMODE='depmode=gcc3'
CFLAGS='-Os -pipe -fno-caller-saves -fno-plt -fhonour-copts -Wno-error=unused-but-set-variable -Wno-error=unused-result -mfloat-abi=hard -fmacro-prefix-map=/workdir/openwrt/build_dir/target-arm_cortex-a7+neon-vfpv4_musl_eabi/udns-0.4=udns-0.4 -Wformat -Werror=format-security -fstack-protector -D_FORTIFY_SOURCE=1 -Wl,-z,now -Wl,-z,relro '
CPP='arm-openwrt-linux-muslgnueabi-gcc -E'
CPPFLAGS='-I/workdir/openwrt/staging_dir/toolchain-arm_cortex-a7+neon-vfpv4_gcc-8.4.0_musl_eabi/usr/include -I/workdir/openwrt/staging_dir/toolchain-arm_cortex-a7+neon-vfpv4_gcc-8.4.0_musl_eabi/include/fortify -I/workdir/openwrt/staging_dir/toolchain-arm_cortex-a7+neon-vfpv4_gcc-8.4.0_musl_eabi/include '
CYGPATH_W='echo'
DEFS='-DHAVE_CONFIG_H'
DEPDIR='.deps'
DLLTOOL='false'
DSYMUTIL=''
DUMPBIN=''
ECHO_C=''
ECHO_N='-n'
ECHO_T=''
EGREP='/workdir/openwrt/staging_dir/host/bin/grep -E'
EXEEXT=''
FGREP='/workdir/openwrt/staging_dir/host/bin/grep -F'
GREP='/workdir/openwrt/staging_dir/host/bin/grep'
INSTALL_DATA='${INSTALL} -m 644'
INSTALL_PROGRAM='${INSTALL}'
INSTALL_SCRIPT='${INSTALL}'
INSTALL_STRIP_PROGRAM='$(install_sh) -c -s'
LD='arm-openwrt-linux-muslgnueabi-ld'
LDFLAGS='-L/workdir/openwrt/staging_dir/toolchain-arm_cortex-a7+neon-vfpv4_gcc-8.4.0_musl_eabi/usr/lib -L/workdir/openwrt/staging_dir/toolchain-arm_cortex-a7+neon-vfpv4_gcc-8.4.0_musl_eabi/lib -znow -zrelro '
LIBOBJS=''
LIBS=''
LIBTOOL='$(SHELL) $(top_builddir)/libtool'
LIPO=''
LN_S='ln -s'
LTLIBOBJS=''
MAKEINFO='${SHELL} /workdir/openwrt/build_dir/target-arm_cortex-a7+neon-vfpv4_musl_eabi/udns-0.4/missing makeinfo'
MANIFEST_TOOL=':'
MKDIR_P='/usr/bin/mkdir -p'
NM='arm-openwrt-linux-muslgnueabi-gcc-nm'
NMEDIT=''
OBJDUMP='arm-openwrt-linux-muslgnueabi-objdump'
OBJEXT='o'
OTOOL64=''
OTOOL=''
PACKAGE='libudns'
PACKAGE_BUGREPORT=''
PACKAGE_NAME='libudns'
PACKAGE_STRING='libudns 0.4'
PACKAGE_TARNAME='libudns'
PACKAGE_URL=''
PACKAGE_VERSION='0.4'
PATH_SEPARATOR=':'
RANLIB='arm-openwrt-linux-muslgnueabi-gcc-ranlib'
SED='/workdir/openwrt/staging_dir/host/bin/sed'
SET_MAKE=''
SHELL='/bin/bash'
STRIP='arm-openwrt-linux-muslgnueabi-strip'
VERSION='0.4'
ac_ct_AR=''
ac_ct_CC=''
ac_ct_DUMPBIN=''
am__EXEEXT_FALSE=''
am__EXEEXT_TRUE='#'
am__fastdepCC_FALSE='#'
am__fastdepCC_TRUE=''
am__include='include'
am__isrc=''
am__leading_dot='.'
am__nodep='_no'
am__quote=''
am__tar='$${TAR-tar} chof - "$$tardir"'
am__untar='$${TAR-tar} xf -'
bindir='/usr/bin'
build='x86_64-pc-linux-gnu'
build_alias='x86_64-pc-linux-gnu'
build_cpu='x86_64'
build_os='linux-gnu'
build_vendor='pc'
datadir='/usr/share'
datarootdir='${prefix}/share'
docdir='${datarootdir}/doc/${PACKAGE_TARNAME}'
dvidir='${docdir}'
exec_prefix='/usr'
host='arm-openwrt-linux-gnu'
host_alias='arm-openwrt-linux'
host_cpu='arm'
host_os='linux-gnu'
host_vendor='openwrt'
htmldir='${docdir}'
includedir='${prefix}/include'
infodir='/usr/info'
install_sh='${SHELL} /workdir/openwrt/build_dir/target-arm_cortex-a7+neon-vfpv4_musl_eabi/udns-0.4/install-sh'
libdir='${exec_prefix}/lib'
libexecdir='/usr/lib'
localedir='${datarootdir}/locale'
localstatedir='/var'
mandir='/usr/man'
mkdir_p='$(MKDIR_P)'
oldincludedir='/usr/include'
pdfdir='${docdir}'
prefix='/usr'
program_transform_name='s&$$&&;s&^&&'
psdir='${docdir}'
sbindir='/usr/sbin'
sharedstatedir='${prefix}/com'
sysconfdir='/etc'
target_alias='arm-openwrt-linux'

## ----------- ##
## confdefs.h. ##
## ----------- ##

/* confdefs.h */
#define PACKAGE_NAME "libudns"
#define PACKAGE_TARNAME "libudns"
#define PACKAGE_VERSION "0.4"
#define PACKAGE_STRING "libudns 0.4"
#define PACKAGE_BUGREPORT ""
#define PACKAGE_URL ""
#define PACKAGE "libudns"
#define VERSION "0.4"
#define STDC_HEADERS 1
#define HAVE_SYS_TYPES_H 1
#define HAVE_SYS_STAT_H 1
#define HAVE_STDLIB_H 1
#define HAVE_STRING_H 1
#define HAVE_MEMORY_H 1
#define HAVE_STRINGS_H 1
#define HAVE_INTTYPES_H 1
#define HAVE_STDINT_H 1
#define HAVE_UNISTD_H 1
#define HAVE_DLFCN_H 1
#define LT_OBJDIR ".libs/"
#define HAVE_MALLOC 1
#define HAVE_MEMSET 1
#define HAVE_SOCKET 1
#define HAVE_GETOPT 1
#define HAVE_POLL 1
#define HAVE_INET_PTON 1
#define HAVE_INET_PTON_NTOP 1
#define HAVE_INET_NTOP 1
#define HAVE_INET_PTON_NTOP 1
#define HAVE_IPv6 1

configure: exit 0
